11-Jan-2022 11:51:35.646 INFORMAÇÕES [main] org.apache.catalina.startup.VersionLoggerListener.log Server version name:   Apache Tomcat/8.5.73
11-Jan-2022 11:51:35.649 INFORMAÇÕES [main] org.apache.catalina.startup.VersionLoggerListener.log Server built:          Nov 11 2021 13:14:36 UTC
11-Jan-2022 11:51:35.652 INFORMAÇÕES [main] org.apache.catalina.startup.VersionLoggerListener.log Server version number: 8.5.73.0
11-Jan-2022 11:51:35.652 INFORMAÇÕES [main] org.apache.catalina.startup.VersionLoggerListener.log OS Name:               Windows 10
11-Jan-2022 11:51:35.652 INFORMAÇÕES [main] org.apache.catalina.startup.VersionLoggerListener.log OS Version:            10.0
11-Jan-2022 11:51:35.652 INFORMAÇÕES [main] org.apache.catalina.startup.VersionLoggerListener.log Architecture:          amd64
11-Jan-2022 11:51:35.652 INFORMAÇÕES [main] org.apache.catalina.startup.VersionLoggerListener.log Java Home:             C:\Program Files\Java\jdk1.8.0_111\jre
11-Jan-2022 11:51:35.652 INFORMAÇÕES [main] org.apache.catalina.startup.VersionLoggerListener.log JVM Version:           1.8.0_111-b14
11-Jan-2022 11:51:35.652 INFORMAÇÕES [main] org.apache.catalina.startup.VersionLoggerListener.log JVM Vendor:            Oracle Corporation
11-Jan-2022 11:51:35.652 INFORMAÇÕES [main] org.apache.catalina.startup.VersionLoggerListener.log CATALINA_BASE:         C:\Users\gabriel\Files\Projetos 2\PS\Projeto-de-Software-2021-2\Dependências\apache-tomcat-8.5.73
11-Jan-2022 11:51:35.652 INFORMAÇÕES [main] org.apache.catalina.startup.VersionLoggerListener.log CATALINA_HOME:         C:\Users\gabriel\Files\Projetos 2\PS\Projeto-de-Software-2021-2\Dependências\apache-tomcat-8.5.73
11-Jan-2022 11:51:35.652 INFORMAÇÕES [main] org.apache.catalina.startup.VersionLoggerListener.log Command line argument: -Djava.util.logging.config.file=C:\Users\gabriel\Files\Projetos 2\PS\Projeto-de-Software-2021-2\Dependências\apache-tomcat-8.5.73\conf\logging.properties
11-Jan-2022 11:51:35.652 INFORMAÇÕES [main] org.apache.catalina.startup.VersionLoggerListener.log Command line argument: -Djava.util.logging.manager=org.apache.juli.ClassLoaderLogManager
11-Jan-2022 11:51:35.652 INFORMAÇÕES [main] org.apache.catalina.startup.VersionLoggerListener.log Command line argument: -Djdk.tls.ephemeralDHKeySize=2048
11-Jan-2022 11:51:35.652 INFORMAÇÕES [main] org.apache.catalina.startup.VersionLoggerListener.log Command line argument: -Djava.protocol.handler.pkgs=org.apache.catalina.webresources
11-Jan-2022 11:51:35.653 INFORMAÇÕES [main] org.apache.catalina.startup.VersionLoggerListener.log Command line argument: -Dignore.endorsed.dirs=
11-Jan-2022 11:51:35.653 INFORMAÇÕES [main] org.apache.catalina.startup.VersionLoggerListener.log Command line argument: -Dcatalina.base=C:\Users\gabriel\Files\Projetos 2\PS\Projeto-de-Software-2021-2\Dependências\apache-tomcat-8.5.73
11-Jan-2022 11:51:35.653 INFORMAÇÕES [main] org.apache.catalina.startup.VersionLoggerListener.log Command line argument: -Dcatalina.home=C:\Users\gabriel\Files\Projetos 2\PS\Projeto-de-Software-2021-2\Dependências\apache-tomcat-8.5.73
11-Jan-2022 11:51:35.653 INFORMAÇÕES [main] org.apache.catalina.startup.VersionLoggerListener.log Command line argument: -Djava.io.tmpdir=C:\Users\gabriel\Files\Projetos 2\PS\Projeto-de-Software-2021-2\Dependências\apache-tomcat-8.5.73\temp
11-Jan-2022 11:51:35.653 INFORMAÇÕES [main] org.apache.catalina.core.AprLifecycleListener.lifecycleEvent Loaded Apache Tomcat Native library [1.2.31] using APR version [1.7.0].
11-Jan-2022 11:51:35.653 INFORMAÇÕES [main] org.apache.catalina.core.AprLifecycleListener.lifecycleEvent APR capabilities: IPv6 [true], sendfile [true], accept filters [false], random [true], UDS [{4}].
11-Jan-2022 11:51:35.653 INFORMAÇÕES [main] org.apache.catalina.core.AprLifecycleListener.lifecycleEvent APR/OpenSSL configuration: useAprConnector [false], useOpenSSL [true]
11-Jan-2022 11:51:35.658 INFORMAÇÕES [main] org.apache.catalina.core.AprLifecycleListener.initializeSSL OpenSSL successfully initialized [OpenSSL 1.1.1l  24 Aug 2021]
11-Jan-2022 11:51:35.823 INFORMAÇÕES [main] org.apache.coyote.AbstractProtocol.init Initializing ProtocolHandler ["http-nio-8080"]
11-Jan-2022 11:51:35.933 INFORMAÇÕES [main] org.apache.tomcat.util.net.NioSelectorPool.getSharedSelector Using a shared selector for servlet write/read
11-Jan-2022 11:51:35.944 INFORMAÇÕES [main] org.apache.catalina.startup.Catalina.load Initialization processed in 622 ms
11-Jan-2022 11:51:35.978 INFORMAÇÕES [main] org.apache.catalina.core.StandardService.startInternal Starting service [Catalina]
11-Jan-2022 11:51:35.979 INFORMAÇÕES [main] org.apache.catalina.core.StandardEngine.startInternal Starting Servlet engine: [Apache Tomcat/8.5.73]
11-Jan-2022 11:51:35.986 INFORMAÇÕES [localhost-startStop-1] org.apache.catalina.startup.HostConfig.deployDirectory Deploying web application directory [C:\Users\gabriel\Files\Projetos 2\PS\Projeto-de-Software-2021-2\Dependências\apache-tomcat-8.5.73\webapps\docs]
11-Jan-2022 11:51:36.179 INFORMAÇÕES [localhost-startStop-1] org.apache.catalina.startup.HostConfig.deployDirectory Deployment of web application directory [C:\Users\gabriel\Files\Projetos 2\PS\Projeto-de-Software-2021-2\Dependências\apache-tomcat-8.5.73\webapps\docs] has finished in [192] ms
11-Jan-2022 11:51:36.179 INFORMAÇÕES [localhost-startStop-1] org.apache.catalina.startup.HostConfig.deployDirectory Deploying web application directory [C:\Users\gabriel\Files\Projetos 2\PS\Projeto-de-Software-2021-2\Dependências\apache-tomcat-8.5.73\webapps\examples]
11-Jan-2022 11:51:36.542 INFORMAÇÕES [localhost-startStop-1] org.apache.catalina.startup.HostConfig.deployDirectory Deployment of web application directory [C:\Users\gabriel\Files\Projetos 2\PS\Projeto-de-Software-2021-2\Dependências\apache-tomcat-8.5.73\webapps\examples] has finished in [363] ms
11-Jan-2022 11:51:36.542 INFORMAÇÕES [localhost-startStop-1] org.apache.catalina.startup.HostConfig.deployDirectory Deploying web application directory [C:\Users\gabriel\Files\Projetos 2\PS\Projeto-de-Software-2021-2\Dependências\apache-tomcat-8.5.73\webapps\host-manager]
11-Jan-2022 11:51:36.576 INFORMAÇÕES [localhost-startStop-1] org.apache.catalina.startup.HostConfig.deployDirectory Deployment of web application directory [C:\Users\gabriel\Files\Projetos 2\PS\Projeto-de-Software-2021-2\Dependências\apache-tomcat-8.5.73\webapps\host-manager] has finished in [34] ms
11-Jan-2022 11:51:36.576 INFORMAÇÕES [localhost-startStop-1] org.apache.catalina.startup.HostConfig.deployDirectory Deploying web application directory [C:\Users\gabriel\Files\Projetos 2\PS\Projeto-de-Software-2021-2\Dependências\apache-tomcat-8.5.73\webapps\manager]
11-Jan-2022 11:51:36.602 INFORMAÇÕES [localhost-startStop-1] org.apache.catalina.startup.HostConfig.deployDirectory Deployment of web application directory [C:\Users\gabriel\Files\Projetos 2\PS\Projeto-de-Software-2021-2\Dependências\apache-tomcat-8.5.73\webapps\manager] has finished in [26] ms
11-Jan-2022 11:51:36.602 INFORMAÇÕES [localhost-startStop-1] org.apache.catalina.startup.HostConfig.deployDirectory Deploying web application directory [C:\Users\gabriel\Files\Projetos 2\PS\Projeto-de-Software-2021-2\Dependências\apache-tomcat-8.5.73\webapps\ROOT]
11-Jan-2022 11:51:36.627 INFORMAÇÕES [localhost-startStop-1] org.apache.catalina.startup.HostConfig.deployDirectory Deployment of web application directory [C:\Users\gabriel\Files\Projetos 2\PS\Projeto-de-Software-2021-2\Dependências\apache-tomcat-8.5.73\webapps\ROOT] has finished in [25] ms
11-Jan-2022 11:51:36.630 INFORMAÇÕES [main] org.apache.coyote.AbstractProtocol.start Starting ProtocolHandler ["http-nio-8080"]
11-Jan-2022 11:51:36.639 INFORMAÇÕES [main] org.apache.catalina.startup.Catalina.start Server startup in 694 ms
11-Jan-2022 11:51:47.322 INFORMAÇÕES [http-nio-8080-exec-9] org.apache.catalina.startup.HostConfig.deployDescriptor Deploying deployment descriptor [C:\Users\gabriel\Files\Projetos 2\PS\Projeto-de-Software-2021-2\Dependências\apache-tomcat-8.5.73\conf\Catalina\localhost\Project.xml]
11-Jan-2022 11:51:48.262 INFORMAÇÕES [http-nio-8080-exec-9] org.apache.jasper.servlet.TldScanner.scanJars At least one JAR was scanned for TLDs yet contained no TLDs. Enable debug logging for this logger for a complete list of JARs that were scanned but no TLDs were found in them. Skipping unneeded JARs during scanning can improve startup time and JSP compilation time.
11-Jan-2022 11:51:48.271 INFORMAÇÕES [http-nio-8080-exec-9] org.apache.catalina.startup.HostConfig.deployDescriptor Deployment of deployment descriptor [C:\Users\gabriel\Files\Projetos 2\PS\Projeto-de-Software-2021-2\Dependências\apache-tomcat-8.5.73\conf\Catalina\localhost\Project.xml] has finished in [948] ms
11-Jan-2022 11:51:48.275 INFORMAÇÕES [http-nio-8080-exec-9] org.apache.catalina.util.LifecycleBase.start The start() method was called on component [StandardEngine[Catalina].StandardHost[localhost].StandardContext[/Project]] after start() had already been called. The second call will be ignored.
11-Jan-2022 12:01:01.170 INFO [pool-1-thread-1] org.hibernate.jpa.internal.util.LogHelper.logPersistenceUnitInformation HHH000204: Processing PersistenceUnitInfo [name: PU]
11-Jan-2022 12:01:01.314 INFO [pool-1-thread-1] org.hibernate.Version.logVersion HHH000412: Hibernate ORM core version 5.6.2.Final
11-Jan-2022 12:01:01.768 INFO [pool-1-thread-1] org.hibernate.annotations.common.reflection.java.JavaReflectionManager.<clinit> HCANN000001: Hibernate Commons Annotations {5.1.2.Final}
11-Jan-2022 12:01:02.164 WARN [pool-1-thread-1] org.hibernate.engine.jdbc.connections.internal.DriverManagerConnectionProviderImpl.configure HHH10001002: Using Hibernate built-in connection pool (not for production use!)
11-Jan-2022 12:01:02.172 INFO [pool-1-thread-1] org.hibernate.engine.jdbc.connections.internal.DriverManagerConnectionProviderImpl.buildCreator HHH10001005: using driver [org.postgresql.Driver] at URL [jdbc:postgresql://localhost/isdown-ps]
11-Jan-2022 12:01:02.173 INFO [pool-1-thread-1] org.hibernate.engine.jdbc.connections.internal.DriverManagerConnectionProviderImpl.buildCreator HHH10001001: Connection properties: {user=postgres, password=****}
11-Jan-2022 12:01:02.173 INFO [pool-1-thread-1] org.hibernate.engine.jdbc.connections.internal.DriverManagerConnectionProviderImpl.buildCreator HHH10001003: Autocommit mode: false
11-Jan-2022 12:01:02.178 INFO [pool-1-thread-1] org.hibernate.engine.jdbc.connections.internal.DriverManagerConnectionProviderImpl$PooledConnections.<init> HHH000115: Hibernate connection pool size: 20 (min=1)
11-Jan-2022 12:01:02.528 INFO [pool-1-thread-1] org.hibernate.dialect.Dialect.<init> HHH000400: Using dialect: org.hibernate.dialect.PostgreSQLDialect
11-Jan-2022 12:01:04.104 INFO [pool-1-thread-1] org.hibernate.resource.transaction.backend.jdbc.internal.DdlTransactionIsolatorNonJtaImpl.getIsolatedConnection HHH10001501: Connection obtained from JdbcConnectionAccess [org.hibernate.engine.jdbc.env.internal.JdbcEnvironmentInitiator$ConnectionProviderJdbcConnectionAccess@274d3f03] for (non-JTA) DDL execution was not in auto-commit mode; the Connection 'local transaction' will be committed and the Connection will be set into auto-commit mode.
11-Jan-2022 12:01:04.578 INFO [pool-1-thread-1] org.hibernate.engine.transaction.jta.platform.internal.JtaPlatformInitiator.initiateService HHH000490: Using JtaPlatform implementation: [org.hibernate.engine.transaction.jta.platform.internal.NoJtaPlatform]
11-Jan-2022 12:38:21.743 INFORMAÇÕES [http-nio-8080-exec-2] org.apache.catalina.core.StandardContext.reload Reloading Context with name [/Project] has started
11-Jan-2022 12:38:21.748 ADVERTÊNCIA [http-nio-8080-exec-2] org.apache.catalina.loader.WebappClassLoaderBase.clearReferencesJdbc The web application [Project] registered the JDBC driver [org.postgresql.Driver] but failed to unregister it when the web application was stopped. To prevent a memory leak, the JDBC Driver has been forcibly unregistered.
11-Jan-2022 12:38:21.749 ADVERTÊNCIA [http-nio-8080-exec-2] org.apache.catalina.loader.WebappClassLoaderBase.clearReferencesThreads The web application [Project] appears to have started a thread named [Hibernate Connection Pool Validation Thread] but has failed to stop it. This is very likely to create a memory leak. Stack trace of thread:
 sun.misc.Unsafe.park(Native Method)
 java.util.concurrent.locks.LockSupport.parkNanos(LockSupport.java:215)
 java.util.concurrent.locks.AbstractQueuedSynchronizer$ConditionObject.awaitNanos(AbstractQueuedSynchronizer.java:2078)
 java.util.concurrent.ScheduledThreadPoolExecutor$DelayedWorkQueue.take(ScheduledThreadPoolExecutor.java:1093)
 java.util.concurrent.ScheduledThreadPoolExecutor$DelayedWorkQueue.take(ScheduledThreadPoolExecutor.java:809)
 java.util.concurrent.ThreadPoolExecutor.getTask(ThreadPoolExecutor.java:1067)
 java.util.concurrent.ThreadPoolExecutor.runWorker(ThreadPoolExecutor.java:1127)
 java.util.concurrent.ThreadPoolExecutor$Worker.run(ThreadPoolExecutor.java:617)
 java.lang.Thread.run(Thread.java:745)
11-Jan-2022 12:38:21.788 INFORMAÇÕES [Finalizer] org.apache.catalina.loader.WebappClassLoaderBase.checkStateForResourceLoading Illegal access: this web application instance has been stopped already. Could not load [org.apache.http.impl.conn.PoolingHttpClientConnectionManager$2]. The following stack trace is thrown for debugging purposes as well as to attempt to terminate the thread which caused the illegal access.
	java.lang.IllegalStateException: Illegal access: this web application instance has been stopped already. Could not load [org.apache.http.impl.conn.PoolingHttpClientConnectionManager$2]. The following stack trace is thrown for debugging purposes as well as to attempt to terminate the thread which caused the illegal access.
		at org.apache.catalina.loader.WebappClassLoaderBase.checkStateForResourceLoading(WebappClassLoaderBase.java:1435)
		at org.apache.catalina.loader.WebappClassLoaderBase.checkStateForClassLoading(WebappClassLoaderBase.java:1423)
		at org.apache.catalina.loader.WebappClassLoaderBase.loadClass(WebappClassLoaderBase.java:1262)
		at org.apache.catalina.loader.WebappClassLoaderBase.loadClass(WebappClassLoaderBase.java:1223)
		at org.apache.http.impl.conn.PoolingHttpClientConnectionManager.shutdown(PoolingHttpClientConnectionManager.java:413)
		at org.apache.http.impl.conn.PoolingHttpClientConnectionManager.finalize(PoolingHttpClientConnectionManager.java:207)
		at java.lang.System$2.invokeFinalize(System.java:1270)
		at java.lang.ref.Finalizer.runFinalizer(Finalizer.java:98)
		at java.lang.ref.Finalizer.access$100(Finalizer.java:34)
		at java.lang.ref.Finalizer$FinalizerThread.run(Finalizer.java:210)
11-Jan-2022 12:38:22.716 INFORMAÇÕES [http-nio-8080-exec-2] org.apache.jasper.servlet.TldScanner.scanJars At least one JAR was scanned for TLDs yet contained no TLDs. Enable debug logging for this logger for a complete list of JARs that were scanned but no TLDs were found in them. Skipping unneeded JARs during scanning can improve startup time and JSP compilation time.
11-Jan-2022 12:38:22.720 INFORMAÇÕES [http-nio-8080-exec-2] org.apache.catalina.core.StandardContext.reload Reloading Context with name [/Project] is completed
11-Jan-2022 12:38:22.744 INFORMAÇÕES [http-nio-8080-exec-6] org.apache.catalina.core.StandardContext.reload Reloading Context with name [/Project] has started
11-Jan-2022 12:38:23.586 INFORMAÇÕES [http-nio-8080-exec-6] org.apache.jasper.servlet.TldScanner.scanJars At least one JAR was scanned for TLDs yet contained no TLDs. Enable debug logging for this logger for a complete list of JARs that were scanned but no TLDs were found in them. Skipping unneeded JARs during scanning can improve startup time and JSP compilation time.
11-Jan-2022 12:38:23.591 INFORMAÇÕES [http-nio-8080-exec-6] org.apache.catalina.core.StandardContext.reload Reloading Context with name [/Project] is completed
11-Jan-2022 13:01:01.127 INFO [pool-5-thread-1] org.hibernate.jpa.internal.util.LogHelper.logPersistenceUnitInformation HHH000204: Processing PersistenceUnitInfo [name: PU]
11-Jan-2022 13:01:01.248 INFO [pool-5-thread-1] org.hibernate.Version.logVersion HHH000412: Hibernate ORM core version 5.6.2.Final
11-Jan-2022 13:01:01.641 INFO [pool-5-thread-1] org.hibernate.annotations.common.reflection.java.JavaReflectionManager.<clinit> HCANN000001: Hibernate Commons Annotations {5.1.2.Final}
11-Jan-2022 13:01:01.992 WARN [pool-5-thread-1] org.hibernate.engine.jdbc.connections.internal.DriverManagerConnectionProviderImpl.configure HHH10001002: Using Hibernate built-in connection pool (not for production use!)
11-Jan-2022 13:01:01.999 INFO [pool-5-thread-1] org.hibernate.engine.jdbc.connections.internal.DriverManagerConnectionProviderImpl.buildCreator HHH10001005: using driver [org.postgresql.Driver] at URL [jdbc:postgresql://localhost/isdown-ps]
11-Jan-2022 13:01:01.999 INFO [pool-5-thread-1] org.hibernate.engine.jdbc.connections.internal.DriverManagerConnectionProviderImpl.buildCreator HHH10001001: Connection properties: {user=postgres, password=****}
11-Jan-2022 13:01:01.999 INFO [pool-5-thread-1] org.hibernate.engine.jdbc.connections.internal.DriverManagerConnectionProviderImpl.buildCreator HHH10001003: Autocommit mode: false
11-Jan-2022 13:01:02.004 INFO [pool-5-thread-1] org.hibernate.engine.jdbc.connections.internal.DriverManagerConnectionProviderImpl$PooledConnections.<init> HHH000115: Hibernate connection pool size: 20 (min=1)
11-Jan-2022 13:01:02.225 INFO [pool-5-thread-1] org.hibernate.dialect.Dialect.<init> HHH000400: Using dialect: org.hibernate.dialect.PostgreSQLDialect
11-Jan-2022 13:01:03.745 INFO [pool-5-thread-1] org.hibernate.resource.transaction.backend.jdbc.internal.DdlTransactionIsolatorNonJtaImpl.getIsolatedConnection HHH10001501: Connection obtained from JdbcConnectionAccess [org.hibernate.engine.jdbc.env.internal.JdbcEnvironmentInitiator$ConnectionProviderJdbcConnectionAccess@c4b0b93] for (non-JTA) DDL execution was not in auto-commit mode; the Connection 'local transaction' will be committed and the Connection will be set into auto-commit mode.
11-Jan-2022 13:01:04.194 INFO [pool-5-thread-1] org.hibernate.engine.transaction.jta.platform.internal.JtaPlatformInitiator.initiateService HHH000490: Using JtaPlatform implementation: [org.hibernate.engine.transaction.jta.platform.internal.NoJtaPlatform]
11-Jan-2022 16:47:46.112 INFORMAÇÕES [main] org.apache.catalina.core.StandardServer.await A valid shutdown command was received via the shutdown port. Stopping the Server instance.
11-Jan-2022 16:47:46.113 INFORMAÇÕES [main] org.apache.coyote.AbstractProtocol.pause Pausing ProtocolHandler ["http-nio-8080"]
11-Jan-2022 16:47:46.160 INFORMAÇÕES [main] org.apache.catalina.core.StandardService.stopInternal Stopping service [Catalina]
11-Jan-2022 16:47:46.324 ADVERTÊNCIA [localhost-startStop-2] org.apache.catalina.loader.WebappClassLoaderBase.clearReferencesJdbc The web application [Project] registered the JDBC driver [org.postgresql.Driver] but failed to unregister it when the web application was stopped. To prevent a memory leak, the JDBC Driver has been forcibly unregistered.
11-Jan-2022 16:47:46.325 ADVERTÊNCIA [localhost-startStop-2] org.apache.catalina.loader.WebappClassLoaderBase.clearReferencesThreads The web application [Project] appears to have started a thread named [Hibernate Connection Pool Validation Thread] but has failed to stop it. This is very likely to create a memory leak. Stack trace of thread:
 sun.misc.Unsafe.park(Native Method)
 java.util.concurrent.locks.LockSupport.parkNanos(LockSupport.java:215)
 java.util.concurrent.locks.AbstractQueuedSynchronizer$ConditionObject.awaitNanos(AbstractQueuedSynchronizer.java:2078)
 java.util.concurrent.ScheduledThreadPoolExecutor$DelayedWorkQueue.take(ScheduledThreadPoolExecutor.java:1093)
 java.util.concurrent.ScheduledThreadPoolExecutor$DelayedWorkQueue.take(ScheduledThreadPoolExecutor.java:809)
 java.util.concurrent.ThreadPoolExecutor.getTask(ThreadPoolExecutor.java:1067)
 java.util.concurrent.ThreadPoolExecutor.runWorker(ThreadPoolExecutor.java:1127)
 java.util.concurrent.ThreadPoolExecutor$Worker.run(ThreadPoolExecutor.java:617)
 java.lang.Thread.run(Thread.java:745)
11-Jan-2022 16:47:46.381 INFORMAÇÕES [main] org.apache.coyote.AbstractProtocol.stop Stopping ProtocolHandler ["http-nio-8080"]
11-Jan-2022 16:47:46.397 INFORMAÇÕES [main] org.apache.coyote.AbstractProtocol.destroy Destroying ProtocolHandler ["http-nio-8080"]
11-Jan-2022 18:28:02.980 INFORMAÇÕES [main] org.apache.catalina.startup.VersionLoggerListener.log Server version name:   Apache Tomcat/8.5.73
11-Jan-2022 18:28:03.012 INFORMAÇÕES [main] org.apache.catalina.startup.VersionLoggerListener.log Server built:          Nov 11 2021 13:14:36 UTC
11-Jan-2022 18:28:03.015 INFORMAÇÕES [main] org.apache.catalina.startup.VersionLoggerListener.log Server version number: 8.5.73.0
11-Jan-2022 18:28:03.015 INFORMAÇÕES [main] org.apache.catalina.startup.VersionLoggerListener.log OS Name:               Windows 10
11-Jan-2022 18:28:03.015 INFORMAÇÕES [main] org.apache.catalina.startup.VersionLoggerListener.log OS Version:            10.0
11-Jan-2022 18:28:03.015 INFORMAÇÕES [main] org.apache.catalina.startup.VersionLoggerListener.log Architecture:          amd64
11-Jan-2022 18:28:03.015 INFORMAÇÕES [main] org.apache.catalina.startup.VersionLoggerListener.log Java Home:             C:\Program Files\Java\jdk1.8.0_111\jre
11-Jan-2022 18:28:03.015 INFORMAÇÕES [main] org.apache.catalina.startup.VersionLoggerListener.log JVM Version:           1.8.0_111-b14
11-Jan-2022 18:28:03.015 INFORMAÇÕES [main] org.apache.catalina.startup.VersionLoggerListener.log JVM Vendor:            Oracle Corporation
11-Jan-2022 18:28:03.015 INFORMAÇÕES [main] org.apache.catalina.startup.VersionLoggerListener.log CATALINA_BASE:         C:\Users\gabriel\Files\Projetos 2\PS\Projeto-de-Software-2021-2\Dependências\apache-tomcat-8.5.73
11-Jan-2022 18:28:03.015 INFORMAÇÕES [main] org.apache.catalina.startup.VersionLoggerListener.log CATALINA_HOME:         C:\Users\gabriel\Files\Projetos 2\PS\Projeto-de-Software-2021-2\Dependências\apache-tomcat-8.5.73
11-Jan-2022 18:28:03.015 INFORMAÇÕES [main] org.apache.catalina.startup.VersionLoggerListener.log Command line argument: -Djava.util.logging.config.file=C:\Users\gabriel\Files\Projetos 2\PS\Projeto-de-Software-2021-2\Dependências\apache-tomcat-8.5.73\conf\logging.properties
11-Jan-2022 18:28:03.015 INFORMAÇÕES [main] org.apache.catalina.startup.VersionLoggerListener.log Command line argument: -Djava.util.logging.manager=org.apache.juli.ClassLoaderLogManager
11-Jan-2022 18:28:03.015 INFORMAÇÕES [main] org.apache.catalina.startup.VersionLoggerListener.log Command line argument: -Djdk.tls.ephemeralDHKeySize=2048
11-Jan-2022 18:28:03.016 INFORMAÇÕES [main] org.apache.catalina.startup.VersionLoggerListener.log Command line argument: -Djava.protocol.handler.pkgs=org.apache.catalina.webresources
11-Jan-2022 18:28:03.016 INFORMAÇÕES [main] org.apache.catalina.startup.VersionLoggerListener.log Command line argument: -Dignore.endorsed.dirs=
11-Jan-2022 18:28:03.016 INFORMAÇÕES [main] org.apache.catalina.startup.VersionLoggerListener.log Command line argument: -Dcatalina.base=C:\Users\gabriel\Files\Projetos 2\PS\Projeto-de-Software-2021-2\Dependências\apache-tomcat-8.5.73
11-Jan-2022 18:28:03.016 INFORMAÇÕES [main] org.apache.catalina.startup.VersionLoggerListener.log Command line argument: -Dcatalina.home=C:\Users\gabriel\Files\Projetos 2\PS\Projeto-de-Software-2021-2\Dependências\apache-tomcat-8.5.73
11-Jan-2022 18:28:03.016 INFORMAÇÕES [main] org.apache.catalina.startup.VersionLoggerListener.log Command line argument: -Djava.io.tmpdir=C:\Users\gabriel\Files\Projetos 2\PS\Projeto-de-Software-2021-2\Dependências\apache-tomcat-8.5.73\temp
11-Jan-2022 18:28:03.016 INFORMAÇÕES [main] org.apache.catalina.core.AprLifecycleListener.lifecycleEvent Loaded Apache Tomcat Native library [1.2.31] using APR version [1.7.0].
11-Jan-2022 18:28:03.016 INFORMAÇÕES [main] org.apache.catalina.core.AprLifecycleListener.lifecycleEvent APR capabilities: IPv6 [true], sendfile [true], accept filters [false], random [true], UDS [{4}].
11-Jan-2022 18:28:03.016 INFORMAÇÕES [main] org.apache.catalina.core.AprLifecycleListener.lifecycleEvent APR/OpenSSL configuration: useAprConnector [false], useOpenSSL [true]
11-Jan-2022 18:28:03.051 INFORMAÇÕES [main] org.apache.catalina.core.AprLifecycleListener.initializeSSL OpenSSL successfully initialized [OpenSSL 1.1.1l  24 Aug 2021]
11-Jan-2022 18:28:04.716 INFORMAÇÕES [main] org.apache.coyote.AbstractProtocol.init Initializing ProtocolHandler ["http-nio-8080"]
11-Jan-2022 18:28:04.988 INFORMAÇÕES [main] org.apache.tomcat.util.net.NioSelectorPool.getSharedSelector Using a shared selector for servlet write/read
11-Jan-2022 18:28:05.012 INFORMAÇÕES [main] org.apache.catalina.startup.Catalina.load Initialization processed in 2964 ms
11-Jan-2022 18:28:05.136 INFORMAÇÕES [main] org.apache.catalina.core.StandardService.startInternal Starting service [Catalina]
11-Jan-2022 18:28:05.136 INFORMAÇÕES [main] org.apache.catalina.core.StandardEngine.startInternal Starting Servlet engine: [Apache Tomcat/8.5.73]
11-Jan-2022 18:28:05.154 INFORMAÇÕES [localhost-startStop-1] org.apache.catalina.startup.HostConfig.deployDescriptor Deploying deployment descriptor [C:\Users\gabriel\Files\Projetos 2\PS\Projeto-de-Software-2021-2\Dependências\apache-tomcat-8.5.73\conf\Catalina\localhost\Project.xml]
11-Jan-2022 18:28:08.859 INFORMAÇÕES [localhost-startStop-1] org.apache.jasper.servlet.TldScanner.scanJars At least one JAR was scanned for TLDs yet contained no TLDs. Enable debug logging for this logger for a complete list of JARs that were scanned but no TLDs were found in them. Skipping unneeded JARs during scanning can improve startup time and JSP compilation time.
11-Jan-2022 18:28:08.965 INFORMAÇÕES [localhost-startStop-1] org.apache.catalina.startup.HostConfig.deployDescriptor Deployment of deployment descriptor [C:\Users\gabriel\Files\Projetos 2\PS\Projeto-de-Software-2021-2\Dependências\apache-tomcat-8.5.73\conf\Catalina\localhost\Project.xml] has finished in [3,810] ms
11-Jan-2022 18:28:08.966 INFORMAÇÕES [localhost-startStop-1] org.apache.catalina.startup.HostConfig.deployDirectory Deploying web application directory [C:\Users\gabriel\Files\Projetos 2\PS\Projeto-de-Software-2021-2\Dependências\apache-tomcat-8.5.73\webapps\docs]
11-Jan-2022 18:28:09.059 INFORMAÇÕES [localhost-startStop-1] org.apache.catalina.startup.HostConfig.deployDirectory Deployment of web application directory [C:\Users\gabriel\Files\Projetos 2\PS\Projeto-de-Software-2021-2\Dependências\apache-tomcat-8.5.73\webapps\docs] has finished in [93] ms
11-Jan-2022 18:28:09.059 INFORMAÇÕES [localhost-startStop-1] org.apache.catalina.startup.HostConfig.deployDirectory Deploying web application directory [C:\Users\gabriel\Files\Projetos 2\PS\Projeto-de-Software-2021-2\Dependências\apache-tomcat-8.5.73\webapps\examples]
11-Jan-2022 18:28:10.603 INFORMAÇÕES [localhost-startStop-1] org.apache.catalina.startup.HostConfig.deployDirectory Deployment of web application directory [C:\Users\gabriel\Files\Projetos 2\PS\Projeto-de-Software-2021-2\Dependências\apache-tomcat-8.5.73\webapps\examples] has finished in [1,543] ms
11-Jan-2022 18:28:10.603 INFORMAÇÕES [localhost-startStop-1] org.apache.catalina.startup.HostConfig.deployDirectory Deploying web application directory [C:\Users\gabriel\Files\Projetos 2\PS\Projeto-de-Software-2021-2\Dependências\apache-tomcat-8.5.73\webapps\host-manager]
11-Jan-2022 18:28:10.734 INFORMAÇÕES [localhost-startStop-1] org.apache.catalina.startup.HostConfig.deployDirectory Deployment of web application directory [C:\Users\gabriel\Files\Projetos 2\PS\Projeto-de-Software-2021-2\Dependências\apache-tomcat-8.5.73\webapps\host-manager] has finished in [131] ms
11-Jan-2022 18:28:10.735 INFORMAÇÕES [localhost-startStop-1] org.apache.catalina.startup.HostConfig.deployDirectory Deploying web application directory [C:\Users\gabriel\Files\Projetos 2\PS\Projeto-de-Software-2021-2\Dependências\apache-tomcat-8.5.73\webapps\manager]
11-Jan-2022 18:28:10.806 INFORMAÇÕES [localhost-startStop-1] org.apache.catalina.startup.HostConfig.deployDirectory Deployment of web application directory [C:\Users\gabriel\Files\Projetos 2\PS\Projeto-de-Software-2021-2\Dependências\apache-tomcat-8.5.73\webapps\manager] has finished in [71] ms
11-Jan-2022 18:28:10.806 INFORMAÇÕES [localhost-startStop-1] org.apache.catalina.startup.HostConfig.deployDirectory Deploying web application directory [C:\Users\gabriel\Files\Projetos 2\PS\Projeto-de-Software-2021-2\Dependências\apache-tomcat-8.5.73\webapps\ROOT]
11-Jan-2022 18:28:10.857 INFORMAÇÕES [localhost-startStop-1] org.apache.catalina.startup.HostConfig.deployDirectory Deployment of web application directory [C:\Users\gabriel\Files\Projetos 2\PS\Projeto-de-Software-2021-2\Dependências\apache-tomcat-8.5.73\webapps\ROOT] has finished in [51] ms
11-Jan-2022 18:28:10.861 INFORMAÇÕES [main] org.apache.coyote.AbstractProtocol.start Starting ProtocolHandler ["http-nio-8080"]
11-Jan-2022 18:28:10.900 INFORMAÇÕES [main] org.apache.catalina.startup.Catalina.start Server startup in 5887 ms
11-Jan-2022 18:28:14.413 INFORMAÇÕES [http-nio-8080-exec-1] org.apache.jasper.servlet.TldScanner.scanJars At least one JAR was scanned for TLDs yet contained no TLDs. Enable debug logging for this logger for a complete list of JARs that were scanned but no TLDs were found in them. Skipping unneeded JARs during scanning can improve startup time and JSP compilation time.
11-Jan-2022 18:28:29.696 INFO [http-nio-8080-exec-4] org.hibernate.jpa.internal.util.LogHelper.logPersistenceUnitInformation HHH000204: Processing PersistenceUnitInfo [name: PU]
11-Jan-2022 18:28:29.947 INFO [http-nio-8080-exec-4] org.hibernate.Version.logVersion HHH000412: Hibernate ORM core version 5.6.2.Final
11-Jan-2022 18:28:30.460 INFO [http-nio-8080-exec-4] org.hibernate.annotations.common.reflection.java.JavaReflectionManager.<clinit> HCANN000001: Hibernate Commons Annotations {5.1.2.Final}
11-Jan-2022 18:28:31.037 WARN [http-nio-8080-exec-4] org.hibernate.engine.jdbc.connections.internal.DriverManagerConnectionProviderImpl.configure HHH10001002: Using Hibernate built-in connection pool (not for production use!)
11-Jan-2022 18:28:31.046 INFO [http-nio-8080-exec-4] org.hibernate.engine.jdbc.connections.internal.DriverManagerConnectionProviderImpl.buildCreator HHH10001005: using driver [org.postgresql.Driver] at URL [jdbc:postgresql://localhost/isdown-ps]
11-Jan-2022 18:28:31.046 INFO [http-nio-8080-exec-4] org.hibernate.engine.jdbc.connections.internal.DriverManagerConnectionProviderImpl.buildCreator HHH10001001: Connection properties: {user=postgres, password=****}
11-Jan-2022 18:28:31.046 INFO [http-nio-8080-exec-4] org.hibernate.engine.jdbc.connections.internal.DriverManagerConnectionProviderImpl.buildCreator HHH10001003: Autocommit mode: false
11-Jan-2022 18:28:31.056 INFO [http-nio-8080-exec-4] org.hibernate.engine.jdbc.connections.internal.DriverManagerConnectionProviderImpl$PooledConnections.<init> HHH000115: Hibernate connection pool size: 20 (min=1)
11-Jan-2022 18:28:32.053 INFO [http-nio-8080-exec-4] org.hibernate.dialect.Dialect.<init> HHH000400: Using dialect: org.hibernate.dialect.PostgreSQLDialect
11-Jan-2022 18:28:33.937 INFO [http-nio-8080-exec-4] org.hibernate.resource.transaction.backend.jdbc.internal.DdlTransactionIsolatorNonJtaImpl.getIsolatedConnection HHH10001501: Connection obtained from JdbcConnectionAccess [org.hibernate.engine.jdbc.env.internal.JdbcEnvironmentInitiator$ConnectionProviderJdbcConnectionAccess@4b182490] for (non-JTA) DDL execution was not in auto-commit mode; the Connection 'local transaction' will be committed and the Connection will be set into auto-commit mode.
11-Jan-2022 18:28:34.521 INFO [http-nio-8080-exec-4] org.hibernate.engine.transaction.jta.platform.internal.JtaPlatformInitiator.initiateService HHH000490: Using JtaPlatform implementation: [org.hibernate.engine.transaction.jta.platform.internal.NoJtaPlatform]
11-Jan-2022 19:00:18.902 INFORMAÇÕES [http-nio-8080-exec-19] org.apache.catalina.core.StandardContext.reload Reloading Context with name [/Project] has started
11-Jan-2022 19:00:18.925 ADVERTÊNCIA [http-nio-8080-exec-19] org.apache.catalina.loader.WebappClassLoaderBase.clearReferencesJdbc The web application [Project] registered the JDBC driver [org.postgresql.Driver] but failed to unregister it when the web application was stopped. To prevent a memory leak, the JDBC Driver has been forcibly unregistered.
11-Jan-2022 19:00:18.925 ADVERTÊNCIA [http-nio-8080-exec-19] org.apache.catalina.loader.WebappClassLoaderBase.clearReferencesThreads The web application [Project] appears to have started a thread named [Hibernate Connection Pool Validation Thread] but has failed to stop it. This is very likely to create a memory leak. Stack trace of thread:
 sun.misc.Unsafe.park(Native Method)
 java.util.concurrent.locks.LockSupport.parkNanos(LockSupport.java:215)
 java.util.concurrent.locks.AbstractQueuedSynchronizer$ConditionObject.awaitNanos(AbstractQueuedSynchronizer.java:2078)
 java.util.concurrent.ScheduledThreadPoolExecutor$DelayedWorkQueue.take(ScheduledThreadPoolExecutor.java:1093)
 java.util.concurrent.ScheduledThreadPoolExecutor$DelayedWorkQueue.take(ScheduledThreadPoolExecutor.java:809)
 java.util.concurrent.ThreadPoolExecutor.getTask(ThreadPoolExecutor.java:1067)
 java.util.concurrent.ThreadPoolExecutor.runWorker(ThreadPoolExecutor.java:1127)
 java.util.concurrent.ThreadPoolExecutor$Worker.run(ThreadPoolExecutor.java:617)
 java.lang.Thread.run(Thread.java:745)
11-Jan-2022 19:00:19.958 INFORMAÇÕES [http-nio-8080-exec-19] org.apache.jasper.servlet.TldScanner.scanJars At least one JAR was scanned for TLDs yet contained no TLDs. Enable debug logging for this logger for a complete list of JARs that were scanned but no TLDs were found in them. Skipping unneeded JARs during scanning can improve startup time and JSP compilation time.
11-Jan-2022 19:00:19.971 INFORMAÇÕES [http-nio-8080-exec-19] org.apache.catalina.core.StandardContext.reload Reloading Context with name [/Project] is completed
11-Jan-2022 19:00:20.003 INFORMAÇÕES [http-nio-8080-exec-12] org.apache.catalina.core.StandardContext.reload Reloading Context with name [/Project] has started
11-Jan-2022 19:00:20.846 INFORMAÇÕES [http-nio-8080-exec-12] org.apache.jasper.servlet.TldScanner.scanJars At least one JAR was scanned for TLDs yet contained no TLDs. Enable debug logging for this logger for a complete list of JARs that were scanned but no TLDs were found in them. Skipping unneeded JARs during scanning can improve startup time and JSP compilation time.
11-Jan-2022 19:00:20.853 INFORMAÇÕES [http-nio-8080-exec-12] org.apache.catalina.core.StandardContext.reload Reloading Context with name [/Project] is completed
11-Jan-2022 19:01:34.841 INFORMAÇÕES [http-nio-8080-exec-23] org.apache.catalina.core.StandardContext.reload Reloading Context with name [/Project] has started
11-Jan-2022 19:01:35.714 INFORMAÇÕES [http-nio-8080-exec-23] org.apache.jasper.servlet.TldScanner.scanJars At least one JAR was scanned for TLDs yet contained no TLDs. Enable debug logging for this logger for a complete list of JARs that were scanned but no TLDs were found in them. Skipping unneeded JARs during scanning can improve startup time and JSP compilation time.
11-Jan-2022 19:01:35.718 INFORMAÇÕES [http-nio-8080-exec-23] org.apache.catalina.core.StandardContext.reload Reloading Context with name [/Project] is completed
11-Jan-2022 19:01:49.428 INFORMAÇÕES [http-nio-8080-exec-24] org.apache.catalina.core.StandardContext.reload Reloading Context with name [/Project] has started
11-Jan-2022 19:01:50.272 INFORMAÇÕES [http-nio-8080-exec-24] org.apache.jasper.servlet.TldScanner.scanJars At least one JAR was scanned for TLDs yet contained no TLDs. Enable debug logging for this logger for a complete list of JARs that were scanned but no TLDs were found in them. Skipping unneeded JARs during scanning can improve startup time and JSP compilation time.
11-Jan-2022 19:01:50.276 INFORMAÇÕES [http-nio-8080-exec-24] org.apache.catalina.core.StandardContext.reload Reloading Context with name [/Project] is completed
11-Jan-2022 19:01:50.296 INFORMAÇÕES [http-nio-8080-exec-15] org.apache.catalina.core.StandardContext.reload Reloading Context with name [/Project] has started
11-Jan-2022 19:01:51.143 INFORMAÇÕES [http-nio-8080-exec-15] org.apache.jasper.servlet.TldScanner.scanJars At least one JAR was scanned for TLDs yet contained no TLDs. Enable debug logging for this logger for a complete list of JARs that were scanned but no TLDs were found in them. Skipping unneeded JARs during scanning can improve startup time and JSP compilation time.
11-Jan-2022 19:01:51.148 INFORMAÇÕES [http-nio-8080-exec-15] org.apache.catalina.core.StandardContext.reload Reloading Context with name [/Project] is completed
11-Jan-2022 19:02:23.092 INFORMAÇÕES [http-nio-8080-exec-26] org.apache.catalina.core.StandardContext.reload Reloading Context with name [/Project] has started
11-Jan-2022 19:02:23.917 INFORMAÇÕES [http-nio-8080-exec-26] org.apache.jasper.servlet.TldScanner.scanJars At least one JAR was scanned for TLDs yet contained no TLDs. Enable debug logging for this logger for a complete list of JARs that were scanned but no TLDs were found in them. Skipping unneeded JARs during scanning can improve startup time and JSP compilation time.
11-Jan-2022 19:02:23.922 INFORMAÇÕES [http-nio-8080-exec-26] org.apache.catalina.core.StandardContext.reload Reloading Context with name [/Project] is completed
11-Jan-2022 19:02:23.945 INFORMAÇÕES [http-nio-8080-exec-16] org.apache.catalina.core.StandardContext.reload Reloading Context with name [/Project] has started
11-Jan-2022 19:02:24.792 INFORMAÇÕES [http-nio-8080-exec-16] org.apache.jasper.servlet.TldScanner.scanJars At least one JAR was scanned for TLDs yet contained no TLDs. Enable debug logging for this logger for a complete list of JARs that were scanned but no TLDs were found in them. Skipping unneeded JARs during scanning can improve startup time and JSP compilation time.
11-Jan-2022 19:02:24.797 INFORMAÇÕES [http-nio-8080-exec-16] org.apache.catalina.core.StandardContext.reload Reloading Context with name [/Project] is completed
11-Jan-2022 19:02:37.274 INFORMAÇÕES [http-nio-8080-exec-28] org.apache.catalina.core.StandardContext.reload Reloading Context with name [/Project] has started
11-Jan-2022 19:02:38.099 INFORMAÇÕES [http-nio-8080-exec-28] org.apache.jasper.servlet.TldScanner.scanJars At least one JAR was scanned for TLDs yet contained no TLDs. Enable debug logging for this logger for a complete list of JARs that were scanned but no TLDs were found in them. Skipping unneeded JARs during scanning can improve startup time and JSP compilation time.
11-Jan-2022 19:02:38.104 INFORMAÇÕES [http-nio-8080-exec-28] org.apache.catalina.core.StandardContext.reload Reloading Context with name [/Project] is completed
11-Jan-2022 19:02:53.055 INFORMAÇÕES [http-nio-8080-exec-29] org.apache.catalina.core.StandardContext.reload Reloading Context with name [/Project] has started
11-Jan-2022 19:02:53.897 INFORMAÇÕES [http-nio-8080-exec-29] org.apache.jasper.servlet.TldScanner.scanJars At least one JAR was scanned for TLDs yet contained no TLDs. Enable debug logging for this logger for a complete list of JARs that were scanned but no TLDs were found in them. Skipping unneeded JARs during scanning can improve startup time and JSP compilation time.
11-Jan-2022 19:02:53.902 INFORMAÇÕES [http-nio-8080-exec-29] org.apache.catalina.core.StandardContext.reload Reloading Context with name [/Project] is completed
11-Jan-2022 19:02:53.926 INFORMAÇÕES [http-nio-8080-exec-24] org.apache.catalina.core.StandardContext.reload Reloading Context with name [/Project] has started
11-Jan-2022 19:02:54.775 INFORMAÇÕES [http-nio-8080-exec-24] org.apache.jasper.servlet.TldScanner.scanJars At least one JAR was scanned for TLDs yet contained no TLDs. Enable debug logging for this logger for a complete list of JARs that were scanned but no TLDs were found in them. Skipping unneeded JARs during scanning can improve startup time and JSP compilation time.
11-Jan-2022 19:02:54.779 INFORMAÇÕES [http-nio-8080-exec-24] org.apache.catalina.core.StandardContext.reload Reloading Context with name [/Project] is completed
11-Jan-2022 19:18:14.845 INFORMAÇÕES [http-nio-8080-exec-32] org.apache.catalina.core.StandardContext.reload Reloading Context with name [/Project] has started
11-Jan-2022 19:18:15.765 INFORMAÇÕES [http-nio-8080-exec-32] org.apache.jasper.servlet.TldScanner.scanJars At least one JAR was scanned for TLDs yet contained no TLDs. Enable debug logging for this logger for a complete list of JARs that were scanned but no TLDs were found in them. Skipping unneeded JARs during scanning can improve startup time and JSP compilation time.
11-Jan-2022 19:18:15.769 INFORMAÇÕES [http-nio-8080-exec-32] org.apache.catalina.core.StandardContext.reload Reloading Context with name [/Project] is completed
11-Jan-2022 19:18:15.790 INFORMAÇÕES [http-nio-8080-exec-31] org.apache.catalina.core.StandardContext.reload Reloading Context with name [/Project] has started
11-Jan-2022 19:18:16.661 INFORMAÇÕES [http-nio-8080-exec-31] org.apache.jasper.servlet.TldScanner.scanJars At least one JAR was scanned for TLDs yet contained no TLDs. Enable debug logging for this logger for a complete list of JARs that were scanned but no TLDs were found in them. Skipping unneeded JARs during scanning can improve startup time and JSP compilation time.
11-Jan-2022 19:18:16.669 INFORMAÇÕES [http-nio-8080-exec-31] org.apache.catalina.core.StandardContext.reload Reloading Context with name [/Project] is completed
11-Jan-2022 19:20:27.527 INFORMAÇÕES [http-nio-8080-exec-46] org.apache.catalina.core.StandardContext.reload Reloading Context with name [/Project] has started
11-Jan-2022 19:20:27.531 ADVERTÊNCIA [http-nio-8080-exec-46] org.apache.catalina.loader.WebappClassLoaderBase.clearReferencesThreads The web application [Project] appears to have started a thread named [pool-27-thread-1] but has failed to stop it. This is very likely to create a memory leak. Stack trace of thread:
 sun.misc.Unsafe.park(Native Method)
 java.util.concurrent.locks.LockSupport.parkNanos(LockSupport.java:215)
 java.util.concurrent.locks.AbstractQueuedSynchronizer$ConditionObject.awaitNanos(AbstractQueuedSynchronizer.java:2078)
 java.util.concurrent.ScheduledThreadPoolExecutor$DelayedWorkQueue.take(ScheduledThreadPoolExecutor.java:1093)
 java.util.concurrent.ScheduledThreadPoolExecutor$DelayedWorkQueue.take(ScheduledThreadPoolExecutor.java:809)
 java.util.concurrent.ThreadPoolExecutor.getTask(ThreadPoolExecutor.java:1067)
 java.util.concurrent.ThreadPoolExecutor.runWorker(ThreadPoolExecutor.java:1127)
 java.util.concurrent.ThreadPoolExecutor$Worker.run(ThreadPoolExecutor.java:617)
 java.lang.Thread.run(Thread.java:745)
11-Jan-2022 19:20:27.531 ADVERTÊNCIA [http-nio-8080-exec-46] org.apache.catalina.loader.WebappClassLoaderBase.clearReferencesThreads The web application [Project] appears to have started a thread named [pool-28-thread-1] but has failed to stop it. This is very likely to create a memory leak. Stack trace of thread:
 sun.misc.Unsafe.park(Native Method)
 java.util.concurrent.locks.LockSupport.parkNanos(LockSupport.java:215)
 java.util.concurrent.locks.AbstractQueuedSynchronizer$ConditionObject.awaitNanos(AbstractQueuedSynchronizer.java:2078)
 java.util.concurrent.ScheduledThreadPoolExecutor$DelayedWorkQueue.take(ScheduledThreadPoolExecutor.java:1093)
 java.util.concurrent.ScheduledThreadPoolExecutor$DelayedWorkQueue.take(ScheduledThreadPoolExecutor.java:809)
 java.util.concurrent.ThreadPoolExecutor.getTask(ThreadPoolExecutor.java:1067)
 java.util.concurrent.ThreadPoolExecutor.runWorker(ThreadPoolExecutor.java:1127)
 java.util.concurrent.ThreadPoolExecutor$Worker.run(ThreadPoolExecutor.java:617)
 java.lang.Thread.run(Thread.java:745)
11-Jan-2022 19:20:28.425 INFORMAÇÕES [http-nio-8080-exec-46] org.apache.jasper.servlet.TldScanner.scanJars At least one JAR was scanned for TLDs yet contained no TLDs. Enable debug logging for this logger for a complete list of JARs that were scanned but no TLDs were found in them. Skipping unneeded JARs during scanning can improve startup time and JSP compilation time.
11-Jan-2022 19:20:28.430 INFORMAÇÕES [http-nio-8080-exec-46] org.apache.catalina.core.StandardContext.reload Reloading Context with name [/Project] is completed
11-Jan-2022 19:21:41.370 INFO [http-nio-8080-exec-44] org.hibernate.jpa.internal.util.LogHelper.logPersistenceUnitInformation HHH000204: Processing PersistenceUnitInfo [name: PU]
11-Jan-2022 19:21:41.554 INFO [http-nio-8080-exec-44] org.hibernate.Version.logVersion HHH000412: Hibernate ORM core version 5.6.2.Final
11-Jan-2022 19:21:41.986 INFO [http-nio-8080-exec-44] org.hibernate.annotations.common.reflection.java.JavaReflectionManager.<clinit> HCANN000001: Hibernate Commons Annotations {5.1.2.Final}
11-Jan-2022 19:21:42.349 WARN [http-nio-8080-exec-44] org.hibernate.engine.jdbc.connections.internal.DriverManagerConnectionProviderImpl.configure HHH10001002: Using Hibernate built-in connection pool (not for production use!)
11-Jan-2022 19:21:42.356 INFO [http-nio-8080-exec-44] org.hibernate.engine.jdbc.connections.internal.DriverManagerConnectionProviderImpl.buildCreator HHH10001005: using driver [org.postgresql.Driver] at URL [jdbc:postgresql://localhost/isdown-ps]
11-Jan-2022 19:21:42.356 INFO [http-nio-8080-exec-44] org.hibernate.engine.jdbc.connections.internal.DriverManagerConnectionProviderImpl.buildCreator HHH10001001: Connection properties: {user=postgres, password=****}
11-Jan-2022 19:21:42.356 INFO [http-nio-8080-exec-44] org.hibernate.engine.jdbc.connections.internal.DriverManagerConnectionProviderImpl.buildCreator HHH10001003: Autocommit mode: false
11-Jan-2022 19:21:42.362 INFO [http-nio-8080-exec-44] org.hibernate.engine.jdbc.connections.internal.DriverManagerConnectionProviderImpl$PooledConnections.<init> HHH000115: Hibernate connection pool size: 20 (min=1)
11-Jan-2022 19:21:42.590 INFO [http-nio-8080-exec-44] org.hibernate.dialect.Dialect.<init> HHH000400: Using dialect: org.hibernate.dialect.PostgreSQLDialect
11-Jan-2022 19:21:44.130 INFO [http-nio-8080-exec-44] org.hibernate.resource.transaction.backend.jdbc.internal.DdlTransactionIsolatorNonJtaImpl.getIsolatedConnection HHH10001501: Connection obtained from JdbcConnectionAccess [org.hibernate.engine.jdbc.env.internal.JdbcEnvironmentInitiator$ConnectionProviderJdbcConnectionAccess@a95ab96] for (non-JTA) DDL execution was not in auto-commit mode; the Connection 'local transaction' will be committed and the Connection will be set into auto-commit mode.
11-Jan-2022 19:21:44.593 INFO [http-nio-8080-exec-44] org.hibernate.engine.transaction.jta.platform.internal.JtaPlatformInitiator.initiateService HHH000490: Using JtaPlatform implementation: [org.hibernate.engine.transaction.jta.platform.internal.NoJtaPlatform]
11-Jan-2022 19:34:52.598 INFORMAÇÕES [http-nio-8080-exec-48] org.apache.catalina.core.StandardContext.reload Reloading Context with name [/Project] has started
11-Jan-2022 19:34:52.601 ADVERTÊNCIA [http-nio-8080-exec-48] org.apache.catalina.loader.WebappClassLoaderBase.clearReferencesJdbc The web application [Project] registered the JDBC driver [org.postgresql.Driver] but failed to unregister it when the web application was stopped. To prevent a memory leak, the JDBC Driver has been forcibly unregistered.
11-Jan-2022 19:34:52.601 ADVERTÊNCIA [http-nio-8080-exec-48] org.apache.catalina.loader.WebappClassLoaderBase.clearReferencesThreads The web application [Project] appears to have started a thread named [Hibernate Connection Pool Validation Thread] but has failed to stop it. This is very likely to create a memory leak. Stack trace of thread:
 sun.misc.Unsafe.park(Native Method)
 java.util.concurrent.locks.LockSupport.parkNanos(LockSupport.java:215)
 java.util.concurrent.locks.AbstractQueuedSynchronizer$ConditionObject.awaitNanos(AbstractQueuedSynchronizer.java:2078)
 java.util.concurrent.ScheduledThreadPoolExecutor$DelayedWorkQueue.take(ScheduledThreadPoolExecutor.java:1093)
 java.util.concurrent.ScheduledThreadPoolExecutor$DelayedWorkQueue.take(ScheduledThreadPoolExecutor.java:809)
 java.util.concurrent.ThreadPoolExecutor.getTask(ThreadPoolExecutor.java:1067)
 java.util.concurrent.ThreadPoolExecutor.runWorker(ThreadPoolExecutor.java:1127)
 java.util.concurrent.ThreadPoolExecutor$Worker.run(ThreadPoolExecutor.java:617)
 java.lang.Thread.run(Thread.java:745)
11-Jan-2022 19:34:53.411 INFORMAÇÕES [http-nio-8080-exec-48] org.apache.jasper.servlet.TldScanner.scanJars At least one JAR was scanned for TLDs yet contained no TLDs. Enable debug logging for this logger for a complete list of JARs that were scanned but no TLDs were found in them. Skipping unneeded JARs during scanning can improve startup time and JSP compilation time.
11-Jan-2022 19:34:53.416 INFORMAÇÕES [http-nio-8080-exec-48] org.apache.catalina.core.StandardContext.reload Reloading Context with name [/Project] is completed
11-Jan-2022 19:39:05.120 INFO [http-nio-8080-exec-52] org.hibernate.jpa.internal.util.LogHelper.logPersistenceUnitInformation HHH000204: Processing PersistenceUnitInfo [name: PU]
11-Jan-2022 19:39:05.264 INFO [http-nio-8080-exec-52] org.hibernate.Version.logVersion HHH000412: Hibernate ORM core version 5.6.2.Final
11-Jan-2022 19:39:05.679 INFO [http-nio-8080-exec-52] org.hibernate.annotations.common.reflection.java.JavaReflectionManager.<clinit> HCANN000001: Hibernate Commons Annotations {5.1.2.Final}
11-Jan-2022 19:39:06.048 WARN [http-nio-8080-exec-52] org.hibernate.engine.jdbc.connections.internal.DriverManagerConnectionProviderImpl.configure HHH10001002: Using Hibernate built-in connection pool (not for production use!)
11-Jan-2022 19:39:06.056 INFO [http-nio-8080-exec-52] org.hibernate.engine.jdbc.connections.internal.DriverManagerConnectionProviderImpl.buildCreator HHH10001005: using driver [org.postgresql.Driver] at URL [jdbc:postgresql://localhost/isdown-ps]
11-Jan-2022 19:39:06.057 INFO [http-nio-8080-exec-52] org.hibernate.engine.jdbc.connections.internal.DriverManagerConnectionProviderImpl.buildCreator HHH10001001: Connection properties: {user=postgres, password=****}
11-Jan-2022 19:39:06.057 INFO [http-nio-8080-exec-52] org.hibernate.engine.jdbc.connections.internal.DriverManagerConnectionProviderImpl.buildCreator HHH10001003: Autocommit mode: false
11-Jan-2022 19:39:06.062 INFO [http-nio-8080-exec-52] org.hibernate.engine.jdbc.connections.internal.DriverManagerConnectionProviderImpl$PooledConnections.<init> HHH000115: Hibernate connection pool size: 20 (min=1)
11-Jan-2022 19:39:06.280 INFO [http-nio-8080-exec-52] org.hibernate.dialect.Dialect.<init> HHH000400: Using dialect: org.hibernate.dialect.PostgreSQLDialect
11-Jan-2022 19:39:07.605 INFO [http-nio-8080-exec-52] org.hibernate.resource.transaction.backend.jdbc.internal.DdlTransactionIsolatorNonJtaImpl.getIsolatedConnection HHH10001501: Connection obtained from JdbcConnectionAccess [org.hibernate.engine.jdbc.env.internal.JdbcEnvironmentInitiator$ConnectionProviderJdbcConnectionAccess@5866e517] for (non-JTA) DDL execution was not in auto-commit mode; the Connection 'local transaction' will be committed and the Connection will be set into auto-commit mode.
11-Jan-2022 19:39:08.064 INFO [http-nio-8080-exec-52] org.hibernate.engine.transaction.jta.platform.internal.JtaPlatformInitiator.initiateService HHH000490: Using JtaPlatform implementation: [org.hibernate.engine.transaction.jta.platform.internal.NoJtaPlatform]
11-Jan-2022 20:02:58.601 INFORMAÇÕES [http-nio-8080-exec-63] org.apache.catalina.core.StandardContext.reload Reloading Context with name [/Project] has started
11-Jan-2022 20:02:58.604 ADVERTÊNCIA [http-nio-8080-exec-63] org.apache.catalina.loader.WebappClassLoaderBase.clearReferencesJdbc The web application [Project] registered the JDBC driver [org.postgresql.Driver] but failed to unregister it when the web application was stopped. To prevent a memory leak, the JDBC Driver has been forcibly unregistered.
11-Jan-2022 20:02:58.605 ADVERTÊNCIA [http-nio-8080-exec-63] org.apache.catalina.loader.WebappClassLoaderBase.clearReferencesThreads The web application [Project] appears to have started a thread named [Hibernate Connection Pool Validation Thread] but has failed to stop it. This is very likely to create a memory leak. Stack trace of thread:
 sun.misc.Unsafe.park(Native Method)
 java.util.concurrent.locks.LockSupport.parkNanos(LockSupport.java:215)
 java.util.concurrent.locks.AbstractQueuedSynchronizer$ConditionObject.awaitNanos(AbstractQueuedSynchronizer.java:2078)
 java.util.concurrent.ScheduledThreadPoolExecutor$DelayedWorkQueue.take(ScheduledThreadPoolExecutor.java:1093)
 java.util.concurrent.ScheduledThreadPoolExecutor$DelayedWorkQueue.take(ScheduledThreadPoolExecutor.java:809)
 java.util.concurrent.ThreadPoolExecutor.getTask(ThreadPoolExecutor.java:1067)
 java.util.concurrent.ThreadPoolExecutor.runWorker(ThreadPoolExecutor.java:1127)
 java.util.concurrent.ThreadPoolExecutor$Worker.run(ThreadPoolExecutor.java:617)
 java.lang.Thread.run(Thread.java:745)
11-Jan-2022 20:02:58.645 INFORMAÇÕES [Finalizer] org.apache.catalina.loader.WebappClassLoaderBase.checkStateForResourceLoading Illegal access: this web application instance has been stopped already. Could not load [org.apache.http.impl.conn.PoolingHttpClientConnectionManager$2]. The following stack trace is thrown for debugging purposes as well as to attempt to terminate the thread which caused the illegal access.
	java.lang.IllegalStateException: Illegal access: this web application instance has been stopped already. Could not load [org.apache.http.impl.conn.PoolingHttpClientConnectionManager$2]. The following stack trace is thrown for debugging purposes as well as to attempt to terminate the thread which caused the illegal access.
		at org.apache.catalina.loader.WebappClassLoaderBase.checkStateForResourceLoading(WebappClassLoaderBase.java:1435)
		at org.apache.catalina.loader.WebappClassLoaderBase.checkStateForClassLoading(WebappClassLoaderBase.java:1423)
		at org.apache.catalina.loader.WebappClassLoaderBase.loadClass(WebappClassLoaderBase.java:1262)
		at org.apache.catalina.loader.WebappClassLoaderBase.loadClass(WebappClassLoaderBase.java:1223)
		at org.apache.http.impl.conn.PoolingHttpClientConnectionManager.shutdown(PoolingHttpClientConnectionManager.java:413)
		at org.apache.http.impl.conn.PoolingHttpClientConnectionManager.finalize(PoolingHttpClientConnectionManager.java:207)
		at java.lang.System$2.invokeFinalize(System.java:1270)
		at java.lang.ref.Finalizer.runFinalizer(Finalizer.java:98)
		at java.lang.ref.Finalizer.access$100(Finalizer.java:34)
		at java.lang.ref.Finalizer$FinalizerThread.run(Finalizer.java:210)
11-Jan-2022 20:02:59.468 INFORMAÇÕES [http-nio-8080-exec-63] org.apache.jasper.servlet.TldScanner.scanJars At least one JAR was scanned for TLDs yet contained no TLDs. Enable debug logging for this logger for a complete list of JARs that were scanned but no TLDs were found in them. Skipping unneeded JARs during scanning can improve startup time and JSP compilation time.
11-Jan-2022 20:02:59.472 INFORMAÇÕES [http-nio-8080-exec-63] org.apache.catalina.core.StandardContext.reload Reloading Context with name [/Project] is completed
11-Jan-2022 20:08:56.904 INFO [http-nio-8080-exec-70] org.hibernate.jpa.internal.util.LogHelper.logPersistenceUnitInformation HHH000204: Processing PersistenceUnitInfo [name: PU]
11-Jan-2022 20:08:57.049 INFO [http-nio-8080-exec-70] org.hibernate.Version.logVersion HHH000412: Hibernate ORM core version 5.6.2.Final
11-Jan-2022 20:08:57.451 INFO [http-nio-8080-exec-70] org.hibernate.annotations.common.reflection.java.JavaReflectionManager.<clinit> HCANN000001: Hibernate Commons Annotations {5.1.2.Final}
11-Jan-2022 20:08:57.802 WARN [http-nio-8080-exec-70] org.hibernate.engine.jdbc.connections.internal.DriverManagerConnectionProviderImpl.configure HHH10001002: Using Hibernate built-in connection pool (not for production use!)
11-Jan-2022 20:08:57.810 INFO [http-nio-8080-exec-70] org.hibernate.engine.jdbc.connections.internal.DriverManagerConnectionProviderImpl.buildCreator HHH10001005: using driver [org.postgresql.Driver] at URL [jdbc:postgresql://localhost/isdown-ps]
11-Jan-2022 20:08:57.810 INFO [http-nio-8080-exec-70] org.hibernate.engine.jdbc.connections.internal.DriverManagerConnectionProviderImpl.buildCreator HHH10001001: Connection properties: {user=postgres, password=****}
11-Jan-2022 20:08:57.810 INFO [http-nio-8080-exec-70] org.hibernate.engine.jdbc.connections.internal.DriverManagerConnectionProviderImpl.buildCreator HHH10001003: Autocommit mode: false
11-Jan-2022 20:08:57.816 INFO [http-nio-8080-exec-70] org.hibernate.engine.jdbc.connections.internal.DriverManagerConnectionProviderImpl$PooledConnections.<init> HHH000115: Hibernate connection pool size: 20 (min=1)
11-Jan-2022 20:08:58.042 INFO [http-nio-8080-exec-70] org.hibernate.dialect.Dialect.<init> HHH000400: Using dialect: org.hibernate.dialect.PostgreSQLDialect
11-Jan-2022 20:08:59.442 INFO [http-nio-8080-exec-70] org.hibernate.resource.transaction.backend.jdbc.internal.DdlTransactionIsolatorNonJtaImpl.getIsolatedConnection HHH10001501: Connection obtained from JdbcConnectionAccess [org.hibernate.engine.jdbc.env.internal.JdbcEnvironmentInitiator$ConnectionProviderJdbcConnectionAccess@34e82f5e] for (non-JTA) DDL execution was not in auto-commit mode; the Connection 'local transaction' will be committed and the Connection will be set into auto-commit mode.
11-Jan-2022 20:08:59.899 INFO [http-nio-8080-exec-70] org.hibernate.engine.transaction.jta.platform.internal.JtaPlatformInitiator.initiateService HHH000490: Using JtaPlatform implementation: [org.hibernate.engine.transaction.jta.platform.internal.NoJtaPlatform]
11-Jan-2022 20:15:05.497 INFORMAÇÕES [main] org.apache.catalina.core.StandardServer.await A valid shutdown command was received via the shutdown port. Stopping the Server instance.
11-Jan-2022 20:15:05.497 INFORMAÇÕES [main] org.apache.coyote.AbstractProtocol.pause Pausing ProtocolHandler ["http-nio-8080"]
11-Jan-2022 20:15:05.626 INFORMAÇÕES [main] org.apache.catalina.core.StandardService.stopInternal Stopping service [Catalina]
11-Jan-2022 20:15:05.717 ADVERTÊNCIA [localhost-startStop-2] org.apache.catalina.loader.WebappClassLoaderBase.clearReferencesJdbc The web application [Project] registered the JDBC driver [org.postgresql.Driver] but failed to unregister it when the web application was stopped. To prevent a memory leak, the JDBC Driver has been forcibly unregistered.
11-Jan-2022 20:15:05.717 ADVERTÊNCIA [localhost-startStop-2] org.apache.catalina.loader.WebappClassLoaderBase.clearReferencesThreads The web application [Project] appears to have started a thread named [Hibernate Connection Pool Validation Thread] but has failed to stop it. This is very likely to create a memory leak. Stack trace of thread:
 sun.misc.Unsafe.park(Native Method)
 java.util.concurrent.locks.LockSupport.parkNanos(LockSupport.java:215)
 java.util.concurrent.locks.AbstractQueuedSynchronizer$ConditionObject.awaitNanos(AbstractQueuedSynchronizer.java:2078)
 java.util.concurrent.ScheduledThreadPoolExecutor$DelayedWorkQueue.take(ScheduledThreadPoolExecutor.java:1093)
 java.util.concurrent.ScheduledThreadPoolExecutor$DelayedWorkQueue.take(ScheduledThreadPoolExecutor.java:809)
 java.util.concurrent.ThreadPoolExecutor.getTask(ThreadPoolExecutor.java:1067)
 java.util.concurrent.ThreadPoolExecutor.runWorker(ThreadPoolExecutor.java:1127)
 java.util.concurrent.ThreadPoolExecutor$Worker.run(ThreadPoolExecutor.java:617)
 java.lang.Thread.run(Thread.java:745)
11-Jan-2022 20:15:05.721 INFORMAÇÕES [main] org.apache.coyote.AbstractProtocol.stop Stopping ProtocolHandler ["http-nio-8080"]
11-Jan-2022 20:15:05.724 INFORMAÇÕES [main] org.apache.coyote.AbstractProtocol.destroy Destroying ProtocolHandler ["http-nio-8080"]
11-Jan-2022 20:15:14.242 INFORMAÇÕES [main] org.apache.catalina.startup.VersionLoggerListener.log Server version name:   Apache Tomcat/8.5.73
11-Jan-2022 20:15:14.260 INFORMAÇÕES [main] org.apache.catalina.startup.VersionLoggerListener.log Server built:          Nov 11 2021 13:14:36 UTC
11-Jan-2022 20:15:14.263 INFORMAÇÕES [main] org.apache.catalina.startup.VersionLoggerListener.log Server version number: 8.5.73.0
11-Jan-2022 20:15:14.263 INFORMAÇÕES [main] org.apache.catalina.startup.VersionLoggerListener.log OS Name:               Windows 10
11-Jan-2022 20:15:14.263 INFORMAÇÕES [main] org.apache.catalina.startup.VersionLoggerListener.log OS Version:            10.0
11-Jan-2022 20:15:14.263 INFORMAÇÕES [main] org.apache.catalina.startup.VersionLoggerListener.log Architecture:          amd64
11-Jan-2022 20:15:14.263 INFORMAÇÕES [main] org.apache.catalina.startup.VersionLoggerListener.log Java Home:             C:\Program Files\Java\jdk1.8.0_111\jre
11-Jan-2022 20:15:14.263 INFORMAÇÕES [main] org.apache.catalina.startup.VersionLoggerListener.log JVM Version:           1.8.0_111-b14
11-Jan-2022 20:15:14.263 INFORMAÇÕES [main] org.apache.catalina.startup.VersionLoggerListener.log JVM Vendor:            Oracle Corporation
11-Jan-2022 20:15:14.263 INFORMAÇÕES [main] org.apache.catalina.startup.VersionLoggerListener.log CATALINA_BASE:         C:\Users\gabriel\Files\Projetos 2\PS\Projeto-de-Software-2021-2\Dependências\apache-tomcat-8.5.73
11-Jan-2022 20:15:14.263 INFORMAÇÕES [main] org.apache.catalina.startup.VersionLoggerListener.log CATALINA_HOME:         C:\Users\gabriel\Files\Projetos 2\PS\Projeto-de-Software-2021-2\Dependências\apache-tomcat-8.5.73
11-Jan-2022 20:15:14.263 INFORMAÇÕES [main] org.apache.catalina.startup.VersionLoggerListener.log Command line argument: -Djava.util.logging.config.file=C:\Users\gabriel\Files\Projetos 2\PS\Projeto-de-Software-2021-2\Dependências\apache-tomcat-8.5.73\conf\logging.properties
11-Jan-2022 20:15:14.263 INFORMAÇÕES [main] org.apache.catalina.startup.VersionLoggerListener.log Command line argument: -Djava.util.logging.manager=org.apache.juli.ClassLoaderLogManager
11-Jan-2022 20:15:14.263 INFORMAÇÕES [main] org.apache.catalina.startup.VersionLoggerListener.log Command line argument: -Djdk.tls.ephemeralDHKeySize=2048
11-Jan-2022 20:15:14.264 INFORMAÇÕES [main] org.apache.catalina.startup.VersionLoggerListener.log Command line argument: -Djava.protocol.handler.pkgs=org.apache.catalina.webresources
11-Jan-2022 20:15:14.264 INFORMAÇÕES [main] org.apache.catalina.startup.VersionLoggerListener.log Command line argument: -Dignore.endorsed.dirs=
11-Jan-2022 20:15:14.264 INFORMAÇÕES [main] org.apache.catalina.startup.VersionLoggerListener.log Command line argument: -Dcatalina.base=C:\Users\gabriel\Files\Projetos 2\PS\Projeto-de-Software-2021-2\Dependências\apache-tomcat-8.5.73
11-Jan-2022 20:15:14.264 INFORMAÇÕES [main] org.apache.catalina.startup.VersionLoggerListener.log Command line argument: -Dcatalina.home=C:\Users\gabriel\Files\Projetos 2\PS\Projeto-de-Software-2021-2\Dependências\apache-tomcat-8.5.73
11-Jan-2022 20:15:14.264 INFORMAÇÕES [main] org.apache.catalina.startup.VersionLoggerListener.log Command line argument: -Djava.io.tmpdir=C:\Users\gabriel\Files\Projetos 2\PS\Projeto-de-Software-2021-2\Dependências\apache-tomcat-8.5.73\temp
11-Jan-2022 20:15:14.264 INFORMAÇÕES [main] org.apache.catalina.core.AprLifecycleListener.lifecycleEvent Loaded Apache Tomcat Native library [1.2.31] using APR version [1.7.0].
11-Jan-2022 20:15:14.264 INFORMAÇÕES [main] org.apache.catalina.core.AprLifecycleListener.lifecycleEvent APR capabilities: IPv6 [true], sendfile [true], accept filters [false], random [true], UDS [{4}].
11-Jan-2022 20:15:14.264 INFORMAÇÕES [main] org.apache.catalina.core.AprLifecycleListener.lifecycleEvent APR/OpenSSL configuration: useAprConnector [false], useOpenSSL [true]
11-Jan-2022 20:15:14.276 INFORMAÇÕES [main] org.apache.catalina.core.AprLifecycleListener.initializeSSL OpenSSL successfully initialized [OpenSSL 1.1.1l  24 Aug 2021]
11-Jan-2022 20:15:14.891 INFORMAÇÕES [main] org.apache.coyote.AbstractProtocol.init Initializing ProtocolHandler ["http-nio-8080"]
11-Jan-2022 20:15:15.348 INFORMAÇÕES [main] org.apache.tomcat.util.net.NioSelectorPool.getSharedSelector Using a shared selector for servlet write/read
11-Jan-2022 20:15:15.374 INFORMAÇÕES [main] org.apache.catalina.startup.Catalina.load Initialization processed in 1656 ms
11-Jan-2022 20:15:15.430 INFORMAÇÕES [main] org.apache.catalina.core.StandardService.startInternal Starting service [Catalina]
11-Jan-2022 20:15:15.430 INFORMAÇÕES [main] org.apache.catalina.core.StandardEngine.startInternal Starting Servlet engine: [Apache Tomcat/8.5.73]
11-Jan-2022 20:15:15.438 INFORMAÇÕES [localhost-startStop-1] org.apache.catalina.startup.HostConfig.deployDescriptor Deploying deployment descriptor [C:\Users\gabriel\Files\Projetos 2\PS\Projeto-de-Software-2021-2\Dependências\apache-tomcat-8.5.73\conf\Catalina\localhost\Project.xml]
11-Jan-2022 20:15:16.693 INFORMAÇÕES [localhost-startStop-1] org.apache.jasper.servlet.TldScanner.scanJars At least one JAR was scanned for TLDs yet contained no TLDs. Enable debug logging for this logger for a complete list of JARs that were scanned but no TLDs were found in them. Skipping unneeded JARs during scanning can improve startup time and JSP compilation time.
11-Jan-2022 20:15:16.800 INFORMAÇÕES [localhost-startStop-1] org.apache.catalina.startup.HostConfig.deployDescriptor Deployment of deployment descriptor [C:\Users\gabriel\Files\Projetos 2\PS\Projeto-de-Software-2021-2\Dependências\apache-tomcat-8.5.73\conf\Catalina\localhost\Project.xml] has finished in [1,362] ms
11-Jan-2022 20:15:16.802 INFORMAÇÕES [localhost-startStop-1] org.apache.catalina.startup.HostConfig.deployDirectory Deploying web application directory [C:\Users\gabriel\Files\Projetos 2\PS\Projeto-de-Software-2021-2\Dependências\apache-tomcat-8.5.73\webapps\docs]
11-Jan-2022 20:15:16.850 INFORMAÇÕES [localhost-startStop-1] org.apache.catalina.startup.HostConfig.deployDirectory Deployment of web application directory [C:\Users\gabriel\Files\Projetos 2\PS\Projeto-de-Software-2021-2\Dependências\apache-tomcat-8.5.73\webapps\docs] has finished in [47] ms
11-Jan-2022 20:15:16.850 INFORMAÇÕES [localhost-startStop-1] org.apache.catalina.startup.HostConfig.deployDirectory Deploying web application directory [C:\Users\gabriel\Files\Projetos 2\PS\Projeto-de-Software-2021-2\Dependências\apache-tomcat-8.5.73\webapps\examples]
11-Jan-2022 20:15:21.301 INFORMAÇÕES [localhost-startStop-1] org.apache.catalina.startup.HostConfig.deployDirectory Deployment of web application directory [C:\Users\gabriel\Files\Projetos 2\PS\Projeto-de-Software-2021-2\Dependências\apache-tomcat-8.5.73\webapps\examples] has finished in [4,451] ms
11-Jan-2022 20:15:21.301 INFORMAÇÕES [localhost-startStop-1] org.apache.catalina.startup.HostConfig.deployDirectory Deploying web application directory [C:\Users\gabriel\Files\Projetos 2\PS\Projeto-de-Software-2021-2\Dependências\apache-tomcat-8.5.73\webapps\host-manager]
11-Jan-2022 20:15:21.452 INFORMAÇÕES [localhost-startStop-1] org.apache.catalina.startup.HostConfig.deployDirectory Deployment of web application directory [C:\Users\gabriel\Files\Projetos 2\PS\Projeto-de-Software-2021-2\Dependências\apache-tomcat-8.5.73\webapps\host-manager] has finished in [150] ms
11-Jan-2022 20:15:21.452 INFORMAÇÕES [localhost-startStop-1] org.apache.catalina.startup.HostConfig.deployDirectory Deploying web application directory [C:\Users\gabriel\Files\Projetos 2\PS\Projeto-de-Software-2021-2\Dependências\apache-tomcat-8.5.73\webapps\manager]
11-Jan-2022 20:15:21.919 INFORMAÇÕES [localhost-startStop-1] org.apache.catalina.startup.HostConfig.deployDirectory Deployment of web application directory [C:\Users\gabriel\Files\Projetos 2\PS\Projeto-de-Software-2021-2\Dependências\apache-tomcat-8.5.73\webapps\manager] has finished in [467] ms
11-Jan-2022 20:15:21.919 INFORMAÇÕES [localhost-startStop-1] org.apache.catalina.startup.HostConfig.deployDirectory Deploying web application directory [C:\Users\gabriel\Files\Projetos 2\PS\Projeto-de-Software-2021-2\Dependências\apache-tomcat-8.5.73\webapps\ROOT]
11-Jan-2022 20:15:21.970 INFORMAÇÕES [localhost-startStop-1] org.apache.catalina.startup.HostConfig.deployDirectory Deployment of web application directory [C:\Users\gabriel\Files\Projetos 2\PS\Projeto-de-Software-2021-2\Dependências\apache-tomcat-8.5.73\webapps\ROOT] has finished in [51] ms
11-Jan-2022 20:15:21.975 INFORMAÇÕES [main] org.apache.coyote.AbstractProtocol.start Starting ProtocolHandler ["http-nio-8080"]
11-Jan-2022 20:15:21.985 INFORMAÇÕES [main] org.apache.catalina.startup.Catalina.start Server startup in 6610 ms
11-Jan-2022 20:15:23.911 INFORMAÇÕES [http-nio-8080-exec-7] org.apache.catalina.core.StandardContext.reload Reloading Context with name [/Project] has started
11-Jan-2022 20:15:25.242 INFORMAÇÕES [http-nio-8080-exec-7] org.apache.jasper.servlet.TldScanner.scanJars At least one JAR was scanned for TLDs yet contained no TLDs. Enable debug logging for this logger for a complete list of JARs that were scanned but no TLDs were found in them. Skipping unneeded JARs during scanning can improve startup time and JSP compilation time.
11-Jan-2022 20:15:25.247 INFORMAÇÕES [http-nio-8080-exec-7] org.apache.catalina.core.StandardContext.reload Reloading Context with name [/Project] is completed
11-Jan-2022 20:15:27.457 INFO [http-nio-8080-exec-2] org.hibernate.jpa.internal.util.LogHelper.logPersistenceUnitInformation HHH000204: Processing PersistenceUnitInfo [name: PU]
11-Jan-2022 20:15:27.586 INFO [http-nio-8080-exec-2] org.hibernate.Version.logVersion HHH000412: Hibernate ORM core version 5.6.2.Final
11-Jan-2022 20:15:28.288 INFO [http-nio-8080-exec-2] org.hibernate.annotations.common.reflection.java.JavaReflectionManager.<clinit> HCANN000001: Hibernate Commons Annotations {5.1.2.Final}
11-Jan-2022 20:15:29.555 WARN [http-nio-8080-exec-2] org.hibernate.engine.jdbc.connections.internal.DriverManagerConnectionProviderImpl.configure HHH10001002: Using Hibernate built-in connection pool (not for production use!)
11-Jan-2022 20:15:29.655 INFO [http-nio-8080-exec-2] org.hibernate.engine.jdbc.connections.internal.DriverManagerConnectionProviderImpl.buildCreator HHH10001005: using driver [org.postgresql.Driver] at URL [jdbc:postgresql://localhost/isdown-ps]
11-Jan-2022 20:15:29.655 INFO [http-nio-8080-exec-2] org.hibernate.engine.jdbc.connections.internal.DriverManagerConnectionProviderImpl.buildCreator HHH10001001: Connection properties: {user=postgres, password=****}
11-Jan-2022 20:15:29.656 INFO [http-nio-8080-exec-2] org.hibernate.engine.jdbc.connections.internal.DriverManagerConnectionProviderImpl.buildCreator HHH10001003: Autocommit mode: false
11-Jan-2022 20:15:29.661 INFO [http-nio-8080-exec-2] org.hibernate.engine.jdbc.connections.internal.DriverManagerConnectionProviderImpl$PooledConnections.<init> HHH000115: Hibernate connection pool size: 20 (min=1)
11-Jan-2022 20:15:31.120 INFO [http-nio-8080-exec-2] org.hibernate.dialect.Dialect.<init> HHH000400: Using dialect: org.hibernate.dialect.PostgreSQLDialect
11-Jan-2022 20:15:32.919 INFO [http-nio-8080-exec-2] org.hibernate.resource.transaction.backend.jdbc.internal.DdlTransactionIsolatorNonJtaImpl.getIsolatedConnection HHH10001501: Connection obtained from JdbcConnectionAccess [org.hibernate.engine.jdbc.env.internal.JdbcEnvironmentInitiator$ConnectionProviderJdbcConnectionAccess@13b7ccd4] for (non-JTA) DDL execution was not in auto-commit mode; the Connection 'local transaction' will be committed and the Connection will be set into auto-commit mode.
11-Jan-2022 20:15:33.506 INFO [http-nio-8080-exec-2] org.hibernate.engine.transaction.jta.platform.internal.JtaPlatformInitiator.initiateService HHH000490: Using JtaPlatform implementation: [org.hibernate.engine.transaction.jta.platform.internal.NoJtaPlatform]
11-Jan-2022 21:07:50.944 INFORMAÇÕES [main] org.apache.catalina.core.StandardServer.await A valid shutdown command was received via the shutdown port. Stopping the Server instance.
11-Jan-2022 21:07:50.945 INFORMAÇÕES [main] org.apache.coyote.AbstractProtocol.pause Pausing ProtocolHandler ["http-nio-8080"]
11-Jan-2022 21:07:50.995 INFORMAÇÕES [main] org.apache.catalina.core.StandardService.stopInternal Stopping service [Catalina]
11-Jan-2022 21:07:51.048 ADVERTÊNCIA [localhost-startStop-2] org.apache.catalina.loader.WebappClassLoaderBase.clearReferencesJdbc The web application [Project] registered the JDBC driver [org.postgresql.Driver] but failed to unregister it when the web application was stopped. To prevent a memory leak, the JDBC Driver has been forcibly unregistered.
11-Jan-2022 21:07:51.049 ADVERTÊNCIA [localhost-startStop-2] org.apache.catalina.loader.WebappClassLoaderBase.clearReferencesThreads The web application [Project] appears to have started a thread named [Hibernate Connection Pool Validation Thread] but has failed to stop it. This is very likely to create a memory leak. Stack trace of thread:
 sun.misc.Unsafe.park(Native Method)
 java.util.concurrent.locks.LockSupport.parkNanos(LockSupport.java:215)
 java.util.concurrent.locks.AbstractQueuedSynchronizer$ConditionObject.awaitNanos(AbstractQueuedSynchronizer.java:2078)
 java.util.concurrent.ScheduledThreadPoolExecutor$DelayedWorkQueue.take(ScheduledThreadPoolExecutor.java:1093)
 java.util.concurrent.ScheduledThreadPoolExecutor$DelayedWorkQueue.take(ScheduledThreadPoolExecutor.java:809)
 java.util.concurrent.ThreadPoolExecutor.getTask(ThreadPoolExecutor.java:1067)
 java.util.concurrent.ThreadPoolExecutor.runWorker(ThreadPoolExecutor.java:1127)
 java.util.concurrent.ThreadPoolExecutor$Worker.run(ThreadPoolExecutor.java:617)
 java.lang.Thread.run(Thread.java:745)
11-Jan-2022 21:07:51.058 INFORMAÇÕES [main] org.apache.coyote.AbstractProtocol.stop Stopping ProtocolHandler ["http-nio-8080"]
11-Jan-2022 21:07:51.074 INFORMAÇÕES [main] org.apache.coyote.AbstractProtocol.destroy Destroying ProtocolHandler ["http-nio-8080"]
