26-Jun-2021 07:25:39.417 INFO [main] org.apache.catalina.startup.VersionLoggerListener.log Server version:        Apache Tomcat/8.0.27
26-Jun-2021 07:25:39.418 INFO [main] org.apache.catalina.startup.VersionLoggerListener.log Server built:          Sep 28 2015 08:17:25 UTC
26-Jun-2021 07:25:39.418 INFO [main] org.apache.catalina.startup.VersionLoggerListener.log Server number:         8.0.27.0
26-Jun-2021 07:25:39.418 INFO [main] org.apache.catalina.startup.VersionLoggerListener.log OS Name:               Windows 10
26-Jun-2021 07:25:39.418 INFO [main] org.apache.catalina.startup.VersionLoggerListener.log OS Version:            10.0
26-Jun-2021 07:25:39.418 INFO [main] org.apache.catalina.startup.VersionLoggerListener.log Architecture:          amd64
26-Jun-2021 07:25:39.418 INFO [main] org.apache.catalina.startup.VersionLoggerListener.log Java Home:             C:\Program Files\Java\jdk1.8.0_111\jre
26-Jun-2021 07:25:39.418 INFO [main] org.apache.catalina.startup.VersionLoggerListener.log JVM Version:           1.8.0_111-b14
26-Jun-2021 07:25:39.418 INFO [main] org.apache.catalina.startup.VersionLoggerListener.log JVM Vendor:            Oracle Corporation
26-Jun-2021 07:25:39.418 INFO [main] org.apache.catalina.startup.VersionLoggerListener.log CATALINA_BASE:         C:\Users\gabriel\Files\UFF\2021.1\Dev Web\+\apache-tomcat-8.0.27
26-Jun-2021 07:25:39.418 INFO [main] org.apache.catalina.startup.VersionLoggerListener.log CATALINA_HOME:         C:\Users\gabriel\Files\UFF\2021.1\Dev Web\+\apache-tomcat-8.0.27
26-Jun-2021 07:25:39.418 INFO [main] org.apache.catalina.startup.VersionLoggerListener.log Command line argument: -Djava.util.logging.config.file=C:\Users\gabriel\Files\UFF\2021.1\Dev Web\+\apache-tomcat-8.0.27\conf\logging.properties
26-Jun-2021 07:25:39.419 INFO [main] org.apache.catalina.startup.VersionLoggerListener.log Command line argument: -Djava.util.logging.manager=org.apache.juli.ClassLoaderLogManager
26-Jun-2021 07:25:39.419 INFO [main] org.apache.catalina.startup.VersionLoggerListener.log Command line argument: -Djava.endorsed.dirs=C:\Users\gabriel\Files\UFF\2021.1\Dev Web\+\apache-tomcat-8.0.27\endorsed
26-Jun-2021 07:25:39.419 INFO [main] org.apache.catalina.startup.VersionLoggerListener.log Command line argument: -Dcatalina.base=C:\Users\gabriel\Files\UFF\2021.1\Dev Web\+\apache-tomcat-8.0.27
26-Jun-2021 07:25:39.419 INFO [main] org.apache.catalina.startup.VersionLoggerListener.log Command line argument: -Dcatalina.home=C:\Users\gabriel\Files\UFF\2021.1\Dev Web\+\apache-tomcat-8.0.27
26-Jun-2021 07:25:39.419 INFO [main] org.apache.catalina.startup.VersionLoggerListener.log Command line argument: -Djava.io.tmpdir=C:\Users\gabriel\Files\UFF\2021.1\Dev Web\+\apache-tomcat-8.0.27\temp
26-Jun-2021 07:25:39.419 INFO [main] org.apache.catalina.core.AprLifecycleListener.lifecycleEvent Loaded APR based Apache Tomcat Native library 1.1.33 using APR version 1.5.1.
26-Jun-2021 07:25:39.419 INFO [main] org.apache.catalina.core.AprLifecycleListener.lifecycleEvent APR capabilities: IPv6 [true], sendfile [true], accept filters [false], random [true].
26-Jun-2021 07:25:40.370 INFO [main] org.apache.catalina.core.AprLifecycleListener.initializeSSL OpenSSL successfully initialized (OpenSSL 1.0.1m 19 Mar 2015)
26-Jun-2021 07:25:41.434 INFO [main] org.apache.coyote.AbstractProtocol.init Initializing ProtocolHandler ["http-apr-8080"]
26-Jun-2021 07:25:41.492 INFO [main] org.apache.coyote.AbstractProtocol.init Initializing ProtocolHandler ["ajp-apr-8009"]
26-Jun-2021 07:25:41.494 INFO [main] org.apache.catalina.startup.Catalina.load Initialization processed in 3097 ms
26-Jun-2021 07:25:41.719 INFO [main] org.apache.catalina.core.StandardService.startInternal Starting service Catalina
26-Jun-2021 07:25:41.720 INFO [main] org.apache.catalina.core.StandardEngine.startInternal Starting Servlet Engine: Apache Tomcat/8.0.27
26-Jun-2021 07:25:41.925 INFO [localhost-startStop-1] org.apache.catalina.startup.HostConfig.deployDescriptor Deploying configuration descriptor C:\Users\gabriel\Files\UFF\2021.1\Dev Web\+\apache-tomcat-8.0.27\conf\Catalina\localhost\Old.xml
26-Jun-2021 07:25:44.778 INFO [localhost-startStop-1] org.apache.jasper.servlet.TldScanner.scanJars At least one JAR was scanned for TLDs yet contained no TLDs. Enable debug logging for this logger for a complete list of JARs that were scanned but no TLDs were found in them. Skipping unneeded JARs during scanning can improve startup time and JSP compilation time.
26-Jun-2021 07:25:45.167 INFO [localhost-startStop-1] org.apache.catalina.startup.HostConfig.deployDescriptor Deployment of configuration descriptor C:\Users\gabriel\Files\UFF\2021.1\Dev Web\+\apache-tomcat-8.0.27\conf\Catalina\localhost\Old.xml has finished in 3,242 ms
26-Jun-2021 07:25:45.168 INFO [localhost-startStop-1] org.apache.catalina.startup.HostConfig.deployDescriptor Deploying configuration descriptor C:\Users\gabriel\Files\UFF\2021.1\Dev Web\+\apache-tomcat-8.0.27\conf\Catalina\localhost\Work.xml
26-Jun-2021 07:25:46.306 INFO [localhost-startStop-1] org.apache.jasper.servlet.TldScanner.scanJars At least one JAR was scanned for TLDs yet contained no TLDs. Enable debug logging for this logger for a complete list of JARs that were scanned but no TLDs were found in them. Skipping unneeded JARs during scanning can improve startup time and JSP compilation time.
26-Jun-2021 07:25:46.392 INFO [localhost-startStop-1] org.apache.catalina.startup.HostConfig.deployDescriptor Deployment of configuration descriptor C:\Users\gabriel\Files\UFF\2021.1\Dev Web\+\apache-tomcat-8.0.27\conf\Catalina\localhost\Work.xml has finished in 1,224 ms
26-Jun-2021 07:25:46.392 INFO [localhost-startStop-1] org.apache.catalina.startup.HostConfig.deployDirectory Deploying web application directory C:\Users\gabriel\Files\UFF\2021.1\Dev Web\+\apache-tomcat-8.0.27\webapps\docs
26-Jun-2021 07:25:46.497 INFO [localhost-startStop-1] org.apache.catalina.startup.HostConfig.deployDirectory Deployment of web application directory C:\Users\gabriel\Files\UFF\2021.1\Dev Web\+\apache-tomcat-8.0.27\webapps\docs has finished in 105 ms
26-Jun-2021 07:25:46.497 INFO [localhost-startStop-1] org.apache.catalina.startup.HostConfig.deployDirectory Deploying web application directory C:\Users\gabriel\Files\UFF\2021.1\Dev Web\+\apache-tomcat-8.0.27\webapps\examples
26-Jun-2021 07:25:48.009 INFO [localhost-startStop-1] org.apache.catalina.startup.HostConfig.deployDirectory Deployment of web application directory C:\Users\gabriel\Files\UFF\2021.1\Dev Web\+\apache-tomcat-8.0.27\webapps\examples has finished in 1,512 ms
26-Jun-2021 07:25:48.009 INFO [localhost-startStop-1] org.apache.catalina.startup.HostConfig.deployDirectory Deploying web application directory C:\Users\gabriel\Files\UFF\2021.1\Dev Web\+\apache-tomcat-8.0.27\webapps\host-manager
26-Jun-2021 07:25:48.106 INFO [localhost-startStop-1] org.apache.catalina.startup.HostConfig.deployDirectory Deployment of web application directory C:\Users\gabriel\Files\UFF\2021.1\Dev Web\+\apache-tomcat-8.0.27\webapps\host-manager has finished in 97 ms
26-Jun-2021 07:25:48.106 INFO [localhost-startStop-1] org.apache.catalina.startup.HostConfig.deployDirectory Deploying web application directory C:\Users\gabriel\Files\UFF\2021.1\Dev Web\+\apache-tomcat-8.0.27\webapps\manager
26-Jun-2021 07:25:48.235 INFO [localhost-startStop-1] org.apache.catalina.startup.HostConfig.deployDirectory Deployment of web application directory C:\Users\gabriel\Files\UFF\2021.1\Dev Web\+\apache-tomcat-8.0.27\webapps\manager has finished in 129 ms
26-Jun-2021 07:25:48.235 INFO [localhost-startStop-1] org.apache.catalina.startup.HostConfig.deployDirectory Deploying web application directory C:\Users\gabriel\Files\UFF\2021.1\Dev Web\+\apache-tomcat-8.0.27\webapps\ROOT
26-Jun-2021 07:25:48.288 INFO [localhost-startStop-1] org.apache.catalina.startup.HostConfig.deployDirectory Deployment of web application directory C:\Users\gabriel\Files\UFF\2021.1\Dev Web\+\apache-tomcat-8.0.27\webapps\ROOT has finished in 53 ms
26-Jun-2021 07:25:48.293 INFO [main] org.apache.coyote.AbstractProtocol.start Starting ProtocolHandler ["http-apr-8080"]
26-Jun-2021 07:25:48.310 INFO [main] org.apache.coyote.AbstractProtocol.start Starting ProtocolHandler ["ajp-apr-8009"]
26-Jun-2021 07:25:48.311 INFO [main] org.apache.catalina.startup.Catalina.start Server startup in 6816 ms
26-Jun-2021 07:25:49.424 INFO [http-apr-8080-exec-5] org.apache.catalina.core.StandardContext.reload Reloading Context with name [/Work] has started
26-Jun-2021 07:25:49.652 INFO [http-apr-8080-exec-5] org.apache.jasper.servlet.TldScanner.scanJars At least one JAR was scanned for TLDs yet contained no TLDs. Enable debug logging for this logger for a complete list of JARs that were scanned but no TLDs were found in them. Skipping unneeded JARs during scanning can improve startup time and JSP compilation time.
26-Jun-2021 07:25:49.656 INFO [http-apr-8080-exec-5] org.apache.catalina.core.StandardContext.reload Reloading Context with name [/Work] is completed
26-Jun-2021 07:36:01.611 INFO [http-apr-8080-exec-18] org.apache.catalina.core.StandardContext.reload Reloading Context with name [/Work] has started
26-Jun-2021 07:36:01.616 WARNING [http-apr-8080-exec-18] org.apache.catalina.loader.WebappClassLoaderBase.clearReferencesJdbc The web application [Work] registered the JDBC driver [com.mysql.jdbc.Driver] but failed to unregister it when the web application was stopped. To prevent a memory leak, the JDBC Driver has been forcibly unregistered.
26-Jun-2021 07:36:01.825 INFO [http-apr-8080-exec-18] org.apache.jasper.servlet.TldScanner.scanJars At least one JAR was scanned for TLDs yet contained no TLDs. Enable debug logging for this logger for a complete list of JARs that were scanned but no TLDs were found in them. Skipping unneeded JARs during scanning can improve startup time and JSP compilation time.
26-Jun-2021 07:36:01.830 INFO [http-apr-8080-exec-18] org.apache.catalina.core.StandardContext.reload Reloading Context with name [/Work] is completed
26-Jun-2021 07:41:30.225 INFO [main] org.apache.catalina.core.StandardServer.await A valid shutdown command was received via the shutdown port. Stopping the Server instance.
26-Jun-2021 07:41:30.225 INFO [main] org.apache.coyote.AbstractProtocol.pause Pausing ProtocolHandler ["http-apr-8080"]
26-Jun-2021 07:41:30.291 INFO [main] org.apache.coyote.AbstractProtocol.pause Pausing ProtocolHandler ["ajp-apr-8009"]
26-Jun-2021 07:41:30.352 INFO [main] org.apache.catalina.core.StandardService.stopInternal Stopping service Catalina
26-Jun-2021 07:41:30.383 INFO [main] org.apache.coyote.AbstractProtocol.stop Stopping ProtocolHandler ["http-apr-8080"]
26-Jun-2021 07:41:30.447 INFO [main] org.apache.coyote.AbstractProtocol.stop Stopping ProtocolHandler ["ajp-apr-8009"]
26-Jun-2021 07:41:30.508 INFO [main] org.apache.coyote.AbstractProtocol.destroy Destroying ProtocolHandler ["http-apr-8080"]
26-Jun-2021 07:41:30.508 INFO [main] org.apache.coyote.AbstractProtocol.destroy Destroying ProtocolHandler ["ajp-apr-8009"]
26-Jun-2021 07:49:07.326 INFO [main] org.apache.catalina.startup.VersionLoggerListener.log Server version:        Apache Tomcat/8.0.27
26-Jun-2021 07:49:07.327 INFO [main] org.apache.catalina.startup.VersionLoggerListener.log Server built:          Sep 28 2015 08:17:25 UTC
26-Jun-2021 07:49:07.327 INFO [main] org.apache.catalina.startup.VersionLoggerListener.log Server number:         8.0.27.0
26-Jun-2021 07:49:07.327 INFO [main] org.apache.catalina.startup.VersionLoggerListener.log OS Name:               Windows 10
26-Jun-2021 07:49:07.327 INFO [main] org.apache.catalina.startup.VersionLoggerListener.log OS Version:            10.0
26-Jun-2021 07:49:07.327 INFO [main] org.apache.catalina.startup.VersionLoggerListener.log Architecture:          amd64
26-Jun-2021 07:49:07.327 INFO [main] org.apache.catalina.startup.VersionLoggerListener.log Java Home:             C:\Program Files\Java\jdk1.8.0_111\jre
26-Jun-2021 07:49:07.327 INFO [main] org.apache.catalina.startup.VersionLoggerListener.log JVM Version:           1.8.0_111-b14
26-Jun-2021 07:49:07.328 INFO [main] org.apache.catalina.startup.VersionLoggerListener.log JVM Vendor:            Oracle Corporation
26-Jun-2021 07:49:07.328 INFO [main] org.apache.catalina.startup.VersionLoggerListener.log CATALINA_BASE:         C:\Users\gabriel\Files\UFF\2021.1\Dev Web\+\apache-tomcat-8.0.27
26-Jun-2021 07:49:07.328 INFO [main] org.apache.catalina.startup.VersionLoggerListener.log CATALINA_HOME:         C:\Users\gabriel\Files\UFF\2021.1\Dev Web\+\apache-tomcat-8.0.27
26-Jun-2021 07:49:07.328 INFO [main] org.apache.catalina.startup.VersionLoggerListener.log Command line argument: -Djava.util.logging.config.file=C:\Users\gabriel\Files\UFF\2021.1\Dev Web\+\apache-tomcat-8.0.27\conf\logging.properties
26-Jun-2021 07:49:07.328 INFO [main] org.apache.catalina.startup.VersionLoggerListener.log Command line argument: -Djava.util.logging.manager=org.apache.juli.ClassLoaderLogManager
26-Jun-2021 07:49:07.328 INFO [main] org.apache.catalina.startup.VersionLoggerListener.log Command line argument: -Djava.endorsed.dirs=C:\Users\gabriel\Files\UFF\2021.1\Dev Web\+\apache-tomcat-8.0.27\endorsed
26-Jun-2021 07:49:07.328 INFO [main] org.apache.catalina.startup.VersionLoggerListener.log Command line argument: -Dcatalina.base=C:\Users\gabriel\Files\UFF\2021.1\Dev Web\+\apache-tomcat-8.0.27
26-Jun-2021 07:49:07.328 INFO [main] org.apache.catalina.startup.VersionLoggerListener.log Command line argument: -Dcatalina.home=C:\Users\gabriel\Files\UFF\2021.1\Dev Web\+\apache-tomcat-8.0.27
26-Jun-2021 07:49:07.328 INFO [main] org.apache.catalina.startup.VersionLoggerListener.log Command line argument: -Djava.io.tmpdir=C:\Users\gabriel\Files\UFF\2021.1\Dev Web\+\apache-tomcat-8.0.27\temp
26-Jun-2021 07:49:07.328 INFO [main] org.apache.catalina.core.AprLifecycleListener.lifecycleEvent Loaded APR based Apache Tomcat Native library 1.1.33 using APR version 1.5.1.
26-Jun-2021 07:49:07.328 INFO [main] org.apache.catalina.core.AprLifecycleListener.lifecycleEvent APR capabilities: IPv6 [true], sendfile [true], accept filters [false], random [true].
26-Jun-2021 07:49:07.858 INFO [main] org.apache.catalina.core.AprLifecycleListener.initializeSSL OpenSSL successfully initialized (OpenSSL 1.0.1m 19 Mar 2015)
26-Jun-2021 07:49:07.948 INFO [main] org.apache.coyote.AbstractProtocol.init Initializing ProtocolHandler ["http-apr-8080"]
26-Jun-2021 07:49:07.955 INFO [main] org.apache.coyote.AbstractProtocol.init Initializing ProtocolHandler ["ajp-apr-8009"]
26-Jun-2021 07:49:07.956 INFO [main] org.apache.catalina.startup.Catalina.load Initialization processed in 907 ms
26-Jun-2021 07:49:07.979 INFO [main] org.apache.catalina.core.StandardService.startInternal Starting service Catalina
26-Jun-2021 07:49:07.980 INFO [main] org.apache.catalina.core.StandardEngine.startInternal Starting Servlet Engine: Apache Tomcat/8.0.27
26-Jun-2021 07:49:07.989 INFO [localhost-startStop-1] org.apache.catalina.startup.HostConfig.deployDescriptor Deploying configuration descriptor C:\Users\gabriel\Files\UFF\2021.1\Dev Web\+\apache-tomcat-8.0.27\conf\Catalina\localhost\Old.xml
26-Jun-2021 07:49:08.384 INFO [localhost-startStop-1] org.apache.jasper.servlet.TldScanner.scanJars At least one JAR was scanned for TLDs yet contained no TLDs. Enable debug logging for this logger for a complete list of JARs that were scanned but no TLDs were found in them. Skipping unneeded JARs during scanning can improve startup time and JSP compilation time.
26-Jun-2021 07:49:08.512 INFO [localhost-startStop-1] org.apache.catalina.startup.HostConfig.deployDescriptor Deployment of configuration descriptor C:\Users\gabriel\Files\UFF\2021.1\Dev Web\+\apache-tomcat-8.0.27\conf\Catalina\localhost\Old.xml has finished in 523 ms
26-Jun-2021 07:49:08.512 INFO [localhost-startStop-1] org.apache.catalina.startup.HostConfig.deployDescriptor Deploying configuration descriptor C:\Users\gabriel\Files\UFF\2021.1\Dev Web\+\apache-tomcat-8.0.27\conf\Catalina\localhost\Work.xml
26-Jun-2021 07:49:08.714 INFO [localhost-startStop-1] org.apache.jasper.servlet.TldScanner.scanJars At least one JAR was scanned for TLDs yet contained no TLDs. Enable debug logging for this logger for a complete list of JARs that were scanned but no TLDs were found in them. Skipping unneeded JARs during scanning can improve startup time and JSP compilation time.
26-Jun-2021 07:49:08.775 INFO [localhost-startStop-1] org.apache.catalina.startup.HostConfig.deployDescriptor Deployment of configuration descriptor C:\Users\gabriel\Files\UFF\2021.1\Dev Web\+\apache-tomcat-8.0.27\conf\Catalina\localhost\Work.xml has finished in 263 ms
26-Jun-2021 07:49:08.776 INFO [localhost-startStop-1] org.apache.catalina.startup.HostConfig.deployDirectory Deploying web application directory C:\Users\gabriel\Files\UFF\2021.1\Dev Web\+\apache-tomcat-8.0.27\webapps\docs
26-Jun-2021 07:49:08.797 INFO [localhost-startStop-1] org.apache.catalina.startup.HostConfig.deployDirectory Deployment of web application directory C:\Users\gabriel\Files\UFF\2021.1\Dev Web\+\apache-tomcat-8.0.27\webapps\docs has finished in 21 ms
26-Jun-2021 07:49:08.797 INFO [localhost-startStop-1] org.apache.catalina.startup.HostConfig.deployDirectory Deploying web application directory C:\Users\gabriel\Files\UFF\2021.1\Dev Web\+\apache-tomcat-8.0.27\webapps\examples
26-Jun-2021 07:49:09.120 INFO [localhost-startStop-1] org.apache.catalina.startup.HostConfig.deployDirectory Deployment of web application directory C:\Users\gabriel\Files\UFF\2021.1\Dev Web\+\apache-tomcat-8.0.27\webapps\examples has finished in 323 ms
26-Jun-2021 07:49:09.120 INFO [localhost-startStop-1] org.apache.catalina.startup.HostConfig.deployDirectory Deploying web application directory C:\Users\gabriel\Files\UFF\2021.1\Dev Web\+\apache-tomcat-8.0.27\webapps\host-manager
26-Jun-2021 07:49:09.152 INFO [localhost-startStop-1] org.apache.catalina.startup.HostConfig.deployDirectory Deployment of web application directory C:\Users\gabriel\Files\UFF\2021.1\Dev Web\+\apache-tomcat-8.0.27\webapps\host-manager has finished in 32 ms
26-Jun-2021 07:49:09.152 INFO [localhost-startStop-1] org.apache.catalina.startup.HostConfig.deployDirectory Deploying web application directory C:\Users\gabriel\Files\UFF\2021.1\Dev Web\+\apache-tomcat-8.0.27\webapps\manager
26-Jun-2021 07:49:09.180 INFO [localhost-startStop-1] org.apache.catalina.startup.HostConfig.deployDirectory Deployment of web application directory C:\Users\gabriel\Files\UFF\2021.1\Dev Web\+\apache-tomcat-8.0.27\webapps\manager has finished in 28 ms
26-Jun-2021 07:49:09.180 INFO [localhost-startStop-1] org.apache.catalina.startup.HostConfig.deployDirectory Deploying web application directory C:\Users\gabriel\Files\UFF\2021.1\Dev Web\+\apache-tomcat-8.0.27\webapps\ROOT
26-Jun-2021 07:49:09.202 INFO [localhost-startStop-1] org.apache.catalina.startup.HostConfig.deployDirectory Deployment of web application directory C:\Users\gabriel\Files\UFF\2021.1\Dev Web\+\apache-tomcat-8.0.27\webapps\ROOT has finished in 22 ms
26-Jun-2021 07:49:09.205 INFO [main] org.apache.coyote.AbstractProtocol.start Starting ProtocolHandler ["http-apr-8080"]
26-Jun-2021 07:49:09.213 INFO [main] org.apache.coyote.AbstractProtocol.start Starting ProtocolHandler ["ajp-apr-8009"]
26-Jun-2021 07:49:09.214 INFO [main] org.apache.catalina.startup.Catalina.start Server startup in 1258 ms
26-Jun-2021 07:49:09.629 INFO [http-apr-8080-exec-3] org.apache.catalina.core.StandardContext.reload Reloading Context with name [/Work] has started
26-Jun-2021 07:49:09.818 INFO [http-apr-8080-exec-3] org.apache.jasper.servlet.TldScanner.scanJars At least one JAR was scanned for TLDs yet contained no TLDs. Enable debug logging for this logger for a complete list of JARs that were scanned but no TLDs were found in them. Skipping unneeded JARs during scanning can improve startup time and JSP compilation time.
26-Jun-2021 07:49:09.821 INFO [http-apr-8080-exec-3] org.apache.catalina.core.StandardContext.reload Reloading Context with name [/Work] is completed
26-Jun-2021 07:49:37.661 INFO [main] org.apache.catalina.core.StandardServer.await A valid shutdown command was received via the shutdown port. Stopping the Server instance.
26-Jun-2021 07:49:37.661 INFO [main] org.apache.coyote.AbstractProtocol.pause Pausing ProtocolHandler ["http-apr-8080"]
26-Jun-2021 07:49:37.716 INFO [main] org.apache.coyote.AbstractProtocol.pause Pausing ProtocolHandler ["ajp-apr-8009"]
26-Jun-2021 07:49:37.779 INFO [main] org.apache.catalina.core.StandardService.stopInternal Stopping service Catalina
26-Jun-2021 07:49:37.801 WARNING [localhost-startStop-2] org.apache.catalina.loader.WebappClassLoaderBase.clearReferencesThreads The web application [Old] appears to have started a thread named [Abandoned connection cleanup thread] but has failed to stop it. This is very likely to create a memory leak. Stack trace of thread:
 java.lang.Object.wait(Native Method)
 java.lang.ref.ReferenceQueue.remove(ReferenceQueue.java:143)
 com.mysql.jdbc.AbandonedConnectionCleanupThread.run(AbandonedConnectionCleanupThread.java:41)
26-Jun-2021 07:49:37.809 WARNING [localhost-startStop-2] org.apache.catalina.loader.WebappClassLoaderBase.clearReferencesJdbc The web application [Work] registered the JDBC driver [com.mysql.jdbc.Driver] but failed to unregister it when the web application was stopped. To prevent a memory leak, the JDBC Driver has been forcibly unregistered.
26-Jun-2021 07:49:37.810 INFO [main] org.apache.coyote.AbstractProtocol.stop Stopping ProtocolHandler ["http-apr-8080"]
26-Jun-2021 07:49:37.904 INFO [main] org.apache.coyote.AbstractProtocol.stop Stopping ProtocolHandler ["ajp-apr-8009"]
26-Jun-2021 07:49:37.965 INFO [main] org.apache.coyote.AbstractProtocol.destroy Destroying ProtocolHandler ["http-apr-8080"]
26-Jun-2021 07:49:37.965 INFO [main] org.apache.coyote.AbstractProtocol.destroy Destroying ProtocolHandler ["ajp-apr-8009"]
26-Jun-2021 09:35:51.489 INFO [main] org.apache.catalina.startup.VersionLoggerListener.log Server version:        Apache Tomcat/8.0.27
26-Jun-2021 09:35:51.489 INFO [main] org.apache.catalina.startup.VersionLoggerListener.log Server built:          Sep 28 2015 08:17:25 UTC
26-Jun-2021 09:35:51.490 INFO [main] org.apache.catalina.startup.VersionLoggerListener.log Server number:         8.0.27.0
26-Jun-2021 09:35:51.490 INFO [main] org.apache.catalina.startup.VersionLoggerListener.log OS Name:               Windows 10
26-Jun-2021 09:35:51.490 INFO [main] org.apache.catalina.startup.VersionLoggerListener.log OS Version:            10.0
26-Jun-2021 09:35:51.490 INFO [main] org.apache.catalina.startup.VersionLoggerListener.log Architecture:          amd64
26-Jun-2021 09:35:51.490 INFO [main] org.apache.catalina.startup.VersionLoggerListener.log Java Home:             C:\Program Files\Java\jdk1.8.0_111\jre
26-Jun-2021 09:35:51.490 INFO [main] org.apache.catalina.startup.VersionLoggerListener.log JVM Version:           1.8.0_111-b14
26-Jun-2021 09:35:51.490 INFO [main] org.apache.catalina.startup.VersionLoggerListener.log JVM Vendor:            Oracle Corporation
26-Jun-2021 09:35:51.490 INFO [main] org.apache.catalina.startup.VersionLoggerListener.log CATALINA_BASE:         C:\Users\gabriel\Files\UFF\2021.1\Dev Web\+\apache-tomcat-8.0.27
26-Jun-2021 09:35:51.490 INFO [main] org.apache.catalina.startup.VersionLoggerListener.log CATALINA_HOME:         C:\Users\gabriel\Files\UFF\2021.1\Dev Web\+\apache-tomcat-8.0.27
26-Jun-2021 09:35:51.490 INFO [main] org.apache.catalina.startup.VersionLoggerListener.log Command line argument: -Djava.util.logging.config.file=C:\Users\gabriel\Files\UFF\2021.1\Dev Web\+\apache-tomcat-8.0.27\conf\logging.properties
26-Jun-2021 09:35:51.490 INFO [main] org.apache.catalina.startup.VersionLoggerListener.log Command line argument: -Djava.util.logging.manager=org.apache.juli.ClassLoaderLogManager
26-Jun-2021 09:35:51.491 INFO [main] org.apache.catalina.startup.VersionLoggerListener.log Command line argument: -Djava.endorsed.dirs=C:\Users\gabriel\Files\UFF\2021.1\Dev Web\+\apache-tomcat-8.0.27\endorsed
26-Jun-2021 09:35:51.491 INFO [main] org.apache.catalina.startup.VersionLoggerListener.log Command line argument: -Dcatalina.base=C:\Users\gabriel\Files\UFF\2021.1\Dev Web\+\apache-tomcat-8.0.27
26-Jun-2021 09:35:51.491 INFO [main] org.apache.catalina.startup.VersionLoggerListener.log Command line argument: -Dcatalina.home=C:\Users\gabriel\Files\UFF\2021.1\Dev Web\+\apache-tomcat-8.0.27
26-Jun-2021 09:35:51.491 INFO [main] org.apache.catalina.startup.VersionLoggerListener.log Command line argument: -Djava.io.tmpdir=C:\Users\gabriel\Files\UFF\2021.1\Dev Web\+\apache-tomcat-8.0.27\temp
26-Jun-2021 09:35:51.491 INFO [main] org.apache.catalina.core.AprLifecycleListener.lifecycleEvent Loaded APR based Apache Tomcat Native library 1.1.33 using APR version 1.5.1.
26-Jun-2021 09:35:51.492 INFO [main] org.apache.catalina.core.AprLifecycleListener.lifecycleEvent APR capabilities: IPv6 [true], sendfile [true], accept filters [false], random [true].
26-Jun-2021 09:35:52.140 INFO [main] org.apache.catalina.core.AprLifecycleListener.initializeSSL OpenSSL successfully initialized (OpenSSL 1.0.1m 19 Mar 2015)
26-Jun-2021 09:35:52.235 INFO [main] org.apache.coyote.AbstractProtocol.init Initializing ProtocolHandler ["http-apr-8080"]
26-Jun-2021 09:35:52.241 INFO [main] org.apache.coyote.AbstractProtocol.init Initializing ProtocolHandler ["ajp-apr-8009"]
26-Jun-2021 09:35:52.242 INFO [main] org.apache.catalina.startup.Catalina.load Initialization processed in 1258 ms
26-Jun-2021 09:35:52.268 INFO [main] org.apache.catalina.core.StandardService.startInternal Starting service Catalina
26-Jun-2021 09:35:52.268 INFO [main] org.apache.catalina.core.StandardEngine.startInternal Starting Servlet Engine: Apache Tomcat/8.0.27
26-Jun-2021 09:35:52.277 INFO [localhost-startStop-1] org.apache.catalina.startup.HostConfig.deployDescriptor Deploying configuration descriptor C:\Users\gabriel\Files\UFF\2021.1\Dev Web\+\apache-tomcat-8.0.27\conf\Catalina\localhost\Old.xml
26-Jun-2021 09:35:52.712 INFO [localhost-startStop-1] org.apache.jasper.servlet.TldScanner.scanJars At least one JAR was scanned for TLDs yet contained no TLDs. Enable debug logging for this logger for a complete list of JARs that were scanned but no TLDs were found in them. Skipping unneeded JARs during scanning can improve startup time and JSP compilation time.
26-Jun-2021 09:35:52.834 INFO [localhost-startStop-1] org.apache.catalina.util.SessionIdGeneratorBase.createSecureRandom Creation of SecureRandom instance for session ID generation using [SHA1PRNG] took [102] milliseconds.
26-Jun-2021 09:35:52.849 INFO [localhost-startStop-1] org.apache.catalina.startup.HostConfig.deployDescriptor Deployment of configuration descriptor C:\Users\gabriel\Files\UFF\2021.1\Dev Web\+\apache-tomcat-8.0.27\conf\Catalina\localhost\Old.xml has finished in 572 ms
26-Jun-2021 09:35:52.850 INFO [localhost-startStop-1] org.apache.catalina.startup.HostConfig.deployDescriptor Deploying configuration descriptor C:\Users\gabriel\Files\UFF\2021.1\Dev Web\+\apache-tomcat-8.0.27\conf\Catalina\localhost\Work.xml
26-Jun-2021 09:35:53.072 INFO [localhost-startStop-1] org.apache.jasper.servlet.TldScanner.scanJars At least one JAR was scanned for TLDs yet contained no TLDs. Enable debug logging for this logger for a complete list of JARs that were scanned but no TLDs were found in them. Skipping unneeded JARs during scanning can improve startup time and JSP compilation time.
26-Jun-2021 09:35:53.132 INFO [localhost-startStop-1] org.apache.catalina.startup.HostConfig.deployDescriptor Deployment of configuration descriptor C:\Users\gabriel\Files\UFF\2021.1\Dev Web\+\apache-tomcat-8.0.27\conf\Catalina\localhost\Work.xml has finished in 282 ms
26-Jun-2021 09:35:53.133 INFO [localhost-startStop-1] org.apache.catalina.startup.HostConfig.deployDirectory Deploying web application directory C:\Users\gabriel\Files\UFF\2021.1\Dev Web\+\apache-tomcat-8.0.27\webapps\docs
26-Jun-2021 09:35:53.163 INFO [localhost-startStop-1] org.apache.catalina.startup.HostConfig.deployDirectory Deployment of web application directory C:\Users\gabriel\Files\UFF\2021.1\Dev Web\+\apache-tomcat-8.0.27\webapps\docs has finished in 30 ms
26-Jun-2021 09:35:53.164 INFO [localhost-startStop-1] org.apache.catalina.startup.HostConfig.deployDirectory Deploying web application directory C:\Users\gabriel\Files\UFF\2021.1\Dev Web\+\apache-tomcat-8.0.27\webapps\examples
26-Jun-2021 09:35:53.628 INFO [localhost-startStop-1] org.apache.catalina.startup.HostConfig.deployDirectory Deployment of web application directory C:\Users\gabriel\Files\UFF\2021.1\Dev Web\+\apache-tomcat-8.0.27\webapps\examples has finished in 464 ms
26-Jun-2021 09:35:53.629 INFO [localhost-startStop-1] org.apache.catalina.startup.HostConfig.deployDirectory Deploying web application directory C:\Users\gabriel\Files\UFF\2021.1\Dev Web\+\apache-tomcat-8.0.27\webapps\host-manager
26-Jun-2021 09:35:53.656 INFO [localhost-startStop-1] org.apache.catalina.startup.HostConfig.deployDirectory Deployment of web application directory C:\Users\gabriel\Files\UFF\2021.1\Dev Web\+\apache-tomcat-8.0.27\webapps\host-manager has finished in 26 ms
26-Jun-2021 09:35:53.656 INFO [localhost-startStop-1] org.apache.catalina.startup.HostConfig.deployDirectory Deploying web application directory C:\Users\gabriel\Files\UFF\2021.1\Dev Web\+\apache-tomcat-8.0.27\webapps\manager
26-Jun-2021 09:35:53.708 INFO [localhost-startStop-1] org.apache.catalina.startup.HostConfig.deployDirectory Deployment of web application directory C:\Users\gabriel\Files\UFF\2021.1\Dev Web\+\apache-tomcat-8.0.27\webapps\manager has finished in 52 ms
26-Jun-2021 09:35:53.708 INFO [localhost-startStop-1] org.apache.catalina.startup.HostConfig.deployDirectory Deploying web application directory C:\Users\gabriel\Files\UFF\2021.1\Dev Web\+\apache-tomcat-8.0.27\webapps\ROOT
26-Jun-2021 09:35:53.730 INFO [localhost-startStop-1] org.apache.catalina.startup.HostConfig.deployDirectory Deployment of web application directory C:\Users\gabriel\Files\UFF\2021.1\Dev Web\+\apache-tomcat-8.0.27\webapps\ROOT has finished in 22 ms
26-Jun-2021 09:35:53.732 INFO [main] org.apache.coyote.AbstractProtocol.start Starting ProtocolHandler ["http-apr-8080"]
26-Jun-2021 09:35:53.741 INFO [main] org.apache.coyote.AbstractProtocol.start Starting ProtocolHandler ["ajp-apr-8009"]
26-Jun-2021 09:35:53.741 INFO [main] org.apache.catalina.startup.Catalina.start Server startup in 1498 ms
26-Jun-2021 09:35:54.586 INFO [http-apr-8080-exec-2] org.apache.catalina.core.StandardContext.reload Reloading Context with name [/Work] has started
26-Jun-2021 09:35:54.800 INFO [http-apr-8080-exec-2] org.apache.jasper.servlet.TldScanner.scanJars At least one JAR was scanned for TLDs yet contained no TLDs. Enable debug logging for this logger for a complete list of JARs that were scanned but no TLDs were found in them. Skipping unneeded JARs during scanning can improve startup time and JSP compilation time.
26-Jun-2021 09:35:54.803 INFO [http-apr-8080-exec-2] org.apache.catalina.core.StandardContext.reload Reloading Context with name [/Work] is completed
26-Jun-2021 09:41:31.282 INFO [http-apr-8080-exec-19] org.apache.catalina.core.StandardContext.reload Reloading Context with name [/Work] has started
26-Jun-2021 09:41:31.285 WARNING [http-apr-8080-exec-19] org.apache.catalina.loader.WebappClassLoaderBase.clearReferencesJdbc The web application [Work] registered the JDBC driver [com.mysql.jdbc.Driver] but failed to unregister it when the web application was stopped. To prevent a memory leak, the JDBC Driver has been forcibly unregistered.
26-Jun-2021 09:41:31.497 INFO [http-apr-8080-exec-19] org.apache.jasper.servlet.TldScanner.scanJars At least one JAR was scanned for TLDs yet contained no TLDs. Enable debug logging for this logger for a complete list of JARs that were scanned but no TLDs were found in them. Skipping unneeded JARs during scanning can improve startup time and JSP compilation time.
26-Jun-2021 09:41:31.501 INFO [http-apr-8080-exec-19] org.apache.catalina.core.StandardContext.reload Reloading Context with name [/Work] is completed
26-Jun-2021 09:41:39.361 INFO [http-apr-8080-exec-18] org.apache.catalina.core.StandardContext.reload Reloading Context with name [/Work] has started
26-Jun-2021 09:41:39.541 INFO [http-apr-8080-exec-18] org.apache.jasper.servlet.TldScanner.scanJars At least one JAR was scanned for TLDs yet contained no TLDs. Enable debug logging for this logger for a complete list of JARs that were scanned but no TLDs were found in them. Skipping unneeded JARs during scanning can improve startup time and JSP compilation time.
26-Jun-2021 09:41:39.544 INFO [http-apr-8080-exec-18] org.apache.catalina.core.StandardContext.reload Reloading Context with name [/Work] is completed
26-Jun-2021 09:41:52.791 INFO [http-apr-8080-exec-12] org.apache.catalina.core.StandardContext.reload Reloading Context with name [/Work] has started
26-Jun-2021 09:41:52.978 INFO [http-apr-8080-exec-12] org.apache.jasper.servlet.TldScanner.scanJars At least one JAR was scanned for TLDs yet contained no TLDs. Enable debug logging for this logger for a complete list of JARs that were scanned but no TLDs were found in them. Skipping unneeded JARs during scanning can improve startup time and JSP compilation time.
26-Jun-2021 09:41:52.981 INFO [http-apr-8080-exec-12] org.apache.catalina.core.StandardContext.reload Reloading Context with name [/Work] is completed
26-Jun-2021 09:42:10.502 INFO [http-apr-8080-exec-18] org.apache.catalina.core.StandardContext.reload Reloading Context with name [/Work] has started
26-Jun-2021 09:42:10.675 INFO [http-apr-8080-exec-18] org.apache.jasper.servlet.TldScanner.scanJars At least one JAR was scanned for TLDs yet contained no TLDs. Enable debug logging for this logger for a complete list of JARs that were scanned but no TLDs were found in them. Skipping unneeded JARs during scanning can improve startup time and JSP compilation time.
26-Jun-2021 09:42:10.679 INFO [http-apr-8080-exec-18] org.apache.catalina.core.StandardContext.reload Reloading Context with name [/Work] is completed
26-Jun-2021 10:26:17.889 INFO [http-apr-8080-exec-34] org.apache.catalina.core.StandardContext.reload Reloading Context with name [/Work] has started
26-Jun-2021 10:26:17.991 WARNING [http-apr-8080-exec-34] org.apache.catalina.loader.WebappClassLoaderBase.clearReferencesJdbc The web application [Work] registered the JDBC driver [com.mysql.jdbc.Driver] but failed to unregister it when the web application was stopped. To prevent a memory leak, the JDBC Driver has been forcibly unregistered.
26-Jun-2021 10:26:18.499 INFO [http-apr-8080-exec-34] org.apache.jasper.servlet.TldScanner.scanJars At least one JAR was scanned for TLDs yet contained no TLDs. Enable debug logging for this logger for a complete list of JARs that were scanned but no TLDs were found in them. Skipping unneeded JARs during scanning can improve startup time and JSP compilation time.
26-Jun-2021 10:26:18.502 INFO [http-apr-8080-exec-34] org.apache.catalina.core.StandardContext.reload Reloading Context with name [/Work] is completed
26-Jun-2021 10:26:18.561 INFO [http-apr-8080-exec-31] org.apache.catalina.core.StandardContext.reload Reloading Context with name [/Work] has started
26-Jun-2021 10:26:18.746 INFO [http-apr-8080-exec-31] org.apache.jasper.servlet.TldScanner.scanJars At least one JAR was scanned for TLDs yet contained no TLDs. Enable debug logging for this logger for a complete list of JARs that were scanned but no TLDs were found in them. Skipping unneeded JARs during scanning can improve startup time and JSP compilation time.
26-Jun-2021 10:26:18.749 INFO [http-apr-8080-exec-31] org.apache.catalina.core.StandardContext.reload Reloading Context with name [/Work] is completed
26-Jun-2021 10:26:22.525 INFO [http-apr-8080-exec-31] org.apache.catalina.core.StandardContext.reload Reloading Context with name [/Work] has started
26-Jun-2021 10:26:22.699 INFO [http-apr-8080-exec-31] org.apache.jasper.servlet.TldScanner.scanJars At least one JAR was scanned for TLDs yet contained no TLDs. Enable debug logging for this logger for a complete list of JARs that were scanned but no TLDs were found in them. Skipping unneeded JARs during scanning can improve startup time and JSP compilation time.
26-Jun-2021 10:26:22.701 INFO [http-apr-8080-exec-31] org.apache.catalina.core.StandardContext.reload Reloading Context with name [/Work] is completed
26-Jun-2021 10:27:11.302 INFO [http-apr-8080-exec-36] org.apache.catalina.core.StandardContext.reload Reloading Context with name [/Work] has started
26-Jun-2021 10:27:11.478 INFO [http-apr-8080-exec-36] org.apache.jasper.servlet.TldScanner.scanJars At least one JAR was scanned for TLDs yet contained no TLDs. Enable debug logging for this logger for a complete list of JARs that were scanned but no TLDs were found in them. Skipping unneeded JARs during scanning can improve startup time and JSP compilation time.
26-Jun-2021 10:27:11.481 INFO [http-apr-8080-exec-36] org.apache.catalina.core.StandardContext.reload Reloading Context with name [/Work] is completed
26-Jun-2021 10:27:15.697 INFO [http-apr-8080-exec-36] org.apache.catalina.core.StandardContext.reload Reloading Context with name [/Work] has started
26-Jun-2021 10:27:15.871 INFO [http-apr-8080-exec-36] org.apache.jasper.servlet.TldScanner.scanJars At least one JAR was scanned for TLDs yet contained no TLDs. Enable debug logging for this logger for a complete list of JARs that were scanned but no TLDs were found in them. Skipping unneeded JARs during scanning can improve startup time and JSP compilation time.
26-Jun-2021 10:27:15.873 INFO [http-apr-8080-exec-36] org.apache.catalina.core.StandardContext.reload Reloading Context with name [/Work] is completed
26-Jun-2021 10:27:46.833 INFO [http-apr-8080-exec-38] org.apache.catalina.core.StandardContext.reload Reloading Context with name [/Work] has started
26-Jun-2021 10:27:47.004 INFO [http-apr-8080-exec-38] org.apache.jasper.servlet.TldScanner.scanJars At least one JAR was scanned for TLDs yet contained no TLDs. Enable debug logging for this logger for a complete list of JARs that were scanned but no TLDs were found in them. Skipping unneeded JARs during scanning can improve startup time and JSP compilation time.
26-Jun-2021 10:27:47.007 INFO [http-apr-8080-exec-38] org.apache.catalina.core.StandardContext.reload Reloading Context with name [/Work] is completed
26-Jun-2021 10:29:28.698 INFO [http-apr-8080-exec-47] org.apache.catalina.core.StandardContext.reload Reloading Context with name [/Work] has started
26-Jun-2021 10:29:28.706 WARNING [http-apr-8080-exec-47] org.apache.catalina.loader.WebappClassLoaderBase.clearReferencesJdbc The web application [Work] registered the JDBC driver [com.mysql.jdbc.Driver] but failed to unregister it when the web application was stopped. To prevent a memory leak, the JDBC Driver has been forcibly unregistered.
26-Jun-2021 10:29:28.875 INFO [http-apr-8080-exec-47] org.apache.jasper.servlet.TldScanner.scanJars At least one JAR was scanned for TLDs yet contained no TLDs. Enable debug logging for this logger for a complete list of JARs that were scanned but no TLDs were found in them. Skipping unneeded JARs during scanning can improve startup time and JSP compilation time.
26-Jun-2021 10:29:28.878 INFO [http-apr-8080-exec-47] org.apache.catalina.core.StandardContext.reload Reloading Context with name [/Work] is completed
26-Jun-2021 11:00:54.577 INFO [http-apr-8080-exec-54] org.apache.catalina.core.StandardContext.reload Reloading Context with name [/Work] has started
26-Jun-2021 11:00:54.579 WARNING [http-apr-8080-exec-54] org.apache.catalina.loader.WebappClassLoaderBase.clearReferencesJdbc The web application [Work] registered the JDBC driver [com.mysql.jdbc.Driver] but failed to unregister it when the web application was stopped. To prevent a memory leak, the JDBC Driver has been forcibly unregistered.
26-Jun-2021 11:00:55.086 INFO [http-apr-8080-exec-54] org.apache.jasper.servlet.TldScanner.scanJars At least one JAR was scanned for TLDs yet contained no TLDs. Enable debug logging for this logger for a complete list of JARs that were scanned but no TLDs were found in them. Skipping unneeded JARs during scanning can improve startup time and JSP compilation time.
26-Jun-2021 11:00:55.088 INFO [http-apr-8080-exec-54] org.apache.catalina.core.StandardContext.reload Reloading Context with name [/Work] is completed
26-Jun-2021 11:03:07.409 INFO [main] org.apache.catalina.core.StandardServer.await A valid shutdown command was received via the shutdown port. Stopping the Server instance.
26-Jun-2021 11:03:07.409 INFO [main] org.apache.coyote.AbstractProtocol.pause Pausing ProtocolHandler ["http-apr-8080"]
26-Jun-2021 11:03:07.464 INFO [main] org.apache.coyote.AbstractProtocol.pause Pausing ProtocolHandler ["ajp-apr-8009"]
26-Jun-2021 11:03:07.525 INFO [main] org.apache.catalina.core.StandardService.stopInternal Stopping service Catalina
26-Jun-2021 11:03:07.552 WARNING [localhost-startStop-2] org.apache.catalina.loader.WebappClassLoaderBase.clearReferencesThreads The web application [Old] appears to have started a thread named [Abandoned connection cleanup thread] but has failed to stop it. This is very likely to create a memory leak. Stack trace of thread:
 java.lang.Object.wait(Native Method)
 java.lang.ref.ReferenceQueue.remove(ReferenceQueue.java:143)
 com.mysql.jdbc.AbandonedConnectionCleanupThread.run(AbandonedConnectionCleanupThread.java:41)
26-Jun-2021 11:03:07.559 WARNING [localhost-startStop-2] org.apache.catalina.loader.WebappClassLoaderBase.clearReferencesJdbc The web application [Work] registered the JDBC driver [com.mysql.jdbc.Driver] but failed to unregister it when the web application was stopped. To prevent a memory leak, the JDBC Driver has been forcibly unregistered.
26-Jun-2021 11:03:07.561 INFO [main] org.apache.coyote.AbstractProtocol.stop Stopping ProtocolHandler ["http-apr-8080"]
26-Jun-2021 11:03:07.620 INFO [main] org.apache.coyote.AbstractProtocol.stop Stopping ProtocolHandler ["ajp-apr-8009"]
26-Jun-2021 11:03:07.680 INFO [main] org.apache.coyote.AbstractProtocol.destroy Destroying ProtocolHandler ["http-apr-8080"]
26-Jun-2021 11:03:07.680 INFO [main] org.apache.coyote.AbstractProtocol.destroy Destroying ProtocolHandler ["ajp-apr-8009"]
26-Jun-2021 11:25:54.239 INFO [main] org.apache.catalina.startup.VersionLoggerListener.log Server version:        Apache Tomcat/8.0.27
26-Jun-2021 11:25:54.239 INFO [main] org.apache.catalina.startup.VersionLoggerListener.log Server built:          Sep 28 2015 08:17:25 UTC
26-Jun-2021 11:25:54.240 INFO [main] org.apache.catalina.startup.VersionLoggerListener.log Server number:         8.0.27.0
26-Jun-2021 11:25:54.240 INFO [main] org.apache.catalina.startup.VersionLoggerListener.log OS Name:               Windows 10
26-Jun-2021 11:25:54.240 INFO [main] org.apache.catalina.startup.VersionLoggerListener.log OS Version:            10.0
26-Jun-2021 11:25:54.240 INFO [main] org.apache.catalina.startup.VersionLoggerListener.log Architecture:          amd64
26-Jun-2021 11:25:54.240 INFO [main] org.apache.catalina.startup.VersionLoggerListener.log Java Home:             C:\Program Files\Java\jdk1.8.0_111\jre
26-Jun-2021 11:25:54.240 INFO [main] org.apache.catalina.startup.VersionLoggerListener.log JVM Version:           1.8.0_111-b14
26-Jun-2021 11:25:54.240 INFO [main] org.apache.catalina.startup.VersionLoggerListener.log JVM Vendor:            Oracle Corporation
26-Jun-2021 11:25:54.240 INFO [main] org.apache.catalina.startup.VersionLoggerListener.log CATALINA_BASE:         C:\Users\gabriel\Files\UFF\2021.1\Dev Web\+\apache-tomcat-8.0.27
26-Jun-2021 11:25:54.240 INFO [main] org.apache.catalina.startup.VersionLoggerListener.log CATALINA_HOME:         C:\Users\gabriel\Files\UFF\2021.1\Dev Web\+\apache-tomcat-8.0.27
26-Jun-2021 11:25:54.240 INFO [main] org.apache.catalina.startup.VersionLoggerListener.log Command line argument: -Djava.util.logging.config.file=C:\Users\gabriel\Files\UFF\2021.1\Dev Web\+\apache-tomcat-8.0.27\conf\logging.properties
26-Jun-2021 11:25:54.240 INFO [main] org.apache.catalina.startup.VersionLoggerListener.log Command line argument: -Djava.util.logging.manager=org.apache.juli.ClassLoaderLogManager
26-Jun-2021 11:25:54.240 INFO [main] org.apache.catalina.startup.VersionLoggerListener.log Command line argument: -Djava.endorsed.dirs=C:\Users\gabriel\Files\UFF\2021.1\Dev Web\+\apache-tomcat-8.0.27\endorsed
26-Jun-2021 11:25:54.240 INFO [main] org.apache.catalina.startup.VersionLoggerListener.log Command line argument: -Dcatalina.base=C:\Users\gabriel\Files\UFF\2021.1\Dev Web\+\apache-tomcat-8.0.27
26-Jun-2021 11:25:54.240 INFO [main] org.apache.catalina.startup.VersionLoggerListener.log Command line argument: -Dcatalina.home=C:\Users\gabriel\Files\UFF\2021.1\Dev Web\+\apache-tomcat-8.0.27
26-Jun-2021 11:25:54.241 INFO [main] org.apache.catalina.startup.VersionLoggerListener.log Command line argument: -Djava.io.tmpdir=C:\Users\gabriel\Files\UFF\2021.1\Dev Web\+\apache-tomcat-8.0.27\temp
26-Jun-2021 11:25:54.241 INFO [main] org.apache.catalina.core.AprLifecycleListener.lifecycleEvent Loaded APR based Apache Tomcat Native library 1.1.33 using APR version 1.5.1.
26-Jun-2021 11:25:54.241 INFO [main] org.apache.catalina.core.AprLifecycleListener.lifecycleEvent APR capabilities: IPv6 [true], sendfile [true], accept filters [false], random [true].
26-Jun-2021 11:25:54.800 INFO [main] org.apache.catalina.core.AprLifecycleListener.initializeSSL OpenSSL successfully initialized (OpenSSL 1.0.1m 19 Mar 2015)
26-Jun-2021 11:25:54.895 INFO [main] org.apache.coyote.AbstractProtocol.init Initializing ProtocolHandler ["http-apr-8080"]
26-Jun-2021 11:25:54.903 INFO [main] org.apache.coyote.AbstractProtocol.init Initializing ProtocolHandler ["ajp-apr-8009"]
26-Jun-2021 11:25:54.907 INFO [main] org.apache.catalina.startup.Catalina.load Initialization processed in 1012 ms
26-Jun-2021 11:25:54.975 INFO [main] org.apache.catalina.core.StandardService.startInternal Starting service Catalina
26-Jun-2021 11:25:54.976 INFO [main] org.apache.catalina.core.StandardEngine.startInternal Starting Servlet Engine: Apache Tomcat/8.0.27
26-Jun-2021 11:25:54.987 INFO [localhost-startStop-1] org.apache.catalina.startup.HostConfig.deployDescriptor Deploying configuration descriptor C:\Users\gabriel\Files\UFF\2021.1\Dev Web\+\apache-tomcat-8.0.27\conf\Catalina\localhost\Old.xml
26-Jun-2021 11:25:55.381 INFO [localhost-startStop-1] org.apache.jasper.servlet.TldScanner.scanJars At least one JAR was scanned for TLDs yet contained no TLDs. Enable debug logging for this logger for a complete list of JARs that were scanned but no TLDs were found in them. Skipping unneeded JARs during scanning can improve startup time and JSP compilation time.
26-Jun-2021 11:25:55.509 INFO [localhost-startStop-1] org.apache.catalina.startup.HostConfig.deployDescriptor Deployment of configuration descriptor C:\Users\gabriel\Files\UFF\2021.1\Dev Web\+\apache-tomcat-8.0.27\conf\Catalina\localhost\Old.xml has finished in 522 ms
26-Jun-2021 11:25:55.509 INFO [localhost-startStop-1] org.apache.catalina.startup.HostConfig.deployDescriptor Deploying configuration descriptor C:\Users\gabriel\Files\UFF\2021.1\Dev Web\+\apache-tomcat-8.0.27\conf\Catalina\localhost\Work.xml
26-Jun-2021 11:25:55.705 INFO [localhost-startStop-1] org.apache.jasper.servlet.TldScanner.scanJars At least one JAR was scanned for TLDs yet contained no TLDs. Enable debug logging for this logger for a complete list of JARs that were scanned but no TLDs were found in them. Skipping unneeded JARs during scanning can improve startup time and JSP compilation time.
26-Jun-2021 11:25:55.759 INFO [localhost-startStop-1] org.apache.catalina.startup.HostConfig.deployDescriptor Deployment of configuration descriptor C:\Users\gabriel\Files\UFF\2021.1\Dev Web\+\apache-tomcat-8.0.27\conf\Catalina\localhost\Work.xml has finished in 250 ms
26-Jun-2021 11:25:55.762 INFO [localhost-startStop-1] org.apache.catalina.startup.HostConfig.deployDirectory Deploying web application directory C:\Users\gabriel\Files\UFF\2021.1\Dev Web\+\apache-tomcat-8.0.27\webapps\docs
26-Jun-2021 11:25:55.785 INFO [localhost-startStop-1] org.apache.catalina.startup.HostConfig.deployDirectory Deployment of web application directory C:\Users\gabriel\Files\UFF\2021.1\Dev Web\+\apache-tomcat-8.0.27\webapps\docs has finished in 23 ms
26-Jun-2021 11:25:55.785 INFO [localhost-startStop-1] org.apache.catalina.startup.HostConfig.deployDirectory Deploying web application directory C:\Users\gabriel\Files\UFF\2021.1\Dev Web\+\apache-tomcat-8.0.27\webapps\examples
26-Jun-2021 11:25:56.099 INFO [localhost-startStop-1] org.apache.catalina.startup.HostConfig.deployDirectory Deployment of web application directory C:\Users\gabriel\Files\UFF\2021.1\Dev Web\+\apache-tomcat-8.0.27\webapps\examples has finished in 314 ms
26-Jun-2021 11:25:56.099 INFO [localhost-startStop-1] org.apache.catalina.startup.HostConfig.deployDirectory Deploying web application directory C:\Users\gabriel\Files\UFF\2021.1\Dev Web\+\apache-tomcat-8.0.27\webapps\host-manager
26-Jun-2021 11:25:56.131 INFO [localhost-startStop-1] org.apache.catalina.startup.HostConfig.deployDirectory Deployment of web application directory C:\Users\gabriel\Files\UFF\2021.1\Dev Web\+\apache-tomcat-8.0.27\webapps\host-manager has finished in 32 ms
26-Jun-2021 11:25:56.131 INFO [localhost-startStop-1] org.apache.catalina.startup.HostConfig.deployDirectory Deploying web application directory C:\Users\gabriel\Files\UFF\2021.1\Dev Web\+\apache-tomcat-8.0.27\webapps\manager
26-Jun-2021 11:25:56.162 INFO [localhost-startStop-1] org.apache.catalina.startup.HostConfig.deployDirectory Deployment of web application directory C:\Users\gabriel\Files\UFF\2021.1\Dev Web\+\apache-tomcat-8.0.27\webapps\manager has finished in 31 ms
26-Jun-2021 11:25:56.162 INFO [localhost-startStop-1] org.apache.catalina.startup.HostConfig.deployDirectory Deploying web application directory C:\Users\gabriel\Files\UFF\2021.1\Dev Web\+\apache-tomcat-8.0.27\webapps\ROOT
26-Jun-2021 11:25:56.185 INFO [localhost-startStop-1] org.apache.catalina.startup.HostConfig.deployDirectory Deployment of web application directory C:\Users\gabriel\Files\UFF\2021.1\Dev Web\+\apache-tomcat-8.0.27\webapps\ROOT has finished in 23 ms
26-Jun-2021 11:25:56.188 INFO [main] org.apache.coyote.AbstractProtocol.start Starting ProtocolHandler ["http-apr-8080"]
26-Jun-2021 11:25:56.194 INFO [main] org.apache.coyote.AbstractProtocol.start Starting ProtocolHandler ["ajp-apr-8009"]
26-Jun-2021 11:25:56.195 INFO [main] org.apache.catalina.startup.Catalina.start Server startup in 1287 ms
26-Jun-2021 11:25:56.599 INFO [http-apr-8080-exec-3] org.apache.catalina.core.StandardContext.reload Reloading Context with name [/Work] has started
26-Jun-2021 11:25:56.822 INFO [http-apr-8080-exec-3] org.apache.jasper.servlet.TldScanner.scanJars At least one JAR was scanned for TLDs yet contained no TLDs. Enable debug logging for this logger for a complete list of JARs that were scanned but no TLDs were found in them. Skipping unneeded JARs during scanning can improve startup time and JSP compilation time.
26-Jun-2021 11:25:56.825 INFO [http-apr-8080-exec-3] org.apache.catalina.core.StandardContext.reload Reloading Context with name [/Work] is completed
26-Jun-2021 11:42:42.584 INFO [main] org.apache.catalina.core.StandardServer.await A valid shutdown command was received via the shutdown port. Stopping the Server instance.
26-Jun-2021 11:42:42.584 INFO [main] org.apache.coyote.AbstractProtocol.pause Pausing ProtocolHandler ["http-apr-8080"]
26-Jun-2021 11:42:42.637 INFO [main] org.apache.coyote.AbstractProtocol.pause Pausing ProtocolHandler ["ajp-apr-8009"]
26-Jun-2021 11:42:42.699 INFO [main] org.apache.catalina.core.StandardService.stopInternal Stopping service Catalina
26-Jun-2021 11:42:42.716 WARNING [localhost-startStop-2] org.apache.catalina.loader.WebappClassLoaderBase.clearReferencesThreads The web application [Old] appears to have started a thread named [Abandoned connection cleanup thread] but has failed to stop it. This is very likely to create a memory leak. Stack trace of thread:
 java.lang.Object.wait(Native Method)
 java.lang.ref.ReferenceQueue.remove(ReferenceQueue.java:143)
 com.mysql.jdbc.AbandonedConnectionCleanupThread.run(AbandonedConnectionCleanupThread.java:41)
26-Jun-2021 11:42:42.721 WARNING [localhost-startStop-2] org.apache.catalina.loader.WebappClassLoaderBase.clearReferencesJdbc The web application [Work] registered the JDBC driver [com.mysql.jdbc.Driver] but failed to unregister it when the web application was stopped. To prevent a memory leak, the JDBC Driver has been forcibly unregistered.
26-Jun-2021 11:42:42.723 INFO [main] org.apache.coyote.AbstractProtocol.stop Stopping ProtocolHandler ["http-apr-8080"]
26-Jun-2021 11:42:42.810 INFO [main] org.apache.coyote.AbstractProtocol.stop Stopping ProtocolHandler ["ajp-apr-8009"]
26-Jun-2021 11:42:42.870 INFO [main] org.apache.coyote.AbstractProtocol.destroy Destroying ProtocolHandler ["http-apr-8080"]
26-Jun-2021 11:42:42.870 INFO [main] org.apache.coyote.AbstractProtocol.destroy Destroying ProtocolHandler ["ajp-apr-8009"]
26-Jun-2021 12:07:48.842 INFO [main] org.apache.catalina.startup.VersionLoggerListener.log Server version:        Apache Tomcat/8.0.27
26-Jun-2021 12:07:48.842 INFO [main] org.apache.catalina.startup.VersionLoggerListener.log Server built:          Sep 28 2015 08:17:25 UTC
26-Jun-2021 12:07:48.843 INFO [main] org.apache.catalina.startup.VersionLoggerListener.log Server number:         8.0.27.0
26-Jun-2021 12:07:48.843 INFO [main] org.apache.catalina.startup.VersionLoggerListener.log OS Name:               Windows 10
26-Jun-2021 12:07:48.843 INFO [main] org.apache.catalina.startup.VersionLoggerListener.log OS Version:            10.0
26-Jun-2021 12:07:48.843 INFO [main] org.apache.catalina.startup.VersionLoggerListener.log Architecture:          amd64
26-Jun-2021 12:07:48.843 INFO [main] org.apache.catalina.startup.VersionLoggerListener.log Java Home:             C:\Program Files\Java\jdk1.8.0_111\jre
26-Jun-2021 12:07:48.843 INFO [main] org.apache.catalina.startup.VersionLoggerListener.log JVM Version:           1.8.0_111-b14
26-Jun-2021 12:07:48.843 INFO [main] org.apache.catalina.startup.VersionLoggerListener.log JVM Vendor:            Oracle Corporation
26-Jun-2021 12:07:48.843 INFO [main] org.apache.catalina.startup.VersionLoggerListener.log CATALINA_BASE:         C:\Users\gabriel\Files\UFF\2021.1\Dev Web\+\apache-tomcat-8.0.27
26-Jun-2021 12:07:48.843 INFO [main] org.apache.catalina.startup.VersionLoggerListener.log CATALINA_HOME:         C:\Users\gabriel\Files\UFF\2021.1\Dev Web\+\apache-tomcat-8.0.27
26-Jun-2021 12:07:48.843 INFO [main] org.apache.catalina.startup.VersionLoggerListener.log Command line argument: -Djava.util.logging.config.file=C:\Users\gabriel\Files\UFF\2021.1\Dev Web\+\apache-tomcat-8.0.27\conf\logging.properties
26-Jun-2021 12:07:48.843 INFO [main] org.apache.catalina.startup.VersionLoggerListener.log Command line argument: -Djava.util.logging.manager=org.apache.juli.ClassLoaderLogManager
26-Jun-2021 12:07:48.843 INFO [main] org.apache.catalina.startup.VersionLoggerListener.log Command line argument: -Djava.endorsed.dirs=C:\Users\gabriel\Files\UFF\2021.1\Dev Web\+\apache-tomcat-8.0.27\endorsed
26-Jun-2021 12:07:48.843 INFO [main] org.apache.catalina.startup.VersionLoggerListener.log Command line argument: -Dcatalina.base=C:\Users\gabriel\Files\UFF\2021.1\Dev Web\+\apache-tomcat-8.0.27
26-Jun-2021 12:07:48.843 INFO [main] org.apache.catalina.startup.VersionLoggerListener.log Command line argument: -Dcatalina.home=C:\Users\gabriel\Files\UFF\2021.1\Dev Web\+\apache-tomcat-8.0.27
26-Jun-2021 12:07:48.844 INFO [main] org.apache.catalina.startup.VersionLoggerListener.log Command line argument: -Djava.io.tmpdir=C:\Users\gabriel\Files\UFF\2021.1\Dev Web\+\apache-tomcat-8.0.27\temp
26-Jun-2021 12:07:48.844 INFO [main] org.apache.catalina.core.AprLifecycleListener.lifecycleEvent Loaded APR based Apache Tomcat Native library 1.1.33 using APR version 1.5.1.
26-Jun-2021 12:07:48.844 INFO [main] org.apache.catalina.core.AprLifecycleListener.lifecycleEvent APR capabilities: IPv6 [true], sendfile [true], accept filters [false], random [true].
26-Jun-2021 12:07:49.414 INFO [main] org.apache.catalina.core.AprLifecycleListener.initializeSSL OpenSSL successfully initialized (OpenSSL 1.0.1m 19 Mar 2015)
26-Jun-2021 12:07:49.520 INFO [main] org.apache.coyote.AbstractProtocol.init Initializing ProtocolHandler ["http-apr-8080"]
26-Jun-2021 12:07:49.528 INFO [main] org.apache.coyote.AbstractProtocol.init Initializing ProtocolHandler ["ajp-apr-8009"]
26-Jun-2021 12:07:49.529 INFO [main] org.apache.catalina.startup.Catalina.load Initialization processed in 1019 ms
26-Jun-2021 12:07:49.565 INFO [main] org.apache.catalina.core.StandardService.startInternal Starting service Catalina
26-Jun-2021 12:07:49.565 INFO [main] org.apache.catalina.core.StandardEngine.startInternal Starting Servlet Engine: Apache Tomcat/8.0.27
26-Jun-2021 12:07:49.578 INFO [localhost-startStop-1] org.apache.catalina.startup.HostConfig.deployDescriptor Deploying configuration descriptor C:\Users\gabriel\Files\UFF\2021.1\Dev Web\+\apache-tomcat-8.0.27\conf\Catalina\localhost\Old.xml
26-Jun-2021 12:07:49.990 INFO [localhost-startStop-1] org.apache.jasper.servlet.TldScanner.scanJars At least one JAR was scanned for TLDs yet contained no TLDs. Enable debug logging for this logger for a complete list of JARs that were scanned but no TLDs were found in them. Skipping unneeded JARs during scanning can improve startup time and JSP compilation time.
26-Jun-2021 12:07:50.119 INFO [localhost-startStop-1] org.apache.catalina.startup.HostConfig.deployDescriptor Deployment of configuration descriptor C:\Users\gabriel\Files\UFF\2021.1\Dev Web\+\apache-tomcat-8.0.27\conf\Catalina\localhost\Old.xml has finished in 541 ms
26-Jun-2021 12:07:50.120 INFO [localhost-startStop-1] org.apache.catalina.startup.HostConfig.deployDescriptor Deploying configuration descriptor C:\Users\gabriel\Files\UFF\2021.1\Dev Web\+\apache-tomcat-8.0.27\conf\Catalina\localhost\Work.xml
26-Jun-2021 12:07:50.335 INFO [localhost-startStop-1] org.apache.jasper.servlet.TldScanner.scanJars At least one JAR was scanned for TLDs yet contained no TLDs. Enable debug logging for this logger for a complete list of JARs that were scanned but no TLDs were found in them. Skipping unneeded JARs during scanning can improve startup time and JSP compilation time.
26-Jun-2021 12:07:50.391 INFO [localhost-startStop-1] org.apache.catalina.startup.HostConfig.deployDescriptor Deployment of configuration descriptor C:\Users\gabriel\Files\UFF\2021.1\Dev Web\+\apache-tomcat-8.0.27\conf\Catalina\localhost\Work.xml has finished in 271 ms
26-Jun-2021 12:07:50.392 INFO [localhost-startStop-1] org.apache.catalina.startup.HostConfig.deployDirectory Deploying web application directory C:\Users\gabriel\Files\UFF\2021.1\Dev Web\+\apache-tomcat-8.0.27\webapps\docs
26-Jun-2021 12:07:50.416 INFO [localhost-startStop-1] org.apache.catalina.startup.HostConfig.deployDirectory Deployment of web application directory C:\Users\gabriel\Files\UFF\2021.1\Dev Web\+\apache-tomcat-8.0.27\webapps\docs has finished in 25 ms
26-Jun-2021 12:07:50.416 INFO [localhost-startStop-1] org.apache.catalina.startup.HostConfig.deployDirectory Deploying web application directory C:\Users\gabriel\Files\UFF\2021.1\Dev Web\+\apache-tomcat-8.0.27\webapps\examples
26-Jun-2021 12:07:50.744 INFO [localhost-startStop-1] org.apache.catalina.startup.HostConfig.deployDirectory Deployment of web application directory C:\Users\gabriel\Files\UFF\2021.1\Dev Web\+\apache-tomcat-8.0.27\webapps\examples has finished in 328 ms
26-Jun-2021 12:07:50.744 INFO [localhost-startStop-1] org.apache.catalina.startup.HostConfig.deployDirectory Deploying web application directory C:\Users\gabriel\Files\UFF\2021.1\Dev Web\+\apache-tomcat-8.0.27\webapps\host-manager
26-Jun-2021 12:07:50.771 INFO [localhost-startStop-1] org.apache.catalina.startup.HostConfig.deployDirectory Deployment of web application directory C:\Users\gabriel\Files\UFF\2021.1\Dev Web\+\apache-tomcat-8.0.27\webapps\host-manager has finished in 27 ms
26-Jun-2021 12:07:50.771 INFO [localhost-startStop-1] org.apache.catalina.startup.HostConfig.deployDirectory Deploying web application directory C:\Users\gabriel\Files\UFF\2021.1\Dev Web\+\apache-tomcat-8.0.27\webapps\manager
26-Jun-2021 12:07:50.817 INFO [localhost-startStop-1] org.apache.catalina.startup.HostConfig.deployDirectory Deployment of web application directory C:\Users\gabriel\Files\UFF\2021.1\Dev Web\+\apache-tomcat-8.0.27\webapps\manager has finished in 45 ms
26-Jun-2021 12:07:50.817 INFO [localhost-startStop-1] org.apache.catalina.startup.HostConfig.deployDirectory Deploying web application directory C:\Users\gabriel\Files\UFF\2021.1\Dev Web\+\apache-tomcat-8.0.27\webapps\ROOT
26-Jun-2021 12:07:50.837 INFO [localhost-startStop-1] org.apache.catalina.startup.HostConfig.deployDirectory Deployment of web application directory C:\Users\gabriel\Files\UFF\2021.1\Dev Web\+\apache-tomcat-8.0.27\webapps\ROOT has finished in 20 ms
26-Jun-2021 12:07:50.840 INFO [main] org.apache.coyote.AbstractProtocol.start Starting ProtocolHandler ["http-apr-8080"]
26-Jun-2021 12:07:50.849 INFO [main] org.apache.coyote.AbstractProtocol.start Starting ProtocolHandler ["ajp-apr-8009"]
26-Jun-2021 12:07:50.850 INFO [main] org.apache.catalina.startup.Catalina.start Server startup in 1320 ms
26-Jun-2021 12:46:17.091 INFO [http-apr-8080-exec-7] org.apache.catalina.core.StandardContext.reload Reloading Context with name [/Work] has started
26-Jun-2021 12:46:17.110 WARNING [http-apr-8080-exec-7] org.apache.catalina.loader.WebappClassLoaderBase.clearReferencesJdbc The web application [Work] registered the JDBC driver [com.mysql.jdbc.Driver] but failed to unregister it when the web application was stopped. To prevent a memory leak, the JDBC Driver has been forcibly unregistered.
26-Jun-2021 12:46:17.333 INFO [http-apr-8080-exec-7] org.apache.jasper.servlet.TldScanner.scanJars At least one JAR was scanned for TLDs yet contained no TLDs. Enable debug logging for this logger for a complete list of JARs that were scanned but no TLDs were found in them. Skipping unneeded JARs during scanning can improve startup time and JSP compilation time.
26-Jun-2021 12:46:17.337 INFO [http-apr-8080-exec-7] org.apache.catalina.core.StandardContext.reload Reloading Context with name [/Work] is completed
26-Jun-2021 12:46:24.676 INFO [http-apr-8080-exec-3] org.apache.catalina.core.StandardContext.reload Reloading Context with name [/Work] has started
26-Jun-2021 12:46:24.856 INFO [http-apr-8080-exec-3] org.apache.jasper.servlet.TldScanner.scanJars At least one JAR was scanned for TLDs yet contained no TLDs. Enable debug logging for this logger for a complete list of JARs that were scanned but no TLDs were found in them. Skipping unneeded JARs during scanning can improve startup time and JSP compilation time.
26-Jun-2021 12:46:24.859 INFO [http-apr-8080-exec-3] org.apache.catalina.core.StandardContext.reload Reloading Context with name [/Work] is completed
26-Jun-2021 12:47:01.541 INFO [http-apr-8080-exec-16] org.apache.catalina.core.StandardContext.reload Reloading Context with name [/Work] has started
26-Jun-2021 12:47:01.547 WARNING [http-apr-8080-exec-16] org.apache.catalina.loader.WebappClassLoaderBase.clearReferencesJdbc The web application [Work] registered the JDBC driver [com.mysql.jdbc.Driver] but failed to unregister it when the web application was stopped. To prevent a memory leak, the JDBC Driver has been forcibly unregistered.
26-Jun-2021 12:47:01.815 INFO [http-apr-8080-exec-16] org.apache.jasper.servlet.TldScanner.scanJars At least one JAR was scanned for TLDs yet contained no TLDs. Enable debug logging for this logger for a complete list of JARs that were scanned but no TLDs were found in them. Skipping unneeded JARs during scanning can improve startup time and JSP compilation time.
26-Jun-2021 12:47:01.829 INFO [http-apr-8080-exec-16] org.apache.catalina.core.StandardContext.reload Reloading Context with name [/Work] is completed
26-Jun-2021 12:47:29.520 INFO [http-apr-8080-exec-17] org.apache.catalina.core.StandardContext.reload Reloading Context with name [/Work] has started
26-Jun-2021 12:47:29.705 INFO [http-apr-8080-exec-17] org.apache.jasper.servlet.TldScanner.scanJars At least one JAR was scanned for TLDs yet contained no TLDs. Enable debug logging for this logger for a complete list of JARs that were scanned but no TLDs were found in them. Skipping unneeded JARs during scanning can improve startup time and JSP compilation time.
26-Jun-2021 12:47:29.707 INFO [http-apr-8080-exec-17] org.apache.catalina.core.StandardContext.reload Reloading Context with name [/Work] is completed
26-Jun-2021 12:47:50.575 INFO [http-apr-8080-exec-12] org.apache.catalina.core.StandardContext.reload Reloading Context with name [/Work] has started
26-Jun-2021 12:47:50.764 INFO [http-apr-8080-exec-12] org.apache.jasper.servlet.TldScanner.scanJars At least one JAR was scanned for TLDs yet contained no TLDs. Enable debug logging for this logger for a complete list of JARs that were scanned but no TLDs were found in them. Skipping unneeded JARs during scanning can improve startup time and JSP compilation time.
26-Jun-2021 12:47:50.767 INFO [http-apr-8080-exec-12] org.apache.catalina.core.StandardContext.reload Reloading Context with name [/Work] is completed
26-Jun-2021 12:48:04.673 INFO [http-apr-8080-exec-17] org.apache.catalina.core.StandardContext.reload Reloading Context with name [/Work] has started
26-Jun-2021 12:48:04.842 INFO [http-apr-8080-exec-17] org.apache.jasper.servlet.TldScanner.scanJars At least one JAR was scanned for TLDs yet contained no TLDs. Enable debug logging for this logger for a complete list of JARs that were scanned but no TLDs were found in them. Skipping unneeded JARs during scanning can improve startup time and JSP compilation time.
26-Jun-2021 12:48:04.846 INFO [http-apr-8080-exec-17] org.apache.catalina.core.StandardContext.reload Reloading Context with name [/Work] is completed
26-Jun-2021 12:48:18.913 INFO [http-apr-8080-exec-12] org.apache.catalina.core.StandardContext.reload Reloading Context with name [/Work] has started
26-Jun-2021 12:48:19.083 INFO [http-apr-8080-exec-12] org.apache.jasper.servlet.TldScanner.scanJars At least one JAR was scanned for TLDs yet contained no TLDs. Enable debug logging for this logger for a complete list of JARs that were scanned but no TLDs were found in them. Skipping unneeded JARs during scanning can improve startup time and JSP compilation time.
26-Jun-2021 12:48:19.086 INFO [http-apr-8080-exec-12] org.apache.catalina.core.StandardContext.reload Reloading Context with name [/Work] is completed
26-Jun-2021 12:48:30.476 INFO [http-apr-8080-exec-17] org.apache.catalina.core.StandardContext.reload Reloading Context with name [/Work] has started
26-Jun-2021 12:48:30.672 INFO [http-apr-8080-exec-17] org.apache.jasper.servlet.TldScanner.scanJars At least one JAR was scanned for TLDs yet contained no TLDs. Enable debug logging for this logger for a complete list of JARs that were scanned but no TLDs were found in them. Skipping unneeded JARs during scanning can improve startup time and JSP compilation time.
26-Jun-2021 12:48:30.675 INFO [http-apr-8080-exec-17] org.apache.catalina.core.StandardContext.reload Reloading Context with name [/Work] is completed
26-Jun-2021 12:53:30.578 INFO [main] org.apache.catalina.core.StandardServer.await A valid shutdown command was received via the shutdown port. Stopping the Server instance.
26-Jun-2021 12:53:30.578 INFO [main] org.apache.coyote.AbstractProtocol.pause Pausing ProtocolHandler ["http-apr-8080"]
26-Jun-2021 12:53:30.579 INFO [main] org.apache.coyote.AbstractProtocol.pause Pausing ProtocolHandler ["ajp-apr-8009"]
26-Jun-2021 12:53:30.631 INFO [main] org.apache.catalina.core.StandardService.stopInternal Stopping service Catalina
26-Jun-2021 12:53:30.695 WARNING [localhost-startStop-2] org.apache.catalina.loader.WebappClassLoaderBase.clearReferencesThreads The web application [Old] appears to have started a thread named [Abandoned connection cleanup thread] but has failed to stop it. This is very likely to create a memory leak. Stack trace of thread:
 java.lang.Object.wait(Native Method)
 java.lang.ref.ReferenceQueue.remove(ReferenceQueue.java:143)
 com.mysql.jdbc.AbandonedConnectionCleanupThread.run(AbandonedConnectionCleanupThread.java:41)
26-Jun-2021 12:53:30.703 WARNING [localhost-startStop-2] org.apache.catalina.loader.WebappClassLoaderBase.clearReferencesJdbc The web application [Work] registered the JDBC driver [com.mysql.jdbc.Driver] but failed to unregister it when the web application was stopped. To prevent a memory leak, the JDBC Driver has been forcibly unregistered.
26-Jun-2021 12:53:30.707 INFO [main] org.apache.coyote.AbstractProtocol.stop Stopping ProtocolHandler ["http-apr-8080"]
26-Jun-2021 12:53:30.773 INFO [main] org.apache.coyote.AbstractProtocol.stop Stopping ProtocolHandler ["ajp-apr-8009"]
26-Jun-2021 12:53:30.834 INFO [main] org.apache.coyote.AbstractProtocol.destroy Destroying ProtocolHandler ["http-apr-8080"]
26-Jun-2021 12:53:30.835 INFO [main] org.apache.coyote.AbstractProtocol.destroy Destroying ProtocolHandler ["ajp-apr-8009"]
