22-Jun-2021 08:38:01.387 INFO [main] org.apache.catalina.startup.VersionLoggerListener.log Server version:        Apache Tomcat/8.0.27
22-Jun-2021 08:38:01.409 INFO [main] org.apache.catalina.startup.VersionLoggerListener.log Server built:          Sep 28 2015 08:17:25 UTC
22-Jun-2021 08:38:01.409 INFO [main] org.apache.catalina.startup.VersionLoggerListener.log Server number:         8.0.27.0
22-Jun-2021 08:38:01.409 INFO [main] org.apache.catalina.startup.VersionLoggerListener.log OS Name:               Windows 10
22-Jun-2021 08:38:01.409 INFO [main] org.apache.catalina.startup.VersionLoggerListener.log OS Version:            10.0
22-Jun-2021 08:38:01.410 INFO [main] org.apache.catalina.startup.VersionLoggerListener.log Architecture:          amd64
22-Jun-2021 08:38:01.410 INFO [main] org.apache.catalina.startup.VersionLoggerListener.log Java Home:             C:\Program Files\Java\jdk1.8.0_111\jre
22-Jun-2021 08:38:01.410 INFO [main] org.apache.catalina.startup.VersionLoggerListener.log JVM Version:           1.8.0_111-b14
22-Jun-2021 08:38:01.410 INFO [main] org.apache.catalina.startup.VersionLoggerListener.log JVM Vendor:            Oracle Corporation
22-Jun-2021 08:38:01.410 INFO [main] org.apache.catalina.startup.VersionLoggerListener.log CATALINA_BASE:         C:\Users\gabriel\Files\UFF\2021.1\Dev Web\+\apache-tomcat-8.0.27
22-Jun-2021 08:38:01.410 INFO [main] org.apache.catalina.startup.VersionLoggerListener.log CATALINA_HOME:         C:\Users\gabriel\Files\UFF\2021.1\Dev Web\+\apache-tomcat-8.0.27
22-Jun-2021 08:38:01.410 INFO [main] org.apache.catalina.startup.VersionLoggerListener.log Command line argument: -Djava.util.logging.config.file=C:\Users\gabriel\Files\UFF\2021.1\Dev Web\+\apache-tomcat-8.0.27\conf\logging.properties
22-Jun-2021 08:38:01.410 INFO [main] org.apache.catalina.startup.VersionLoggerListener.log Command line argument: -Djava.util.logging.manager=org.apache.juli.ClassLoaderLogManager
22-Jun-2021 08:38:01.410 INFO [main] org.apache.catalina.startup.VersionLoggerListener.log Command line argument: -Djava.endorsed.dirs=C:\Users\gabriel\Files\UFF\2021.1\Dev Web\+\apache-tomcat-8.0.27\endorsed
22-Jun-2021 08:38:01.410 INFO [main] org.apache.catalina.startup.VersionLoggerListener.log Command line argument: -Dcatalina.base=C:\Users\gabriel\Files\UFF\2021.1\Dev Web\+\apache-tomcat-8.0.27
22-Jun-2021 08:38:01.410 INFO [main] org.apache.catalina.startup.VersionLoggerListener.log Command line argument: -Dcatalina.home=C:\Users\gabriel\Files\UFF\2021.1\Dev Web\+\apache-tomcat-8.0.27
22-Jun-2021 08:38:01.410 INFO [main] org.apache.catalina.startup.VersionLoggerListener.log Command line argument: -Djava.io.tmpdir=C:\Users\gabriel\Files\UFF\2021.1\Dev Web\+\apache-tomcat-8.0.27\temp
22-Jun-2021 08:38:01.410 INFO [main] org.apache.catalina.core.AprLifecycleListener.lifecycleEvent Loaded APR based Apache Tomcat Native library 1.1.33 using APR version 1.5.1.
22-Jun-2021 08:38:01.410 INFO [main] org.apache.catalina.core.AprLifecycleListener.lifecycleEvent APR capabilities: IPv6 [true], sendfile [true], accept filters [false], random [true].
22-Jun-2021 08:38:02.041 INFO [main] org.apache.catalina.core.AprLifecycleListener.initializeSSL OpenSSL successfully initialized (OpenSSL 1.0.1m 19 Mar 2015)
22-Jun-2021 08:38:02.589 INFO [main] org.apache.coyote.AbstractProtocol.init Initializing ProtocolHandler ["http-apr-8080"]
22-Jun-2021 08:38:02.615 INFO [main] org.apache.coyote.AbstractProtocol.init Initializing ProtocolHandler ["ajp-apr-8009"]
22-Jun-2021 08:38:02.616 INFO [main] org.apache.catalina.startup.Catalina.load Initialization processed in 3543 ms
22-Jun-2021 08:38:02.786 INFO [main] org.apache.catalina.core.StandardService.startInternal Starting service Catalina
22-Jun-2021 08:38:02.786 INFO [main] org.apache.catalina.core.StandardEngine.startInternal Starting Servlet Engine: Apache Tomcat/8.0.27
22-Jun-2021 08:38:03.055 INFO [localhost-startStop-1] org.apache.catalina.startup.HostConfig.deployDescriptor Deploying configuration descriptor C:\Users\gabriel\Files\UFF\2021.1\Dev Web\+\apache-tomcat-8.0.27\conf\Catalina\localhost\Old.xml
22-Jun-2021 08:38:05.223 INFO [localhost-startStop-1] org.apache.jasper.servlet.TldScanner.scanJars At least one JAR was scanned for TLDs yet contained no TLDs. Enable debug logging for this logger for a complete list of JARs that were scanned but no TLDs were found in them. Skipping unneeded JARs during scanning can improve startup time and JSP compilation time.
22-Jun-2021 08:38:05.662 INFO [localhost-startStop-1] org.apache.catalina.util.SessionIdGeneratorBase.createSecureRandom Creation of SecureRandom instance for session ID generation using [SHA1PRNG] took [274] milliseconds.
22-Jun-2021 08:38:06.221 INFO [localhost-startStop-1] org.apache.catalina.startup.HostConfig.deployDescriptor Deployment of configuration descriptor C:\Users\gabriel\Files\UFF\2021.1\Dev Web\+\apache-tomcat-8.0.27\conf\Catalina\localhost\Old.xml has finished in 3,166 ms
22-Jun-2021 08:38:06.222 INFO [localhost-startStop-1] org.apache.catalina.startup.HostConfig.deployDirectory Deploying web application directory C:\Users\gabriel\Files\UFF\2021.1\Dev Web\+\apache-tomcat-8.0.27\webapps\docs
22-Jun-2021 08:38:06.314 INFO [localhost-startStop-1] org.apache.catalina.startup.HostConfig.deployDirectory Deployment of web application directory C:\Users\gabriel\Files\UFF\2021.1\Dev Web\+\apache-tomcat-8.0.27\webapps\docs has finished in 92 ms
22-Jun-2021 08:38:06.314 INFO [localhost-startStop-1] org.apache.catalina.startup.HostConfig.deployDirectory Deploying web application directory C:\Users\gabriel\Files\UFF\2021.1\Dev Web\+\apache-tomcat-8.0.27\webapps\examples
22-Jun-2021 08:38:07.933 INFO [localhost-startStop-1] org.apache.catalina.startup.HostConfig.deployDirectory Deployment of web application directory C:\Users\gabriel\Files\UFF\2021.1\Dev Web\+\apache-tomcat-8.0.27\webapps\examples has finished in 1,618 ms
22-Jun-2021 08:38:07.933 INFO [localhost-startStop-1] org.apache.catalina.startup.HostConfig.deployDirectory Deploying web application directory C:\Users\gabriel\Files\UFF\2021.1\Dev Web\+\apache-tomcat-8.0.27\webapps\host-manager
22-Jun-2021 08:38:08.013 INFO [localhost-startStop-1] org.apache.catalina.startup.HostConfig.deployDirectory Deployment of web application directory C:\Users\gabriel\Files\UFF\2021.1\Dev Web\+\apache-tomcat-8.0.27\webapps\host-manager has finished in 79 ms
22-Jun-2021 08:38:08.013 INFO [localhost-startStop-1] org.apache.catalina.startup.HostConfig.deployDirectory Deploying web application directory C:\Users\gabriel\Files\UFF\2021.1\Dev Web\+\apache-tomcat-8.0.27\webapps\manager
22-Jun-2021 08:38:08.097 INFO [localhost-startStop-1] org.apache.catalina.startup.HostConfig.deployDirectory Deployment of web application directory C:\Users\gabriel\Files\UFF\2021.1\Dev Web\+\apache-tomcat-8.0.27\webapps\manager has finished in 84 ms
22-Jun-2021 08:38:08.098 INFO [localhost-startStop-1] org.apache.catalina.startup.HostConfig.deployDirectory Deploying web application directory C:\Users\gabriel\Files\UFF\2021.1\Dev Web\+\apache-tomcat-8.0.27\webapps\ROOT
22-Jun-2021 08:38:08.126 INFO [localhost-startStop-1] org.apache.catalina.startup.HostConfig.deployDirectory Deployment of web application directory C:\Users\gabriel\Files\UFF\2021.1\Dev Web\+\apache-tomcat-8.0.27\webapps\ROOT has finished in 28 ms
22-Jun-2021 08:38:08.130 INFO [main] org.apache.coyote.AbstractProtocol.start Starting ProtocolHandler ["http-apr-8080"]
22-Jun-2021 08:38:08.152 INFO [main] org.apache.coyote.AbstractProtocol.start Starting ProtocolHandler ["ajp-apr-8009"]
22-Jun-2021 08:38:08.152 INFO [main] org.apache.catalina.startup.Catalina.start Server startup in 5536 ms
22-Jun-2021 08:38:10.111 INFO [http-apr-8080-exec-5] org.apache.catalina.startup.HostConfig.deployDescriptor Deploying configuration descriptor C:\Users\gabriel\Files\UFF\2021.1\Dev Web\+\apache-tomcat-8.0.27\conf\Catalina\localhost\Trunk.xml
22-Jun-2021 08:38:10.278 INFO [http-apr-8080-exec-5] org.apache.catalina.startup.HostConfig.deployDescriptor Deployment of configuration descriptor C:\Users\gabriel\Files\UFF\2021.1\Dev Web\+\apache-tomcat-8.0.27\conf\Catalina\localhost\Trunk.xml has finished in 167 ms
22-Jun-2021 08:38:10.281 INFO [http-apr-8080-exec-6] org.apache.catalina.util.LifecycleBase.start The start() method was called on component [StandardEngine[Catalina].StandardHost[localhost].StandardContext[/Trunk]] after start() had already been called. The second call will be ignored.
22-Jun-2021 08:40:31.524 INFO [main] org.apache.catalina.core.StandardServer.await A valid shutdown command was received via the shutdown port. Stopping the Server instance.
22-Jun-2021 08:40:31.524 INFO [main] org.apache.coyote.AbstractProtocol.pause Pausing ProtocolHandler ["http-apr-8080"]
22-Jun-2021 08:40:31.585 INFO [main] org.apache.coyote.AbstractProtocol.pause Pausing ProtocolHandler ["ajp-apr-8009"]
22-Jun-2021 08:40:31.648 INFO [main] org.apache.catalina.core.StandardService.stopInternal Stopping service Catalina
22-Jun-2021 08:40:31.895 INFO [main] org.apache.coyote.AbstractProtocol.stop Stopping ProtocolHandler ["http-apr-8080"]
22-Jun-2021 08:40:31.957 INFO [main] org.apache.coyote.AbstractProtocol.stop Stopping ProtocolHandler ["ajp-apr-8009"]
22-Jun-2021 08:40:32.019 INFO [main] org.apache.coyote.AbstractProtocol.destroy Destroying ProtocolHandler ["http-apr-8080"]
22-Jun-2021 08:40:32.020 INFO [main] org.apache.coyote.AbstractProtocol.destroy Destroying ProtocolHandler ["ajp-apr-8009"]
22-Jun-2021 08:53:14.599 INFO [main] org.apache.catalina.startup.VersionLoggerListener.log Server version:        Apache Tomcat/8.0.27
22-Jun-2021 08:53:14.599 INFO [main] org.apache.catalina.startup.VersionLoggerListener.log Server built:          Sep 28 2015 08:17:25 UTC
22-Jun-2021 08:53:14.599 INFO [main] org.apache.catalina.startup.VersionLoggerListener.log Server number:         8.0.27.0
22-Jun-2021 08:53:14.600 INFO [main] org.apache.catalina.startup.VersionLoggerListener.log OS Name:               Windows 10
22-Jun-2021 08:53:14.600 INFO [main] org.apache.catalina.startup.VersionLoggerListener.log OS Version:            10.0
22-Jun-2021 08:53:14.600 INFO [main] org.apache.catalina.startup.VersionLoggerListener.log Architecture:          amd64
22-Jun-2021 08:53:14.600 INFO [main] org.apache.catalina.startup.VersionLoggerListener.log Java Home:             C:\Program Files\Java\jdk1.8.0_111\jre
22-Jun-2021 08:53:14.600 INFO [main] org.apache.catalina.startup.VersionLoggerListener.log JVM Version:           1.8.0_111-b14
22-Jun-2021 08:53:14.600 INFO [main] org.apache.catalina.startup.VersionLoggerListener.log JVM Vendor:            Oracle Corporation
22-Jun-2021 08:53:14.600 INFO [main] org.apache.catalina.startup.VersionLoggerListener.log CATALINA_BASE:         C:\Users\gabriel\Files\UFF\2021.1\Dev Web\+\apache-tomcat-8.0.27
22-Jun-2021 08:53:14.600 INFO [main] org.apache.catalina.startup.VersionLoggerListener.log CATALINA_HOME:         C:\Users\gabriel\Files\UFF\2021.1\Dev Web\+\apache-tomcat-8.0.27
22-Jun-2021 08:53:14.600 INFO [main] org.apache.catalina.startup.VersionLoggerListener.log Command line argument: -Djava.util.logging.config.file=C:\Users\gabriel\Files\UFF\2021.1\Dev Web\+\apache-tomcat-8.0.27\conf\logging.properties
22-Jun-2021 08:53:14.600 INFO [main] org.apache.catalina.startup.VersionLoggerListener.log Command line argument: -Djava.util.logging.manager=org.apache.juli.ClassLoaderLogManager
22-Jun-2021 08:53:14.600 INFO [main] org.apache.catalina.startup.VersionLoggerListener.log Command line argument: -Djava.endorsed.dirs=C:\Users\gabriel\Files\UFF\2021.1\Dev Web\+\apache-tomcat-8.0.27\endorsed
22-Jun-2021 08:53:14.600 INFO [main] org.apache.catalina.startup.VersionLoggerListener.log Command line argument: -Dcatalina.base=C:\Users\gabriel\Files\UFF\2021.1\Dev Web\+\apache-tomcat-8.0.27
22-Jun-2021 08:53:14.600 INFO [main] org.apache.catalina.startup.VersionLoggerListener.log Command line argument: -Dcatalina.home=C:\Users\gabriel\Files\UFF\2021.1\Dev Web\+\apache-tomcat-8.0.27
22-Jun-2021 08:53:14.600 INFO [main] org.apache.catalina.startup.VersionLoggerListener.log Command line argument: -Djava.io.tmpdir=C:\Users\gabriel\Files\UFF\2021.1\Dev Web\+\apache-tomcat-8.0.27\temp
22-Jun-2021 08:53:14.600 INFO [main] org.apache.catalina.core.AprLifecycleListener.lifecycleEvent Loaded APR based Apache Tomcat Native library 1.1.33 using APR version 1.5.1.
22-Jun-2021 08:53:14.601 INFO [main] org.apache.catalina.core.AprLifecycleListener.lifecycleEvent APR capabilities: IPv6 [true], sendfile [true], accept filters [false], random [true].
22-Jun-2021 08:53:15.163 INFO [main] org.apache.catalina.core.AprLifecycleListener.initializeSSL OpenSSL successfully initialized (OpenSSL 1.0.1m 19 Mar 2015)
22-Jun-2021 08:53:15.259 INFO [main] org.apache.coyote.AbstractProtocol.init Initializing ProtocolHandler ["http-apr-8080"]
22-Jun-2021 08:53:15.266 INFO [main] org.apache.coyote.AbstractProtocol.init Initializing ProtocolHandler ["ajp-apr-8009"]
22-Jun-2021 08:53:15.267 INFO [main] org.apache.catalina.startup.Catalina.load Initialization processed in 961 ms
22-Jun-2021 08:53:15.294 INFO [main] org.apache.catalina.core.StandardService.startInternal Starting service Catalina
22-Jun-2021 08:53:15.294 INFO [main] org.apache.catalina.core.StandardEngine.startInternal Starting Servlet Engine: Apache Tomcat/8.0.27
22-Jun-2021 08:53:15.304 INFO [localhost-startStop-1] org.apache.catalina.startup.HostConfig.deployDescriptor Deploying configuration descriptor C:\Users\gabriel\Files\UFF\2021.1\Dev Web\+\apache-tomcat-8.0.27\conf\Catalina\localhost\Old.xml
22-Jun-2021 08:53:15.844 INFO [localhost-startStop-1] org.apache.jasper.servlet.TldScanner.scanJars At least one JAR was scanned for TLDs yet contained no TLDs. Enable debug logging for this logger for a complete list of JARs that were scanned but no TLDs were found in them. Skipping unneeded JARs during scanning can improve startup time and JSP compilation time.
22-Jun-2021 08:53:15.974 INFO [localhost-startStop-1] org.apache.catalina.startup.HostConfig.deployDescriptor Deployment of configuration descriptor C:\Users\gabriel\Files\UFF\2021.1\Dev Web\+\apache-tomcat-8.0.27\conf\Catalina\localhost\Old.xml has finished in 669 ms
22-Jun-2021 08:53:15.974 INFO [localhost-startStop-1] org.apache.catalina.startup.HostConfig.deployDescriptor Deploying configuration descriptor C:\Users\gabriel\Files\UFF\2021.1\Dev Web\+\apache-tomcat-8.0.27\conf\Catalina\localhost\Trunk.xml
22-Jun-2021 08:53:16.111 INFO [localhost-startStop-1] org.apache.catalina.startup.HostConfig.deployDescriptor Deployment of configuration descriptor C:\Users\gabriel\Files\UFF\2021.1\Dev Web\+\apache-tomcat-8.0.27\conf\Catalina\localhost\Trunk.xml has finished in 137 ms
22-Jun-2021 08:53:16.112 INFO [localhost-startStop-1] org.apache.catalina.startup.HostConfig.deployDirectory Deploying web application directory C:\Users\gabriel\Files\UFF\2021.1\Dev Web\+\apache-tomcat-8.0.27\webapps\docs
22-Jun-2021 08:53:16.144 INFO [localhost-startStop-1] org.apache.catalina.startup.HostConfig.deployDirectory Deployment of web application directory C:\Users\gabriel\Files\UFF\2021.1\Dev Web\+\apache-tomcat-8.0.27\webapps\docs has finished in 31 ms
22-Jun-2021 08:53:16.144 INFO [localhost-startStop-1] org.apache.catalina.startup.HostConfig.deployDirectory Deploying web application directory C:\Users\gabriel\Files\UFF\2021.1\Dev Web\+\apache-tomcat-8.0.27\webapps\examples
22-Jun-2021 08:53:16.471 INFO [localhost-startStop-1] org.apache.catalina.startup.HostConfig.deployDirectory Deployment of web application directory C:\Users\gabriel\Files\UFF\2021.1\Dev Web\+\apache-tomcat-8.0.27\webapps\examples has finished in 327 ms
22-Jun-2021 08:53:16.471 INFO [localhost-startStop-1] org.apache.catalina.startup.HostConfig.deployDirectory Deploying web application directory C:\Users\gabriel\Files\UFF\2021.1\Dev Web\+\apache-tomcat-8.0.27\webapps\host-manager
22-Jun-2021 08:53:16.501 INFO [localhost-startStop-1] org.apache.catalina.startup.HostConfig.deployDirectory Deployment of web application directory C:\Users\gabriel\Files\UFF\2021.1\Dev Web\+\apache-tomcat-8.0.27\webapps\host-manager has finished in 30 ms
22-Jun-2021 08:53:16.502 INFO [localhost-startStop-1] org.apache.catalina.startup.HostConfig.deployDirectory Deploying web application directory C:\Users\gabriel\Files\UFF\2021.1\Dev Web\+\apache-tomcat-8.0.27\webapps\manager
22-Jun-2021 08:53:16.544 INFO [localhost-startStop-1] org.apache.catalina.startup.HostConfig.deployDirectory Deployment of web application directory C:\Users\gabriel\Files\UFF\2021.1\Dev Web\+\apache-tomcat-8.0.27\webapps\manager has finished in 43 ms
22-Jun-2021 08:53:16.544 INFO [localhost-startStop-1] org.apache.catalina.startup.HostConfig.deployDirectory Deploying web application directory C:\Users\gabriel\Files\UFF\2021.1\Dev Web\+\apache-tomcat-8.0.27\webapps\ROOT
22-Jun-2021 08:53:16.572 INFO [localhost-startStop-1] org.apache.catalina.startup.HostConfig.deployDirectory Deployment of web application directory C:\Users\gabriel\Files\UFF\2021.1\Dev Web\+\apache-tomcat-8.0.27\webapps\ROOT has finished in 28 ms
22-Jun-2021 08:53:16.574 INFO [main] org.apache.coyote.AbstractProtocol.start Starting ProtocolHandler ["http-apr-8080"]
22-Jun-2021 08:53:16.579 INFO [main] org.apache.coyote.AbstractProtocol.start Starting ProtocolHandler ["ajp-apr-8009"]
22-Jun-2021 08:53:16.589 INFO [main] org.apache.catalina.startup.Catalina.start Server startup in 1320 ms
22-Jun-2021 08:53:17.067 INFO [http-apr-8080-exec-3] org.apache.catalina.startup.HostConfig.deployDescriptor Deploying configuration descriptor C:\Users\gabriel\Files\UFF\2021.1\Dev Web\+\apache-tomcat-8.0.27\conf\Catalina\localhost\Work.xml
22-Jun-2021 08:53:17.152 INFO [http-apr-8080-exec-3] org.apache.catalina.startup.HostConfig.deployDescriptor Deployment of configuration descriptor C:\Users\gabriel\Files\UFF\2021.1\Dev Web\+\apache-tomcat-8.0.27\conf\Catalina\localhost\Work.xml has finished in 85 ms
22-Jun-2021 08:53:17.155 INFO [http-apr-8080-exec-2] org.apache.catalina.util.LifecycleBase.start The start() method was called on component [StandardEngine[Catalina].StandardHost[localhost].StandardContext[/Work]] after start() had already been called. The second call will be ignored.
22-Jun-2021 08:54:04.101 INFO [http-apr-8080-exec-6] org.apache.catalina.startup.HostConfig.undeploy Undeploying context [/Trunk]
22-Jun-2021 09:22:06.515 INFO [main] org.apache.catalina.core.StandardServer.await A valid shutdown command was received via the shutdown port. Stopping the Server instance.
22-Jun-2021 09:22:06.515 INFO [main] org.apache.coyote.AbstractProtocol.pause Pausing ProtocolHandler ["http-apr-8080"]
22-Jun-2021 09:22:06.579 INFO [main] org.apache.coyote.AbstractProtocol.pause Pausing ProtocolHandler ["ajp-apr-8009"]
22-Jun-2021 09:22:06.640 INFO [main] org.apache.catalina.core.StandardService.stopInternal Stopping service Catalina
22-Jun-2021 09:22:06.836 INFO [main] org.apache.coyote.AbstractProtocol.stop Stopping ProtocolHandler ["http-apr-8080"]
22-Jun-2021 09:22:06.912 INFO [main] org.apache.coyote.AbstractProtocol.stop Stopping ProtocolHandler ["ajp-apr-8009"]
22-Jun-2021 09:22:06.963 INFO [main] org.apache.coyote.AbstractProtocol.destroy Destroying ProtocolHandler ["http-apr-8080"]
22-Jun-2021 09:22:06.964 INFO [main] org.apache.coyote.AbstractProtocol.destroy Destroying ProtocolHandler ["ajp-apr-8009"]
