24-Jun-2021 08:08:17.268 INFO [main] org.apache.catalina.startup.VersionLoggerListener.log Server version:        Apache Tomcat/8.0.27
24-Jun-2021 08:08:17.268 INFO [main] org.apache.catalina.startup.VersionLoggerListener.log Server built:          Sep 28 2015 08:17:25 UTC
24-Jun-2021 08:08:17.269 INFO [main] org.apache.catalina.startup.VersionLoggerListener.log Server number:         8.0.27.0
24-Jun-2021 08:08:17.269 INFO [main] org.apache.catalina.startup.VersionLoggerListener.log OS Name:               Windows 10
24-Jun-2021 08:08:17.269 INFO [main] org.apache.catalina.startup.VersionLoggerListener.log OS Version:            10.0
24-Jun-2021 08:08:17.269 INFO [main] org.apache.catalina.startup.VersionLoggerListener.log Architecture:          amd64
24-Jun-2021 08:08:17.269 INFO [main] org.apache.catalina.startup.VersionLoggerListener.log Java Home:             C:\Program Files\Java\jdk1.8.0_111\jre
24-Jun-2021 08:08:17.269 INFO [main] org.apache.catalina.startup.VersionLoggerListener.log JVM Version:           1.8.0_111-b14
24-Jun-2021 08:08:17.269 INFO [main] org.apache.catalina.startup.VersionLoggerListener.log JVM Vendor:            Oracle Corporation
24-Jun-2021 08:08:17.269 INFO [main] org.apache.catalina.startup.VersionLoggerListener.log CATALINA_BASE:         C:\Users\gabriel\Files\UFF\2021.1\Dev Web\+\apache-tomcat-8.0.27
24-Jun-2021 08:08:17.269 INFO [main] org.apache.catalina.startup.VersionLoggerListener.log CATALINA_HOME:         C:\Users\gabriel\Files\UFF\2021.1\Dev Web\+\apache-tomcat-8.0.27
24-Jun-2021 08:08:17.269 INFO [main] org.apache.catalina.startup.VersionLoggerListener.log Command line argument: -Djava.util.logging.config.file=C:\Users\gabriel\Files\UFF\2021.1\Dev Web\+\apache-tomcat-8.0.27\conf\logging.properties
24-Jun-2021 08:08:17.269 INFO [main] org.apache.catalina.startup.VersionLoggerListener.log Command line argument: -Djava.util.logging.manager=org.apache.juli.ClassLoaderLogManager
24-Jun-2021 08:08:17.269 INFO [main] org.apache.catalina.startup.VersionLoggerListener.log Command line argument: -Djava.endorsed.dirs=C:\Users\gabriel\Files\UFF\2021.1\Dev Web\+\apache-tomcat-8.0.27\endorsed
24-Jun-2021 08:08:17.269 INFO [main] org.apache.catalina.startup.VersionLoggerListener.log Command line argument: -Dcatalina.base=C:\Users\gabriel\Files\UFF\2021.1\Dev Web\+\apache-tomcat-8.0.27
24-Jun-2021 08:08:17.269 INFO [main] org.apache.catalina.startup.VersionLoggerListener.log Command line argument: -Dcatalina.home=C:\Users\gabriel\Files\UFF\2021.1\Dev Web\+\apache-tomcat-8.0.27
24-Jun-2021 08:08:17.269 INFO [main] org.apache.catalina.startup.VersionLoggerListener.log Command line argument: -Djava.io.tmpdir=C:\Users\gabriel\Files\UFF\2021.1\Dev Web\+\apache-tomcat-8.0.27\temp
24-Jun-2021 08:08:17.270 INFO [main] org.apache.catalina.core.AprLifecycleListener.lifecycleEvent Loaded APR based Apache Tomcat Native library 1.1.33 using APR version 1.5.1.
24-Jun-2021 08:08:17.270 INFO [main] org.apache.catalina.core.AprLifecycleListener.lifecycleEvent APR capabilities: IPv6 [true], sendfile [true], accept filters [false], random [true].
24-Jun-2021 08:08:17.887 INFO [main] org.apache.catalina.core.AprLifecycleListener.initializeSSL OpenSSL successfully initialized (OpenSSL 1.0.1m 19 Mar 2015)
24-Jun-2021 08:08:18.199 INFO [main] org.apache.coyote.AbstractProtocol.init Initializing ProtocolHandler ["http-apr-8080"]
24-Jun-2021 08:08:18.235 INFO [main] org.apache.coyote.AbstractProtocol.init Initializing ProtocolHandler ["ajp-apr-8009"]
24-Jun-2021 08:08:18.236 INFO [main] org.apache.catalina.startup.Catalina.load Initialization processed in 1333 ms
24-Jun-2021 08:08:18.313 INFO [main] org.apache.catalina.core.StandardService.startInternal Starting service Catalina
24-Jun-2021 08:08:18.313 INFO [main] org.apache.catalina.core.StandardEngine.startInternal Starting Servlet Engine: Apache Tomcat/8.0.27
24-Jun-2021 08:08:18.337 INFO [localhost-startStop-1] org.apache.catalina.startup.HostConfig.deployDescriptor Deploying configuration descriptor C:\Users\gabriel\Files\UFF\2021.1\Dev Web\+\apache-tomcat-8.0.27\conf\Catalina\localhost\Old.xml
24-Jun-2021 08:08:19.100 INFO [localhost-startStop-1] org.apache.jasper.servlet.TldScanner.scanJars At least one JAR was scanned for TLDs yet contained no TLDs. Enable debug logging for this logger for a complete list of JARs that were scanned but no TLDs were found in them. Skipping unneeded JARs during scanning can improve startup time and JSP compilation time.
24-Jun-2021 08:08:19.237 INFO [localhost-startStop-1] org.apache.catalina.util.SessionIdGeneratorBase.createSecureRandom Creation of SecureRandom instance for session ID generation using [SHA1PRNG] took [101] milliseconds.
24-Jun-2021 08:08:19.313 INFO [localhost-startStop-1] org.apache.catalina.startup.HostConfig.deployDescriptor Deployment of configuration descriptor C:\Users\gabriel\Files\UFF\2021.1\Dev Web\+\apache-tomcat-8.0.27\conf\Catalina\localhost\Old.xml has finished in 976 ms
24-Jun-2021 08:08:19.313 INFO [localhost-startStop-1] org.apache.catalina.startup.HostConfig.deployDescriptor Deploying configuration descriptor C:\Users\gabriel\Files\UFF\2021.1\Dev Web\+\apache-tomcat-8.0.27\conf\Catalina\localhost\Work.xml
24-Jun-2021 08:08:19.904 INFO [localhost-startStop-1] org.apache.jasper.servlet.TldScanner.scanJars At least one JAR was scanned for TLDs yet contained no TLDs. Enable debug logging for this logger for a complete list of JARs that were scanned but no TLDs were found in them. Skipping unneeded JARs during scanning can improve startup time and JSP compilation time.
24-Jun-2021 08:08:19.929 INFO [localhost-startStop-1] org.apache.catalina.startup.HostConfig.deployDescriptor Deployment of configuration descriptor C:\Users\gabriel\Files\UFF\2021.1\Dev Web\+\apache-tomcat-8.0.27\conf\Catalina\localhost\Work.xml has finished in 616 ms
24-Jun-2021 08:08:19.930 INFO [localhost-startStop-1] org.apache.catalina.startup.HostConfig.deployDirectory Deploying web application directory C:\Users\gabriel\Files\UFF\2021.1\Dev Web\+\apache-tomcat-8.0.27\webapps\docs
24-Jun-2021 08:08:20.006 INFO [localhost-startStop-1] org.apache.catalina.startup.HostConfig.deployDirectory Deployment of web application directory C:\Users\gabriel\Files\UFF\2021.1\Dev Web\+\apache-tomcat-8.0.27\webapps\docs has finished in 76 ms
24-Jun-2021 08:08:20.006 INFO [localhost-startStop-1] org.apache.catalina.startup.HostConfig.deployDirectory Deploying web application directory C:\Users\gabriel\Files\UFF\2021.1\Dev Web\+\apache-tomcat-8.0.27\webapps\examples
24-Jun-2021 08:08:21.407 INFO [localhost-startStop-1] org.apache.catalina.startup.HostConfig.deployDirectory Deployment of web application directory C:\Users\gabriel\Files\UFF\2021.1\Dev Web\+\apache-tomcat-8.0.27\webapps\examples has finished in 1,401 ms
24-Jun-2021 08:08:21.407 INFO [localhost-startStop-1] org.apache.catalina.startup.HostConfig.deployDirectory Deploying web application directory C:\Users\gabriel\Files\UFF\2021.1\Dev Web\+\apache-tomcat-8.0.27\webapps\host-manager
24-Jun-2021 08:08:21.485 INFO [localhost-startStop-1] org.apache.catalina.startup.HostConfig.deployDirectory Deployment of web application directory C:\Users\gabriel\Files\UFF\2021.1\Dev Web\+\apache-tomcat-8.0.27\webapps\host-manager has finished in 78 ms
24-Jun-2021 08:08:21.485 INFO [localhost-startStop-1] org.apache.catalina.startup.HostConfig.deployDirectory Deploying web application directory C:\Users\gabriel\Files\UFF\2021.1\Dev Web\+\apache-tomcat-8.0.27\webapps\manager
24-Jun-2021 08:08:21.618 INFO [localhost-startStop-1] org.apache.catalina.startup.HostConfig.deployDirectory Deployment of web application directory C:\Users\gabriel\Files\UFF\2021.1\Dev Web\+\apache-tomcat-8.0.27\webapps\manager has finished in 133 ms
24-Jun-2021 08:08:21.619 INFO [localhost-startStop-1] org.apache.catalina.startup.HostConfig.deployDirectory Deploying web application directory C:\Users\gabriel\Files\UFF\2021.1\Dev Web\+\apache-tomcat-8.0.27\webapps\ROOT
24-Jun-2021 08:08:21.655 INFO [localhost-startStop-1] org.apache.catalina.startup.HostConfig.deployDirectory Deployment of web application directory C:\Users\gabriel\Files\UFF\2021.1\Dev Web\+\apache-tomcat-8.0.27\webapps\ROOT has finished in 36 ms
24-Jun-2021 08:08:21.660 INFO [main] org.apache.coyote.AbstractProtocol.start Starting ProtocolHandler ["http-apr-8080"]
24-Jun-2021 08:08:21.665 INFO [main] org.apache.coyote.AbstractProtocol.start Starting ProtocolHandler ["ajp-apr-8009"]
24-Jun-2021 08:08:21.666 INFO [main] org.apache.catalina.startup.Catalina.start Server startup in 3430 ms
24-Jun-2021 09:21:50.305 INFO [http-apr-8080-exec-3] org.apache.catalina.core.StandardContext.reload Reloading Context with name [/Work] has started
24-Jun-2021 09:21:50.311 WARNING [http-apr-8080-exec-3] org.apache.catalina.loader.WebappClassLoaderBase.clearReferencesJdbc The web application [Work] registered the JDBC driver [com.mysql.jdbc.Driver] but failed to unregister it when the web application was stopped. To prevent a memory leak, the JDBC Driver has been forcibly unregistered.
24-Jun-2021 09:21:50.628 INFO [http-apr-8080-exec-3] org.apache.jasper.servlet.TldScanner.scanJars At least one JAR was scanned for TLDs yet contained no TLDs. Enable debug logging for this logger for a complete list of JARs that were scanned but no TLDs were found in them. Skipping unneeded JARs during scanning can improve startup time and JSP compilation time.
24-Jun-2021 09:21:50.631 INFO [http-apr-8080-exec-3] org.apache.catalina.core.StandardContext.reload Reloading Context with name [/Work] is completed
24-Jun-2021 09:22:00.922 INFO [http-apr-8080-exec-11] org.apache.catalina.core.StandardContext.reload Reloading Context with name [/Work] has started
24-Jun-2021 09:22:01.094 INFO [http-apr-8080-exec-11] org.apache.jasper.servlet.TldScanner.scanJars At least one JAR was scanned for TLDs yet contained no TLDs. Enable debug logging for this logger for a complete list of JARs that were scanned but no TLDs were found in them. Skipping unneeded JARs during scanning can improve startup time and JSP compilation time.
24-Jun-2021 09:22:01.098 INFO [http-apr-8080-exec-11] org.apache.catalina.core.StandardContext.reload Reloading Context with name [/Work] is completed
24-Jun-2021 09:22:10.949 INFO [http-apr-8080-exec-9] org.apache.catalina.core.StandardContext.reload Reloading Context with name [/Work] has started
24-Jun-2021 09:22:11.134 INFO [http-apr-8080-exec-9] org.apache.jasper.servlet.TldScanner.scanJars At least one JAR was scanned for TLDs yet contained no TLDs. Enable debug logging for this logger for a complete list of JARs that were scanned but no TLDs were found in them. Skipping unneeded JARs during scanning can improve startup time and JSP compilation time.
24-Jun-2021 09:22:11.137 INFO [http-apr-8080-exec-9] org.apache.catalina.core.StandardContext.reload Reloading Context with name [/Work] is completed
24-Jun-2021 09:22:22.945 INFO [http-apr-8080-exec-1] org.apache.catalina.core.StandardContext.reload Reloading Context with name [/Work] has started
24-Jun-2021 09:22:23.116 INFO [http-apr-8080-exec-1] org.apache.jasper.servlet.TldScanner.scanJars At least one JAR was scanned for TLDs yet contained no TLDs. Enable debug logging for this logger for a complete list of JARs that were scanned but no TLDs were found in them. Skipping unneeded JARs during scanning can improve startup time and JSP compilation time.
24-Jun-2021 09:22:23.122 INFO [http-apr-8080-exec-1] org.apache.catalina.core.StandardContext.reload Reloading Context with name [/Work] is completed
24-Jun-2021 09:22:29.883 INFO [http-apr-8080-exec-9] org.apache.catalina.core.StandardContext.reload Reloading Context with name [/Work] has started
24-Jun-2021 09:22:30.080 INFO [http-apr-8080-exec-9] org.apache.jasper.servlet.TldScanner.scanJars At least one JAR was scanned for TLDs yet contained no TLDs. Enable debug logging for this logger for a complete list of JARs that were scanned but no TLDs were found in them. Skipping unneeded JARs during scanning can improve startup time and JSP compilation time.
24-Jun-2021 09:22:30.083 INFO [http-apr-8080-exec-9] org.apache.catalina.core.StandardContext.reload Reloading Context with name [/Work] is completed
24-Jun-2021 09:23:26.514 INFO [http-apr-8080-exec-12] org.apache.catalina.core.StandardContext.reload Reloading Context with name [/Work] has started
24-Jun-2021 09:23:26.693 INFO [http-apr-8080-exec-12] org.apache.jasper.servlet.TldScanner.scanJars At least one JAR was scanned for TLDs yet contained no TLDs. Enable debug logging for this logger for a complete list of JARs that were scanned but no TLDs were found in them. Skipping unneeded JARs during scanning can improve startup time and JSP compilation time.
24-Jun-2021 09:23:26.696 INFO [http-apr-8080-exec-12] org.apache.catalina.core.StandardContext.reload Reloading Context with name [/Work] is completed
24-Jun-2021 09:23:43.795 INFO [http-apr-8080-exec-9] org.apache.catalina.core.StandardContext.reload Reloading Context with name [/Work] has started
24-Jun-2021 09:23:43.982 INFO [http-apr-8080-exec-9] org.apache.jasper.servlet.TldScanner.scanJars At least one JAR was scanned for TLDs yet contained no TLDs. Enable debug logging for this logger for a complete list of JARs that were scanned but no TLDs were found in them. Skipping unneeded JARs during scanning can improve startup time and JSP compilation time.
24-Jun-2021 09:23:43.985 INFO [http-apr-8080-exec-9] org.apache.catalina.core.StandardContext.reload Reloading Context with name [/Work] is completed
24-Jun-2021 09:23:53.539 INFO [http-apr-8080-exec-12] org.apache.catalina.core.StandardContext.reload Reloading Context with name [/Work] has started
24-Jun-2021 09:23:53.699 INFO [http-apr-8080-exec-12] org.apache.jasper.servlet.TldScanner.scanJars At least one JAR was scanned for TLDs yet contained no TLDs. Enable debug logging for this logger for a complete list of JARs that were scanned but no TLDs were found in them. Skipping unneeded JARs during scanning can improve startup time and JSP compilation time.
24-Jun-2021 09:23:53.702 INFO [http-apr-8080-exec-12] org.apache.catalina.core.StandardContext.reload Reloading Context with name [/Work] is completed
24-Jun-2021 09:24:05.341 INFO [http-apr-8080-exec-16] org.apache.catalina.core.StandardContext.reload Reloading Context with name [/Work] has started
24-Jun-2021 09:24:05.503 INFO [http-apr-8080-exec-16] org.apache.jasper.servlet.TldScanner.scanJars At least one JAR was scanned for TLDs yet contained no TLDs. Enable debug logging for this logger for a complete list of JARs that were scanned but no TLDs were found in them. Skipping unneeded JARs during scanning can improve startup time and JSP compilation time.
24-Jun-2021 09:24:05.506 INFO [http-apr-8080-exec-16] org.apache.catalina.core.StandardContext.reload Reloading Context with name [/Work] is completed
24-Jun-2021 09:24:07.694 INFO [http-apr-8080-exec-16] org.apache.catalina.core.StandardContext.reload Reloading Context with name [/Work] has started
24-Jun-2021 09:24:07.866 INFO [http-apr-8080-exec-16] org.apache.jasper.servlet.TldScanner.scanJars At least one JAR was scanned for TLDs yet contained no TLDs. Enable debug logging for this logger for a complete list of JARs that were scanned but no TLDs were found in them. Skipping unneeded JARs during scanning can improve startup time and JSP compilation time.
24-Jun-2021 09:24:07.868 INFO [http-apr-8080-exec-16] org.apache.catalina.core.StandardContext.reload Reloading Context with name [/Work] is completed
24-Jun-2021 09:24:17.607 INFO [http-apr-8080-exec-9] org.apache.catalina.core.StandardContext.reload Reloading Context with name [/Work] has started
24-Jun-2021 09:24:17.780 INFO [http-apr-8080-exec-9] org.apache.jasper.servlet.TldScanner.scanJars At least one JAR was scanned for TLDs yet contained no TLDs. Enable debug logging for this logger for a complete list of JARs that were scanned but no TLDs were found in them. Skipping unneeded JARs during scanning can improve startup time and JSP compilation time.
24-Jun-2021 09:24:17.783 INFO [http-apr-8080-exec-9] org.apache.catalina.core.StandardContext.reload Reloading Context with name [/Work] is completed
24-Jun-2021 09:24:29.702 INFO [http-apr-8080-exec-20] org.apache.catalina.core.StandardContext.reload Reloading Context with name [/Work] has started
24-Jun-2021 09:24:29.863 INFO [http-apr-8080-exec-20] org.apache.jasper.servlet.TldScanner.scanJars At least one JAR was scanned for TLDs yet contained no TLDs. Enable debug logging for this logger for a complete list of JARs that were scanned but no TLDs were found in them. Skipping unneeded JARs during scanning can improve startup time and JSP compilation time.
24-Jun-2021 09:24:29.865 INFO [http-apr-8080-exec-20] org.apache.catalina.core.StandardContext.reload Reloading Context with name [/Work] is completed
24-Jun-2021 09:24:33.847 INFO [http-apr-8080-exec-20] org.apache.catalina.core.StandardContext.reload Reloading Context with name [/Work] has started
24-Jun-2021 09:24:34.029 INFO [http-apr-8080-exec-20] org.apache.jasper.servlet.TldScanner.scanJars At least one JAR was scanned for TLDs yet contained no TLDs. Enable debug logging for this logger for a complete list of JARs that were scanned but no TLDs were found in them. Skipping unneeded JARs during scanning can improve startup time and JSP compilation time.
24-Jun-2021 09:24:34.032 INFO [http-apr-8080-exec-20] org.apache.catalina.core.StandardContext.reload Reloading Context with name [/Work] is completed
24-Jun-2021 09:24:44.434 INFO [http-apr-8080-exec-9] org.apache.catalina.core.StandardContext.reload Reloading Context with name [/Work] has started
24-Jun-2021 09:24:44.593 INFO [http-apr-8080-exec-9] org.apache.jasper.servlet.TldScanner.scanJars At least one JAR was scanned for TLDs yet contained no TLDs. Enable debug logging for this logger for a complete list of JARs that were scanned but no TLDs were found in them. Skipping unneeded JARs during scanning can improve startup time and JSP compilation time.
24-Jun-2021 09:24:44.596 INFO [http-apr-8080-exec-9] org.apache.catalina.core.StandardContext.reload Reloading Context with name [/Work] is completed
24-Jun-2021 09:24:50.844 INFO [http-apr-8080-exec-23] org.apache.catalina.core.StandardContext.reload Reloading Context with name [/Work] has started
24-Jun-2021 09:24:51.001 INFO [http-apr-8080-exec-23] org.apache.jasper.servlet.TldScanner.scanJars At least one JAR was scanned for TLDs yet contained no TLDs. Enable debug logging for this logger for a complete list of JARs that were scanned but no TLDs were found in them. Skipping unneeded JARs during scanning can improve startup time and JSP compilation time.
24-Jun-2021 09:24:51.003 INFO [http-apr-8080-exec-23] org.apache.catalina.core.StandardContext.reload Reloading Context with name [/Work] is completed
24-Jun-2021 09:25:05.463 INFO [http-apr-8080-exec-9] org.apache.catalina.core.StandardContext.reload Reloading Context with name [/Work] has started
24-Jun-2021 09:25:05.621 INFO [http-apr-8080-exec-9] org.apache.jasper.servlet.TldScanner.scanJars At least one JAR was scanned for TLDs yet contained no TLDs. Enable debug logging for this logger for a complete list of JARs that were scanned but no TLDs were found in them. Skipping unneeded JARs during scanning can improve startup time and JSP compilation time.
24-Jun-2021 09:25:05.625 INFO [http-apr-8080-exec-9] org.apache.catalina.core.StandardContext.reload Reloading Context with name [/Work] is completed
24-Jun-2021 10:00:12.094 INFO [main] org.apache.catalina.core.StandardServer.await A valid shutdown command was received via the shutdown port. Stopping the Server instance.
24-Jun-2021 10:00:12.094 INFO [main] org.apache.coyote.AbstractProtocol.pause Pausing ProtocolHandler ["http-apr-8080"]
24-Jun-2021 10:00:12.152 INFO [main] org.apache.coyote.AbstractProtocol.pause Pausing ProtocolHandler ["ajp-apr-8009"]
24-Jun-2021 10:00:12.215 INFO [main] org.apache.catalina.core.StandardService.stopInternal Stopping service Catalina
24-Jun-2021 10:00:12.235 WARNING [localhost-startStop-2] org.apache.catalina.loader.WebappClassLoaderBase.clearReferencesThreads The web application [Old] appears to have started a thread named [Abandoned connection cleanup thread] but has failed to stop it. This is very likely to create a memory leak. Stack trace of thread:
 java.lang.Object.wait(Native Method)
 java.lang.ref.ReferenceQueue.remove(ReferenceQueue.java:143)
 com.mysql.jdbc.AbandonedConnectionCleanupThread.run(AbandonedConnectionCleanupThread.java:41)
24-Jun-2021 10:00:12.240 WARNING [localhost-startStop-2] org.apache.catalina.loader.WebappClassLoaderBase.clearReferencesJdbc The web application [Work] registered the JDBC driver [com.mysql.jdbc.Driver] but failed to unregister it when the web application was stopped. To prevent a memory leak, the JDBC Driver has been forcibly unregistered.
24-Jun-2021 10:00:12.241 INFO [main] org.apache.coyote.AbstractProtocol.stop Stopping ProtocolHandler ["http-apr-8080"]
24-Jun-2021 10:00:12.294 INFO [main] org.apache.coyote.AbstractProtocol.stop Stopping ProtocolHandler ["ajp-apr-8009"]
24-Jun-2021 10:00:12.355 INFO [main] org.apache.coyote.AbstractProtocol.destroy Destroying ProtocolHandler ["http-apr-8080"]
24-Jun-2021 10:00:12.356 INFO [main] org.apache.coyote.AbstractProtocol.destroy Destroying ProtocolHandler ["ajp-apr-8009"]
24-Jun-2021 13:21:58.210 INFO [main] org.apache.catalina.startup.VersionLoggerListener.log Server version:        Apache Tomcat/8.0.27
24-Jun-2021 13:21:58.211 INFO [main] org.apache.catalina.startup.VersionLoggerListener.log Server built:          Sep 28 2015 08:17:25 UTC
24-Jun-2021 13:21:58.211 INFO [main] org.apache.catalina.startup.VersionLoggerListener.log Server number:         8.0.27.0
24-Jun-2021 13:21:58.211 INFO [main] org.apache.catalina.startup.VersionLoggerListener.log OS Name:               Windows 10
24-Jun-2021 13:21:58.212 INFO [main] org.apache.catalina.startup.VersionLoggerListener.log OS Version:            10.0
24-Jun-2021 13:21:58.212 INFO [main] org.apache.catalina.startup.VersionLoggerListener.log Architecture:          amd64
24-Jun-2021 13:21:58.212 INFO [main] org.apache.catalina.startup.VersionLoggerListener.log Java Home:             C:\Program Files\Java\jdk1.8.0_111\jre
24-Jun-2021 13:21:58.212 INFO [main] org.apache.catalina.startup.VersionLoggerListener.log JVM Version:           1.8.0_111-b14
24-Jun-2021 13:21:58.212 INFO [main] org.apache.catalina.startup.VersionLoggerListener.log JVM Vendor:            Oracle Corporation
24-Jun-2021 13:21:58.212 INFO [main] org.apache.catalina.startup.VersionLoggerListener.log CATALINA_BASE:         C:\Users\gabriel\Files\UFF\2021.1\Dev Web\+\apache-tomcat-8.0.27
24-Jun-2021 13:21:58.212 INFO [main] org.apache.catalina.startup.VersionLoggerListener.log CATALINA_HOME:         C:\Users\gabriel\Files\UFF\2021.1\Dev Web\+\apache-tomcat-8.0.27
24-Jun-2021 13:21:58.212 INFO [main] org.apache.catalina.startup.VersionLoggerListener.log Command line argument: -Djava.util.logging.config.file=C:\Users\gabriel\Files\UFF\2021.1\Dev Web\+\apache-tomcat-8.0.27\conf\logging.properties
24-Jun-2021 13:21:58.212 INFO [main] org.apache.catalina.startup.VersionLoggerListener.log Command line argument: -Djava.util.logging.manager=org.apache.juli.ClassLoaderLogManager
24-Jun-2021 13:21:58.212 INFO [main] org.apache.catalina.startup.VersionLoggerListener.log Command line argument: -Djava.endorsed.dirs=C:\Users\gabriel\Files\UFF\2021.1\Dev Web\+\apache-tomcat-8.0.27\endorsed
24-Jun-2021 13:21:58.212 INFO [main] org.apache.catalina.startup.VersionLoggerListener.log Command line argument: -Dcatalina.base=C:\Users\gabriel\Files\UFF\2021.1\Dev Web\+\apache-tomcat-8.0.27
24-Jun-2021 13:21:58.212 INFO [main] org.apache.catalina.startup.VersionLoggerListener.log Command line argument: -Dcatalina.home=C:\Users\gabriel\Files\UFF\2021.1\Dev Web\+\apache-tomcat-8.0.27
24-Jun-2021 13:21:58.212 INFO [main] org.apache.catalina.startup.VersionLoggerListener.log Command line argument: -Djava.io.tmpdir=C:\Users\gabriel\Files\UFF\2021.1\Dev Web\+\apache-tomcat-8.0.27\temp
24-Jun-2021 13:21:58.212 INFO [main] org.apache.catalina.core.AprLifecycleListener.lifecycleEvent Loaded APR based Apache Tomcat Native library 1.1.33 using APR version 1.5.1.
24-Jun-2021 13:21:58.212 INFO [main] org.apache.catalina.core.AprLifecycleListener.lifecycleEvent APR capabilities: IPv6 [true], sendfile [true], accept filters [false], random [true].
24-Jun-2021 13:21:58.832 INFO [main] org.apache.catalina.core.AprLifecycleListener.initializeSSL OpenSSL successfully initialized (OpenSSL 1.0.1m 19 Mar 2015)
24-Jun-2021 13:21:59.091 INFO [main] org.apache.coyote.AbstractProtocol.init Initializing ProtocolHandler ["http-apr-8080"]
24-Jun-2021 13:21:59.116 INFO [main] org.apache.coyote.AbstractProtocol.init Initializing ProtocolHandler ["ajp-apr-8009"]
24-Jun-2021 13:21:59.117 INFO [main] org.apache.catalina.startup.Catalina.load Initialization processed in 1295 ms
24-Jun-2021 13:21:59.184 INFO [main] org.apache.catalina.core.StandardService.startInternal Starting service Catalina
24-Jun-2021 13:21:59.185 INFO [main] org.apache.catalina.core.StandardEngine.startInternal Starting Servlet Engine: Apache Tomcat/8.0.27
24-Jun-2021 13:21:59.219 INFO [localhost-startStop-1] org.apache.catalina.startup.HostConfig.deployDescriptor Deploying configuration descriptor C:\Users\gabriel\Files\UFF\2021.1\Dev Web\+\apache-tomcat-8.0.27\conf\Catalina\localhost\Old.xml
24-Jun-2021 13:22:00.065 INFO [localhost-startStop-1] org.apache.jasper.servlet.TldScanner.scanJars At least one JAR was scanned for TLDs yet contained no TLDs. Enable debug logging for this logger for a complete list of JARs that were scanned but no TLDs were found in them. Skipping unneeded JARs during scanning can improve startup time and JSP compilation time.
24-Jun-2021 13:22:00.211 INFO [localhost-startStop-1] org.apache.catalina.startup.HostConfig.deployDescriptor Deployment of configuration descriptor C:\Users\gabriel\Files\UFF\2021.1\Dev Web\+\apache-tomcat-8.0.27\conf\Catalina\localhost\Old.xml has finished in 992 ms
24-Jun-2021 13:22:00.211 INFO [localhost-startStop-1] org.apache.catalina.startup.HostConfig.deployDescriptor Deploying configuration descriptor C:\Users\gabriel\Files\UFF\2021.1\Dev Web\+\apache-tomcat-8.0.27\conf\Catalina\localhost\Work.xml
24-Jun-2021 13:22:00.711 INFO [localhost-startStop-1] org.apache.jasper.servlet.TldScanner.scanJars At least one JAR was scanned for TLDs yet contained no TLDs. Enable debug logging for this logger for a complete list of JARs that were scanned but no TLDs were found in them. Skipping unneeded JARs during scanning can improve startup time and JSP compilation time.
24-Jun-2021 13:22:00.714 INFO [localhost-startStop-1] org.apache.catalina.startup.HostConfig.deployDescriptor Deployment of configuration descriptor C:\Users\gabriel\Files\UFF\2021.1\Dev Web\+\apache-tomcat-8.0.27\conf\Catalina\localhost\Work.xml has finished in 503 ms
24-Jun-2021 13:22:00.715 INFO [localhost-startStop-1] org.apache.catalina.startup.HostConfig.deployDirectory Deploying web application directory C:\Users\gabriel\Files\UFF\2021.1\Dev Web\+\apache-tomcat-8.0.27\webapps\docs
24-Jun-2021 13:22:00.780 INFO [localhost-startStop-1] org.apache.catalina.startup.HostConfig.deployDirectory Deployment of web application directory C:\Users\gabriel\Files\UFF\2021.1\Dev Web\+\apache-tomcat-8.0.27\webapps\docs has finished in 65 ms
24-Jun-2021 13:22:00.780 INFO [localhost-startStop-1] org.apache.catalina.startup.HostConfig.deployDirectory Deploying web application directory C:\Users\gabriel\Files\UFF\2021.1\Dev Web\+\apache-tomcat-8.0.27\webapps\examples
24-Jun-2021 13:22:01.916 INFO [localhost-startStop-1] org.apache.catalina.startup.HostConfig.deployDirectory Deployment of web application directory C:\Users\gabriel\Files\UFF\2021.1\Dev Web\+\apache-tomcat-8.0.27\webapps\examples has finished in 1,136 ms
24-Jun-2021 13:22:01.916 INFO [localhost-startStop-1] org.apache.catalina.startup.HostConfig.deployDirectory Deploying web application directory C:\Users\gabriel\Files\UFF\2021.1\Dev Web\+\apache-tomcat-8.0.27\webapps\host-manager
24-Jun-2021 13:22:01.992 INFO [localhost-startStop-1] org.apache.catalina.startup.HostConfig.deployDirectory Deployment of web application directory C:\Users\gabriel\Files\UFF\2021.1\Dev Web\+\apache-tomcat-8.0.27\webapps\host-manager has finished in 76 ms
24-Jun-2021 13:22:01.992 INFO [localhost-startStop-1] org.apache.catalina.startup.HostConfig.deployDirectory Deploying web application directory C:\Users\gabriel\Files\UFF\2021.1\Dev Web\+\apache-tomcat-8.0.27\webapps\manager
24-Jun-2021 13:22:02.100 INFO [localhost-startStop-1] org.apache.catalina.startup.HostConfig.deployDirectory Deployment of web application directory C:\Users\gabriel\Files\UFF\2021.1\Dev Web\+\apache-tomcat-8.0.27\webapps\manager has finished in 108 ms
24-Jun-2021 13:22:02.101 INFO [localhost-startStop-1] org.apache.catalina.startup.HostConfig.deployDirectory Deploying web application directory C:\Users\gabriel\Files\UFF\2021.1\Dev Web\+\apache-tomcat-8.0.27\webapps\ROOT
24-Jun-2021 13:22:02.139 INFO [localhost-startStop-1] org.apache.catalina.startup.HostConfig.deployDirectory Deployment of web application directory C:\Users\gabriel\Files\UFF\2021.1\Dev Web\+\apache-tomcat-8.0.27\webapps\ROOT has finished in 38 ms
24-Jun-2021 13:22:02.146 INFO [main] org.apache.coyote.AbstractProtocol.start Starting ProtocolHandler ["http-apr-8080"]
24-Jun-2021 13:22:02.153 INFO [main] org.apache.coyote.AbstractProtocol.start Starting ProtocolHandler ["ajp-apr-8009"]
24-Jun-2021 13:22:02.154 INFO [main] org.apache.catalina.startup.Catalina.start Server startup in 3037 ms
24-Jun-2021 13:22:03.713 INFO [http-apr-8080-exec-4] org.apache.catalina.core.StandardContext.reload Reloading Context with name [/Work] has started
24-Jun-2021 13:22:04.067 INFO [http-apr-8080-exec-4] org.apache.jasper.servlet.TldScanner.scanJars At least one JAR was scanned for TLDs yet contained no TLDs. Enable debug logging for this logger for a complete list of JARs that were scanned but no TLDs were found in them. Skipping unneeded JARs during scanning can improve startup time and JSP compilation time.
24-Jun-2021 13:22:04.069 INFO [http-apr-8080-exec-4] org.apache.catalina.core.StandardContext.reload Reloading Context with name [/Work] is completed
24-Jun-2021 13:42:20.603 INFO [http-apr-8080-exec-20] org.apache.catalina.core.StandardContext.reload Reloading Context with name [/Work] has started
24-Jun-2021 13:42:20.646 WARNING [http-apr-8080-exec-20] org.apache.catalina.loader.WebappClassLoaderBase.clearReferencesJdbc The web application [Work] registered the JDBC driver [com.mysql.jdbc.Driver] but failed to unregister it when the web application was stopped. To prevent a memory leak, the JDBC Driver has been forcibly unregistered.
24-Jun-2021 13:42:21.218 INFO [http-apr-8080-exec-20] org.apache.jasper.servlet.TldScanner.scanJars At least one JAR was scanned for TLDs yet contained no TLDs. Enable debug logging for this logger for a complete list of JARs that were scanned but no TLDs were found in them. Skipping unneeded JARs during scanning can improve startup time and JSP compilation time.
24-Jun-2021 13:42:21.323 INFO [http-apr-8080-exec-20] org.apache.catalina.core.StandardContext.reload Reloading Context with name [/Work] is completed
24-Jun-2021 13:42:21.376 INFO [http-apr-8080-exec-15] org.apache.catalina.core.StandardContext.reload Reloading Context with name [/Work] has started
24-Jun-2021 13:42:21.618 INFO [http-apr-8080-exec-15] org.apache.jasper.servlet.TldScanner.scanJars At least one JAR was scanned for TLDs yet contained no TLDs. Enable debug logging for this logger for a complete list of JARs that were scanned but no TLDs were found in them. Skipping unneeded JARs during scanning can improve startup time and JSP compilation time.
24-Jun-2021 13:42:21.636 INFO [http-apr-8080-exec-15] org.apache.catalina.core.StandardContext.reload Reloading Context with name [/Work] is completed
24-Jun-2021 13:42:34.263 INFO [http-apr-8080-exec-14] org.apache.catalina.core.StandardContext.reload Reloading Context with name [/Work] has started
24-Jun-2021 13:42:34.459 INFO [http-apr-8080-exec-14] org.apache.jasper.servlet.TldScanner.scanJars At least one JAR was scanned for TLDs yet contained no TLDs. Enable debug logging for this logger for a complete list of JARs that were scanned but no TLDs were found in them. Skipping unneeded JARs during scanning can improve startup time and JSP compilation time.
24-Jun-2021 13:42:34.462 INFO [http-apr-8080-exec-14] org.apache.catalina.core.StandardContext.reload Reloading Context with name [/Work] is completed
24-Jun-2021 13:42:46.452 INFO [http-apr-8080-exec-12] org.apache.catalina.core.StandardContext.reload Reloading Context with name [/Work] has started
24-Jun-2021 13:42:46.636 INFO [http-apr-8080-exec-12] org.apache.jasper.servlet.TldScanner.scanJars At least one JAR was scanned for TLDs yet contained no TLDs. Enable debug logging for this logger for a complete list of JARs that were scanned but no TLDs were found in them. Skipping unneeded JARs during scanning can improve startup time and JSP compilation time.
24-Jun-2021 13:42:46.639 INFO [http-apr-8080-exec-12] org.apache.catalina.core.StandardContext.reload Reloading Context with name [/Work] is completed
24-Jun-2021 13:44:39.063 INFO [http-apr-8080-exec-12] org.apache.catalina.core.StandardContext.reload Reloading Context with name [/Work] has started
24-Jun-2021 13:44:39.234 INFO [http-apr-8080-exec-12] org.apache.jasper.servlet.TldScanner.scanJars At least one JAR was scanned for TLDs yet contained no TLDs. Enable debug logging for this logger for a complete list of JARs that were scanned but no TLDs were found in them. Skipping unneeded JARs during scanning can improve startup time and JSP compilation time.
24-Jun-2021 13:44:39.236 INFO [http-apr-8080-exec-12] org.apache.catalina.core.StandardContext.reload Reloading Context with name [/Work] is completed
24-Jun-2021 13:45:03.141 INFO [http-apr-8080-exec-22] org.apache.catalina.core.StandardContext.reload Reloading Context with name [/Work] has started
24-Jun-2021 13:45:03.312 INFO [http-apr-8080-exec-22] org.apache.jasper.servlet.TldScanner.scanJars At least one JAR was scanned for TLDs yet contained no TLDs. Enable debug logging for this logger for a complete list of JARs that were scanned but no TLDs were found in them. Skipping unneeded JARs during scanning can improve startup time and JSP compilation time.
24-Jun-2021 13:45:03.315 INFO [http-apr-8080-exec-22] org.apache.catalina.core.StandardContext.reload Reloading Context with name [/Work] is completed
24-Jun-2021 13:45:47.068 INFO [http-apr-8080-exec-12] org.apache.catalina.core.StandardContext.reload Reloading Context with name [/Work] has started
24-Jun-2021 13:45:47.246 INFO [http-apr-8080-exec-12] org.apache.jasper.servlet.TldScanner.scanJars At least one JAR was scanned for TLDs yet contained no TLDs. Enable debug logging for this logger for a complete list of JARs that were scanned but no TLDs were found in them. Skipping unneeded JARs during scanning can improve startup time and JSP compilation time.
24-Jun-2021 13:45:47.249 INFO [http-apr-8080-exec-12] org.apache.catalina.core.StandardContext.reload Reloading Context with name [/Work] is completed
24-Jun-2021 13:46:02.845 INFO [http-apr-8080-exec-22] org.apache.catalina.core.StandardContext.reload Reloading Context with name [/Work] has started
24-Jun-2021 13:46:03.012 INFO [http-apr-8080-exec-22] org.apache.jasper.servlet.TldScanner.scanJars At least one JAR was scanned for TLDs yet contained no TLDs. Enable debug logging for this logger for a complete list of JARs that were scanned but no TLDs were found in them. Skipping unneeded JARs during scanning can improve startup time and JSP compilation time.
24-Jun-2021 13:46:03.015 INFO [http-apr-8080-exec-22] org.apache.catalina.core.StandardContext.reload Reloading Context with name [/Work] is completed
24-Jun-2021 13:46:50.057 INFO [http-apr-8080-exec-14] org.apache.catalina.core.StandardContext.reload Reloading Context with name [/Work] has started
24-Jun-2021 13:46:50.230 INFO [http-apr-8080-exec-14] org.apache.jasper.servlet.TldScanner.scanJars At least one JAR was scanned for TLDs yet contained no TLDs. Enable debug logging for this logger for a complete list of JARs that were scanned but no TLDs were found in them. Skipping unneeded JARs during scanning can improve startup time and JSP compilation time.
24-Jun-2021 13:46:50.233 INFO [http-apr-8080-exec-14] org.apache.catalina.core.StandardContext.reload Reloading Context with name [/Work] is completed
24-Jun-2021 13:46:58.243 INFO [http-apr-8080-exec-22] org.apache.catalina.core.StandardContext.reload Reloading Context with name [/Work] has started
24-Jun-2021 13:46:58.414 INFO [http-apr-8080-exec-22] org.apache.jasper.servlet.TldScanner.scanJars At least one JAR was scanned for TLDs yet contained no TLDs. Enable debug logging for this logger for a complete list of JARs that were scanned but no TLDs were found in them. Skipping unneeded JARs during scanning can improve startup time and JSP compilation time.
24-Jun-2021 13:46:58.417 INFO [http-apr-8080-exec-22] org.apache.catalina.core.StandardContext.reload Reloading Context with name [/Work] is completed
24-Jun-2021 13:47:10.403 INFO [http-apr-8080-exec-14] org.apache.catalina.core.StandardContext.reload Reloading Context with name [/Work] has started
24-Jun-2021 13:47:10.568 INFO [http-apr-8080-exec-14] org.apache.jasper.servlet.TldScanner.scanJars At least one JAR was scanned for TLDs yet contained no TLDs. Enable debug logging for this logger for a complete list of JARs that were scanned but no TLDs were found in them. Skipping unneeded JARs during scanning can improve startup time and JSP compilation time.
24-Jun-2021 13:47:10.570 INFO [http-apr-8080-exec-14] org.apache.catalina.core.StandardContext.reload Reloading Context with name [/Work] is completed
24-Jun-2021 13:47:26.239 INFO [http-apr-8080-exec-31] org.apache.catalina.core.StandardContext.reload Reloading Context with name [/Work] has started
24-Jun-2021 13:47:26.410 INFO [http-apr-8080-exec-31] org.apache.jasper.servlet.TldScanner.scanJars At least one JAR was scanned for TLDs yet contained no TLDs. Enable debug logging for this logger for a complete list of JARs that were scanned but no TLDs were found in them. Skipping unneeded JARs during scanning can improve startup time and JSP compilation time.
24-Jun-2021 13:47:26.413 INFO [http-apr-8080-exec-31] org.apache.catalina.core.StandardContext.reload Reloading Context with name [/Work] is completed
24-Jun-2021 13:48:10.446 INFO [http-apr-8080-exec-14] org.apache.catalina.core.StandardContext.reload Reloading Context with name [/Work] has started
24-Jun-2021 13:48:10.613 INFO [http-apr-8080-exec-14] org.apache.jasper.servlet.TldScanner.scanJars At least one JAR was scanned for TLDs yet contained no TLDs. Enable debug logging for this logger for a complete list of JARs that were scanned but no TLDs were found in them. Skipping unneeded JARs during scanning can improve startup time and JSP compilation time.
24-Jun-2021 13:48:10.615 INFO [http-apr-8080-exec-14] org.apache.catalina.core.StandardContext.reload Reloading Context with name [/Work] is completed
24-Jun-2021 13:50:21.249 INFO [http-apr-8080-exec-28] org.apache.catalina.core.StandardContext.reload Reloading Context with name [/Work] has started
24-Jun-2021 13:50:21.417 INFO [http-apr-8080-exec-28] org.apache.jasper.servlet.TldScanner.scanJars At least one JAR was scanned for TLDs yet contained no TLDs. Enable debug logging for this logger for a complete list of JARs that were scanned but no TLDs were found in them. Skipping unneeded JARs during scanning can improve startup time and JSP compilation time.
24-Jun-2021 13:50:21.420 INFO [http-apr-8080-exec-28] org.apache.catalina.core.StandardContext.reload Reloading Context with name [/Work] is completed
24-Jun-2021 13:50:48.003 INFO [http-apr-8080-exec-14] org.apache.catalina.core.StandardContext.reload Reloading Context with name [/Work] has started
24-Jun-2021 13:50:48.174 INFO [http-apr-8080-exec-14] org.apache.jasper.servlet.TldScanner.scanJars At least one JAR was scanned for TLDs yet contained no TLDs. Enable debug logging for this logger for a complete list of JARs that were scanned but no TLDs were found in them. Skipping unneeded JARs during scanning can improve startup time and JSP compilation time.
24-Jun-2021 13:50:48.177 INFO [http-apr-8080-exec-14] org.apache.catalina.core.StandardContext.reload Reloading Context with name [/Work] is completed
24-Jun-2021 13:51:18.959 INFO [http-apr-8080-exec-36] org.apache.catalina.core.StandardContext.reload Reloading Context with name [/Work] has started
24-Jun-2021 13:51:19.161 INFO [http-apr-8080-exec-36] org.apache.jasper.servlet.TldScanner.scanJars At least one JAR was scanned for TLDs yet contained no TLDs. Enable debug logging for this logger for a complete list of JARs that were scanned but no TLDs were found in them. Skipping unneeded JARs during scanning can improve startup time and JSP compilation time.
24-Jun-2021 13:51:19.165 INFO [http-apr-8080-exec-36] org.apache.catalina.core.StandardContext.reload Reloading Context with name [/Work] is completed
24-Jun-2021 13:51:34.671 INFO [http-apr-8080-exec-38] org.apache.catalina.core.StandardContext.reload Reloading Context with name [/Work] has started
24-Jun-2021 13:51:34.833 INFO [http-apr-8080-exec-38] org.apache.jasper.servlet.TldScanner.scanJars At least one JAR was scanned for TLDs yet contained no TLDs. Enable debug logging for this logger for a complete list of JARs that were scanned but no TLDs were found in them. Skipping unneeded JARs during scanning can improve startup time and JSP compilation time.
24-Jun-2021 13:51:34.836 INFO [http-apr-8080-exec-38] org.apache.catalina.core.StandardContext.reload Reloading Context with name [/Work] is completed
24-Jun-2021 13:51:51.721 INFO [http-apr-8080-exec-36] org.apache.catalina.core.StandardContext.reload Reloading Context with name [/Work] has started
24-Jun-2021 13:51:51.894 INFO [http-apr-8080-exec-36] org.apache.jasper.servlet.TldScanner.scanJars At least one JAR was scanned for TLDs yet contained no TLDs. Enable debug logging for this logger for a complete list of JARs that were scanned but no TLDs were found in them. Skipping unneeded JARs during scanning can improve startup time and JSP compilation time.
24-Jun-2021 13:51:51.896 INFO [http-apr-8080-exec-36] org.apache.catalina.core.StandardContext.reload Reloading Context with name [/Work] is completed
24-Jun-2021 13:51:58.395 INFO [http-apr-8080-exec-38] org.apache.catalina.core.StandardContext.reload Reloading Context with name [/Work] has started
24-Jun-2021 13:51:58.559 INFO [http-apr-8080-exec-38] org.apache.jasper.servlet.TldScanner.scanJars At least one JAR was scanned for TLDs yet contained no TLDs. Enable debug logging for this logger for a complete list of JARs that were scanned but no TLDs were found in them. Skipping unneeded JARs during scanning can improve startup time and JSP compilation time.
24-Jun-2021 13:51:58.562 INFO [http-apr-8080-exec-38] org.apache.catalina.core.StandardContext.reload Reloading Context with name [/Work] is completed
24-Jun-2021 13:54:26.510 INFO [http-apr-8080-exec-38] org.apache.catalina.core.StandardContext.reload Reloading Context with name [/Work] has started
24-Jun-2021 13:54:26.668 INFO [http-apr-8080-exec-38] org.apache.jasper.servlet.TldScanner.scanJars At least one JAR was scanned for TLDs yet contained no TLDs. Enable debug logging for this logger for a complete list of JARs that were scanned but no TLDs were found in them. Skipping unneeded JARs during scanning can improve startup time and JSP compilation time.
24-Jun-2021 13:54:26.671 INFO [http-apr-8080-exec-38] org.apache.catalina.core.StandardContext.reload Reloading Context with name [/Work] is completed
24-Jun-2021 13:54:49.663 INFO [http-apr-8080-exec-43] org.apache.catalina.core.StandardContext.reload Reloading Context with name [/Work] has started
24-Jun-2021 13:54:49.824 INFO [http-apr-8080-exec-43] org.apache.jasper.servlet.TldScanner.scanJars At least one JAR was scanned for TLDs yet contained no TLDs. Enable debug logging for this logger for a complete list of JARs that were scanned but no TLDs were found in them. Skipping unneeded JARs during scanning can improve startup time and JSP compilation time.
24-Jun-2021 13:54:49.827 INFO [http-apr-8080-exec-43] org.apache.catalina.core.StandardContext.reload Reloading Context with name [/Work] is completed
24-Jun-2021 13:55:25.046 INFO [http-apr-8080-exec-14] org.apache.catalina.core.StandardContext.reload Reloading Context with name [/Work] has started
24-Jun-2021 13:55:25.209 INFO [http-apr-8080-exec-14] org.apache.jasper.servlet.TldScanner.scanJars At least one JAR was scanned for TLDs yet contained no TLDs. Enable debug logging for this logger for a complete list of JARs that were scanned but no TLDs were found in them. Skipping unneeded JARs during scanning can improve startup time and JSP compilation time.
24-Jun-2021 13:55:25.211 INFO [http-apr-8080-exec-14] org.apache.catalina.core.StandardContext.reload Reloading Context with name [/Work] is completed
24-Jun-2021 13:56:05.220 INFO [http-apr-8080-exec-38] org.apache.catalina.core.StandardContext.reload Reloading Context with name [/Work] has started
24-Jun-2021 13:56:05.381 INFO [http-apr-8080-exec-38] org.apache.jasper.servlet.TldScanner.scanJars At least one JAR was scanned for TLDs yet contained no TLDs. Enable debug logging for this logger for a complete list of JARs that were scanned but no TLDs were found in them. Skipping unneeded JARs during scanning can improve startup time and JSP compilation time.
24-Jun-2021 13:56:05.384 INFO [http-apr-8080-exec-38] org.apache.catalina.core.StandardContext.reload Reloading Context with name [/Work] is completed
24-Jun-2021 13:56:51.824 INFO [http-apr-8080-exec-43] org.apache.catalina.core.StandardContext.reload Reloading Context with name [/Work] has started
24-Jun-2021 13:56:52.001 INFO [http-apr-8080-exec-43] org.apache.jasper.servlet.TldScanner.scanJars At least one JAR was scanned for TLDs yet contained no TLDs. Enable debug logging for this logger for a complete list of JARs that were scanned but no TLDs were found in them. Skipping unneeded JARs during scanning can improve startup time and JSP compilation time.
24-Jun-2021 13:56:52.003 INFO [http-apr-8080-exec-43] org.apache.catalina.core.StandardContext.reload Reloading Context with name [/Work] is completed
24-Jun-2021 13:57:11.473 INFO [http-apr-8080-exec-38] org.apache.catalina.core.StandardContext.reload Reloading Context with name [/Work] has started
24-Jun-2021 13:57:11.635 INFO [http-apr-8080-exec-38] org.apache.jasper.servlet.TldScanner.scanJars At least one JAR was scanned for TLDs yet contained no TLDs. Enable debug logging for this logger for a complete list of JARs that were scanned but no TLDs were found in them. Skipping unneeded JARs during scanning can improve startup time and JSP compilation time.
24-Jun-2021 13:57:11.638 INFO [http-apr-8080-exec-38] org.apache.catalina.core.StandardContext.reload Reloading Context with name [/Work] is completed
24-Jun-2021 13:57:18.943 INFO [http-apr-8080-exec-43] org.apache.catalina.core.StandardContext.reload Reloading Context with name [/Work] has started
24-Jun-2021 13:57:19.102 INFO [http-apr-8080-exec-43] org.apache.jasper.servlet.TldScanner.scanJars At least one JAR was scanned for TLDs yet contained no TLDs. Enable debug logging for this logger for a complete list of JARs that were scanned but no TLDs were found in them. Skipping unneeded JARs during scanning can improve startup time and JSP compilation time.
24-Jun-2021 13:57:19.105 INFO [http-apr-8080-exec-43] org.apache.catalina.core.StandardContext.reload Reloading Context with name [/Work] is completed
24-Jun-2021 13:57:26.647 INFO [http-apr-8080-exec-38] org.apache.catalina.core.StandardContext.reload Reloading Context with name [/Work] has started
24-Jun-2021 13:57:26.806 INFO [http-apr-8080-exec-38] org.apache.jasper.servlet.TldScanner.scanJars At least one JAR was scanned for TLDs yet contained no TLDs. Enable debug logging for this logger for a complete list of JARs that were scanned but no TLDs were found in them. Skipping unneeded JARs during scanning can improve startup time and JSP compilation time.
24-Jun-2021 13:57:26.809 INFO [http-apr-8080-exec-38] org.apache.catalina.core.StandardContext.reload Reloading Context with name [/Work] is completed
24-Jun-2021 13:58:02.810 INFO [http-apr-8080-exec-43] org.apache.catalina.core.StandardContext.reload Reloading Context with name [/Work] has started
24-Jun-2021 13:58:02.987 INFO [http-apr-8080-exec-43] org.apache.jasper.servlet.TldScanner.scanJars At least one JAR was scanned for TLDs yet contained no TLDs. Enable debug logging for this logger for a complete list of JARs that were scanned but no TLDs were found in them. Skipping unneeded JARs during scanning can improve startup time and JSP compilation time.
24-Jun-2021 13:58:02.989 INFO [http-apr-8080-exec-43] org.apache.catalina.core.StandardContext.reload Reloading Context with name [/Work] is completed
24-Jun-2021 13:58:14.264 INFO [http-apr-8080-exec-38] org.apache.catalina.core.StandardContext.reload Reloading Context with name [/Work] has started
24-Jun-2021 13:58:14.458 INFO [http-apr-8080-exec-38] org.apache.jasper.servlet.TldScanner.scanJars At least one JAR was scanned for TLDs yet contained no TLDs. Enable debug logging for this logger for a complete list of JARs that were scanned but no TLDs were found in them. Skipping unneeded JARs during scanning can improve startup time and JSP compilation time.
24-Jun-2021 13:58:14.465 INFO [http-apr-8080-exec-38] org.apache.catalina.core.StandardContext.reload Reloading Context with name [/Work] is completed
24-Jun-2021 13:58:31.890 INFO [http-apr-8080-exec-43] org.apache.catalina.core.StandardContext.reload Reloading Context with name [/Work] has started
24-Jun-2021 13:58:32.047 INFO [http-apr-8080-exec-43] org.apache.jasper.servlet.TldScanner.scanJars At least one JAR was scanned for TLDs yet contained no TLDs. Enable debug logging for this logger for a complete list of JARs that were scanned but no TLDs were found in them. Skipping unneeded JARs during scanning can improve startup time and JSP compilation time.
24-Jun-2021 13:58:32.050 INFO [http-apr-8080-exec-43] org.apache.catalina.core.StandardContext.reload Reloading Context with name [/Work] is completed
24-Jun-2021 13:58:52.250 INFO [http-apr-8080-exec-38] org.apache.catalina.core.StandardContext.reload Reloading Context with name [/Work] has started
24-Jun-2021 13:58:52.415 INFO [http-apr-8080-exec-38] org.apache.jasper.servlet.TldScanner.scanJars At least one JAR was scanned for TLDs yet contained no TLDs. Enable debug logging for this logger for a complete list of JARs that were scanned but no TLDs were found in them. Skipping unneeded JARs during scanning can improve startup time and JSP compilation time.
24-Jun-2021 13:58:52.417 INFO [http-apr-8080-exec-38] org.apache.catalina.core.StandardContext.reload Reloading Context with name [/Work] is completed
24-Jun-2021 14:06:28.700 INFO [http-apr-8080-exec-65] org.apache.catalina.core.StandardContext.reload Reloading Context with name [/Work] has started
24-Jun-2021 14:06:28.705 WARNING [http-apr-8080-exec-65] org.apache.catalina.loader.WebappClassLoaderBase.clearReferencesJdbc The web application [Work] registered the JDBC driver [com.mysql.jdbc.Driver] but failed to unregister it when the web application was stopped. To prevent a memory leak, the JDBC Driver has been forcibly unregistered.
24-Jun-2021 14:06:28.882 INFO [http-apr-8080-exec-65] org.apache.jasper.servlet.TldScanner.scanJars At least one JAR was scanned for TLDs yet contained no TLDs. Enable debug logging for this logger for a complete list of JARs that were scanned but no TLDs were found in them. Skipping unneeded JARs during scanning can improve startup time and JSP compilation time.
24-Jun-2021 14:06:28.886 INFO [http-apr-8080-exec-65] org.apache.catalina.core.StandardContext.reload Reloading Context with name [/Work] is completed
24-Jun-2021 14:06:36.771 INFO [http-apr-8080-exec-58] org.apache.catalina.core.StandardContext.reload Reloading Context with name [/Work] has started
24-Jun-2021 14:06:36.929 INFO [http-apr-8080-exec-58] org.apache.jasper.servlet.TldScanner.scanJars At least one JAR was scanned for TLDs yet contained no TLDs. Enable debug logging for this logger for a complete list of JARs that were scanned but no TLDs were found in them. Skipping unneeded JARs during scanning can improve startup time and JSP compilation time.
24-Jun-2021 14:06:36.932 INFO [http-apr-8080-exec-58] org.apache.catalina.core.StandardContext.reload Reloading Context with name [/Work] is completed
24-Jun-2021 14:06:50.602 INFO [http-apr-8080-exec-62] org.apache.catalina.core.StandardContext.reload Reloading Context with name [/Work] has started
24-Jun-2021 14:06:50.761 INFO [http-apr-8080-exec-62] org.apache.jasper.servlet.TldScanner.scanJars At least one JAR was scanned for TLDs yet contained no TLDs. Enable debug logging for this logger for a complete list of JARs that were scanned but no TLDs were found in them. Skipping unneeded JARs during scanning can improve startup time and JSP compilation time.
24-Jun-2021 14:06:50.763 INFO [http-apr-8080-exec-62] org.apache.catalina.core.StandardContext.reload Reloading Context with name [/Work] is completed
24-Jun-2021 14:07:02.922 INFO [http-apr-8080-exec-62] org.apache.catalina.core.StandardContext.reload Reloading Context with name [/Work] has started
24-Jun-2021 14:07:03.096 INFO [http-apr-8080-exec-62] org.apache.jasper.servlet.TldScanner.scanJars At least one JAR was scanned for TLDs yet contained no TLDs. Enable debug logging for this logger for a complete list of JARs that were scanned but no TLDs were found in them. Skipping unneeded JARs during scanning can improve startup time and JSP compilation time.
24-Jun-2021 14:07:03.098 INFO [http-apr-8080-exec-62] org.apache.catalina.core.StandardContext.reload Reloading Context with name [/Work] is completed
24-Jun-2021 14:07:15.435 INFO [http-apr-8080-exec-62] org.apache.catalina.core.StandardContext.reload Reloading Context with name [/Work] has started
24-Jun-2021 14:07:15.593 INFO [http-apr-8080-exec-62] org.apache.jasper.servlet.TldScanner.scanJars At least one JAR was scanned for TLDs yet contained no TLDs. Enable debug logging for this logger for a complete list of JARs that were scanned but no TLDs were found in them. Skipping unneeded JARs during scanning can improve startup time and JSP compilation time.
24-Jun-2021 14:07:15.595 INFO [http-apr-8080-exec-62] org.apache.catalina.core.StandardContext.reload Reloading Context with name [/Work] is completed
24-Jun-2021 14:08:20.460 INFO [http-apr-8080-exec-62] org.apache.catalina.core.StandardContext.reload Reloading Context with name [/Work] has started
24-Jun-2021 14:08:20.484 SEVERE [http-apr-8080-exec-62] org.apache.catalina.core.StandardContext.reload Exception starting Context with name [/Work]
 org.apache.catalina.LifecycleException: Failed to start component [StandardEngine[Catalina].StandardHost[localhost].StandardContext[/Work]]
	at org.apache.catalina.util.LifecycleBase.start(LifecycleBase.java:154)
	at org.apache.catalina.core.StandardContext.reload(StandardContext.java:3755)
	at org.apache.catalina.manager.ManagerServlet.reload(ManagerServlet.java:1006)
	at org.apache.catalina.manager.ManagerServlet.doGet(ManagerServlet.java:354)
	at javax.servlet.http.HttpServlet.service(HttpServlet.java:622)
	at javax.servlet.http.HttpServlet.service(HttpServlet.java:729)
	at org.apache.catalina.core.ApplicationFilterChain.internalDoFilter(ApplicationFilterChain.java:291)
	at org.apache.catalina.core.ApplicationFilterChain.doFilter(ApplicationFilterChain.java:206)
	at org.apache.tomcat.websocket.server.WsFilter.doFilter(WsFilter.java:52)
	at org.apache.catalina.core.ApplicationFilterChain.internalDoFilter(ApplicationFilterChain.java:239)
	at org.apache.catalina.core.ApplicationFilterChain.doFilter(ApplicationFilterChain.java:206)
	at org.apache.catalina.filters.SetCharacterEncodingFilter.doFilter(SetCharacterEncodingFilter.java:108)
	at org.apache.catalina.core.ApplicationFilterChain.internalDoFilter(ApplicationFilterChain.java:239)
	at org.apache.catalina.core.ApplicationFilterChain.doFilter(ApplicationFilterChain.java:206)
	at org.apache.catalina.core.StandardWrapperValve.invoke(StandardWrapperValve.java:217)
	at org.apache.catalina.core.StandardContextValve.invoke(StandardContextValve.java:106)
	at org.apache.catalina.authenticator.AuthenticatorBase.invoke(AuthenticatorBase.java:614)
	at org.apache.catalina.core.StandardHostValve.invoke(StandardHostValve.java:142)
	at org.apache.catalina.valves.ErrorReportValve.invoke(ErrorReportValve.java:79)
	at org.apache.catalina.valves.AbstractAccessLogValve.invoke(AbstractAccessLogValve.java:616)
	at org.apache.catalina.core.StandardEngineValve.invoke(StandardEngineValve.java:88)
	at org.apache.catalina.connector.CoyoteAdapter.service(CoyoteAdapter.java:518)
	at org.apache.coyote.http11.AbstractHttp11Processor.process(AbstractHttp11Processor.java:1091)
	at org.apache.coyote.AbstractProtocol$AbstractConnectionHandler.process(AbstractProtocol.java:673)
	at org.apache.tomcat.util.net.AprEndpoint$SocketProcessor.doRun(AprEndpoint.java:2503)
	at org.apache.tomcat.util.net.AprEndpoint$SocketProcessor.run(AprEndpoint.java:2492)
	at java.util.concurrent.ThreadPoolExecutor.runWorker(ThreadPoolExecutor.java:1142)
	at java.util.concurrent.ThreadPoolExecutor$Worker.run(ThreadPoolExecutor.java:617)
	at org.apache.tomcat.util.threads.TaskThread$WrappingRunnable.run(TaskThread.java:61)
	at java.lang.Thread.run(Thread.java:745)
Caused by: java.lang.IllegalArgumentException: The servlets named [BalanceteController] and [ContaController] are both mapped to the url-pattern [/ContaController] which is not permitted
	at org.apache.tomcat.util.descriptor.web.WebXml.addServletMapping(WebXml.java:308)
	at org.apache.catalina.startup.ContextConfig.processAnnotationWebServlet(ContextConfig.java:2342)
	at org.apache.catalina.startup.ContextConfig.processAnnotationsStream(ContextConfig.java:2024)
	at org.apache.catalina.startup.ContextConfig.processAnnotationsWebResource(ContextConfig.java:1918)
	at org.apache.catalina.startup.ContextConfig.processAnnotationsWebResource(ContextConfig.java:1913)
	at org.apache.catalina.startup.ContextConfig.webConfig(ContextConfig.java:1139)
	at org.apache.catalina.startup.ContextConfig.configureStart(ContextConfig.java:771)
	at org.apache.catalina.startup.ContextConfig.lifecycleEvent(ContextConfig.java:305)
	at org.apache.catalina.util.LifecycleSupport.fireLifecycleEvent(LifecycleSupport.java:95)
	at org.apache.catalina.util.LifecycleBase.fireLifecycleEvent(LifecycleBase.java:90)
	at org.apache.catalina.core.StandardContext.startInternal(StandardContext.java:5080)
	at org.apache.catalina.util.LifecycleBase.start(LifecycleBase.java:150)
	... 29 more

24-Jun-2021 14:08:20.490 INFO [http-apr-8080-exec-62] org.apache.catalina.core.StandardContext.reload Reloading Context with name [/Work] is completed
24-Jun-2021 14:33:42.595 INFO [http-apr-8080-exec-76] org.apache.catalina.startup.HostConfig.undeploy Undeploying context [/Work]
24-Jun-2021 14:33:42.653 INFO [http-apr-8080-exec-78] org.apache.catalina.startup.HostConfig.deployDescriptor Deploying configuration descriptor C:\Users\gabriel\Files\UFF\2021.1\Dev Web\+\apache-tomcat-8.0.27\conf\Catalina\localhost\Work.xml
24-Jun-2021 14:33:42.878 INFO [http-apr-8080-exec-78] org.apache.jasper.servlet.TldScanner.scanJars At least one JAR was scanned for TLDs yet contained no TLDs. Enable debug logging for this logger for a complete list of JARs that were scanned but no TLDs were found in them. Skipping unneeded JARs during scanning can improve startup time and JSP compilation time.
24-Jun-2021 14:33:42.879 INFO [http-apr-8080-exec-78] org.apache.catalina.startup.HostConfig.deployDescriptor Deployment of configuration descriptor C:\Users\gabriel\Files\UFF\2021.1\Dev Web\+\apache-tomcat-8.0.27\conf\Catalina\localhost\Work.xml has finished in 227 ms
24-Jun-2021 14:33:42.881 INFO [http-apr-8080-exec-77] org.apache.catalina.util.LifecycleBase.start The start() method was called on component [StandardEngine[Catalina].StandardHost[localhost].StandardContext[/Work]] after start() had already been called. The second call will be ignored.
24-Jun-2021 14:33:49.741 INFO [http-apr-8080-exec-80] org.apache.catalina.core.StandardContext.reload Reloading Context with name [/Work] has started
24-Jun-2021 14:33:49.822 INFO [http-apr-8080-exec-80] org.apache.jasper.servlet.TldScanner.scanJars At least one JAR was scanned for TLDs yet contained no TLDs. Enable debug logging for this logger for a complete list of JARs that were scanned but no TLDs were found in them. Skipping unneeded JARs during scanning can improve startup time and JSP compilation time.
24-Jun-2021 14:33:49.824 INFO [http-apr-8080-exec-80] org.apache.catalina.core.StandardContext.reload Reloading Context with name [/Work] is completed
24-Jun-2021 14:34:21.115 INFO [http-apr-8080-exec-77] org.apache.catalina.core.StandardContext.reload Reloading Context with name [/Work] has started
24-Jun-2021 14:34:21.275 INFO [http-apr-8080-exec-77] org.apache.jasper.servlet.TldScanner.scanJars At least one JAR was scanned for TLDs yet contained no TLDs. Enable debug logging for this logger for a complete list of JARs that were scanned but no TLDs were found in them. Skipping unneeded JARs during scanning can improve startup time and JSP compilation time.
24-Jun-2021 14:34:21.276 INFO [http-apr-8080-exec-77] org.apache.catalina.core.StandardContext.reload Reloading Context with name [/Work] is completed
24-Jun-2021 14:35:52.626 INFO [http-apr-8080-exec-80] org.apache.catalina.core.StandardContext.reload Reloading Context with name [/Work] has started
24-Jun-2021 14:35:52.788 INFO [http-apr-8080-exec-80] org.apache.jasper.servlet.TldScanner.scanJars At least one JAR was scanned for TLDs yet contained no TLDs. Enable debug logging for this logger for a complete list of JARs that were scanned but no TLDs were found in them. Skipping unneeded JARs during scanning can improve startup time and JSP compilation time.
24-Jun-2021 14:35:52.789 INFO [http-apr-8080-exec-80] org.apache.catalina.core.StandardContext.reload Reloading Context with name [/Work] is completed
24-Jun-2021 14:36:47.683 INFO [http-apr-8080-exec-77] org.apache.catalina.core.StandardContext.reload Reloading Context with name [/Work] has started
24-Jun-2021 14:36:47.848 INFO [http-apr-8080-exec-77] org.apache.jasper.servlet.TldScanner.scanJars At least one JAR was scanned for TLDs yet contained no TLDs. Enable debug logging for this logger for a complete list of JARs that were scanned but no TLDs were found in them. Skipping unneeded JARs during scanning can improve startup time and JSP compilation time.
24-Jun-2021 14:36:47.849 INFO [http-apr-8080-exec-77] org.apache.catalina.core.StandardContext.reload Reloading Context with name [/Work] is completed
24-Jun-2021 14:36:53.564 INFO [http-apr-8080-exec-80] org.apache.catalina.core.StandardContext.reload Reloading Context with name [/Work] has started
24-Jun-2021 14:36:53.641 INFO [http-apr-8080-exec-80] org.apache.jasper.servlet.TldScanner.scanJars At least one JAR was scanned for TLDs yet contained no TLDs. Enable debug logging for this logger for a complete list of JARs that were scanned but no TLDs were found in them. Skipping unneeded JARs during scanning can improve startup time and JSP compilation time.
24-Jun-2021 14:36:53.642 INFO [http-apr-8080-exec-80] org.apache.catalina.core.StandardContext.reload Reloading Context with name [/Work] is completed
24-Jun-2021 14:37:44.050 INFO [http-apr-8080-exec-77] org.apache.catalina.core.StandardContext.reload Reloading Context with name [/Work] has started
24-Jun-2021 14:37:44.209 INFO [http-apr-8080-exec-77] org.apache.jasper.servlet.TldScanner.scanJars At least one JAR was scanned for TLDs yet contained no TLDs. Enable debug logging for this logger for a complete list of JARs that were scanned but no TLDs were found in them. Skipping unneeded JARs during scanning can improve startup time and JSP compilation time.
24-Jun-2021 14:37:44.210 INFO [http-apr-8080-exec-77] org.apache.catalina.core.StandardContext.reload Reloading Context with name [/Work] is completed
24-Jun-2021 14:37:54.305 INFO [http-apr-8080-exec-80] org.apache.catalina.core.StandardContext.reload Reloading Context with name [/Work] has started
24-Jun-2021 14:37:54.388 INFO [http-apr-8080-exec-80] org.apache.jasper.servlet.TldScanner.scanJars At least one JAR was scanned for TLDs yet contained no TLDs. Enable debug logging for this logger for a complete list of JARs that were scanned but no TLDs were found in them. Skipping unneeded JARs during scanning can improve startup time and JSP compilation time.
24-Jun-2021 14:37:54.389 INFO [http-apr-8080-exec-80] org.apache.catalina.core.StandardContext.reload Reloading Context with name [/Work] is completed
24-Jun-2021 14:38:08.627 INFO [http-apr-8080-exec-77] org.apache.catalina.core.StandardContext.reload Reloading Context with name [/Work] has started
24-Jun-2021 14:38:08.708 INFO [http-apr-8080-exec-77] org.apache.jasper.servlet.TldScanner.scanJars At least one JAR was scanned for TLDs yet contained no TLDs. Enable debug logging for this logger for a complete list of JARs that were scanned but no TLDs were found in them. Skipping unneeded JARs during scanning can improve startup time and JSP compilation time.
24-Jun-2021 14:38:08.709 INFO [http-apr-8080-exec-77] org.apache.catalina.core.StandardContext.reload Reloading Context with name [/Work] is completed
24-Jun-2021 14:38:08.757 INFO [http-apr-8080-exec-92] org.apache.catalina.core.StandardContext.reload Reloading Context with name [/Work] has started
24-Jun-2021 14:38:08.833 INFO [http-apr-8080-exec-92] org.apache.jasper.servlet.TldScanner.scanJars At least one JAR was scanned for TLDs yet contained no TLDs. Enable debug logging for this logger for a complete list of JARs that were scanned but no TLDs were found in them. Skipping unneeded JARs during scanning can improve startup time and JSP compilation time.
24-Jun-2021 14:38:08.834 INFO [http-apr-8080-exec-92] org.apache.catalina.core.StandardContext.reload Reloading Context with name [/Work] is completed
24-Jun-2021 14:42:17.545 INFO [http-apr-8080-exec-77] org.apache.catalina.core.StandardContext.reload Reloading Context with name [/Work] has started
24-Jun-2021 14:42:17.698 INFO [http-apr-8080-exec-77] org.apache.jasper.servlet.TldScanner.scanJars At least one JAR was scanned for TLDs yet contained no TLDs. Enable debug logging for this logger for a complete list of JARs that were scanned but no TLDs were found in them. Skipping unneeded JARs during scanning can improve startup time and JSP compilation time.
24-Jun-2021 14:42:17.699 INFO [http-apr-8080-exec-77] org.apache.catalina.core.StandardContext.reload Reloading Context with name [/Work] is completed
24-Jun-2021 14:43:14.199 INFO [http-apr-8080-exec-80] org.apache.catalina.core.StandardContext.reload Reloading Context with name [/Work] has started
24-Jun-2021 14:43:14.372 INFO [http-apr-8080-exec-80] org.apache.jasper.servlet.TldScanner.scanJars At least one JAR was scanned for TLDs yet contained no TLDs. Enable debug logging for this logger for a complete list of JARs that were scanned but no TLDs were found in them. Skipping unneeded JARs during scanning can improve startup time and JSP compilation time.
24-Jun-2021 14:43:14.373 INFO [http-apr-8080-exec-80] org.apache.catalina.core.StandardContext.reload Reloading Context with name [/Work] is completed
24-Jun-2021 14:43:21.389 INFO [http-apr-8080-exec-77] org.apache.catalina.core.StandardContext.reload Reloading Context with name [/Work] has started
24-Jun-2021 14:43:21.468 INFO [http-apr-8080-exec-77] org.apache.jasper.servlet.TldScanner.scanJars At least one JAR was scanned for TLDs yet contained no TLDs. Enable debug logging for this logger for a complete list of JARs that were scanned but no TLDs were found in them. Skipping unneeded JARs during scanning can improve startup time and JSP compilation time.
24-Jun-2021 14:43:21.470 INFO [http-apr-8080-exec-77] org.apache.catalina.core.StandardContext.reload Reloading Context with name [/Work] is completed
24-Jun-2021 14:44:09.523 INFO [http-apr-8080-exec-80] org.apache.catalina.core.StandardContext.reload Reloading Context with name [/Work] has started
24-Jun-2021 14:44:09.695 INFO [http-apr-8080-exec-80] org.apache.jasper.servlet.TldScanner.scanJars At least one JAR was scanned for TLDs yet contained no TLDs. Enable debug logging for this logger for a complete list of JARs that were scanned but no TLDs were found in them. Skipping unneeded JARs during scanning can improve startup time and JSP compilation time.
24-Jun-2021 14:44:09.696 INFO [http-apr-8080-exec-80] org.apache.catalina.core.StandardContext.reload Reloading Context with name [/Work] is completed
24-Jun-2021 14:45:26.564 INFO [http-apr-8080-exec-77] org.apache.catalina.core.StandardContext.reload Reloading Context with name [/Work] has started
24-Jun-2021 14:45:26.722 INFO [http-apr-8080-exec-77] org.apache.jasper.servlet.TldScanner.scanJars At least one JAR was scanned for TLDs yet contained no TLDs. Enable debug logging for this logger for a complete list of JARs that were scanned but no TLDs were found in them. Skipping unneeded JARs during scanning can improve startup time and JSP compilation time.
24-Jun-2021 14:45:26.724 INFO [http-apr-8080-exec-77] org.apache.catalina.core.StandardContext.reload Reloading Context with name [/Work] is completed
24-Jun-2021 14:46:04.209 INFO [http-apr-8080-exec-101] org.apache.catalina.core.StandardContext.reload Reloading Context with name [/Work] has started
24-Jun-2021 14:46:04.368 INFO [http-apr-8080-exec-101] org.apache.jasper.servlet.TldScanner.scanJars At least one JAR was scanned for TLDs yet contained no TLDs. Enable debug logging for this logger for a complete list of JARs that were scanned but no TLDs were found in them. Skipping unneeded JARs during scanning can improve startup time and JSP compilation time.
24-Jun-2021 14:46:04.369 INFO [http-apr-8080-exec-101] org.apache.catalina.core.StandardContext.reload Reloading Context with name [/Work] is completed
24-Jun-2021 14:46:54.015 INFO [http-apr-8080-exec-77] org.apache.catalina.core.StandardContext.reload Reloading Context with name [/Work] has started
24-Jun-2021 14:46:54.173 INFO [http-apr-8080-exec-77] org.apache.jasper.servlet.TldScanner.scanJars At least one JAR was scanned for TLDs yet contained no TLDs. Enable debug logging for this logger for a complete list of JARs that were scanned but no TLDs were found in them. Skipping unneeded JARs during scanning can improve startup time and JSP compilation time.
24-Jun-2021 14:46:54.175 INFO [http-apr-8080-exec-77] org.apache.catalina.core.StandardContext.reload Reloading Context with name [/Work] is completed
24-Jun-2021 15:12:16.719 INFO [http-apr-8080-exec-112] org.apache.catalina.core.StandardContext.reload Reloading Context with name [/Work] has started
24-Jun-2021 15:12:16.761 WARNING [http-apr-8080-exec-112] org.apache.catalina.loader.WebappClassLoaderBase.clearReferencesThreads The web application [Work] appears to have started a thread named [Abandoned connection cleanup thread] but has failed to stop it. This is very likely to create a memory leak. Stack trace of thread:
 java.lang.Object.wait(Native Method)
 java.lang.ref.ReferenceQueue.remove(ReferenceQueue.java:143)
 com.mysql.jdbc.AbandonedConnectionCleanupThread.run(AbandonedConnectionCleanupThread.java:41)
24-Jun-2021 15:12:17.210 INFO [http-apr-8080-exec-112] org.apache.jasper.servlet.TldScanner.scanJars At least one JAR was scanned for TLDs yet contained no TLDs. Enable debug logging for this logger for a complete list of JARs that were scanned but no TLDs were found in them. Skipping unneeded JARs during scanning can improve startup time and JSP compilation time.
24-Jun-2021 15:12:17.211 INFO [http-apr-8080-exec-112] org.apache.catalina.core.StandardContext.reload Reloading Context with name [/Work] is completed
24-Jun-2021 15:12:22.354 INFO [http-apr-8080-exec-113] org.apache.catalina.core.StandardContext.reload Reloading Context with name [/Work] has started
24-Jun-2021 15:12:22.359 WARNING [http-apr-8080-exec-113] org.apache.catalina.loader.WebappClassLoaderBase.clearReferencesThreads The web application [Work] appears to have started a thread named [Abandoned connection cleanup thread] but has failed to stop it. This is very likely to create a memory leak. Stack trace of thread:
 java.lang.Object.wait(Native Method)
 java.lang.ref.ReferenceQueue.remove(ReferenceQueue.java:143)
 com.mysql.jdbc.AbandonedConnectionCleanupThread.run(AbandonedConnectionCleanupThread.java:41)
24-Jun-2021 15:12:22.433 INFO [http-apr-8080-exec-113] org.apache.jasper.servlet.TldScanner.scanJars At least one JAR was scanned for TLDs yet contained no TLDs. Enable debug logging for this logger for a complete list of JARs that were scanned but no TLDs were found in them. Skipping unneeded JARs during scanning can improve startup time and JSP compilation time.
24-Jun-2021 15:12:22.434 INFO [http-apr-8080-exec-113] org.apache.catalina.core.StandardContext.reload Reloading Context with name [/Work] is completed
24-Jun-2021 15:12:46.832 INFO [http-apr-8080-exec-115] org.apache.catalina.core.StandardContext.reload Reloading Context with name [/Work] has started
24-Jun-2021 15:12:46.839 WARNING [http-apr-8080-exec-115] org.apache.catalina.loader.WebappClassLoaderBase.clearReferencesThreads The web application [Work] appears to have started a thread named [Abandoned connection cleanup thread] but has failed to stop it. This is very likely to create a memory leak. Stack trace of thread:
 java.lang.Object.wait(Native Method)
 java.lang.ref.ReferenceQueue.remove(ReferenceQueue.java:143)
 com.mysql.jdbc.AbandonedConnectionCleanupThread.run(AbandonedConnectionCleanupThread.java:41)
24-Jun-2021 15:12:46.936 INFO [http-apr-8080-exec-115] org.apache.jasper.servlet.TldScanner.scanJars At least one JAR was scanned for TLDs yet contained no TLDs. Enable debug logging for this logger for a complete list of JARs that were scanned but no TLDs were found in them. Skipping unneeded JARs during scanning can improve startup time and JSP compilation time.
24-Jun-2021 15:12:46.937 INFO [http-apr-8080-exec-115] org.apache.catalina.core.StandardContext.reload Reloading Context with name [/Work] is completed
24-Jun-2021 15:13:02.369 INFO [http-apr-8080-exec-113] org.apache.catalina.core.StandardContext.reload Reloading Context with name [/Work] has started
24-Jun-2021 15:13:02.373 WARNING [http-apr-8080-exec-113] org.apache.catalina.loader.WebappClassLoaderBase.clearReferencesThreads The web application [Work] appears to have started a thread named [Abandoned connection cleanup thread] but has failed to stop it. This is very likely to create a memory leak. Stack trace of thread:
 java.lang.Object.wait(Native Method)
 java.lang.ref.ReferenceQueue.remove(ReferenceQueue.java:143)
 com.mysql.jdbc.AbandonedConnectionCleanupThread.run(AbandonedConnectionCleanupThread.java:41)
24-Jun-2021 15:13:02.526 INFO [http-apr-8080-exec-113] org.apache.jasper.servlet.TldScanner.scanJars At least one JAR was scanned for TLDs yet contained no TLDs. Enable debug logging for this logger for a complete list of JARs that were scanned but no TLDs were found in them. Skipping unneeded JARs during scanning can improve startup time and JSP compilation time.
24-Jun-2021 15:13:02.527 INFO [http-apr-8080-exec-113] org.apache.catalina.core.StandardContext.reload Reloading Context with name [/Work] is completed
24-Jun-2021 15:13:45.189 INFO [http-apr-8080-exec-115] org.apache.catalina.core.StandardContext.reload Reloading Context with name [/Work] has started
24-Jun-2021 15:13:45.197 WARNING [http-apr-8080-exec-115] org.apache.catalina.loader.WebappClassLoaderBase.clearReferencesThreads The web application [Work] appears to have started a thread named [Abandoned connection cleanup thread] but has failed to stop it. This is very likely to create a memory leak. Stack trace of thread:
 java.lang.Object.wait(Native Method)
 java.lang.ref.ReferenceQueue.remove(ReferenceQueue.java:143)
 com.mysql.jdbc.AbandonedConnectionCleanupThread.run(AbandonedConnectionCleanupThread.java:41)
24-Jun-2021 15:13:45.348 INFO [http-apr-8080-exec-115] org.apache.jasper.servlet.TldScanner.scanJars At least one JAR was scanned for TLDs yet contained no TLDs. Enable debug logging for this logger for a complete list of JARs that were scanned but no TLDs were found in them. Skipping unneeded JARs during scanning can improve startup time and JSP compilation time.
24-Jun-2021 15:13:45.349 INFO [http-apr-8080-exec-115] org.apache.catalina.core.StandardContext.reload Reloading Context with name [/Work] is completed
24-Jun-2021 15:16:05.168 INFO [http-apr-8080-exec-113] org.apache.catalina.core.StandardContext.reload Reloading Context with name [/Work] has started
24-Jun-2021 15:16:05.176 WARNING [http-apr-8080-exec-113] org.apache.catalina.loader.WebappClassLoaderBase.clearReferencesThreads The web application [Work] appears to have started a thread named [Abandoned connection cleanup thread] but has failed to stop it. This is very likely to create a memory leak. Stack trace of thread:
 com.mysql.jdbc.AbandonedConnectionCleanupThread.run(AbandonedConnectionCleanupThread.java:37)
24-Jun-2021 15:16:05.329 INFO [http-apr-8080-exec-113] org.apache.jasper.servlet.TldScanner.scanJars At least one JAR was scanned for TLDs yet contained no TLDs. Enable debug logging for this logger for a complete list of JARs that were scanned but no TLDs were found in them. Skipping unneeded JARs during scanning can improve startup time and JSP compilation time.
24-Jun-2021 15:16:05.330 INFO [http-apr-8080-exec-113] org.apache.catalina.core.StandardContext.reload Reloading Context with name [/Work] is completed
24-Jun-2021 15:26:11.175 INFO [http-apr-8080-exec-133] org.apache.catalina.core.StandardContext.reload Reloading Context with name [/Work] has started
24-Jun-2021 15:26:11.183 WARNING [http-apr-8080-exec-133] org.apache.catalina.loader.WebappClassLoaderBase.clearReferencesThreads The web application [Work] appears to have started a thread named [Abandoned connection cleanup thread] but has failed to stop it. This is very likely to create a memory leak. Stack trace of thread:
 java.lang.Object.wait(Native Method)
 java.lang.ref.ReferenceQueue.remove(ReferenceQueue.java:143)
 com.mysql.jdbc.AbandonedConnectionCleanupThread.run(AbandonedConnectionCleanupThread.java:41)
24-Jun-2021 15:26:11.344 INFO [http-apr-8080-exec-133] org.apache.jasper.servlet.TldScanner.scanJars At least one JAR was scanned for TLDs yet contained no TLDs. Enable debug logging for this logger for a complete list of JARs that were scanned but no TLDs were found in them. Skipping unneeded JARs during scanning can improve startup time and JSP compilation time.
24-Jun-2021 15:26:11.345 INFO [http-apr-8080-exec-133] org.apache.catalina.core.StandardContext.reload Reloading Context with name [/Work] is completed
24-Jun-2021 15:26:33.624 INFO [http-apr-8080-exec-129] org.apache.catalina.core.StandardContext.reload Reloading Context with name [/Work] has started
24-Jun-2021 15:26:33.629 WARNING [http-apr-8080-exec-129] org.apache.catalina.loader.WebappClassLoaderBase.clearReferencesThreads The web application [Work] appears to have started a thread named [Abandoned connection cleanup thread] but has failed to stop it. This is very likely to create a memory leak. Stack trace of thread:
 java.lang.Object.wait(Native Method)
 java.lang.ref.ReferenceQueue.remove(ReferenceQueue.java:143)
 com.mysql.jdbc.AbandonedConnectionCleanupThread.run(AbandonedConnectionCleanupThread.java:41)
24-Jun-2021 15:26:33.724 INFO [http-apr-8080-exec-129] org.apache.jasper.servlet.TldScanner.scanJars At least one JAR was scanned for TLDs yet contained no TLDs. Enable debug logging for this logger for a complete list of JARs that were scanned but no TLDs were found in them. Skipping unneeded JARs during scanning can improve startup time and JSP compilation time.
24-Jun-2021 15:26:33.725 INFO [http-apr-8080-exec-129] org.apache.catalina.core.StandardContext.reload Reloading Context with name [/Work] is completed
24-Jun-2021 15:29:32.720 INFO [http-apr-8080-exec-143] org.apache.catalina.core.StandardContext.reload Reloading Context with name [/Work] has started
24-Jun-2021 15:29:32.727 WARNING [http-apr-8080-exec-143] org.apache.catalina.loader.WebappClassLoaderBase.clearReferencesThreads The web application [Work] appears to have started a thread named [Abandoned connection cleanup thread] but has failed to stop it. This is very likely to create a memory leak. Stack trace of thread:
 java.lang.Object.wait(Native Method)
 java.lang.ref.ReferenceQueue.remove(ReferenceQueue.java:143)
 com.mysql.jdbc.AbandonedConnectionCleanupThread.run(AbandonedConnectionCleanupThread.java:41)
24-Jun-2021 15:29:32.881 INFO [http-apr-8080-exec-143] org.apache.jasper.servlet.TldScanner.scanJars At least one JAR was scanned for TLDs yet contained no TLDs. Enable debug logging for this logger for a complete list of JARs that were scanned but no TLDs were found in them. Skipping unneeded JARs during scanning can improve startup time and JSP compilation time.
24-Jun-2021 15:29:32.882 INFO [http-apr-8080-exec-143] org.apache.catalina.core.StandardContext.reload Reloading Context with name [/Work] is completed
24-Jun-2021 15:29:42.659 INFO [http-apr-8080-exec-142] org.apache.catalina.core.StandardContext.reload Reloading Context with name [/Work] has started
24-Jun-2021 15:29:42.664 WARNING [http-apr-8080-exec-142] org.apache.catalina.loader.WebappClassLoaderBase.clearReferencesThreads The web application [Work] appears to have started a thread named [Abandoned connection cleanup thread] but has failed to stop it. This is very likely to create a memory leak. Stack trace of thread:
 java.lang.Object.wait(Native Method)
 java.lang.ref.ReferenceQueue.remove(ReferenceQueue.java:143)
 com.mysql.jdbc.AbandonedConnectionCleanupThread.run(AbandonedConnectionCleanupThread.java:41)
24-Jun-2021 15:29:42.739 INFO [http-apr-8080-exec-142] org.apache.jasper.servlet.TldScanner.scanJars At least one JAR was scanned for TLDs yet contained no TLDs. Enable debug logging for this logger for a complete list of JARs that were scanned but no TLDs were found in them. Skipping unneeded JARs during scanning can improve startup time and JSP compilation time.
24-Jun-2021 15:29:42.741 INFO [http-apr-8080-exec-142] org.apache.catalina.core.StandardContext.reload Reloading Context with name [/Work] is completed
24-Jun-2021 15:46:01.724 INFO [main] org.apache.catalina.core.StandardServer.await A valid shutdown command was received via the shutdown port. Stopping the Server instance.
24-Jun-2021 15:46:01.725 INFO [main] org.apache.coyote.AbstractProtocol.pause Pausing ProtocolHandler ["http-apr-8080"]
24-Jun-2021 15:46:01.777 INFO [main] org.apache.coyote.AbstractProtocol.pause Pausing ProtocolHandler ["ajp-apr-8009"]
24-Jun-2021 15:46:01.839 INFO [main] org.apache.catalina.core.StandardService.stopInternal Stopping service Catalina
24-Jun-2021 15:46:01.925 WARNING [localhost-startStop-2] org.apache.catalina.loader.WebappClassLoaderBase.clearReferencesJdbc The web application [Old] registered the JDBC driver [com.mysql.jdbc.Driver] but failed to unregister it when the web application was stopped. To prevent a memory leak, the JDBC Driver has been forcibly unregistered.
24-Jun-2021 15:46:01.933 WARNING [localhost-startStop-2] org.apache.catalina.loader.WebappClassLoaderBase.clearReferencesJdbc The web application [Work] registered the JDBC driver [com.mysql.jdbc.Driver] but failed to unregister it when the web application was stopped. To prevent a memory leak, the JDBC Driver has been forcibly unregistered.
24-Jun-2021 15:46:01.934 INFO [main] org.apache.coyote.AbstractProtocol.stop Stopping ProtocolHandler ["http-apr-8080"]
24-Jun-2021 15:46:01.995 INFO [main] org.apache.coyote.AbstractProtocol.stop Stopping ProtocolHandler ["ajp-apr-8009"]
24-Jun-2021 15:46:02.055 INFO [main] org.apache.coyote.AbstractProtocol.destroy Destroying ProtocolHandler ["http-apr-8080"]
24-Jun-2021 15:46:02.056 INFO [main] org.apache.coyote.AbstractProtocol.destroy Destroying ProtocolHandler ["ajp-apr-8009"]
