01-Jul-2021 08:11:04.382 INFO [main] org.apache.catalina.startup.VersionLoggerListener.log Server version:        Apache Tomcat/8.0.27
01-Jul-2021 08:11:04.383 INFO [main] org.apache.catalina.startup.VersionLoggerListener.log Server built:          Sep 28 2015 08:17:25 UTC
01-Jul-2021 08:11:04.383 INFO [main] org.apache.catalina.startup.VersionLoggerListener.log Server number:         8.0.27.0
01-Jul-2021 08:11:04.383 INFO [main] org.apache.catalina.startup.VersionLoggerListener.log OS Name:               Windows 10
01-Jul-2021 08:11:04.383 INFO [main] org.apache.catalina.startup.VersionLoggerListener.log OS Version:            10.0
01-Jul-2021 08:11:04.384 INFO [main] org.apache.catalina.startup.VersionLoggerListener.log Architecture:          amd64
01-Jul-2021 08:11:04.384 INFO [main] org.apache.catalina.startup.VersionLoggerListener.log Java Home:             C:\Program Files\Java\jdk1.8.0_111\jre
01-Jul-2021 08:11:04.384 INFO [main] org.apache.catalina.startup.VersionLoggerListener.log JVM Version:           1.8.0_111-b14
01-Jul-2021 08:11:04.384 INFO [main] org.apache.catalina.startup.VersionLoggerListener.log JVM Vendor:            Oracle Corporation
01-Jul-2021 08:11:04.384 INFO [main] org.apache.catalina.startup.VersionLoggerListener.log CATALINA_BASE:         C:\Users\gabriel\Files\UFF\2021.1\Dev Web\+\apache-tomcat-8.0.27
01-Jul-2021 08:11:04.384 INFO [main] org.apache.catalina.startup.VersionLoggerListener.log CATALINA_HOME:         C:\Users\gabriel\Files\UFF\2021.1\Dev Web\+\apache-tomcat-8.0.27
01-Jul-2021 08:11:04.384 INFO [main] org.apache.catalina.startup.VersionLoggerListener.log Command line argument: -Djava.util.logging.config.file=C:\Users\gabriel\Files\UFF\2021.1\Dev Web\+\apache-tomcat-8.0.27\conf\logging.properties
01-Jul-2021 08:11:04.384 INFO [main] org.apache.catalina.startup.VersionLoggerListener.log Command line argument: -Djava.util.logging.manager=org.apache.juli.ClassLoaderLogManager
01-Jul-2021 08:11:04.384 INFO [main] org.apache.catalina.startup.VersionLoggerListener.log Command line argument: -Djava.endorsed.dirs=C:\Users\gabriel\Files\UFF\2021.1\Dev Web\+\apache-tomcat-8.0.27\endorsed
01-Jul-2021 08:11:04.384 INFO [main] org.apache.catalina.startup.VersionLoggerListener.log Command line argument: -Dcatalina.base=C:\Users\gabriel\Files\UFF\2021.1\Dev Web\+\apache-tomcat-8.0.27
01-Jul-2021 08:11:04.384 INFO [main] org.apache.catalina.startup.VersionLoggerListener.log Command line argument: -Dcatalina.home=C:\Users\gabriel\Files\UFF\2021.1\Dev Web\+\apache-tomcat-8.0.27
01-Jul-2021 08:11:04.384 INFO [main] org.apache.catalina.startup.VersionLoggerListener.log Command line argument: -Djava.io.tmpdir=C:\Users\gabriel\Files\UFF\2021.1\Dev Web\+\apache-tomcat-8.0.27\temp
01-Jul-2021 08:11:04.384 INFO [main] org.apache.catalina.core.AprLifecycleListener.lifecycleEvent Loaded APR based Apache Tomcat Native library 1.1.33 using APR version 1.5.1.
01-Jul-2021 08:11:04.384 INFO [main] org.apache.catalina.core.AprLifecycleListener.lifecycleEvent APR capabilities: IPv6 [true], sendfile [true], accept filters [false], random [true].
01-Jul-2021 08:11:04.939 INFO [main] org.apache.catalina.core.AprLifecycleListener.initializeSSL OpenSSL successfully initialized (OpenSSL 1.0.1m 19 Mar 2015)
01-Jul-2021 08:11:05.225 INFO [main] org.apache.coyote.AbstractProtocol.init Initializing ProtocolHandler ["http-apr-8080"]
01-Jul-2021 08:11:05.232 INFO [main] org.apache.coyote.AbstractProtocol.init Initializing ProtocolHandler ["ajp-apr-8009"]
01-Jul-2021 08:11:05.234 INFO [main] org.apache.catalina.startup.Catalina.load Initialization processed in 1303 ms
01-Jul-2021 08:11:05.294 INFO [main] org.apache.catalina.core.StandardService.startInternal Starting service Catalina
01-Jul-2021 08:11:05.295 INFO [main] org.apache.catalina.core.StandardEngine.startInternal Starting Servlet Engine: Apache Tomcat/8.0.27
01-Jul-2021 08:11:05.336 INFO [localhost-startStop-1] org.apache.catalina.startup.HostConfig.deployDescriptor Deploying configuration descriptor C:\Users\gabriel\Files\UFF\2021.1\Dev Web\+\apache-tomcat-8.0.27\conf\Catalina\localhost\Old.xml
01-Jul-2021 08:11:06.173 INFO [localhost-startStop-1] org.apache.jasper.servlet.TldScanner.scanJars At least one JAR was scanned for TLDs yet contained no TLDs. Enable debug logging for this logger for a complete list of JARs that were scanned but no TLDs were found in them. Skipping unneeded JARs during scanning can improve startup time and JSP compilation time.
01-Jul-2021 08:11:06.329 INFO [localhost-startStop-1] org.apache.catalina.startup.HostConfig.deployDescriptor Deployment of configuration descriptor C:\Users\gabriel\Files\UFF\2021.1\Dev Web\+\apache-tomcat-8.0.27\conf\Catalina\localhost\Old.xml has finished in 993 ms
01-Jul-2021 08:11:06.330 INFO [localhost-startStop-1] org.apache.catalina.startup.HostConfig.deployDescriptor Deploying configuration descriptor C:\Users\gabriel\Files\UFF\2021.1\Dev Web\+\apache-tomcat-8.0.27\conf\Catalina\localhost\Work.xml
01-Jul-2021 08:11:06.763 INFO [localhost-startStop-1] org.apache.jasper.servlet.TldScanner.scanJars At least one JAR was scanned for TLDs yet contained no TLDs. Enable debug logging for this logger for a complete list of JARs that were scanned but no TLDs were found in them. Skipping unneeded JARs during scanning can improve startup time and JSP compilation time.
01-Jul-2021 08:11:06.815 INFO [localhost-startStop-1] org.apache.catalina.startup.HostConfig.deployDescriptor Deployment of configuration descriptor C:\Users\gabriel\Files\UFF\2021.1\Dev Web\+\apache-tomcat-8.0.27\conf\Catalina\localhost\Work.xml has finished in 485 ms
01-Jul-2021 08:11:06.816 INFO [localhost-startStop-1] org.apache.catalina.startup.HostConfig.deployDirectory Deploying web application directory C:\Users\gabriel\Files\UFF\2021.1\Dev Web\+\apache-tomcat-8.0.27\webapps\docs
01-Jul-2021 08:11:06.889 INFO [localhost-startStop-1] org.apache.catalina.startup.HostConfig.deployDirectory Deployment of web application directory C:\Users\gabriel\Files\UFF\2021.1\Dev Web\+\apache-tomcat-8.0.27\webapps\docs has finished in 73 ms
01-Jul-2021 08:11:06.889 INFO [localhost-startStop-1] org.apache.catalina.startup.HostConfig.deployDirectory Deploying web application directory C:\Users\gabriel\Files\UFF\2021.1\Dev Web\+\apache-tomcat-8.0.27\webapps\examples
01-Jul-2021 08:11:07.643 INFO [localhost-startStop-1] org.apache.catalina.startup.HostConfig.deployDirectory Deployment of web application directory C:\Users\gabriel\Files\UFF\2021.1\Dev Web\+\apache-tomcat-8.0.27\webapps\examples has finished in 754 ms
01-Jul-2021 08:11:07.643 INFO [localhost-startStop-1] org.apache.catalina.startup.HostConfig.deployDirectory Deploying web application directory C:\Users\gabriel\Files\UFF\2021.1\Dev Web\+\apache-tomcat-8.0.27\webapps\host-manager
01-Jul-2021 08:11:07.722 INFO [localhost-startStop-1] org.apache.catalina.startup.HostConfig.deployDirectory Deployment of web application directory C:\Users\gabriel\Files\UFF\2021.1\Dev Web\+\apache-tomcat-8.0.27\webapps\host-manager has finished in 79 ms
01-Jul-2021 08:11:07.722 INFO [localhost-startStop-1] org.apache.catalina.startup.HostConfig.deployDirectory Deploying web application directory C:\Users\gabriel\Files\UFF\2021.1\Dev Web\+\apache-tomcat-8.0.27\webapps\manager
01-Jul-2021 08:11:07.829 INFO [localhost-startStop-1] org.apache.catalina.startup.HostConfig.deployDirectory Deployment of web application directory C:\Users\gabriel\Files\UFF\2021.1\Dev Web\+\apache-tomcat-8.0.27\webapps\manager has finished in 107 ms
01-Jul-2021 08:11:07.829 INFO [localhost-startStop-1] org.apache.catalina.startup.HostConfig.deployDirectory Deploying web application directory C:\Users\gabriel\Files\UFF\2021.1\Dev Web\+\apache-tomcat-8.0.27\webapps\ROOT
01-Jul-2021 08:11:07.871 INFO [localhost-startStop-1] org.apache.catalina.startup.HostConfig.deployDirectory Deployment of web application directory C:\Users\gabriel\Files\UFF\2021.1\Dev Web\+\apache-tomcat-8.0.27\webapps\ROOT has finished in 42 ms
01-Jul-2021 08:11:07.875 INFO [main] org.apache.coyote.AbstractProtocol.start Starting ProtocolHandler ["http-apr-8080"]
01-Jul-2021 08:11:07.880 INFO [main] org.apache.coyote.AbstractProtocol.start Starting ProtocolHandler ["ajp-apr-8009"]
01-Jul-2021 08:11:07.881 INFO [main] org.apache.catalina.startup.Catalina.start Server startup in 2646 ms
01-Jul-2021 08:11:08.455 INFO [http-apr-8080-exec-3] org.apache.catalina.core.StandardContext.reload Reloading Context with name [/Work] has started
01-Jul-2021 08:11:08.839 INFO [http-apr-8080-exec-3] org.apache.jasper.servlet.TldScanner.scanJars At least one JAR was scanned for TLDs yet contained no TLDs. Enable debug logging for this logger for a complete list of JARs that were scanned but no TLDs were found in them. Skipping unneeded JARs during scanning can improve startup time and JSP compilation time.
01-Jul-2021 08:11:08.842 INFO [http-apr-8080-exec-3] org.apache.catalina.core.StandardContext.reload Reloading Context with name [/Work] is completed
01-Jul-2021 08:12:18.020 INFO [main] org.apache.catalina.core.StandardServer.await A valid shutdown command was received via the shutdown port. Stopping the Server instance.
01-Jul-2021 08:12:18.020 INFO [main] org.apache.coyote.AbstractProtocol.pause Pausing ProtocolHandler ["http-apr-8080"]
01-Jul-2021 08:12:18.085 INFO [main] org.apache.coyote.AbstractProtocol.pause Pausing ProtocolHandler ["ajp-apr-8009"]
01-Jul-2021 08:12:18.148 INFO [main] org.apache.catalina.core.StandardService.stopInternal Stopping service Catalina
01-Jul-2021 08:12:18.170 WARNING [localhost-startStop-2] org.apache.catalina.loader.WebappClassLoaderBase.clearReferencesThreads The web application [Old] appears to have started a thread named [Abandoned connection cleanup thread] but has failed to stop it. This is very likely to create a memory leak. Stack trace of thread:
 java.lang.Object.wait(Native Method)
 java.lang.ref.ReferenceQueue.remove(ReferenceQueue.java:143)
 com.mysql.jdbc.AbandonedConnectionCleanupThread.run(AbandonedConnectionCleanupThread.java:41)
01-Jul-2021 08:12:18.182 WARNING [localhost-startStop-2] org.apache.catalina.loader.WebappClassLoaderBase.clearReferencesJdbc The web application [Work] registered the JDBC driver [com.mysql.jdbc.Driver] but failed to unregister it when the web application was stopped. To prevent a memory leak, the JDBC Driver has been forcibly unregistered.
01-Jul-2021 08:12:18.187 INFO [main] org.apache.coyote.AbstractProtocol.stop Stopping ProtocolHandler ["http-apr-8080"]
01-Jul-2021 08:12:18.243 INFO [main] org.apache.coyote.AbstractProtocol.stop Stopping ProtocolHandler ["ajp-apr-8009"]
01-Jul-2021 08:12:18.304 INFO [main] org.apache.coyote.AbstractProtocol.destroy Destroying ProtocolHandler ["http-apr-8080"]
01-Jul-2021 08:12:18.304 INFO [main] org.apache.coyote.AbstractProtocol.destroy Destroying ProtocolHandler ["ajp-apr-8009"]
01-Jul-2021 08:12:24.574 INFO [main] org.apache.catalina.startup.VersionLoggerListener.log Server version:        Apache Tomcat/8.0.27
01-Jul-2021 08:12:24.574 INFO [main] org.apache.catalina.startup.VersionLoggerListener.log Server built:          Sep 28 2015 08:17:25 UTC
01-Jul-2021 08:12:24.574 INFO [main] org.apache.catalina.startup.VersionLoggerListener.log Server number:         8.0.27.0
01-Jul-2021 08:12:24.574 INFO [main] org.apache.catalina.startup.VersionLoggerListener.log OS Name:               Windows 10
01-Jul-2021 08:12:24.575 INFO [main] org.apache.catalina.startup.VersionLoggerListener.log OS Version:            10.0
01-Jul-2021 08:12:24.575 INFO [main] org.apache.catalina.startup.VersionLoggerListener.log Architecture:          amd64
01-Jul-2021 08:12:24.575 INFO [main] org.apache.catalina.startup.VersionLoggerListener.log Java Home:             C:\Program Files\Java\jdk1.8.0_111\jre
01-Jul-2021 08:12:24.575 INFO [main] org.apache.catalina.startup.VersionLoggerListener.log JVM Version:           1.8.0_111-b14
01-Jul-2021 08:12:24.575 INFO [main] org.apache.catalina.startup.VersionLoggerListener.log JVM Vendor:            Oracle Corporation
01-Jul-2021 08:12:24.575 INFO [main] org.apache.catalina.startup.VersionLoggerListener.log CATALINA_BASE:         C:\Users\gabriel\Files\UFF\2021.1\Dev Web\+\apache-tomcat-8.0.27
01-Jul-2021 08:12:24.575 INFO [main] org.apache.catalina.startup.VersionLoggerListener.log CATALINA_HOME:         C:\Users\gabriel\Files\UFF\2021.1\Dev Web\+\apache-tomcat-8.0.27
01-Jul-2021 08:12:24.575 INFO [main] org.apache.catalina.startup.VersionLoggerListener.log Command line argument: -Djava.util.logging.config.file=C:\Users\gabriel\Files\UFF\2021.1\Dev Web\+\apache-tomcat-8.0.27\conf\logging.properties
01-Jul-2021 08:12:24.575 INFO [main] org.apache.catalina.startup.VersionLoggerListener.log Command line argument: -Djava.util.logging.manager=org.apache.juli.ClassLoaderLogManager
01-Jul-2021 08:12:24.575 INFO [main] org.apache.catalina.startup.VersionLoggerListener.log Command line argument: -Djava.endorsed.dirs=C:\Users\gabriel\Files\UFF\2021.1\Dev Web\+\apache-tomcat-8.0.27\endorsed
01-Jul-2021 08:12:24.575 INFO [main] org.apache.catalina.startup.VersionLoggerListener.log Command line argument: -Dcatalina.base=C:\Users\gabriel\Files\UFF\2021.1\Dev Web\+\apache-tomcat-8.0.27
01-Jul-2021 08:12:24.575 INFO [main] org.apache.catalina.startup.VersionLoggerListener.log Command line argument: -Dcatalina.home=C:\Users\gabriel\Files\UFF\2021.1\Dev Web\+\apache-tomcat-8.0.27
01-Jul-2021 08:12:24.575 INFO [main] org.apache.catalina.startup.VersionLoggerListener.log Command line argument: -Djava.io.tmpdir=C:\Users\gabriel\Files\UFF\2021.1\Dev Web\+\apache-tomcat-8.0.27\temp
01-Jul-2021 08:12:24.575 INFO [main] org.apache.catalina.core.AprLifecycleListener.lifecycleEvent Loaded APR based Apache Tomcat Native library 1.1.33 using APR version 1.5.1.
01-Jul-2021 08:12:24.576 INFO [main] org.apache.catalina.core.AprLifecycleListener.lifecycleEvent APR capabilities: IPv6 [true], sendfile [true], accept filters [false], random [true].
01-Jul-2021 08:12:25.140 INFO [main] org.apache.catalina.core.AprLifecycleListener.initializeSSL OpenSSL successfully initialized (OpenSSL 1.0.1m 19 Mar 2015)
01-Jul-2021 08:12:25.236 INFO [main] org.apache.coyote.AbstractProtocol.init Initializing ProtocolHandler ["http-apr-8080"]
01-Jul-2021 08:12:25.242 INFO [main] org.apache.coyote.AbstractProtocol.init Initializing ProtocolHandler ["ajp-apr-8009"]
01-Jul-2021 08:12:25.243 INFO [main] org.apache.catalina.startup.Catalina.load Initialization processed in 949 ms
01-Jul-2021 08:12:25.265 INFO [main] org.apache.catalina.core.StandardService.startInternal Starting service Catalina
01-Jul-2021 08:12:25.265 INFO [main] org.apache.catalina.core.StandardEngine.startInternal Starting Servlet Engine: Apache Tomcat/8.0.27
01-Jul-2021 08:12:25.276 INFO [localhost-startStop-1] org.apache.catalina.startup.HostConfig.deployDescriptor Deploying configuration descriptor C:\Users\gabriel\Files\UFF\2021.1\Dev Web\+\apache-tomcat-8.0.27\conf\Catalina\localhost\Old.xml
01-Jul-2021 08:12:25.684 INFO [localhost-startStop-1] org.apache.jasper.servlet.TldScanner.scanJars At least one JAR was scanned for TLDs yet contained no TLDs. Enable debug logging for this logger for a complete list of JARs that were scanned but no TLDs were found in them. Skipping unneeded JARs during scanning can improve startup time and JSP compilation time.
01-Jul-2021 08:12:25.808 INFO [localhost-startStop-1] org.apache.catalina.startup.HostConfig.deployDescriptor Deployment of configuration descriptor C:\Users\gabriel\Files\UFF\2021.1\Dev Web\+\apache-tomcat-8.0.27\conf\Catalina\localhost\Old.xml has finished in 532 ms
01-Jul-2021 08:12:25.808 INFO [localhost-startStop-1] org.apache.catalina.startup.HostConfig.deployDescriptor Deploying configuration descriptor C:\Users\gabriel\Files\UFF\2021.1\Dev Web\+\apache-tomcat-8.0.27\conf\Catalina\localhost\Work.xml
01-Jul-2021 08:12:26.029 INFO [localhost-startStop-1] org.apache.jasper.servlet.TldScanner.scanJars At least one JAR was scanned for TLDs yet contained no TLDs. Enable debug logging for this logger for a complete list of JARs that were scanned but no TLDs were found in them. Skipping unneeded JARs during scanning can improve startup time and JSP compilation time.
01-Jul-2021 08:12:26.075 INFO [localhost-startStop-1] org.apache.catalina.startup.HostConfig.deployDescriptor Deployment of configuration descriptor C:\Users\gabriel\Files\UFF\2021.1\Dev Web\+\apache-tomcat-8.0.27\conf\Catalina\localhost\Work.xml has finished in 266 ms
01-Jul-2021 08:12:26.075 INFO [localhost-startStop-1] org.apache.catalina.startup.HostConfig.deployDirectory Deploying web application directory C:\Users\gabriel\Files\UFF\2021.1\Dev Web\+\apache-tomcat-8.0.27\webapps\docs
01-Jul-2021 08:12:26.098 INFO [localhost-startStop-1] org.apache.catalina.startup.HostConfig.deployDirectory Deployment of web application directory C:\Users\gabriel\Files\UFF\2021.1\Dev Web\+\apache-tomcat-8.0.27\webapps\docs has finished in 23 ms
01-Jul-2021 08:12:26.098 INFO [localhost-startStop-1] org.apache.catalina.startup.HostConfig.deployDirectory Deploying web application directory C:\Users\gabriel\Files\UFF\2021.1\Dev Web\+\apache-tomcat-8.0.27\webapps\examples
01-Jul-2021 08:12:26.394 INFO [localhost-startStop-1] org.apache.catalina.startup.HostConfig.deployDirectory Deployment of web application directory C:\Users\gabriel\Files\UFF\2021.1\Dev Web\+\apache-tomcat-8.0.27\webapps\examples has finished in 296 ms
01-Jul-2021 08:12:26.394 INFO [localhost-startStop-1] org.apache.catalina.startup.HostConfig.deployDirectory Deploying web application directory C:\Users\gabriel\Files\UFF\2021.1\Dev Web\+\apache-tomcat-8.0.27\webapps\host-manager
01-Jul-2021 08:12:26.422 INFO [localhost-startStop-1] org.apache.catalina.startup.HostConfig.deployDirectory Deployment of web application directory C:\Users\gabriel\Files\UFF\2021.1\Dev Web\+\apache-tomcat-8.0.27\webapps\host-manager has finished in 28 ms
01-Jul-2021 08:12:26.423 INFO [localhost-startStop-1] org.apache.catalina.startup.HostConfig.deployDirectory Deploying web application directory C:\Users\gabriel\Files\UFF\2021.1\Dev Web\+\apache-tomcat-8.0.27\webapps\manager
01-Jul-2021 08:12:26.450 INFO [localhost-startStop-1] org.apache.catalina.startup.HostConfig.deployDirectory Deployment of web application directory C:\Users\gabriel\Files\UFF\2021.1\Dev Web\+\apache-tomcat-8.0.27\webapps\manager has finished in 27 ms
01-Jul-2021 08:12:26.450 INFO [localhost-startStop-1] org.apache.catalina.startup.HostConfig.deployDirectory Deploying web application directory C:\Users\gabriel\Files\UFF\2021.1\Dev Web\+\apache-tomcat-8.0.27\webapps\ROOT
01-Jul-2021 08:12:26.473 INFO [localhost-startStop-1] org.apache.catalina.startup.HostConfig.deployDirectory Deployment of web application directory C:\Users\gabriel\Files\UFF\2021.1\Dev Web\+\apache-tomcat-8.0.27\webapps\ROOT has finished in 23 ms
01-Jul-2021 08:12:26.476 INFO [main] org.apache.coyote.AbstractProtocol.start Starting ProtocolHandler ["http-apr-8080"]
01-Jul-2021 08:12:26.486 INFO [main] org.apache.coyote.AbstractProtocol.start Starting ProtocolHandler ["ajp-apr-8009"]
01-Jul-2021 08:12:26.487 INFO [main] org.apache.catalina.startup.Catalina.start Server startup in 1243 ms
01-Jul-2021 08:18:39.734 INFO [main] org.apache.catalina.core.StandardServer.await A valid shutdown command was received via the shutdown port. Stopping the Server instance.
01-Jul-2021 08:18:39.735 INFO [main] org.apache.coyote.AbstractProtocol.pause Pausing ProtocolHandler ["http-apr-8080"]
01-Jul-2021 08:18:39.789 INFO [main] org.apache.coyote.AbstractProtocol.pause Pausing ProtocolHandler ["ajp-apr-8009"]
01-Jul-2021 08:18:39.850 INFO [main] org.apache.catalina.core.StandardService.stopInternal Stopping service Catalina
01-Jul-2021 08:18:39.870 WARNING [localhost-startStop-2] org.apache.catalina.loader.WebappClassLoaderBase.clearReferencesThreads The web application [Old] appears to have started a thread named [Abandoned connection cleanup thread] but has failed to stop it. This is very likely to create a memory leak. Stack trace of thread:
 java.lang.Object.wait(Native Method)
 java.lang.ref.ReferenceQueue.remove(ReferenceQueue.java:143)
 com.mysql.jdbc.AbandonedConnectionCleanupThread.run(AbandonedConnectionCleanupThread.java:41)
01-Jul-2021 08:18:39.876 WARNING [localhost-startStop-2] org.apache.catalina.loader.WebappClassLoaderBase.clearReferencesJdbc The web application [Work] registered the JDBC driver [com.mysql.jdbc.Driver] but failed to unregister it when the web application was stopped. To prevent a memory leak, the JDBC Driver has been forcibly unregistered.
01-Jul-2021 08:18:39.878 INFO [main] org.apache.coyote.AbstractProtocol.stop Stopping ProtocolHandler ["http-apr-8080"]
01-Jul-2021 08:18:39.942 INFO [main] org.apache.coyote.AbstractProtocol.stop Stopping ProtocolHandler ["ajp-apr-8009"]
01-Jul-2021 08:18:40.004 INFO [main] org.apache.coyote.AbstractProtocol.destroy Destroying ProtocolHandler ["http-apr-8080"]
01-Jul-2021 08:18:40.005 INFO [main] org.apache.coyote.AbstractProtocol.destroy Destroying ProtocolHandler ["ajp-apr-8009"]
01-Jul-2021 08:22:30.328 INFO [main] org.apache.catalina.startup.VersionLoggerListener.log Server version:        Apache Tomcat/8.0.27
01-Jul-2021 08:22:30.329 INFO [main] org.apache.catalina.startup.VersionLoggerListener.log Server built:          Sep 28 2015 08:17:25 UTC
01-Jul-2021 08:22:30.329 INFO [main] org.apache.catalina.startup.VersionLoggerListener.log Server number:         8.0.27.0
01-Jul-2021 08:22:30.329 INFO [main] org.apache.catalina.startup.VersionLoggerListener.log OS Name:               Windows 10
01-Jul-2021 08:22:30.329 INFO [main] org.apache.catalina.startup.VersionLoggerListener.log OS Version:            10.0
01-Jul-2021 08:22:30.329 INFO [main] org.apache.catalina.startup.VersionLoggerListener.log Architecture:          amd64
01-Jul-2021 08:22:30.329 INFO [main] org.apache.catalina.startup.VersionLoggerListener.log Java Home:             C:\Program Files\Java\jdk1.8.0_111\jre
01-Jul-2021 08:22:30.329 INFO [main] org.apache.catalina.startup.VersionLoggerListener.log JVM Version:           1.8.0_111-b14
01-Jul-2021 08:22:30.330 INFO [main] org.apache.catalina.startup.VersionLoggerListener.log JVM Vendor:            Oracle Corporation
01-Jul-2021 08:22:30.330 INFO [main] org.apache.catalina.startup.VersionLoggerListener.log CATALINA_BASE:         C:\Users\gabriel\Files\UFF\2021.1\Dev Web\+\apache-tomcat-8.0.27
01-Jul-2021 08:22:30.330 INFO [main] org.apache.catalina.startup.VersionLoggerListener.log CATALINA_HOME:         C:\Users\gabriel\Files\UFF\2021.1\Dev Web\+\apache-tomcat-8.0.27
01-Jul-2021 08:22:30.330 INFO [main] org.apache.catalina.startup.VersionLoggerListener.log Command line argument: -Djava.util.logging.config.file=C:\Users\gabriel\Files\UFF\2021.1\Dev Web\+\apache-tomcat-8.0.27\conf\logging.properties
01-Jul-2021 08:22:30.330 INFO [main] org.apache.catalina.startup.VersionLoggerListener.log Command line argument: -Djava.util.logging.manager=org.apache.juli.ClassLoaderLogManager
01-Jul-2021 08:22:30.330 INFO [main] org.apache.catalina.startup.VersionLoggerListener.log Command line argument: -Djava.endorsed.dirs=C:\Users\gabriel\Files\UFF\2021.1\Dev Web\+\apache-tomcat-8.0.27\endorsed
01-Jul-2021 08:22:30.330 INFO [main] org.apache.catalina.startup.VersionLoggerListener.log Command line argument: -Dcatalina.base=C:\Users\gabriel\Files\UFF\2021.1\Dev Web\+\apache-tomcat-8.0.27
01-Jul-2021 08:22:30.330 INFO [main] org.apache.catalina.startup.VersionLoggerListener.log Command line argument: -Dcatalina.home=C:\Users\gabriel\Files\UFF\2021.1\Dev Web\+\apache-tomcat-8.0.27
01-Jul-2021 08:22:30.330 INFO [main] org.apache.catalina.startup.VersionLoggerListener.log Command line argument: -Djava.io.tmpdir=C:\Users\gabriel\Files\UFF\2021.1\Dev Web\+\apache-tomcat-8.0.27\temp
01-Jul-2021 08:22:30.330 INFO [main] org.apache.catalina.core.AprLifecycleListener.lifecycleEvent Loaded APR based Apache Tomcat Native library 1.1.33 using APR version 1.5.1.
01-Jul-2021 08:22:30.330 INFO [main] org.apache.catalina.core.AprLifecycleListener.lifecycleEvent APR capabilities: IPv6 [true], sendfile [true], accept filters [false], random [true].
01-Jul-2021 08:22:30.846 INFO [main] org.apache.catalina.core.AprLifecycleListener.initializeSSL OpenSSL successfully initialized (OpenSSL 1.0.1m 19 Mar 2015)
01-Jul-2021 08:22:30.945 INFO [main] org.apache.coyote.AbstractProtocol.init Initializing ProtocolHandler ["http-apr-8080"]
01-Jul-2021 08:22:30.953 INFO [main] org.apache.coyote.AbstractProtocol.init Initializing ProtocolHandler ["ajp-apr-8009"]
01-Jul-2021 08:22:30.956 INFO [main] org.apache.catalina.startup.Catalina.load Initialization processed in 900 ms
01-Jul-2021 08:22:30.979 INFO [main] org.apache.catalina.core.StandardService.startInternal Starting service Catalina
01-Jul-2021 08:22:30.979 INFO [main] org.apache.catalina.core.StandardEngine.startInternal Starting Servlet Engine: Apache Tomcat/8.0.27
01-Jul-2021 08:22:30.987 INFO [localhost-startStop-1] org.apache.catalina.startup.HostConfig.deployDescriptor Deploying configuration descriptor C:\Users\gabriel\Files\UFF\2021.1\Dev Web\+\apache-tomcat-8.0.27\conf\Catalina\localhost\Old.xml
01-Jul-2021 08:22:31.378 INFO [localhost-startStop-1] org.apache.jasper.servlet.TldScanner.scanJars At least one JAR was scanned for TLDs yet contained no TLDs. Enable debug logging for this logger for a complete list of JARs that were scanned but no TLDs were found in them. Skipping unneeded JARs during scanning can improve startup time and JSP compilation time.
01-Jul-2021 08:22:31.505 INFO [localhost-startStop-1] org.apache.catalina.startup.HostConfig.deployDescriptor Deployment of configuration descriptor C:\Users\gabriel\Files\UFF\2021.1\Dev Web\+\apache-tomcat-8.0.27\conf\Catalina\localhost\Old.xml has finished in 517 ms
01-Jul-2021 08:22:31.505 INFO [localhost-startStop-1] org.apache.catalina.startup.HostConfig.deployDescriptor Deploying configuration descriptor C:\Users\gabriel\Files\UFF\2021.1\Dev Web\+\apache-tomcat-8.0.27\conf\Catalina\localhost\Work.xml
01-Jul-2021 08:22:31.701 INFO [localhost-startStop-1] org.apache.jasper.servlet.TldScanner.scanJars At least one JAR was scanned for TLDs yet contained no TLDs. Enable debug logging for this logger for a complete list of JARs that were scanned but no TLDs were found in them. Skipping unneeded JARs during scanning can improve startup time and JSP compilation time.
01-Jul-2021 08:22:31.756 INFO [localhost-startStop-1] org.apache.catalina.startup.HostConfig.deployDescriptor Deployment of configuration descriptor C:\Users\gabriel\Files\UFF\2021.1\Dev Web\+\apache-tomcat-8.0.27\conf\Catalina\localhost\Work.xml has finished in 251 ms
01-Jul-2021 08:22:31.757 INFO [localhost-startStop-1] org.apache.catalina.startup.HostConfig.deployDirectory Deploying web application directory C:\Users\gabriel\Files\UFF\2021.1\Dev Web\+\apache-tomcat-8.0.27\webapps\docs
01-Jul-2021 08:22:31.784 INFO [localhost-startStop-1] org.apache.catalina.startup.HostConfig.deployDirectory Deployment of web application directory C:\Users\gabriel\Files\UFF\2021.1\Dev Web\+\apache-tomcat-8.0.27\webapps\docs has finished in 27 ms
01-Jul-2021 08:22:31.785 INFO [localhost-startStop-1] org.apache.catalina.startup.HostConfig.deployDirectory Deploying web application directory C:\Users\gabriel\Files\UFF\2021.1\Dev Web\+\apache-tomcat-8.0.27\webapps\examples
01-Jul-2021 08:22:32.100 INFO [localhost-startStop-1] org.apache.catalina.startup.HostConfig.deployDirectory Deployment of web application directory C:\Users\gabriel\Files\UFF\2021.1\Dev Web\+\apache-tomcat-8.0.27\webapps\examples has finished in 314 ms
01-Jul-2021 08:22:32.100 INFO [localhost-startStop-1] org.apache.catalina.startup.HostConfig.deployDirectory Deploying web application directory C:\Users\gabriel\Files\UFF\2021.1\Dev Web\+\apache-tomcat-8.0.27\webapps\host-manager
01-Jul-2021 08:22:32.127 INFO [localhost-startStop-1] org.apache.catalina.startup.HostConfig.deployDirectory Deployment of web application directory C:\Users\gabriel\Files\UFF\2021.1\Dev Web\+\apache-tomcat-8.0.27\webapps\host-manager has finished in 27 ms
01-Jul-2021 08:22:32.127 INFO [localhost-startStop-1] org.apache.catalina.startup.HostConfig.deployDirectory Deploying web application directory C:\Users\gabriel\Files\UFF\2021.1\Dev Web\+\apache-tomcat-8.0.27\webapps\manager
01-Jul-2021 08:22:32.167 INFO [localhost-startStop-1] org.apache.catalina.startup.HostConfig.deployDirectory Deployment of web application directory C:\Users\gabriel\Files\UFF\2021.1\Dev Web\+\apache-tomcat-8.0.27\webapps\manager has finished in 40 ms
01-Jul-2021 08:22:32.167 INFO [localhost-startStop-1] org.apache.catalina.startup.HostConfig.deployDirectory Deploying web application directory C:\Users\gabriel\Files\UFF\2021.1\Dev Web\+\apache-tomcat-8.0.27\webapps\ROOT
01-Jul-2021 08:22:32.192 INFO [localhost-startStop-1] org.apache.catalina.startup.HostConfig.deployDirectory Deployment of web application directory C:\Users\gabriel\Files\UFF\2021.1\Dev Web\+\apache-tomcat-8.0.27\webapps\ROOT has finished in 25 ms
01-Jul-2021 08:22:32.194 INFO [main] org.apache.coyote.AbstractProtocol.start Starting ProtocolHandler ["http-apr-8080"]
01-Jul-2021 08:22:32.203 INFO [main] org.apache.coyote.AbstractProtocol.start Starting ProtocolHandler ["ajp-apr-8009"]
01-Jul-2021 08:22:32.204 INFO [main] org.apache.catalina.startup.Catalina.start Server startup in 1247 ms
01-Jul-2021 08:36:37.647 INFO [main] org.apache.catalina.core.StandardServer.await A valid shutdown command was received via the shutdown port. Stopping the Server instance.
01-Jul-2021 08:36:37.647 INFO [main] org.apache.coyote.AbstractProtocol.pause Pausing ProtocolHandler ["http-apr-8080"]
01-Jul-2021 08:36:37.700 INFO [main] org.apache.coyote.AbstractProtocol.pause Pausing ProtocolHandler ["ajp-apr-8009"]
01-Jul-2021 08:36:37.763 INFO [main] org.apache.catalina.core.StandardService.stopInternal Stopping service Catalina
01-Jul-2021 08:36:37.782 WARNING [localhost-startStop-2] org.apache.catalina.loader.WebappClassLoaderBase.clearReferencesThreads The web application [Old] appears to have started a thread named [Abandoned connection cleanup thread] but has failed to stop it. This is very likely to create a memory leak. Stack trace of thread:
 java.lang.Object.wait(Native Method)
 java.lang.ref.ReferenceQueue.remove(ReferenceQueue.java:143)
 com.mysql.jdbc.AbandonedConnectionCleanupThread.run(AbandonedConnectionCleanupThread.java:41)
01-Jul-2021 08:36:37.796 WARNING [localhost-startStop-2] org.apache.catalina.loader.WebappClassLoaderBase.clearReferencesJdbc The web application [Work] registered the JDBC driver [com.mysql.jdbc.Driver] but failed to unregister it when the web application was stopped. To prevent a memory leak, the JDBC Driver has been forcibly unregistered.
01-Jul-2021 08:36:37.800 INFO [main] org.apache.coyote.AbstractProtocol.stop Stopping ProtocolHandler ["http-apr-8080"]
01-Jul-2021 08:36:37.856 INFO [main] org.apache.coyote.AbstractProtocol.stop Stopping ProtocolHandler ["ajp-apr-8009"]
01-Jul-2021 08:36:37.918 INFO [main] org.apache.coyote.AbstractProtocol.destroy Destroying ProtocolHandler ["http-apr-8080"]
01-Jul-2021 08:36:37.919 INFO [main] org.apache.coyote.AbstractProtocol.destroy Destroying ProtocolHandler ["ajp-apr-8009"]
