10-Jan-2022 17:50:08.902 INFO [http-apr-8080-exec-3] org.apache.catalina.core.ApplicationContext.log Manager: init: Associated with Deployer 'Catalina:type=Deployer,host=localhost'
10-Jan-2022 17:50:08.902 INFO [http-apr-8080-exec-3] org.apache.catalina.core.ApplicationContext.log Manager: init: Global resources are available
10-Jan-2022 17:50:08.903 INFO [http-apr-8080-exec-3] org.apache.catalina.core.ApplicationContext.log Manager: list: Listing contexts for virtual host 'localhost'
10-Jan-2022 17:50:08.964 INFO [http-apr-8080-exec-6] org.apache.catalina.core.ApplicationContext.log Manager: restart: Reloading web application '/Project'
10-Jan-2022 17:50:18.396 INFO [http-apr-8080-exec-11] org.apache.catalina.core.ApplicationContext.log Manager: list: Listing contexts for virtual host 'localhost'
10-Jan-2022 17:50:18.404 INFO [http-apr-8080-exec-6] org.apache.catalina.core.ApplicationContext.log Manager: restart: Reloading web application '/Project'
10-Jan-2022 17:50:56.662 INFO [http-apr-8080-exec-4] org.apache.catalina.core.ApplicationContext.log Manager: list: Listing contexts for virtual host 'localhost'
10-Jan-2022 17:50:56.668 INFO [http-apr-8080-exec-13] org.apache.catalina.core.ApplicationContext.log Manager: restart: Reloading web application '/Project'
10-Jan-2022 18:39:42.065 INFO [http-apr-8080-exec-22] org.apache.catalina.core.ApplicationContext.log Manager: list: Listing contexts for virtual host 'localhost'
10-Jan-2022 18:39:42.074 INFO [http-apr-8080-exec-23] org.apache.catalina.core.ApplicationContext.log Manager: restart: Reloading web application '/Project'
10-Jan-2022 18:39:44.767 INFO [http-apr-8080-exec-18] org.apache.catalina.core.ApplicationContext.log Manager: list: Listing contexts for virtual host 'localhost'
10-Jan-2022 18:39:44.771 INFO [http-apr-8080-exec-20] org.apache.catalina.core.ApplicationContext.log Manager: restart: Reloading web application '/Project'
10-Jan-2022 19:14:39.577 INFO [http-apr-8080-exec-33] org.apache.catalina.core.ApplicationContext.log Manager: list: Listing contexts for virtual host 'localhost'
10-Jan-2022 19:14:39.614 INFO [http-apr-8080-exec-34] org.apache.catalina.core.ApplicationContext.log Manager: restart: Reloading web application '/Project'
10-Jan-2022 19:14:43.809 INFO [http-apr-8080-exec-32] org.apache.catalina.core.ApplicationContext.log Manager: list: Listing contexts for virtual host 'localhost'
10-Jan-2022 19:14:43.814 INFO [http-apr-8080-exec-36] org.apache.catalina.core.ApplicationContext.log Manager: restart: Reloading web application '/Project'
10-Jan-2022 19:27:47.956 INFO [http-apr-8080-exec-45] org.apache.catalina.core.ApplicationContext.log Manager: list: Listing contexts for virtual host 'localhost'
10-Jan-2022 19:27:47.963 INFO [http-apr-8080-exec-46] org.apache.catalina.core.ApplicationContext.log Manager: restart: Reloading web application '/Project'
10-Jan-2022 19:27:51.619 INFO [http-apr-8080-exec-45] org.apache.catalina.core.ApplicationContext.log Manager: list: Listing contexts for virtual host 'localhost'
10-Jan-2022 19:27:51.624 INFO [http-apr-8080-exec-48] org.apache.catalina.core.ApplicationContext.log Manager: restart: Reloading web application '/Project'
10-Jan-2022 19:28:17.380 INFO [http-apr-8080-exec-50] org.apache.catalina.core.ApplicationContext.log Manager: list: Listing contexts for virtual host 'localhost'
10-Jan-2022 19:28:17.386 INFO [http-apr-8080-exec-39] org.apache.catalina.core.ApplicationContext.log Manager: restart: Reloading web application '/Project'
10-Jan-2022 19:29:01.064 INFO [http-apr-8080-exec-52] org.apache.catalina.core.ApplicationContext.log Manager: list: Listing contexts for virtual host 'localhost'
10-Jan-2022 19:29:01.074 INFO [http-apr-8080-exec-41] org.apache.catalina.core.ApplicationContext.log Manager: restart: Reloading web application '/Project'
10-Jan-2022 19:29:11.266 INFO [http-apr-8080-exec-54] org.apache.catalina.core.ApplicationContext.log Manager: list: Listing contexts for virtual host 'localhost'
10-Jan-2022 19:29:11.275 INFO [http-apr-8080-exec-53] org.apache.catalina.core.ApplicationContext.log Manager: restart: Reloading web application '/Project'
10-Jan-2022 19:29:17.100 INFO [http-apr-8080-exec-45] org.apache.catalina.core.ApplicationContext.log Manager: list: Listing contexts for virtual host 'localhost'
10-Jan-2022 19:29:17.105 INFO [http-apr-8080-exec-56] org.apache.catalina.core.ApplicationContext.log Manager: restart: Reloading web application '/Project'
10-Jan-2022 19:29:36.675 INFO [http-apr-8080-exec-58] org.apache.catalina.core.ApplicationContext.log Manager: list: Listing contexts for virtual host 'localhost'
10-Jan-2022 19:29:36.681 INFO [http-apr-8080-exec-57] org.apache.catalina.core.ApplicationContext.log Manager: restart: Reloading web application '/Project'
10-Jan-2022 19:30:39.047 INFO [http-apr-8080-exec-61] org.apache.catalina.core.ApplicationContext.log Manager: list: Listing contexts for virtual host 'localhost'
10-Jan-2022 19:30:39.053 INFO [http-apr-8080-exec-38] org.apache.catalina.core.ApplicationContext.log Manager: restart: Reloading web application '/Project'
10-Jan-2022 19:31:00.994 INFO [http-apr-8080-exec-63] org.apache.catalina.core.ApplicationContext.log Manager: list: Listing contexts for virtual host 'localhost'
10-Jan-2022 19:31:01.002 INFO [http-apr-8080-exec-61] org.apache.catalina.core.ApplicationContext.log Manager: restart: Reloading web application '/Project'
10-Jan-2022 19:33:00.138 INFO [http-apr-8080-exec-66] org.apache.catalina.core.ApplicationContext.log Manager: list: Listing contexts for virtual host 'localhost'
10-Jan-2022 19:33:00.144 INFO [http-apr-8080-exec-52] org.apache.catalina.core.ApplicationContext.log Manager: restart: Reloading web application '/Project'
10-Jan-2022 19:35:17.566 INFO [http-apr-8080-exec-60] org.apache.catalina.core.ApplicationContext.log Manager: list: Listing contexts for virtual host 'localhost'
10-Jan-2022 19:35:17.572 INFO [http-apr-8080-exec-72] org.apache.catalina.core.ApplicationContext.log Manager: restart: Reloading web application '/Project'
10-Jan-2022 19:37:34.337 INFO [http-apr-8080-exec-58] org.apache.catalina.core.ApplicationContext.log Manager: list: Listing contexts for virtual host 'localhost'
10-Jan-2022 19:37:34.343 INFO [http-apr-8080-exec-78] org.apache.catalina.core.ApplicationContext.log Manager: restart: Reloading web application '/Project'
10-Jan-2022 20:16:46.428 INFO [http-apr-8080-exec-88] org.apache.catalina.core.ApplicationContext.log Manager: list: Listing contexts for virtual host 'localhost'
10-Jan-2022 20:16:46.437 INFO [http-apr-8080-exec-89] org.apache.catalina.core.ApplicationContext.log Manager: restart: Reloading web application '/Project'
10-Jan-2022 20:16:47.907 INFO [http-apr-8080-exec-88] org.apache.catalina.core.ApplicationContext.log Manager: list: Listing contexts for virtual host 'localhost'
10-Jan-2022 20:16:47.912 INFO [http-apr-8080-exec-84] org.apache.catalina.core.ApplicationContext.log Manager: restart: Reloading web application '/Project'
10-Jan-2022 20:17:03.070 INFO [http-apr-8080-exec-92] org.apache.catalina.core.ApplicationContext.log Manager: list: Listing contexts for virtual host 'localhost'
10-Jan-2022 20:17:03.078 INFO [http-apr-8080-exec-81] org.apache.catalina.core.ApplicationContext.log Manager: restart: Reloading web application '/Project'
10-Jan-2022 20:17:13.700 INFO [http-apr-8080-exec-94] org.apache.catalina.core.ApplicationContext.log Manager: list: Listing contexts for virtual host 'localhost'
10-Jan-2022 20:17:13.707 INFO [http-apr-8080-exec-92] org.apache.catalina.core.ApplicationContext.log Manager: restart: Reloading web application '/Project'
10-Jan-2022 20:18:06.607 INFO [http-apr-8080-exec-96] org.apache.catalina.core.ApplicationContext.log Manager: list: Listing contexts for virtual host 'localhost'
10-Jan-2022 20:18:06.614 INFO [http-apr-8080-exec-93] org.apache.catalina.core.ApplicationContext.log Manager: restart: Reloading web application '/Project'
10-Jan-2022 20:18:09.311 INFO [http-apr-8080-exec-86] org.apache.catalina.core.ApplicationContext.log Manager: list: Listing contexts for virtual host 'localhost'
10-Jan-2022 20:18:09.318 INFO [http-apr-8080-exec-88] org.apache.catalina.core.ApplicationContext.log Manager: restart: Reloading web application '/Project'
10-Jan-2022 20:27:22.870 INFO [http-apr-8080-exec-107] org.apache.catalina.core.ApplicationContext.log Manager: list: Listing contexts for virtual host 'localhost'
10-Jan-2022 20:27:22.882 INFO [http-apr-8080-exec-108] org.apache.catalina.core.ApplicationContext.log Manager: restart: Reloading web application '/Project'
10-Jan-2022 20:27:24.579 INFO [http-apr-8080-exec-101] org.apache.catalina.core.ApplicationContext.log Manager: list: Listing contexts for virtual host 'localhost'
10-Jan-2022 20:27:24.586 INFO [http-apr-8080-exec-106] org.apache.catalina.core.ApplicationContext.log Manager: restart: Reloading web application '/Project'
10-Jan-2022 20:29:52.303 INFO [http-apr-8080-exec-101] org.apache.catalina.core.ApplicationContext.log Manager: list: Listing contexts for virtual host 'localhost'
10-Jan-2022 20:29:52.313 INFO [http-apr-8080-exec-114] org.apache.catalina.core.ApplicationContext.log Manager: restart: Reloading web application '/Project'
10-Jan-2022 20:29:56.670 INFO [http-apr-8080-exec-116] org.apache.catalina.core.ApplicationContext.log Manager: list: Listing contexts for virtual host 'localhost'
10-Jan-2022 20:30:00.601 INFO [http-apr-8080-exec-101] org.apache.catalina.core.ApplicationContext.log Manager: list: Listing contexts for virtual host 'localhost'
10-Jan-2022 20:30:01.360 INFO [http-apr-8080-exec-105] org.apache.catalina.core.ApplicationContext.log Manager: list: Listing contexts for virtual host 'localhost'
10-Jan-2022 20:30:01.719 INFO [http-apr-8080-exec-110] org.apache.catalina.core.ApplicationContext.log Manager: restart: Reloading web application '/Project'
10-Jan-2022 20:30:37.805 INFO [http-apr-8080-exec-120] org.apache.catalina.core.ApplicationContext.log Manager: list: Listing contexts for virtual host 'localhost'
10-Jan-2022 20:30:37.835 INFO [http-apr-8080-exec-111] org.apache.catalina.core.ApplicationContext.log Manager: restart: Reloading web application '/Project'
10-Jan-2022 20:30:39.565 INFO [http-apr-8080-exec-119] org.apache.catalina.core.ApplicationContext.log Manager: list: Listing contexts for virtual host 'localhost'
10-Jan-2022 20:30:39.571 INFO [http-apr-8080-exec-118] org.apache.catalina.core.ApplicationContext.log Manager: restart: Reloading web application '/Project'
10-Jan-2022 20:30:58.701 INFO [http-apr-8080-exec-123] org.apache.catalina.core.ApplicationContext.log Manager: list: Listing contexts for virtual host 'localhost'
10-Jan-2022 20:30:59.378 INFO [http-apr-8080-exec-104] org.apache.catalina.core.ApplicationContext.log Manager: list: Listing contexts for virtual host 'localhost'
10-Jan-2022 20:30:59.387 INFO [http-apr-8080-exec-119] org.apache.catalina.core.ApplicationContext.log Manager: restart: Reloading web application '/Project'
10-Jan-2022 20:35:26.847 INFO [http-apr-8080-exec-121] org.apache.catalina.core.ApplicationContext.log Manager: list: Listing contexts for virtual host 'localhost'
10-Jan-2022 20:35:26.856 INFO [http-apr-8080-exec-101] org.apache.catalina.core.ApplicationContext.log Manager: restart: Reloading web application '/Project'
10-Jan-2022 20:35:28.313 INFO [http-apr-8080-exec-128] org.apache.catalina.core.ApplicationContext.log Manager: list: Listing contexts for virtual host 'localhost'
10-Jan-2022 20:35:28.320 INFO [http-apr-8080-exec-129] org.apache.catalina.core.ApplicationContext.log Manager: restart: Reloading web application '/Project'
10-Jan-2022 20:36:06.548 INFO [http-apr-8080-exec-134] org.apache.catalina.core.ApplicationContext.log Manager: list: Listing contexts for virtual host 'localhost'
10-Jan-2022 20:36:06.557 INFO [http-apr-8080-exec-125] org.apache.catalina.core.ApplicationContext.log Manager: restart: Reloading web application '/Project'
10-Jan-2022 20:36:07.999 INFO [http-apr-8080-exec-128] org.apache.catalina.core.ApplicationContext.log Manager: list: Listing contexts for virtual host 'localhost'
10-Jan-2022 20:36:08.004 INFO [http-apr-8080-exec-133] org.apache.catalina.core.ApplicationContext.log Manager: restart: Reloading web application '/Project'
10-Jan-2022 20:36:50.555 INFO [http-apr-8080-exec-132] org.apache.catalina.core.ApplicationContext.log Manager: list: Listing contexts for virtual host 'localhost'
10-Jan-2022 20:36:50.562 INFO [http-apr-8080-exec-137] org.apache.catalina.core.ApplicationContext.log Manager: restart: Reloading web application '/Project'
10-Jan-2022 20:38:28.618 INFO [http-apr-8080-exec-140] org.apache.catalina.core.ApplicationContext.log Manager: list: Listing contexts for virtual host 'localhost'
10-Jan-2022 20:38:28.660 INFO [http-apr-8080-exec-132] org.apache.catalina.core.ApplicationContext.log Manager: restart: Reloading web application '/Project'
10-Jan-2022 20:39:28.561 INFO [http-apr-8080-exec-143] org.apache.catalina.core.ApplicationContext.log Manager: list: Listing contexts for virtual host 'localhost'
10-Jan-2022 20:39:28.567 INFO [http-apr-8080-exec-140] org.apache.catalina.core.ApplicationContext.log Manager: restart: Reloading web application '/Project'
10-Jan-2022 20:39:34.846 INFO [http-apr-8080-exec-135] org.apache.catalina.core.ApplicationContext.log Manager: list: Listing contexts for virtual host 'localhost'
10-Jan-2022 20:39:34.848 INFO [http-apr-8080-exec-142] org.apache.catalina.core.ApplicationContext.log Manager: list: Listing contexts for virtual host 'localhost'
10-Jan-2022 20:39:34.904 INFO [http-apr-8080-exec-146] org.apache.catalina.core.ApplicationContext.log Manager: undeploy: Undeploying web application at '/Project'
10-Jan-2022 20:39:35.444 INFO [http-apr-8080-exec-143] org.apache.catalina.core.ApplicationContext.log Manager: install: Installing context configuration at 'file:/C:/Users/gabriel/AppData/Local/Temp/context5876302445509790894.xml'
10-Jan-2022 20:42:41.789 INFO [http-apr-8080-exec-154] org.apache.catalina.core.ApplicationContext.log Manager: list: Listing contexts for virtual host 'localhost'
10-Jan-2022 20:42:41.796 INFO [http-apr-8080-exec-128] org.apache.catalina.core.ApplicationContext.log Manager: restart: Reloading web application '/Project'
10-Jan-2022 20:53:53.462 INFO [http-apr-8080-exec-162] org.apache.catalina.core.ApplicationContext.log Manager: list: Listing contexts for virtual host 'localhost'
10-Jan-2022 20:53:58.139 INFO [http-apr-8080-exec-161] org.apache.catalina.core.ApplicationContext.log Manager: list: Listing contexts for virtual host 'localhost'
10-Jan-2022 20:53:58.815 INFO [http-apr-8080-exec-158] org.apache.catalina.core.ApplicationContext.log Manager: list: Listing contexts for virtual host 'localhost'
10-Jan-2022 20:53:58.824 INFO [http-apr-8080-exec-159] org.apache.catalina.core.ApplicationContext.log Manager: restart: Reloading web application '/Project'
10-Jan-2022 21:02:24.740 INFO [http-apr-8080-exec-172] org.apache.catalina.core.ApplicationContext.log Manager: list: Listing contexts for virtual host 'localhost'
10-Jan-2022 21:02:24.747 INFO [http-apr-8080-exec-173] org.apache.catalina.core.ApplicationContext.log Manager: restart: Reloading web application '/Project'
10-Jan-2022 21:02:26.251 INFO [http-apr-8080-exec-167] org.apache.catalina.core.ApplicationContext.log Manager: list: Listing contexts for virtual host 'localhost'
10-Jan-2022 21:02:26.258 INFO [http-apr-8080-exec-170] org.apache.catalina.core.ApplicationContext.log Manager: restart: Reloading web application '/Project'
10-Jan-2022 21:05:29.403 INFO [http-apr-8080-exec-175] org.apache.catalina.core.ApplicationContext.log Manager: list: Listing contexts for virtual host 'localhost'
10-Jan-2022 21:05:29.413 INFO [http-apr-8080-exec-168] org.apache.catalina.core.ApplicationContext.log Manager: restart: Reloading web application '/Project'
10-Jan-2022 21:05:30.907 INFO [http-apr-8080-exec-179] org.apache.catalina.core.ApplicationContext.log Manager: list: Listing contexts for virtual host 'localhost'
10-Jan-2022 21:05:30.913 INFO [http-apr-8080-exec-175] org.apache.catalina.core.ApplicationContext.log Manager: restart: Reloading web application '/Project'
10-Jan-2022 21:05:34.125 INFO [http-apr-8080-exec-179] org.apache.catalina.core.ApplicationContext.log Manager: list: Listing contexts for virtual host 'localhost'
10-Jan-2022 21:05:34.130 INFO [http-apr-8080-exec-183] org.apache.catalina.core.ApplicationContext.log Manager: restart: Reloading web application '/Project'
10-Jan-2022 21:05:47.060 INFO [http-apr-8080-exec-186] org.apache.catalina.core.ApplicationContext.log Manager: list: Listing contexts for virtual host 'localhost'
10-Jan-2022 21:05:47.067 INFO [http-apr-8080-exec-180] org.apache.catalina.core.ApplicationContext.log Manager: restart: Reloading web application '/Project'
10-Jan-2022 21:07:04.837 INFO [http-apr-8080-exec-189] org.apache.catalina.core.ApplicationContext.log Manager: list: Listing contexts for virtual host 'localhost'
10-Jan-2022 21:07:04.843 INFO [http-apr-8080-exec-177] org.apache.catalina.core.ApplicationContext.log Manager: restart: Reloading web application '/Project'
10-Jan-2022 21:07:42.431 INFO [http-apr-8080-exec-192] org.apache.catalina.core.ApplicationContext.log Manager: list: Listing contexts for virtual host 'localhost'
10-Jan-2022 21:07:42.438 INFO [http-apr-8080-exec-191] org.apache.catalina.core.ApplicationContext.log Manager: restart: Reloading web application '/Project'
10-Jan-2022 21:08:05.995 INFO [http-apr-8080-exec-188] org.apache.catalina.core.ApplicationContext.log Manager: list: Listing contexts for virtual host 'localhost'
10-Jan-2022 21:08:06.002 INFO [http-apr-8080-exec-193] org.apache.catalina.core.ApplicationContext.log Manager: restart: Reloading web application '/Project'
10-Jan-2022 21:10:31.890 INFO [http-apr-8080-exec-192] org.apache.catalina.core.ApplicationContext.log Manager: list: Listing contexts for virtual host 'localhost'
10-Jan-2022 21:10:31.896 INFO [http-apr-8080-exec-199] org.apache.catalina.core.ApplicationContext.log Manager: restart: Reloading web application '/Project'
10-Jan-2022 21:10:37.083 INFO [http-apr-8080-exec-200] org.apache.catalina.core.ApplicationContext.log Manager: list: Listing contexts for virtual host 'localhost'
10-Jan-2022 21:10:37.088 INFO [http-apr-8080-exec-202] org.apache.catalina.core.ApplicationContext.log Manager: restart: Reloading web application '/Project'
10-Jan-2022 21:10:53.014 INFO [http-apr-8080-exec-200] org.apache.catalina.core.ApplicationContext.log Manager: list: Listing contexts for virtual host 'localhost'
10-Jan-2022 21:10:53.020 INFO [http-apr-8080-exec-197] org.apache.catalina.core.ApplicationContext.log Manager: restart: Reloading web application '/Project'
10-Jan-2022 21:10:57.336 INFO [http-apr-8080-exec-195] org.apache.catalina.core.ApplicationContext.log Manager: list: Listing contexts for virtual host 'localhost'
10-Jan-2022 21:10:57.342 INFO [http-apr-8080-exec-200] org.apache.catalina.core.ApplicationContext.log Manager: restart: Reloading web application '/Project'
10-Jan-2022 21:11:05.191 INFO [http-apr-8080-exec-208] org.apache.catalina.core.ApplicationContext.log Manager: list: Listing contexts for virtual host 'localhost'
10-Jan-2022 21:11:05.198 INFO [http-apr-8080-exec-209] org.apache.catalina.core.ApplicationContext.log Manager: restart: Reloading web application '/Project'
10-Jan-2022 21:11:26.040 INFO [http-apr-8080-exec-208] org.apache.catalina.core.ApplicationContext.log Manager: list: Listing contexts for virtual host 'localhost'
10-Jan-2022 21:11:26.047 INFO [http-apr-8080-exec-211] org.apache.catalina.core.ApplicationContext.log Manager: restart: Reloading web application '/Project'
10-Jan-2022 21:12:30.440 INFO [http-apr-8080-exec-213] org.apache.catalina.core.ApplicationContext.log Manager: list: Listing contexts for virtual host 'localhost'
10-Jan-2022 21:12:30.447 INFO [http-apr-8080-exec-215] org.apache.catalina.core.ApplicationContext.log Manager: restart: Reloading web application '/Project'
10-Jan-2022 21:12:32.249 INFO [http-apr-8080-exec-213] org.apache.catalina.core.ApplicationContext.log Manager: list: Listing contexts for virtual host 'localhost'
10-Jan-2022 21:12:32.256 INFO [http-apr-8080-exec-195] org.apache.catalina.core.ApplicationContext.log Manager: restart: Reloading web application '/Project'
10-Jan-2022 21:12:57.700 INFO [http-apr-8080-exec-218] org.apache.catalina.core.ApplicationContext.log Manager: list: Listing contexts for virtual host 'localhost'
10-Jan-2022 21:12:57.707 INFO [http-apr-8080-exec-214] org.apache.catalina.core.ApplicationContext.log Manager: restart: Reloading web application '/Project'
10-Jan-2022 21:15:17.286 INFO [http-apr-8080-exec-192] org.apache.catalina.core.ApplicationContext.log Manager: list: Listing contexts for virtual host 'localhost'
10-Jan-2022 21:15:17.938 INFO [http-apr-8080-exec-225] org.apache.catalina.core.ApplicationContext.log Manager: list: Listing contexts for virtual host 'localhost'
10-Jan-2022 21:15:17.947 INFO [http-apr-8080-exec-213] org.apache.catalina.core.ApplicationContext.log Manager: restart: Reloading web application '/Project'
10-Jan-2022 21:16:22.597 INFO [http-apr-8080-exec-227] org.apache.catalina.core.ApplicationContext.log Manager: list: Listing contexts for virtual host 'localhost'
10-Jan-2022 21:16:22.654 INFO [http-apr-8080-exec-228] org.apache.catalina.core.ApplicationContext.log Manager: restart: Reloading web application '/Project'
10-Jan-2022 21:16:24.190 INFO [http-apr-8080-exec-227] org.apache.catalina.core.ApplicationContext.log Manager: list: Listing contexts for virtual host 'localhost'
10-Jan-2022 21:16:24.196 INFO [http-apr-8080-exec-210] org.apache.catalina.core.ApplicationContext.log Manager: restart: Reloading web application '/Project'
10-Jan-2022 21:16:45.975 INFO [http-apr-8080-exec-231] org.apache.catalina.core.ApplicationContext.log Manager: list: Listing contexts for virtual host 'localhost'
10-Jan-2022 21:16:46.626 INFO [http-apr-8080-exec-227] org.apache.catalina.core.ApplicationContext.log Manager: list: Listing contexts for virtual host 'localhost'
10-Jan-2022 21:16:46.635 INFO [http-apr-8080-exec-226] org.apache.catalina.core.ApplicationContext.log Manager: restart: Reloading web application '/Project'
10-Jan-2022 21:18:49.842 INFO [http-apr-8080-exec-230] org.apache.catalina.core.ApplicationContext.log Manager: list: Listing contexts for virtual host 'localhost'
10-Jan-2022 21:18:49.867 INFO [http-apr-8080-exec-236] org.apache.catalina.core.ApplicationContext.log Manager: restart: Reloading web application '/Project'
10-Jan-2022 21:18:52.222 INFO [http-apr-8080-exec-220] org.apache.catalina.core.ApplicationContext.log Manager: list: Listing contexts for virtual host 'localhost'
10-Jan-2022 21:18:52.228 INFO [http-apr-8080-exec-227] org.apache.catalina.core.ApplicationContext.log Manager: restart: Reloading web application '/Project'
10-Jan-2022 21:19:21.387 INFO [http-apr-8080-exec-230] org.apache.catalina.core.ApplicationContext.log Manager: list: Listing contexts for virtual host 'localhost'
10-Jan-2022 21:19:21.394 INFO [http-apr-8080-exec-239] org.apache.catalina.core.ApplicationContext.log Manager: restart: Reloading web application '/Project'
10-Jan-2022 21:21:33.202 INFO [http-apr-8080-exec-246] org.apache.catalina.core.ApplicationContext.log Manager: list: Listing contexts for virtual host 'localhost'
10-Jan-2022 21:21:33.204 INFO [http-apr-8080-exec-242] org.apache.catalina.core.ApplicationContext.log Manager: list: Listing contexts for virtual host 'localhost'
10-Jan-2022 21:21:33.250 INFO [http-apr-8080-exec-243] org.apache.catalina.core.ApplicationContext.log Manager: restart: Reloading web application '/Project'
10-Jan-2022 21:23:27.726 INFO [http-apr-8080-exec-245] org.apache.catalina.core.ApplicationContext.log Manager: list: Listing contexts for virtual host 'localhost'
10-Jan-2022 21:23:27.733 INFO [http-apr-8080-exec-220] org.apache.catalina.core.ApplicationContext.log Manager: restart: Reloading web application '/Project'
10-Jan-2022 21:23:31.708 INFO [http-apr-8080-exec-245] org.apache.catalina.core.ApplicationContext.log Manager: list: Listing contexts for virtual host 'localhost'
10-Jan-2022 21:23:31.710 INFO [http-apr-8080-exec-246] org.apache.catalina.core.ApplicationContext.log Manager: list: Listing contexts for virtual host 'localhost'
10-Jan-2022 21:23:31.755 INFO [http-apr-8080-exec-253] org.apache.catalina.core.ApplicationContext.log Manager: restart: Reloading web application '/Project'
10-Jan-2022 21:30:41.056 INFO [http-apr-8080-exec-261] org.apache.catalina.core.ApplicationContext.log Manager: list: Listing contexts for virtual host 'localhost'
10-Jan-2022 21:30:45.485 INFO [http-apr-8080-exec-258] org.apache.catalina.core.ApplicationContext.log Manager: list: Listing contexts for virtual host 'localhost'
10-Jan-2022 21:30:46.077 INFO [http-apr-8080-exec-255] org.apache.catalina.core.ApplicationContext.log Manager: list: Listing contexts for virtual host 'localhost'
10-Jan-2022 21:30:46.085 INFO [http-apr-8080-exec-256] org.apache.catalina.core.ApplicationContext.log Manager: restart: Reloading web application '/Project'
10-Jan-2022 21:30:48.828 INFO [http-apr-8080-exec-255] org.apache.catalina.core.ApplicationContext.log Manager: list: Listing contexts for virtual host 'localhost'
10-Jan-2022 21:30:49.575 INFO [http-apr-8080-exec-261] org.apache.catalina.core.ApplicationContext.log Manager: list: Listing contexts for virtual host 'localhost'
10-Jan-2022 21:30:49.583 INFO [http-apr-8080-exec-254] org.apache.catalina.core.ApplicationContext.log Manager: restart: Reloading web application '/Project'
10-Jan-2022 21:37:01.556 INFO [http-apr-8080-exec-273] org.apache.catalina.core.ApplicationContext.log Manager: list: Listing contexts for virtual host 'localhost'
10-Jan-2022 21:37:01.563 INFO [http-apr-8080-exec-263] org.apache.catalina.core.ApplicationContext.log Manager: stop: Stopping web application '/Project'
10-Jan-2022 21:37:01.568 INFO [http-apr-8080-exec-269] org.apache.catalina.core.ApplicationContext.log Manager: start: Starting web application '/Project'
10-Jan-2022 21:37:14.135 INFO [http-apr-8080-exec-266] org.apache.catalina.core.ApplicationContext.log Manager: list: Listing contexts for virtual host 'localhost'
10-Jan-2022 21:37:14.143 INFO [http-apr-8080-exec-267] org.apache.catalina.core.ApplicationContext.log Manager: stop: Stopping web application '/Project'
10-Jan-2022 21:37:14.150 INFO [http-apr-8080-exec-272] org.apache.catalina.core.ApplicationContext.log Manager: start: Starting web application '/Project'
10-Jan-2022 21:37:29.014 INFO [http-apr-8080-exec-278] org.apache.catalina.core.ApplicationContext.log Manager: list: Listing contexts for virtual host 'localhost'
10-Jan-2022 21:37:29.020 INFO [http-apr-8080-exec-267] org.apache.catalina.core.ApplicationContext.log Manager: stop: Stopping web application '/Project'
10-Jan-2022 21:37:29.025 INFO [http-apr-8080-exec-279] org.apache.catalina.core.ApplicationContext.log Manager: start: Starting web application '/Project'
10-Jan-2022 21:37:33.334 INFO [http-apr-8080-exec-275] org.apache.catalina.core.ApplicationContext.log Manager: list: Listing contexts for virtual host 'localhost'
10-Jan-2022 21:37:33.335 INFO [http-apr-8080-exec-276] org.apache.catalina.core.ApplicationContext.log Manager: list: Listing contexts for virtual host 'localhost'
10-Jan-2022 21:37:33.378 INFO [http-apr-8080-exec-281] org.apache.catalina.core.ApplicationContext.log Manager: stop: Stopping web application '/Project'
10-Jan-2022 21:37:33.383 INFO [http-apr-8080-exec-276] org.apache.catalina.core.ApplicationContext.log Manager: start: Starting web application '/Project'
10-Jan-2022 21:42:01.950 INFO [http-apr-8080-exec-267] org.apache.catalina.core.ApplicationContext.log Manager: list: Listing contexts for virtual host 'localhost'
10-Jan-2022 21:42:01.964 INFO [http-apr-8080-exec-270] org.apache.catalina.core.ApplicationContext.log Manager: restart: Reloading web application '/Project'
10-Jan-2022 21:42:03.375 INFO [http-apr-8080-exec-286] org.apache.catalina.core.ApplicationContext.log Manager: list: Listing contexts for virtual host 'localhost'
10-Jan-2022 21:42:03.379 INFO [http-apr-8080-exec-285] org.apache.catalina.core.ApplicationContext.log Manager: restart: Reloading web application '/Project'
10-Jan-2022 21:42:05.452 INFO [http-apr-8080-exec-282] org.apache.catalina.core.ApplicationContext.log Manager: list: Listing contexts for virtual host 'localhost'
10-Jan-2022 21:42:05.458 INFO [http-apr-8080-exec-286] org.apache.catalina.core.ApplicationContext.log Manager: restart: Reloading web application '/Project'
10-Jan-2022 21:42:28.535 INFO [http-apr-8080-exec-290] org.apache.catalina.core.ApplicationContext.log Manager: list: Listing contexts for virtual host 'localhost'
10-Jan-2022 21:42:28.542 INFO [http-apr-8080-exec-288] org.apache.catalina.core.ApplicationContext.log Manager: restart: Reloading web application '/Project'
10-Jan-2022 21:43:18.663 INFO [http-apr-8080-exec-284] org.apache.catalina.core.ApplicationContext.log Manager: list: Listing contexts for virtual host 'localhost'
10-Jan-2022 21:43:18.671 INFO [http-apr-8080-exec-291] org.apache.catalina.core.ApplicationContext.log Manager: restart: Reloading web application '/Project'
10-Jan-2022 21:46:00.718 INFO [http-apr-8080-exec-293] org.apache.catalina.core.ApplicationContext.log Manager: list: Listing contexts for virtual host 'localhost'
10-Jan-2022 21:46:00.725 INFO [http-apr-8080-exec-297] org.apache.catalina.core.ApplicationContext.log Manager: restart: Reloading web application '/Project'
10-Jan-2022 21:46:41.552 INFO [http-apr-8080-exec-300] org.apache.catalina.core.ApplicationContext.log Manager: list: Listing contexts for virtual host 'localhost'
10-Jan-2022 21:46:41.561 INFO [http-apr-8080-exec-294] org.apache.catalina.core.ApplicationContext.log Manager: restart: Reloading web application '/Project'
10-Jan-2022 21:47:01.457 INFO [http-apr-8080-exec-302] org.apache.catalina.core.ApplicationContext.log Manager: list: Listing contexts for virtual host 'localhost'
10-Jan-2022 21:47:01.465 INFO [http-apr-8080-exec-300] org.apache.catalina.core.ApplicationContext.log Manager: restart: Reloading web application '/Project'
10-Jan-2022 21:47:51.071 INFO [http-apr-8080-exec-304] org.apache.catalina.core.ApplicationContext.log Manager: list: Listing contexts for virtual host 'localhost'
10-Jan-2022 21:47:51.079 INFO [http-apr-8080-exec-298] org.apache.catalina.core.ApplicationContext.log Manager: restart: Reloading web application '/Project'
10-Jan-2022 21:47:52.030 INFO [http-apr-8080-exec-299] org.apache.catalina.core.ApplicationContext.log Manager: list: Listing contexts for virtual host 'localhost'
10-Jan-2022 21:47:52.032 INFO [http-apr-8080-exec-267] org.apache.catalina.core.ApplicationContext.log Manager: list: Listing contexts for virtual host 'localhost'
10-Jan-2022 21:47:52.419 INFO [http-apr-8080-exec-278] org.apache.catalina.core.ApplicationContext.log Manager: restart: Reloading web application '/Project'
10-Jan-2022 21:48:55.352 INFO [http-apr-8080-exec-293] org.apache.catalina.core.ApplicationContext.log Manager: list: Listing contexts for virtual host 'localhost'
10-Jan-2022 21:48:55.359 INFO [http-apr-8080-exec-282] org.apache.catalina.core.ApplicationContext.log Manager: restart: Reloading web application '/Project'
10-Jan-2022 21:49:04.954 INFO [http-apr-8080-exec-311] org.apache.catalina.core.ApplicationContext.log Manager: list: Listing contexts for virtual host 'localhost'
10-Jan-2022 21:49:04.960 INFO [http-apr-8080-exec-303] org.apache.catalina.core.ApplicationContext.log Manager: restart: Reloading web application '/Project'
10-Jan-2022 21:49:09.577 INFO [http-apr-8080-exec-312] org.apache.catalina.core.ApplicationContext.log Manager: list: Listing contexts for virtual host 'localhost'
10-Jan-2022 21:49:09.580 INFO [http-apr-8080-exec-309] org.apache.catalina.core.ApplicationContext.log Manager: list: Listing contexts for virtual host 'localhost'
10-Jan-2022 21:49:09.625 INFO [http-apr-8080-exec-314] org.apache.catalina.core.ApplicationContext.log Manager: restart: Reloading web application '/Project'
10-Jan-2022 21:52:14.334 INFO [http-apr-8080-exec-321] org.apache.catalina.core.ApplicationContext.log Manager: list: Listing contexts for virtual host 'localhost'
10-Jan-2022 21:52:14.339 INFO [http-apr-8080-exec-299] org.apache.catalina.core.ApplicationContext.log Manager: stop: Stopping web application '/Project'
10-Jan-2022 21:52:14.344 INFO [http-apr-8080-exec-317] org.apache.catalina.core.ApplicationContext.log Manager: start: Starting web application '/Project'
10-Jan-2022 21:52:15.588 INFO [http-apr-8080-exec-321] org.apache.catalina.core.ApplicationContext.log Manager: list: Listing contexts for virtual host 'localhost'
10-Jan-2022 21:52:15.589 INFO [http-apr-8080-exec-320] org.apache.catalina.core.ApplicationContext.log Manager: list: Listing contexts for virtual host 'localhost'
10-Jan-2022 21:52:15.763 INFO [http-apr-8080-exec-320] org.apache.catalina.core.ApplicationContext.log Manager: stop: Stopping web application '/Project'
10-Jan-2022 21:52:15.777 INFO [http-apr-8080-exec-322] org.apache.catalina.core.ApplicationContext.log Manager: start: Starting web application '/Project'
10-Jan-2022 21:53:29.005 INFO [http-apr-8080-exec-320] org.apache.catalina.core.ApplicationContext.log Manager: list: Listing contexts for virtual host 'localhost'
10-Jan-2022 21:53:29.009 INFO [http-apr-8080-exec-326] org.apache.catalina.core.ApplicationContext.log Manager: list: Listing contexts for virtual host 'localhost'
10-Jan-2022 21:53:29.015 INFO [http-apr-8080-exec-267] org.apache.catalina.core.ApplicationContext.log Manager: undeploy: Undeploying web application at '/Project'
10-Jan-2022 21:53:29.546 INFO [http-apr-8080-exec-319] org.apache.catalina.core.ApplicationContext.log Manager: install: Installing context configuration at 'file:/C:/Users/gabriel/AppData/Local/Temp/context3955252629913521532.xml'
10-Jan-2022 21:53:30.776 INFO [http-apr-8080-exec-327] org.apache.catalina.core.ApplicationContext.log Manager: list: Listing contexts for virtual host 'localhost'
10-Jan-2022 21:53:30.778 INFO [http-apr-8080-exec-316] org.apache.catalina.core.ApplicationContext.log Manager: list: Listing contexts for virtual host 'localhost'
10-Jan-2022 21:53:30.998 INFO [http-apr-8080-exec-323] org.apache.catalina.core.ApplicationContext.log Manager: stop: Stopping web application '/Project'
10-Jan-2022 21:53:31.013 INFO [http-apr-8080-exec-320] org.apache.catalina.core.ApplicationContext.log Manager: start: Starting web application '/Project'
10-Jan-2022 21:53:32.278 INFO [http-apr-8080-exec-326] org.apache.catalina.core.ApplicationContext.log Manager: start: Starting web application '/Project'
10-Jan-2022 21:55:22.930 INFO [http-apr-8080-exec-319] org.apache.catalina.core.ApplicationContext.log Manager: list: Listing contexts for virtual host 'localhost'
10-Jan-2022 21:55:22.936 INFO [http-apr-8080-exec-325] org.apache.catalina.core.ApplicationContext.log Manager: restart: Reloading web application '/Project'
10-Jan-2022 21:55:35.911 INFO [http-apr-8080-exec-330] org.apache.catalina.core.ApplicationContext.log Manager: list: Listing contexts for virtual host 'localhost'
10-Jan-2022 21:55:35.914 INFO [http-apr-8080-exec-333] org.apache.catalina.core.ApplicationContext.log Manager: list: Listing contexts for virtual host 'localhost'
10-Jan-2022 21:55:35.959 INFO [http-apr-8080-exec-327] org.apache.catalina.core.ApplicationContext.log Manager: restart: Reloading web application '/Project'
10-Jan-2022 21:55:45.991 INFO [http-apr-8080-exec-331] org.apache.catalina.core.ApplicationContext.log Manager: list: Listing contexts for virtual host 'localhost'
10-Jan-2022 21:55:46.007 INFO [http-apr-8080-exec-333] org.apache.catalina.core.ApplicationContext.log Manager: undeploy: Undeploying web application at '/Project'
10-Jan-2022 21:55:52.403 INFO [http-apr-8080-exec-333] org.apache.catalina.core.ApplicationContext.log Manager: list: Listing contexts for virtual host 'localhost'
10-Jan-2022 21:55:52.418 INFO [http-apr-8080-exec-336] org.apache.catalina.core.ApplicationContext.log Manager: list: Listing contexts for virtual host 'localhost'
10-Jan-2022 21:55:52.434 INFO [http-apr-8080-exec-319] org.apache.catalina.core.ApplicationContext.log Manager: install: Installing context configuration at 'file:/C:/Users/gabriel/AppData/Local/Temp/context8524115274646146272.xml'
10-Jan-2022 21:55:54.342 INFO [http-apr-8080-exec-335] org.apache.catalina.core.ApplicationContext.log Manager: start: Starting web application '/Project'
10-Jan-2022 21:57:12.633 INFO [http-apr-8080-exec-340] org.apache.catalina.core.ApplicationContext.log Manager: list: Listing contexts for virtual host 'localhost'
10-Jan-2022 21:57:12.638 INFO [http-apr-8080-exec-316] org.apache.catalina.core.ApplicationContext.log Manager: stop: Stopping web application '/Project'
10-Jan-2022 21:57:12.644 INFO [http-apr-8080-exec-336] org.apache.catalina.core.ApplicationContext.log Manager: start: Starting web application '/Project'
10-Jan-2022 21:57:14.818 INFO [http-apr-8080-exec-342] org.apache.catalina.core.ApplicationContext.log Manager: list: Listing contexts for virtual host 'localhost'
10-Jan-2022 21:57:14.820 INFO [http-apr-8080-exec-338] org.apache.catalina.core.ApplicationContext.log Manager: list: Listing contexts for virtual host 'localhost'
10-Jan-2022 21:57:14.873 INFO [http-apr-8080-exec-341] org.apache.catalina.core.ApplicationContext.log Manager: stop: Stopping web application '/Project'
10-Jan-2022 21:57:14.879 INFO [http-apr-8080-exec-342] org.apache.catalina.core.ApplicationContext.log Manager: start: Starting web application '/Project'
10-Jan-2022 22:03:57.628 INFO [http-apr-8080-exec-341] org.apache.catalina.core.ApplicationContext.log Manager: list: Listing contexts for virtual host 'localhost'
10-Jan-2022 22:04:03.314 INFO [http-apr-8080-exec-345] org.apache.catalina.core.ApplicationContext.log Manager: list: Listing contexts for virtual host 'localhost'
10-Jan-2022 22:06:06.047 INFO [http-apr-8080-exec-355] org.apache.catalina.core.ApplicationContext.log Manager: list: Listing contexts for virtual host 'localhost'
10-Jan-2022 22:06:06.054 INFO [http-apr-8080-exec-329] org.apache.catalina.core.ApplicationContext.log Manager: stop: Stopping web application '/Project'
10-Jan-2022 22:06:06.079 INFO [http-apr-8080-exec-339] org.apache.catalina.core.ApplicationContext.log Manager: start: Starting web application '/Project'
10-Jan-2022 22:06:53.385 INFO [http-apr-8080-exec-350] org.apache.catalina.core.ApplicationContext.log Manager: list: Listing contexts for virtual host 'localhost'
10-Jan-2022 22:06:53.392 INFO [http-apr-8080-exec-354] org.apache.catalina.core.ApplicationContext.log Manager: stop: Stopping web application '/Project'
10-Jan-2022 22:06:53.397 INFO [http-apr-8080-exec-357] org.apache.catalina.core.ApplicationContext.log Manager: start: Starting web application '/Project'
10-Jan-2022 22:08:38.288 INFO [http-apr-8080-exec-352] org.apache.catalina.core.ApplicationContext.log Manager: list: Listing contexts for virtual host 'localhost'
10-Jan-2022 22:08:38.296 INFO [http-apr-8080-exec-350] org.apache.catalina.core.ApplicationContext.log Manager: restart: Reloading web application '/Project'
10-Jan-2022 22:08:39.768 INFO [http-apr-8080-exec-353] org.apache.catalina.core.ApplicationContext.log Manager: list: Listing contexts for virtual host 'localhost'
10-Jan-2022 22:08:39.776 INFO [http-apr-8080-exec-329] org.apache.catalina.core.ApplicationContext.log Manager: restart: Reloading web application '/Project'
10-Jan-2022 22:08:59.108 INFO [http-apr-8080-exec-363] org.apache.catalina.core.ApplicationContext.log Manager: list: Listing contexts for virtual host 'localhost'
10-Jan-2022 22:08:59.114 INFO [http-apr-8080-exec-360] org.apache.catalina.core.ApplicationContext.log Manager: restart: Reloading web application '/Project'
10-Jan-2022 22:09:47.991 INFO [http-apr-8080-exec-365] org.apache.catalina.core.ApplicationContext.log Manager: list: Listing contexts for virtual host 'localhost'
10-Jan-2022 22:09:47.998 INFO [http-apr-8080-exec-363] org.apache.catalina.core.ApplicationContext.log Manager: restart: Reloading web application '/Project'
10-Jan-2022 22:09:49.420 INFO [http-apr-8080-exec-354] org.apache.catalina.core.ApplicationContext.log Manager: list: Listing contexts for virtual host 'localhost'
10-Jan-2022 22:09:49.425 INFO [http-apr-8080-exec-362] org.apache.catalina.core.ApplicationContext.log Manager: restart: Reloading web application '/Project'
10-Jan-2022 22:09:53.481 INFO [http-apr-8080-exec-364] org.apache.catalina.core.ApplicationContext.log Manager: list: Listing contexts for virtual host 'localhost'
10-Jan-2022 22:09:53.486 INFO [http-apr-8080-exec-368] org.apache.catalina.core.ApplicationContext.log Manager: restart: Reloading web application '/Project'
10-Jan-2022 22:10:04.152 INFO [http-apr-8080-exec-370] org.apache.catalina.core.ApplicationContext.log Manager: list: Listing contexts for virtual host 'localhost'
10-Jan-2022 22:10:04.159 INFO [http-apr-8080-exec-366] org.apache.catalina.core.ApplicationContext.log Manager: restart: Reloading web application '/Project'
10-Jan-2022 22:10:09.453 INFO [http-apr-8080-exec-364] org.apache.catalina.core.ApplicationContext.log Manager: list: Listing contexts for virtual host 'localhost'
10-Jan-2022 22:10:09.460 INFO [http-apr-8080-exec-372] org.apache.catalina.core.ApplicationContext.log Manager: restart: Reloading web application '/Project'
10-Jan-2022 22:10:38.399 INFO [http-apr-8080-exec-374] org.apache.catalina.core.ApplicationContext.log Manager: list: Listing contexts for virtual host 'localhost'
10-Jan-2022 22:10:38.404 INFO [http-apr-8080-exec-369] org.apache.catalina.core.ApplicationContext.log Manager: restart: Reloading web application '/Project'
10-Jan-2022 22:10:45.644 INFO [http-apr-8080-exec-364] org.apache.catalina.core.ApplicationContext.log Manager: list: Listing contexts for virtual host 'localhost'
10-Jan-2022 22:10:45.652 INFO [http-apr-8080-exec-373] org.apache.catalina.core.ApplicationContext.log Manager: restart: Reloading web application '/Project'
10-Jan-2022 22:11:55.824 INFO [http-apr-8080-exec-379] org.apache.catalina.core.ApplicationContext.log Manager: list: Listing contexts for virtual host 'localhost'
10-Jan-2022 22:11:55.831 INFO [http-apr-8080-exec-376] org.apache.catalina.core.ApplicationContext.log Manager: restart: Reloading web application '/Project'
10-Jan-2022 22:12:33.025 INFO [http-apr-8080-exec-382] org.apache.catalina.core.ApplicationContext.log Manager: list: Listing contexts for virtual host 'localhost'
10-Jan-2022 22:12:33.031 INFO [http-apr-8080-exec-380] org.apache.catalina.core.ApplicationContext.log Manager: restart: Reloading web application '/Project'
10-Jan-2022 22:13:11.592 INFO [http-apr-8080-exec-384] org.apache.catalina.core.ApplicationContext.log Manager: list: Listing contexts for virtual host 'localhost'
10-Jan-2022 22:13:11.599 INFO [http-apr-8080-exec-381] org.apache.catalina.core.ApplicationContext.log Manager: stop: Stopping web application '/Project'
10-Jan-2022 22:13:11.604 INFO [http-apr-8080-exec-382] org.apache.catalina.core.ApplicationContext.log Manager: start: Starting web application '/Project'
10-Jan-2022 22:13:13.773 INFO [http-apr-8080-exec-384] org.apache.catalina.core.ApplicationContext.log Manager: list: Listing contexts for virtual host 'localhost'
10-Jan-2022 22:13:13.774 INFO [http-apr-8080-exec-353] org.apache.catalina.core.ApplicationContext.log Manager: list: Listing contexts for virtual host 'localhost'
10-Jan-2022 22:13:13.823 INFO [http-apr-8080-exec-375] org.apache.catalina.core.ApplicationContext.log Manager: stop: Stopping web application '/Project'
10-Jan-2022 22:13:13.829 INFO [http-apr-8080-exec-386] org.apache.catalina.core.ApplicationContext.log Manager: start: Starting web application '/Project'
10-Jan-2022 22:14:04.703 INFO [http-apr-8080-exec-354] org.apache.catalina.core.ApplicationContext.log Manager: list: Listing contexts for virtual host 'localhost'
10-Jan-2022 22:14:04.709 INFO [http-apr-8080-exec-379] org.apache.catalina.core.ApplicationContext.log Manager: restart: Reloading web application '/Project'
10-Jan-2022 22:14:09.404 INFO [http-apr-8080-exec-388] org.apache.catalina.core.ApplicationContext.log Manager: list: Listing contexts for virtual host 'localhost'
10-Jan-2022 22:14:09.409 INFO [http-apr-8080-exec-354] org.apache.catalina.core.ApplicationContext.log Manager: undeploy: Undeploying web application at '/Project'
10-Jan-2022 22:14:12.267 INFO [http-apr-8080-exec-383] org.apache.catalina.core.ApplicationContext.log Manager: list: Listing contexts for virtual host 'localhost'
10-Jan-2022 22:14:12.269 INFO [http-apr-8080-exec-354] org.apache.catalina.core.ApplicationContext.log Manager: list: Listing contexts for virtual host 'localhost'
10-Jan-2022 22:14:12.273 INFO [http-apr-8080-exec-391] org.apache.catalina.core.ApplicationContext.log Manager: install: Installing context configuration at 'file:/C:/Users/gabriel/AppData/Local/Temp/context4378599295138630802.xml'
10-Jan-2022 22:14:14.208 INFO [http-apr-8080-exec-381] org.apache.catalina.core.ApplicationContext.log Manager: start: Starting web application '/Project'
10-Jan-2022 22:15:13.934 INFO [http-apr-8080-exec-393] org.apache.catalina.core.ApplicationContext.log Manager: list: Listing contexts for virtual host 'localhost'
10-Jan-2022 22:15:13.941 INFO [http-apr-8080-exec-354] org.apache.catalina.core.ApplicationContext.log Manager: restart: Reloading web application '/Project'
10-Jan-2022 22:17:34.181 INFO [http-apr-8080-exec-7] org.apache.catalina.core.ApplicationContext.log Manager: init: Associated with Deployer 'Catalina:type=Deployer,host=localhost'
10-Jan-2022 22:17:34.181 INFO [http-apr-8080-exec-7] org.apache.catalina.core.ApplicationContext.log Manager: init: Global resources are available
10-Jan-2022 22:17:34.185 INFO [http-apr-8080-exec-7] org.apache.catalina.core.ApplicationContext.log Manager: list: Listing contexts for virtual host 'localhost'
10-Jan-2022 22:17:34.194 INFO [http-apr-8080-exec-8] org.apache.catalina.core.ApplicationContext.log Manager: restart: Reloading web application '/Project'
