28-Jan-2022 22:25:48.003 INFORMAÇÕES [main] org.apache.catalina.startup.VersionLoggerListener.log Server version name:   Apache Tomcat/8.5.73
28-Jan-2022 22:25:48.031 INFORMAÇÕES [main] org.apache.catalina.startup.VersionLoggerListener.log Server built:          Nov 11 2021 13:14:36 UTC
28-Jan-2022 22:25:48.034 INFORMAÇÕES [main] org.apache.catalina.startup.VersionLoggerListener.log Server version number: 8.5.73.0
28-Jan-2022 22:25:48.034 INFORMAÇÕES [main] org.apache.catalina.startup.VersionLoggerListener.log OS Name:               Windows 10
28-Jan-2022 22:25:48.034 INFORMAÇÕES [main] org.apache.catalina.startup.VersionLoggerListener.log OS Version:            10.0
28-Jan-2022 22:25:48.034 INFORMAÇÕES [main] org.apache.catalina.startup.VersionLoggerListener.log Architecture:          amd64
28-Jan-2022 22:25:48.034 INFORMAÇÕES [main] org.apache.catalina.startup.VersionLoggerListener.log Java Home:             C:\Program Files\Java\jdk1.8.0_111\jre
28-Jan-2022 22:25:48.034 INFORMAÇÕES [main] org.apache.catalina.startup.VersionLoggerListener.log JVM Version:           1.8.0_111-b14
28-Jan-2022 22:25:48.035 INFORMAÇÕES [main] org.apache.catalina.startup.VersionLoggerListener.log JVM Vendor:            Oracle Corporation
28-Jan-2022 22:25:48.035 INFORMAÇÕES [main] org.apache.catalina.startup.VersionLoggerListener.log CATALINA_BASE:         C:\Users\gabriel\Files\Projetos 2\PS\Projeto-de-Software-2021-2\Projeto\Dependências\apache-tomcat-8.5.73
28-Jan-2022 22:25:48.035 INFORMAÇÕES [main] org.apache.catalina.startup.VersionLoggerListener.log CATALINA_HOME:         C:\Users\gabriel\Files\Projetos 2\PS\Projeto-de-Software-2021-2\Projeto\Dependências\apache-tomcat-8.5.73
28-Jan-2022 22:25:48.035 INFORMAÇÕES [main] org.apache.catalina.startup.VersionLoggerListener.log Command line argument: -Djava.util.logging.config.file=C:\Users\gabriel\Files\Projetos 2\PS\Projeto-de-Software-2021-2\Projeto\Dependências\apache-tomcat-8.5.73\conf\logging.properties
28-Jan-2022 22:25:48.035 INFORMAÇÕES [main] org.apache.catalina.startup.VersionLoggerListener.log Command line argument: -Djava.util.logging.manager=org.apache.juli.ClassLoaderLogManager
28-Jan-2022 22:25:48.035 INFORMAÇÕES [main] org.apache.catalina.startup.VersionLoggerListener.log Command line argument: -Djdk.tls.ephemeralDHKeySize=2048
28-Jan-2022 22:25:48.035 INFORMAÇÕES [main] org.apache.catalina.startup.VersionLoggerListener.log Command line argument: -Djava.protocol.handler.pkgs=org.apache.catalina.webresources
28-Jan-2022 22:25:48.035 INFORMAÇÕES [main] org.apache.catalina.startup.VersionLoggerListener.log Command line argument: -Dignore.endorsed.dirs=
28-Jan-2022 22:25:48.035 INFORMAÇÕES [main] org.apache.catalina.startup.VersionLoggerListener.log Command line argument: -Dcatalina.base=C:\Users\gabriel\Files\Projetos 2\PS\Projeto-de-Software-2021-2\Projeto\Dependências\apache-tomcat-8.5.73
28-Jan-2022 22:25:48.035 INFORMAÇÕES [main] org.apache.catalina.startup.VersionLoggerListener.log Command line argument: -Dcatalina.home=C:\Users\gabriel\Files\Projetos 2\PS\Projeto-de-Software-2021-2\Projeto\Dependências\apache-tomcat-8.5.73
28-Jan-2022 22:25:48.035 INFORMAÇÕES [main] org.apache.catalina.startup.VersionLoggerListener.log Command line argument: -Djava.io.tmpdir=C:\Users\gabriel\Files\Projetos 2\PS\Projeto-de-Software-2021-2\Projeto\Dependências\apache-tomcat-8.5.73\temp
28-Jan-2022 22:25:48.035 INFORMAÇÕES [main] org.apache.catalina.core.AprLifecycleListener.lifecycleEvent Loaded Apache Tomcat Native library [1.2.31] using APR version [1.7.0].
28-Jan-2022 22:25:48.035 INFORMAÇÕES [main] org.apache.catalina.core.AprLifecycleListener.lifecycleEvent APR capabilities: IPv6 [true], sendfile [true], accept filters [false], random [true], UDS [{4}].
28-Jan-2022 22:25:48.035 INFORMAÇÕES [main] org.apache.catalina.core.AprLifecycleListener.lifecycleEvent APR/OpenSSL configuration: useAprConnector [false], useOpenSSL [true]
28-Jan-2022 22:25:48.046 INFORMAÇÕES [main] org.apache.catalina.core.AprLifecycleListener.initializeSSL OpenSSL successfully initialized [OpenSSL 1.1.1l  24 Aug 2021]
28-Jan-2022 22:25:49.573 INFORMAÇÕES [main] org.apache.coyote.AbstractProtocol.init Initializing ProtocolHandler ["http-nio-8080"]
28-Jan-2022 22:25:49.746 INFORMAÇÕES [main] org.apache.tomcat.util.net.NioSelectorPool.getSharedSelector Using a shared selector for servlet write/read
28-Jan-2022 22:25:49.770 INFORMAÇÕES [main] org.apache.catalina.startup.Catalina.load Initialization processed in 2363 ms
28-Jan-2022 22:25:49.866 INFORMAÇÕES [main] org.apache.catalina.core.StandardService.startInternal Starting service [Catalina]
28-Jan-2022 22:25:49.866 INFORMAÇÕES [main] org.apache.catalina.core.StandardEngine.startInternal Starting Servlet engine: [Apache Tomcat/8.5.73]
28-Jan-2022 22:25:49.873 INFORMAÇÕES [localhost-startStop-1] org.apache.catalina.startup.HostConfig.deployDescriptor Deploying deployment descriptor [C:\Users\gabriel\Files\Projetos 2\PS\Projeto-de-Software-2021-2\Projeto\Dependências\apache-tomcat-8.5.73\conf\Catalina\localhost\Project.xml]
28-Jan-2022 22:25:53.925 INFORMAÇÕES [localhost-startStop-1] org.apache.jasper.servlet.TldScanner.scanJars At least one JAR was scanned for TLDs yet contained no TLDs. Enable debug logging for this logger for a complete list of JARs that were scanned but no TLDs were found in them. Skipping unneeded JARs during scanning can improve startup time and JSP compilation time.
28-Jan-2022 22:25:53.978 INFORMAÇÕES [localhost-startStop-1] org.apache.catalina.startup.HostConfig.deployDescriptor Deployment of deployment descriptor [C:\Users\gabriel\Files\Projetos 2\PS\Projeto-de-Software-2021-2\Projeto\Dependências\apache-tomcat-8.5.73\conf\Catalina\localhost\Project.xml] has finished in [4,105] ms
28-Jan-2022 22:25:53.979 INFORMAÇÕES [localhost-startStop-1] org.apache.catalina.startup.HostConfig.deployDirectory Deploying web application directory [C:\Users\gabriel\Files\Projetos 2\PS\Projeto-de-Software-2021-2\Projeto\Dependências\apache-tomcat-8.5.73\webapps\docs]
28-Jan-2022 22:25:54.049 INFORMAÇÕES [localhost-startStop-1] org.apache.catalina.startup.HostConfig.deployDirectory Deployment of web application directory [C:\Users\gabriel\Files\Projetos 2\PS\Projeto-de-Software-2021-2\Projeto\Dependências\apache-tomcat-8.5.73\webapps\docs] has finished in [70] ms
28-Jan-2022 22:25:54.049 INFORMAÇÕES [localhost-startStop-1] org.apache.catalina.startup.HostConfig.deployDirectory Deploying web application directory [C:\Users\gabriel\Files\Projetos 2\PS\Projeto-de-Software-2021-2\Projeto\Dependências\apache-tomcat-8.5.73\webapps\examples]
28-Jan-2022 22:25:55.062 INFORMAÇÕES [localhost-startStop-1] org.apache.catalina.startup.HostConfig.deployDirectory Deployment of web application directory [C:\Users\gabriel\Files\Projetos 2\PS\Projeto-de-Software-2021-2\Projeto\Dependências\apache-tomcat-8.5.73\webapps\examples] has finished in [1,013] ms
28-Jan-2022 22:25:55.063 INFORMAÇÕES [localhost-startStop-1] org.apache.catalina.startup.HostConfig.deployDirectory Deploying web application directory [C:\Users\gabriel\Files\Projetos 2\PS\Projeto-de-Software-2021-2\Projeto\Dependências\apache-tomcat-8.5.73\webapps\host-manager]
28-Jan-2022 22:25:55.141 INFORMAÇÕES [localhost-startStop-1] org.apache.catalina.startup.HostConfig.deployDirectory Deployment of web application directory [C:\Users\gabriel\Files\Projetos 2\PS\Projeto-de-Software-2021-2\Projeto\Dependências\apache-tomcat-8.5.73\webapps\host-manager] has finished in [79] ms
28-Jan-2022 22:25:55.141 INFORMAÇÕES [localhost-startStop-1] org.apache.catalina.startup.HostConfig.deployDirectory Deploying web application directory [C:\Users\gabriel\Files\Projetos 2\PS\Projeto-de-Software-2021-2\Projeto\Dependências\apache-tomcat-8.5.73\webapps\manager]
28-Jan-2022 22:25:55.205 INFORMAÇÕES [localhost-startStop-1] org.apache.catalina.startup.HostConfig.deployDirectory Deployment of web application directory [C:\Users\gabriel\Files\Projetos 2\PS\Projeto-de-Software-2021-2\Projeto\Dependências\apache-tomcat-8.5.73\webapps\manager] has finished in [64] ms
28-Jan-2022 22:25:55.205 INFORMAÇÕES [localhost-startStop-1] org.apache.catalina.startup.HostConfig.deployDirectory Deploying web application directory [C:\Users\gabriel\Files\Projetos 2\PS\Projeto-de-Software-2021-2\Projeto\Dependências\apache-tomcat-8.5.73\webapps\ROOT]
28-Jan-2022 22:25:55.246 INFORMAÇÕES [localhost-startStop-1] org.apache.catalina.startup.HostConfig.deployDirectory Deployment of web application directory [C:\Users\gabriel\Files\Projetos 2\PS\Projeto-de-Software-2021-2\Projeto\Dependências\apache-tomcat-8.5.73\webapps\ROOT] has finished in [41] ms
28-Jan-2022 22:25:55.250 INFORMAÇÕES [main] org.apache.coyote.AbstractProtocol.start Starting ProtocolHandler ["http-nio-8080"]
28-Jan-2022 22:25:55.265 INFORMAÇÕES [main] org.apache.catalina.startup.Catalina.start Server startup in 5495 ms
28-Jan-2022 22:26:00.279 INFORMAÇÕES [http-nio-8080-exec-2] org.apache.catalina.startup.HostConfig.undeploy Undeploying context [/Project]
28-Jan-2022 22:26:00.307 INFORMAÇÕES [http-nio-8080-exec-9] org.apache.catalina.startup.HostConfig.deployDescriptor Deploying deployment descriptor [C:\Users\gabriel\Files\Projetos 2\PS\Projeto-de-Software-2021-2\Projeto\Dependências\apache-tomcat-8.5.73\conf\Catalina\localhost\Project.xml]
28-Jan-2022 22:26:01.909 INFORMAÇÕES [http-nio-8080-exec-9] org.apache.jasper.servlet.TldScanner.scanJars At least one JAR was scanned for TLDs yet contained no TLDs. Enable debug logging for this logger for a complete list of JARs that were scanned but no TLDs were found in them. Skipping unneeded JARs during scanning can improve startup time and JSP compilation time.
28-Jan-2022 22:26:01.915 INFORMAÇÕES [http-nio-8080-exec-9] org.apache.catalina.startup.HostConfig.deployDescriptor Deployment of deployment descriptor [C:\Users\gabriel\Files\Projetos 2\PS\Projeto-de-Software-2021-2\Projeto\Dependências\apache-tomcat-8.5.73\conf\Catalina\localhost\Project.xml] has finished in [1,608] ms
28-Jan-2022 22:26:04.095 INFO [http-nio-8080-exec-8] org.hibernate.jpa.internal.util.LogHelper.logPersistenceUnitInformation HHH000204: Processing PersistenceUnitInfo [name: PU]
28-Jan-2022 22:26:04.417 INFO [http-nio-8080-exec-8] org.hibernate.Version.logVersion HHH000412: Hibernate ORM core version 5.6.2.Final
28-Jan-2022 22:26:04.936 INFO [http-nio-8080-exec-8] org.hibernate.annotations.common.reflection.java.JavaReflectionManager.<clinit> HCANN000001: Hibernate Commons Annotations {5.1.2.Final}
28-Jan-2022 22:26:05.711 WARN [http-nio-8080-exec-8] org.hibernate.engine.jdbc.connections.internal.DriverManagerConnectionProviderImpl.configure HHH10001002: Using Hibernate built-in connection pool (not for production use!)
28-Jan-2022 22:26:05.719 INFO [http-nio-8080-exec-8] org.hibernate.engine.jdbc.connections.internal.DriverManagerConnectionProviderImpl.buildCreator HHH10001005: using driver [org.postgresql.Driver] at URL [jdbc:postgresql://localhost/isdown-ps]
28-Jan-2022 22:26:05.719 INFO [http-nio-8080-exec-8] org.hibernate.engine.jdbc.connections.internal.DriverManagerConnectionProviderImpl.buildCreator HHH10001001: Connection properties: {user=postgres, password=****}
28-Jan-2022 22:26:05.719 INFO [http-nio-8080-exec-8] org.hibernate.engine.jdbc.connections.internal.DriverManagerConnectionProviderImpl.buildCreator HHH10001003: Autocommit mode: false
28-Jan-2022 22:26:05.724 INFO [http-nio-8080-exec-8] org.hibernate.engine.jdbc.connections.internal.DriverManagerConnectionProviderImpl$PooledConnections.<init> HHH000115: Hibernate connection pool size: 20 (min=1)
28-Jan-2022 22:26:07.177 INFO [http-nio-8080-exec-8] org.hibernate.dialect.Dialect.<init> HHH000400: Using dialect: org.hibernate.dialect.PostgreSQLDialect
28-Jan-2022 22:26:07.433 INFO [http-nio-8080-exec-8] org.hibernate.resource.beans.spi.ManagedBeanRegistryInitiator.resolveBeanContainer HHH10005002: No explicit CDI BeanManager reference was passed to Hibernate, but CDI is available on the Hibernate ClassLoader.
28-Jan-2022 22:26:09.099 INFO [http-nio-8080-exec-8] org.hibernate.resource.transaction.backend.jdbc.internal.DdlTransactionIsolatorNonJtaImpl.getIsolatedConnection HHH10001501: Connection obtained from JdbcConnectionAccess [org.hibernate.engine.jdbc.env.internal.JdbcEnvironmentInitiator$ConnectionProviderJdbcConnectionAccess@12810a61] for (non-JTA) DDL execution was not in auto-commit mode; the Connection 'local transaction' will be committed and the Connection will be set into auto-commit mode.
28-Jan-2022 22:26:10.540 INFO [http-nio-8080-exec-8] org.hibernate.engine.transaction.jta.platform.internal.JtaPlatformInitiator.initiateService HHH000490: Using JtaPlatform implementation: [org.hibernate.engine.transaction.jta.platform.internal.NoJtaPlatform]
