31-Jan-2022 10:28:18.676 INFORMAÇÕES [main] org.apache.catalina.startup.VersionLoggerListener.log Server version name:   Apache Tomcat/8.5.73
31-Jan-2022 10:28:18.711 INFORMAÇÕES [main] org.apache.catalina.startup.VersionLoggerListener.log Server built:          Nov 11 2021 13:14:36 UTC
31-Jan-2022 10:28:18.713 INFORMAÇÕES [main] org.apache.catalina.startup.VersionLoggerListener.log Server version number: 8.5.73.0
31-Jan-2022 10:28:18.714 INFORMAÇÕES [main] org.apache.catalina.startup.VersionLoggerListener.log OS Name:               Windows 10
31-Jan-2022 10:28:18.714 INFORMAÇÕES [main] org.apache.catalina.startup.VersionLoggerListener.log OS Version:            10.0
31-Jan-2022 10:28:18.714 INFORMAÇÕES [main] org.apache.catalina.startup.VersionLoggerListener.log Architecture:          amd64
31-Jan-2022 10:28:18.714 INFORMAÇÕES [main] org.apache.catalina.startup.VersionLoggerListener.log Java Home:             C:\Program Files\Java\jdk1.8.0_111\jre
31-Jan-2022 10:28:18.714 INFORMAÇÕES [main] org.apache.catalina.startup.VersionLoggerListener.log JVM Version:           1.8.0_111-b14
31-Jan-2022 10:28:18.714 INFORMAÇÕES [main] org.apache.catalina.startup.VersionLoggerListener.log JVM Vendor:            Oracle Corporation
31-Jan-2022 10:28:18.714 INFORMAÇÕES [main] org.apache.catalina.startup.VersionLoggerListener.log CATALINA_BASE:         C:\Users\gabriel\Files\Projetos 2\PS\Projeto-de-Software-2021-2\Projeto\Dependências\apache-tomcat-8.5.73
31-Jan-2022 10:28:18.714 INFORMAÇÕES [main] org.apache.catalina.startup.VersionLoggerListener.log CATALINA_HOME:         C:\Users\gabriel\Files\Projetos 2\PS\Projeto-de-Software-2021-2\Projeto\Dependências\apache-tomcat-8.5.73
31-Jan-2022 10:28:18.714 INFORMAÇÕES [main] org.apache.catalina.startup.VersionLoggerListener.log Command line argument: -Djava.util.logging.config.file=C:\Users\gabriel\Files\Projetos 2\PS\Projeto-de-Software-2021-2\Projeto\Dependências\apache-tomcat-8.5.73\conf\logging.properties
31-Jan-2022 10:28:18.714 INFORMAÇÕES [main] org.apache.catalina.startup.VersionLoggerListener.log Command line argument: -Djava.util.logging.manager=org.apache.juli.ClassLoaderLogManager
31-Jan-2022 10:28:18.714 INFORMAÇÕES [main] org.apache.catalina.startup.VersionLoggerListener.log Command line argument: -Djdk.tls.ephemeralDHKeySize=2048
31-Jan-2022 10:28:18.714 INFORMAÇÕES [main] org.apache.catalina.startup.VersionLoggerListener.log Command line argument: -Djava.protocol.handler.pkgs=org.apache.catalina.webresources
31-Jan-2022 10:28:18.714 INFORMAÇÕES [main] org.apache.catalina.startup.VersionLoggerListener.log Command line argument: -Dignore.endorsed.dirs=
31-Jan-2022 10:28:18.714 INFORMAÇÕES [main] org.apache.catalina.startup.VersionLoggerListener.log Command line argument: -Dcatalina.base=C:\Users\gabriel\Files\Projetos 2\PS\Projeto-de-Software-2021-2\Projeto\Dependências\apache-tomcat-8.5.73
31-Jan-2022 10:28:18.714 INFORMAÇÕES [main] org.apache.catalina.startup.VersionLoggerListener.log Command line argument: -Dcatalina.home=C:\Users\gabriel\Files\Projetos 2\PS\Projeto-de-Software-2021-2\Projeto\Dependências\apache-tomcat-8.5.73
31-Jan-2022 10:28:18.714 INFORMAÇÕES [main] org.apache.catalina.startup.VersionLoggerListener.log Command line argument: -Djava.io.tmpdir=C:\Users\gabriel\Files\Projetos 2\PS\Projeto-de-Software-2021-2\Projeto\Dependências\apache-tomcat-8.5.73\temp
31-Jan-2022 10:28:18.715 INFORMAÇÕES [main] org.apache.catalina.core.AprLifecycleListener.lifecycleEvent Loaded Apache Tomcat Native library [1.2.31] using APR version [1.7.0].
31-Jan-2022 10:28:18.715 INFORMAÇÕES [main] org.apache.catalina.core.AprLifecycleListener.lifecycleEvent APR capabilities: IPv6 [true], sendfile [true], accept filters [false], random [true], UDS [{4}].
31-Jan-2022 10:28:18.715 INFORMAÇÕES [main] org.apache.catalina.core.AprLifecycleListener.lifecycleEvent APR/OpenSSL configuration: useAprConnector [false], useOpenSSL [true]
31-Jan-2022 10:28:18.719 INFORMAÇÕES [main] org.apache.catalina.core.AprLifecycleListener.initializeSSL OpenSSL successfully initialized [OpenSSL 1.1.1l  24 Aug 2021]
31-Jan-2022 10:28:19.545 INFORMAÇÕES [main] org.apache.coyote.AbstractProtocol.init Initializing ProtocolHandler ["http-nio-8080"]
31-Jan-2022 10:28:19.652 INFORMAÇÕES [main] org.apache.tomcat.util.net.NioSelectorPool.getSharedSelector Using a shared selector for servlet write/read
31-Jan-2022 10:28:19.664 INFORMAÇÕES [main] org.apache.catalina.startup.Catalina.load Initialization processed in 1330 ms
31-Jan-2022 10:28:19.699 INFORMAÇÕES [main] org.apache.catalina.core.StandardService.startInternal Starting service [Catalina]
31-Jan-2022 10:28:19.700 INFORMAÇÕES [main] org.apache.catalina.core.StandardEngine.startInternal Starting Servlet engine: [Apache Tomcat/8.5.73]
31-Jan-2022 10:28:19.714 INFORMAÇÕES [localhost-startStop-1] org.apache.catalina.startup.HostConfig.deployDescriptor Deploying deployment descriptor [C:\Users\gabriel\Files\Projetos 2\PS\Projeto-de-Software-2021-2\Projeto\Dependências\apache-tomcat-8.5.73\conf\Catalina\localhost\Project.xml]
31-Jan-2022 10:28:22.710 INFORMAÇÕES [localhost-startStop-1] org.apache.jasper.servlet.TldScanner.scanJars At least one JAR was scanned for TLDs yet contained no TLDs. Enable debug logging for this logger for a complete list of JARs that were scanned but no TLDs were found in them. Skipping unneeded JARs during scanning can improve startup time and JSP compilation time.
31-Jan-2022 10:28:22.743 INFORMAÇÕES [localhost-startStop-1] org.apache.catalina.startup.HostConfig.deployDescriptor Deployment of deployment descriptor [C:\Users\gabriel\Files\Projetos 2\PS\Projeto-de-Software-2021-2\Projeto\Dependências\apache-tomcat-8.5.73\conf\Catalina\localhost\Project.xml] has finished in [3,028] ms
31-Jan-2022 10:28:22.743 INFORMAÇÕES [localhost-startStop-1] org.apache.catalina.startup.HostConfig.deployDirectory Deploying web application directory [C:\Users\gabriel\Files\Projetos 2\PS\Projeto-de-Software-2021-2\Projeto\Dependências\apache-tomcat-8.5.73\webapps\docs]
31-Jan-2022 10:28:22.763 INFORMAÇÕES [localhost-startStop-1] org.apache.catalina.startup.HostConfig.deployDirectory Deployment of web application directory [C:\Users\gabriel\Files\Projetos 2\PS\Projeto-de-Software-2021-2\Projeto\Dependências\apache-tomcat-8.5.73\webapps\docs] has finished in [20] ms
31-Jan-2022 10:28:22.763 INFORMAÇÕES [localhost-startStop-1] org.apache.catalina.startup.HostConfig.deployDirectory Deploying web application directory [C:\Users\gabriel\Files\Projetos 2\PS\Projeto-de-Software-2021-2\Projeto\Dependências\apache-tomcat-8.5.73\webapps\examples]
31-Jan-2022 10:28:23.196 INFORMAÇÕES [localhost-startStop-1] org.apache.catalina.startup.HostConfig.deployDirectory Deployment of web application directory [C:\Users\gabriel\Files\Projetos 2\PS\Projeto-de-Software-2021-2\Projeto\Dependências\apache-tomcat-8.5.73\webapps\examples] has finished in [433] ms
31-Jan-2022 10:28:23.196 INFORMAÇÕES [localhost-startStop-1] org.apache.catalina.startup.HostConfig.deployDirectory Deploying web application directory [C:\Users\gabriel\Files\Projetos 2\PS\Projeto-de-Software-2021-2\Projeto\Dependências\apache-tomcat-8.5.73\webapps\host-manager]
31-Jan-2022 10:28:23.305 INFORMAÇÕES [localhost-startStop-1] org.apache.catalina.startup.HostConfig.deployDirectory Deployment of web application directory [C:\Users\gabriel\Files\Projetos 2\PS\Projeto-de-Software-2021-2\Projeto\Dependências\apache-tomcat-8.5.73\webapps\host-manager] has finished in [109] ms
31-Jan-2022 10:28:23.305 INFORMAÇÕES [localhost-startStop-1] org.apache.catalina.startup.HostConfig.deployDirectory Deploying web application directory [C:\Users\gabriel\Files\Projetos 2\PS\Projeto-de-Software-2021-2\Projeto\Dependências\apache-tomcat-8.5.73\webapps\manager]
31-Jan-2022 10:28:23.361 INFORMAÇÕES [localhost-startStop-1] org.apache.catalina.startup.HostConfig.deployDirectory Deployment of web application directory [C:\Users\gabriel\Files\Projetos 2\PS\Projeto-de-Software-2021-2\Projeto\Dependências\apache-tomcat-8.5.73\webapps\manager] has finished in [56] ms
31-Jan-2022 10:28:23.361 INFORMAÇÕES [localhost-startStop-1] org.apache.catalina.startup.HostConfig.deployDirectory Deploying web application directory [C:\Users\gabriel\Files\Projetos 2\PS\Projeto-de-Software-2021-2\Projeto\Dependências\apache-tomcat-8.5.73\webapps\ROOT]
31-Jan-2022 10:28:23.412 INFORMAÇÕES [localhost-startStop-1] org.apache.catalina.startup.HostConfig.deployDirectory Deployment of web application directory [C:\Users\gabriel\Files\Projetos 2\PS\Projeto-de-Software-2021-2\Projeto\Dependências\apache-tomcat-8.5.73\webapps\ROOT] has finished in [51] ms
31-Jan-2022 10:28:23.417 INFORMAÇÕES [main] org.apache.coyote.AbstractProtocol.start Starting ProtocolHandler ["http-nio-8080"]
31-Jan-2022 10:28:23.425 INFORMAÇÕES [main] org.apache.catalina.startup.Catalina.start Server startup in 3761 ms
31-Jan-2022 10:28:36.263 INFORMAÇÕES [http-nio-8080-exec-9] org.apache.catalina.core.StandardContext.reload Reloading Context with name [/Project] has started
31-Jan-2022 10:28:37.570 INFORMAÇÕES [http-nio-8080-exec-9] org.apache.jasper.servlet.TldScanner.scanJars At least one JAR was scanned for TLDs yet contained no TLDs. Enable debug logging for this logger for a complete list of JARs that were scanned but no TLDs were found in them. Skipping unneeded JARs during scanning can improve startup time and JSP compilation time.
31-Jan-2022 10:28:37.576 INFORMAÇÕES [http-nio-8080-exec-9] org.apache.catalina.core.StandardContext.reload Reloading Context with name [/Project] is completed
31-Jan-2022 10:33:12.782 INFO [http-nio-8080-exec-14] org.hibernate.jpa.internal.util.LogHelper.logPersistenceUnitInformation HHH000204: Processing PersistenceUnitInfo [name: PU]
31-Jan-2022 10:33:12.952 INFO [http-nio-8080-exec-14] org.hibernate.Version.logVersion HHH000412: Hibernate ORM core version 5.6.2.Final
31-Jan-2022 10:33:13.399 INFO [http-nio-8080-exec-14] org.hibernate.annotations.common.reflection.java.JavaReflectionManager.<clinit> HCANN000001: Hibernate Commons Annotations {5.1.2.Final}
31-Jan-2022 10:33:13.984 WARN [http-nio-8080-exec-14] org.hibernate.engine.jdbc.connections.internal.DriverManagerConnectionProviderImpl.configure HHH10001002: Using Hibernate built-in connection pool (not for production use!)
31-Jan-2022 10:33:13.992 INFO [http-nio-8080-exec-14] org.hibernate.engine.jdbc.connections.internal.DriverManagerConnectionProviderImpl.buildCreator HHH10001005: using driver [org.postgresql.Driver] at URL [jdbc:postgresql://localhost/isdown-ps]
31-Jan-2022 10:33:13.993 INFO [http-nio-8080-exec-14] org.hibernate.engine.jdbc.connections.internal.DriverManagerConnectionProviderImpl.buildCreator HHH10001001: Connection properties: {user=postgres, password=****}
31-Jan-2022 10:33:13.993 INFO [http-nio-8080-exec-14] org.hibernate.engine.jdbc.connections.internal.DriverManagerConnectionProviderImpl.buildCreator HHH10001003: Autocommit mode: false
31-Jan-2022 10:33:14.000 INFO [http-nio-8080-exec-14] org.hibernate.engine.jdbc.connections.internal.DriverManagerConnectionProviderImpl$PooledConnections.<init> HHH000115: Hibernate connection pool size: 20 (min=1)
31-Jan-2022 10:33:14.709 INFO [http-nio-8080-exec-14] org.hibernate.dialect.Dialect.<init> HHH000400: Using dialect: org.hibernate.dialect.PostgreSQLDialect
31-Jan-2022 10:33:14.906 INFO [http-nio-8080-exec-14] org.hibernate.resource.beans.spi.ManagedBeanRegistryInitiator.resolveBeanContainer HHH10005002: No explicit CDI BeanManager reference was passed to Hibernate, but CDI is available on the Hibernate ClassLoader.
31-Jan-2022 10:33:16.383 INFO [http-nio-8080-exec-14] org.hibernate.resource.transaction.backend.jdbc.internal.DdlTransactionIsolatorNonJtaImpl.getIsolatedConnection HHH10001501: Connection obtained from JdbcConnectionAccess [org.hibernate.engine.jdbc.env.internal.JdbcEnvironmentInitiator$ConnectionProviderJdbcConnectionAccess@45708cab] for (non-JTA) DDL execution was not in auto-commit mode; the Connection 'local transaction' will be committed and the Connection will be set into auto-commit mode.
31-Jan-2022 10:33:17.593 INFO [http-nio-8080-exec-14] org.hibernate.engine.transaction.jta.platform.internal.JtaPlatformInitiator.initiateService HHH000490: Using JtaPlatform implementation: [org.hibernate.engine.transaction.jta.platform.internal.NoJtaPlatform]
31-Jan-2022 10:41:46.587 INFORMAÇÕES [http-nio-8080-exec-11] org.apache.catalina.core.StandardContext.reload Reloading Context with name [/Project] has started
31-Jan-2022 10:41:46.597 ADVERTÊNCIA [http-nio-8080-exec-11] org.apache.catalina.loader.WebappClassLoaderBase.clearReferencesJdbc The web application [Project] registered the JDBC driver [org.postgresql.Driver] but failed to unregister it when the web application was stopped. To prevent a memory leak, the JDBC Driver has been forcibly unregistered.
31-Jan-2022 10:41:46.598 ADVERTÊNCIA [http-nio-8080-exec-11] org.apache.catalina.loader.WebappClassLoaderBase.clearReferencesThreads The web application [Project] appears to have started a thread named [Hibernate Connection Pool Validation Thread] but has failed to stop it. This is very likely to create a memory leak. Stack trace of thread:
 sun.misc.Unsafe.park(Native Method)
 java.util.concurrent.locks.LockSupport.parkNanos(LockSupport.java:215)
 java.util.concurrent.locks.AbstractQueuedSynchronizer$ConditionObject.awaitNanos(AbstractQueuedSynchronizer.java:2078)
 java.util.concurrent.ScheduledThreadPoolExecutor$DelayedWorkQueue.take(ScheduledThreadPoolExecutor.java:1093)
 java.util.concurrent.ScheduledThreadPoolExecutor$DelayedWorkQueue.take(ScheduledThreadPoolExecutor.java:809)
 java.util.concurrent.ThreadPoolExecutor.getTask(ThreadPoolExecutor.java:1067)
 java.util.concurrent.ThreadPoolExecutor.runWorker(ThreadPoolExecutor.java:1127)
 java.util.concurrent.ThreadPoolExecutor$Worker.run(ThreadPoolExecutor.java:617)
 java.lang.Thread.run(Thread.java:745)
31-Jan-2022 10:41:47.903 INFORMAÇÕES [http-nio-8080-exec-11] org.apache.jasper.servlet.TldScanner.scanJars At least one JAR was scanned for TLDs yet contained no TLDs. Enable debug logging for this logger for a complete list of JARs that were scanned but no TLDs were found in them. Skipping unneeded JARs during scanning can improve startup time and JSP compilation time.
31-Jan-2022 10:41:47.924 INFORMAÇÕES [http-nio-8080-exec-11] org.apache.catalina.core.StandardContext.reload Reloading Context with name [/Project] is completed
31-Jan-2022 10:45:09.897 INFO [http-nio-8080-exec-21] org.hibernate.jpa.internal.util.LogHelper.logPersistenceUnitInformation HHH000204: Processing PersistenceUnitInfo [name: PU]
31-Jan-2022 10:45:10.043 INFO [http-nio-8080-exec-21] org.hibernate.Version.logVersion HHH000412: Hibernate ORM core version 5.6.2.Final
31-Jan-2022 10:45:10.472 INFO [http-nio-8080-exec-21] org.hibernate.annotations.common.reflection.java.JavaReflectionManager.<clinit> HCANN000001: Hibernate Commons Annotations {5.1.2.Final}
31-Jan-2022 10:45:10.840 WARN [http-nio-8080-exec-21] org.hibernate.engine.jdbc.connections.internal.DriverManagerConnectionProviderImpl.configure HHH10001002: Using Hibernate built-in connection pool (not for production use!)
31-Jan-2022 10:45:10.846 INFO [http-nio-8080-exec-21] org.hibernate.engine.jdbc.connections.internal.DriverManagerConnectionProviderImpl.buildCreator HHH10001005: using driver [org.postgresql.Driver] at URL [jdbc:postgresql://localhost/isdown-ps]
31-Jan-2022 10:45:10.847 INFO [http-nio-8080-exec-21] org.hibernate.engine.jdbc.connections.internal.DriverManagerConnectionProviderImpl.buildCreator HHH10001001: Connection properties: {user=postgres, password=****}
31-Jan-2022 10:45:10.847 INFO [http-nio-8080-exec-21] org.hibernate.engine.jdbc.connections.internal.DriverManagerConnectionProviderImpl.buildCreator HHH10001003: Autocommit mode: false
31-Jan-2022 10:45:10.853 INFO [http-nio-8080-exec-21] org.hibernate.engine.jdbc.connections.internal.DriverManagerConnectionProviderImpl$PooledConnections.<init> HHH000115: Hibernate connection pool size: 20 (min=1)
31-Jan-2022 10:45:11.183 INFO [http-nio-8080-exec-21] org.hibernate.dialect.Dialect.<init> HHH000400: Using dialect: org.hibernate.dialect.PostgreSQLDialect
31-Jan-2022 10:45:11.267 INFO [http-nio-8080-exec-21] org.hibernate.resource.beans.spi.ManagedBeanRegistryInitiator.resolveBeanContainer HHH10005002: No explicit CDI BeanManager reference was passed to Hibernate, but CDI is available on the Hibernate ClassLoader.
31-Jan-2022 10:45:12.708 INFO [http-nio-8080-exec-21] org.hibernate.resource.transaction.backend.jdbc.internal.DdlTransactionIsolatorNonJtaImpl.getIsolatedConnection HHH10001501: Connection obtained from JdbcConnectionAccess [org.hibernate.engine.jdbc.env.internal.JdbcEnvironmentInitiator$ConnectionProviderJdbcConnectionAccess@24ec1541] for (non-JTA) DDL execution was not in auto-commit mode; the Connection 'local transaction' will be committed and the Connection will be set into auto-commit mode.
31-Jan-2022 10:45:13.167 INFO [http-nio-8080-exec-21] org.hibernate.engine.transaction.jta.platform.internal.JtaPlatformInitiator.initiateService HHH000490: Using JtaPlatform implementation: [org.hibernate.engine.transaction.jta.platform.internal.NoJtaPlatform]
31-Jan-2022 10:50:30.221 INFORMAÇÕES [http-nio-8080-exec-25] org.apache.catalina.core.StandardContext.reload Reloading Context with name [/Project] has started
31-Jan-2022 10:50:30.225 ADVERTÊNCIA [http-nio-8080-exec-25] org.apache.catalina.loader.WebappClassLoaderBase.clearReferencesJdbc The web application [Project] registered the JDBC driver [org.postgresql.Driver] but failed to unregister it when the web application was stopped. To prevent a memory leak, the JDBC Driver has been forcibly unregistered.
31-Jan-2022 10:50:30.225 ADVERTÊNCIA [http-nio-8080-exec-25] org.apache.catalina.loader.WebappClassLoaderBase.clearReferencesThreads The web application [Project] appears to have started a thread named [Hibernate Connection Pool Validation Thread] but has failed to stop it. This is very likely to create a memory leak. Stack trace of thread:
 sun.misc.Unsafe.park(Native Method)
 java.util.concurrent.locks.LockSupport.parkNanos(LockSupport.java:215)
 java.util.concurrent.locks.AbstractQueuedSynchronizer$ConditionObject.awaitNanos(AbstractQueuedSynchronizer.java:2078)
 java.util.concurrent.ScheduledThreadPoolExecutor$DelayedWorkQueue.take(ScheduledThreadPoolExecutor.java:1093)
 java.util.concurrent.ScheduledThreadPoolExecutor$DelayedWorkQueue.take(ScheduledThreadPoolExecutor.java:809)
 java.util.concurrent.ThreadPoolExecutor.getTask(ThreadPoolExecutor.java:1067)
 java.util.concurrent.ThreadPoolExecutor.runWorker(ThreadPoolExecutor.java:1127)
 java.util.concurrent.ThreadPoolExecutor$Worker.run(ThreadPoolExecutor.java:617)
 java.lang.Thread.run(Thread.java:745)
31-Jan-2022 10:50:31.485 INFORMAÇÕES [http-nio-8080-exec-25] org.apache.jasper.servlet.TldScanner.scanJars At least one JAR was scanned for TLDs yet contained no TLDs. Enable debug logging for this logger for a complete list of JARs that were scanned but no TLDs were found in them. Skipping unneeded JARs during scanning can improve startup time and JSP compilation time.
31-Jan-2022 10:50:31.492 INFORMAÇÕES [http-nio-8080-exec-25] org.apache.catalina.core.StandardContext.reload Reloading Context with name [/Project] is completed
31-Jan-2022 10:50:38.737 INFORMAÇÕES [http-nio-8080-exec-27] org.apache.catalina.core.StandardContext.reload Reloading Context with name [/Project] has started
31-Jan-2022 10:50:40.033 INFORMAÇÕES [http-nio-8080-exec-27] org.apache.jasper.servlet.TldScanner.scanJars At least one JAR was scanned for TLDs yet contained no TLDs. Enable debug logging for this logger for a complete list of JARs that were scanned but no TLDs were found in them. Skipping unneeded JARs during scanning can improve startup time and JSP compilation time.
31-Jan-2022 10:50:40.039 INFORMAÇÕES [http-nio-8080-exec-27] org.apache.catalina.core.StandardContext.reload Reloading Context with name [/Project] is completed
31-Jan-2022 10:56:24.836 INFORMAÇÕES [http-nio-8080-exec-34] org.apache.catalina.core.StandardContext.reload Reloading Context with name [/Project] has started
31-Jan-2022 10:56:26.088 INFORMAÇÕES [http-nio-8080-exec-34] org.apache.jasper.servlet.TldScanner.scanJars At least one JAR was scanned for TLDs yet contained no TLDs. Enable debug logging for this logger for a complete list of JARs that were scanned but no TLDs were found in them. Skipping unneeded JARs during scanning can improve startup time and JSP compilation time.
31-Jan-2022 10:56:26.092 INFORMAÇÕES [http-nio-8080-exec-34] org.apache.catalina.core.StandardContext.reload Reloading Context with name [/Project] is completed
31-Jan-2022 11:01:01.123 INFO [pool-11-thread-1] org.hibernate.jpa.internal.util.LogHelper.logPersistenceUnitInformation HHH000204: Processing PersistenceUnitInfo [name: PU]
31-Jan-2022 11:01:01.246 INFO [pool-11-thread-1] org.hibernate.Version.logVersion HHH000412: Hibernate ORM core version 5.6.2.Final
31-Jan-2022 11:01:01.643 INFO [pool-11-thread-1] org.hibernate.annotations.common.reflection.java.JavaReflectionManager.<clinit> HCANN000001: Hibernate Commons Annotations {5.1.2.Final}
31-Jan-2022 11:01:02.001 WARN [pool-11-thread-1] org.hibernate.engine.jdbc.connections.internal.DriverManagerConnectionProviderImpl.configure HHH10001002: Using Hibernate built-in connection pool (not for production use!)
31-Jan-2022 11:01:02.008 INFO [pool-11-thread-1] org.hibernate.engine.jdbc.connections.internal.DriverManagerConnectionProviderImpl.buildCreator HHH10001005: using driver [org.postgresql.Driver] at URL [jdbc:postgresql://localhost/isdown-ps]
31-Jan-2022 11:01:02.008 INFO [pool-11-thread-1] org.hibernate.engine.jdbc.connections.internal.DriverManagerConnectionProviderImpl.buildCreator HHH10001001: Connection properties: {user=postgres, password=****}
31-Jan-2022 11:01:02.008 INFO [pool-11-thread-1] org.hibernate.engine.jdbc.connections.internal.DriverManagerConnectionProviderImpl.buildCreator HHH10001003: Autocommit mode: false
31-Jan-2022 11:01:02.014 INFO [pool-11-thread-1] org.hibernate.engine.jdbc.connections.internal.DriverManagerConnectionProviderImpl$PooledConnections.<init> HHH000115: Hibernate connection pool size: 20 (min=1)
31-Jan-2022 11:01:02.236 INFO [pool-11-thread-1] org.hibernate.dialect.Dialect.<init> HHH000400: Using dialect: org.hibernate.dialect.PostgreSQLDialect
31-Jan-2022 11:01:02.317 INFO [pool-11-thread-1] org.hibernate.resource.beans.spi.ManagedBeanRegistryInitiator.resolveBeanContainer HHH10005002: No explicit CDI BeanManager reference was passed to Hibernate, but CDI is available on the Hibernate ClassLoader.
31-Jan-2022 11:01:03.608 INFO [pool-11-thread-1] org.hibernate.resource.transaction.backend.jdbc.internal.DdlTransactionIsolatorNonJtaImpl.getIsolatedConnection HHH10001501: Connection obtained from JdbcConnectionAccess [org.hibernate.engine.jdbc.env.internal.JdbcEnvironmentInitiator$ConnectionProviderJdbcConnectionAccess@42d31060] for (non-JTA) DDL execution was not in auto-commit mode; the Connection 'local transaction' will be committed and the Connection will be set into auto-commit mode.
31-Jan-2022 11:01:04.058 INFO [pool-11-thread-1] org.hibernate.engine.transaction.jta.platform.internal.JtaPlatformInitiator.initiateService HHH000490: Using JtaPlatform implementation: [org.hibernate.engine.transaction.jta.platform.internal.NoJtaPlatform]
31-Jan-2022 11:05:54.108 INFORMAÇÕES [main] org.apache.catalina.core.StandardServer.await A valid shutdown command was received via the shutdown port. Stopping the Server instance.
31-Jan-2022 11:05:54.108 INFORMAÇÕES [main] org.apache.coyote.AbstractProtocol.pause Pausing ProtocolHandler ["http-nio-8080"]
31-Jan-2022 11:05:54.156 INFORMAÇÕES [main] org.apache.catalina.core.StandardService.stopInternal Stopping service [Catalina]
31-Jan-2022 11:05:54.174 ADVERTÊNCIA [localhost-startStop-2] org.apache.catalina.loader.WebappClassLoaderBase.clearReferencesJdbc The web application [Project] registered the JDBC driver [org.postgresql.Driver] but failed to unregister it when the web application was stopped. To prevent a memory leak, the JDBC Driver has been forcibly unregistered.
31-Jan-2022 11:05:54.174 ADVERTÊNCIA [localhost-startStop-2] org.apache.catalina.loader.WebappClassLoaderBase.clearReferencesThreads The web application [Project] appears to have started a thread named [Hibernate Connection Pool Validation Thread] but has failed to stop it. This is very likely to create a memory leak. Stack trace of thread:
 sun.misc.Unsafe.park(Native Method)
 java.util.concurrent.locks.LockSupport.parkNanos(LockSupport.java:215)
 java.util.concurrent.locks.AbstractQueuedSynchronizer$ConditionObject.awaitNanos(AbstractQueuedSynchronizer.java:2078)
 java.util.concurrent.ScheduledThreadPoolExecutor$DelayedWorkQueue.take(ScheduledThreadPoolExecutor.java:1093)
 java.util.concurrent.ScheduledThreadPoolExecutor$DelayedWorkQueue.take(ScheduledThreadPoolExecutor.java:809)
 java.util.concurrent.ThreadPoolExecutor.getTask(ThreadPoolExecutor.java:1067)
 java.util.concurrent.ThreadPoolExecutor.runWorker(ThreadPoolExecutor.java:1127)
 java.util.concurrent.ThreadPoolExecutor$Worker.run(ThreadPoolExecutor.java:617)
 java.lang.Thread.run(Thread.java:745)
31-Jan-2022 11:05:54.180 INFORMAÇÕES [main] org.apache.coyote.AbstractProtocol.stop Stopping ProtocolHandler ["http-nio-8080"]
31-Jan-2022 11:05:54.183 INFORMAÇÕES [main] org.apache.coyote.AbstractProtocol.destroy Destroying ProtocolHandler ["http-nio-8080"]
31-Jan-2022 11:56:59.102 INFORMAÇÕES [main] org.apache.catalina.startup.VersionLoggerListener.log Server version name:   Apache Tomcat/8.5.73
31-Jan-2022 11:56:59.104 INFORMAÇÕES [main] org.apache.catalina.startup.VersionLoggerListener.log Server built:          Nov 11 2021 13:14:36 UTC
31-Jan-2022 11:56:59.108 INFORMAÇÕES [main] org.apache.catalina.startup.VersionLoggerListener.log Server version number: 8.5.73.0
31-Jan-2022 11:56:59.108 INFORMAÇÕES [main] org.apache.catalina.startup.VersionLoggerListener.log OS Name:               Windows 10
31-Jan-2022 11:56:59.108 INFORMAÇÕES [main] org.apache.catalina.startup.VersionLoggerListener.log OS Version:            10.0
31-Jan-2022 11:56:59.108 INFORMAÇÕES [main] org.apache.catalina.startup.VersionLoggerListener.log Architecture:          amd64
31-Jan-2022 11:56:59.108 INFORMAÇÕES [main] org.apache.catalina.startup.VersionLoggerListener.log Java Home:             C:\Program Files\Java\jdk1.8.0_111\jre
31-Jan-2022 11:56:59.108 INFORMAÇÕES [main] org.apache.catalina.startup.VersionLoggerListener.log JVM Version:           1.8.0_111-b14
31-Jan-2022 11:56:59.108 INFORMAÇÕES [main] org.apache.catalina.startup.VersionLoggerListener.log JVM Vendor:            Oracle Corporation
31-Jan-2022 11:56:59.108 INFORMAÇÕES [main] org.apache.catalina.startup.VersionLoggerListener.log CATALINA_BASE:         C:\Users\gabriel\Files\Projetos 2\PS\Projeto-de-Software-2021-2\Projeto\Dependências\apache-tomcat-8.5.73
31-Jan-2022 11:56:59.108 INFORMAÇÕES [main] org.apache.catalina.startup.VersionLoggerListener.log CATALINA_HOME:         C:\Users\gabriel\Files\Projetos 2\PS\Projeto-de-Software-2021-2\Projeto\Dependências\apache-tomcat-8.5.73
31-Jan-2022 11:56:59.108 INFORMAÇÕES [main] org.apache.catalina.startup.VersionLoggerListener.log Command line argument: -Djava.util.logging.config.file=C:\Users\gabriel\Files\Projetos 2\PS\Projeto-de-Software-2021-2\Projeto\Dependências\apache-tomcat-8.5.73\conf\logging.properties
31-Jan-2022 11:56:59.108 INFORMAÇÕES [main] org.apache.catalina.startup.VersionLoggerListener.log Command line argument: -Djava.util.logging.manager=org.apache.juli.ClassLoaderLogManager
31-Jan-2022 11:56:59.108 INFORMAÇÕES [main] org.apache.catalina.startup.VersionLoggerListener.log Command line argument: -Djdk.tls.ephemeralDHKeySize=2048
31-Jan-2022 11:56:59.108 INFORMAÇÕES [main] org.apache.catalina.startup.VersionLoggerListener.log Command line argument: -Djava.protocol.handler.pkgs=org.apache.catalina.webresources
31-Jan-2022 11:56:59.109 INFORMAÇÕES [main] org.apache.catalina.startup.VersionLoggerListener.log Command line argument: -Dignore.endorsed.dirs=
31-Jan-2022 11:56:59.109 INFORMAÇÕES [main] org.apache.catalina.startup.VersionLoggerListener.log Command line argument: -Dcatalina.base=C:\Users\gabriel\Files\Projetos 2\PS\Projeto-de-Software-2021-2\Projeto\Dependências\apache-tomcat-8.5.73
31-Jan-2022 11:56:59.109 INFORMAÇÕES [main] org.apache.catalina.startup.VersionLoggerListener.log Command line argument: -Dcatalina.home=C:\Users\gabriel\Files\Projetos 2\PS\Projeto-de-Software-2021-2\Projeto\Dependências\apache-tomcat-8.5.73
31-Jan-2022 11:56:59.109 INFORMAÇÕES [main] org.apache.catalina.startup.VersionLoggerListener.log Command line argument: -Djava.io.tmpdir=C:\Users\gabriel\Files\Projetos 2\PS\Projeto-de-Software-2021-2\Projeto\Dependências\apache-tomcat-8.5.73\temp
31-Jan-2022 11:56:59.109 INFORMAÇÕES [main] org.apache.catalina.core.AprLifecycleListener.lifecycleEvent Loaded Apache Tomcat Native library [1.2.31] using APR version [1.7.0].
31-Jan-2022 11:56:59.109 INFORMAÇÕES [main] org.apache.catalina.core.AprLifecycleListener.lifecycleEvent APR capabilities: IPv6 [true], sendfile [true], accept filters [false], random [true], UDS [{4}].
31-Jan-2022 11:56:59.109 INFORMAÇÕES [main] org.apache.catalina.core.AprLifecycleListener.lifecycleEvent APR/OpenSSL configuration: useAprConnector [false], useOpenSSL [true]
31-Jan-2022 11:56:59.115 INFORMAÇÕES [main] org.apache.catalina.core.AprLifecycleListener.initializeSSL OpenSSL successfully initialized [OpenSSL 1.1.1l  24 Aug 2021]
31-Jan-2022 11:56:59.306 INFORMAÇÕES [main] org.apache.coyote.AbstractProtocol.init Initializing ProtocolHandler ["http-nio-8080"]
31-Jan-2022 11:56:59.444 INFORMAÇÕES [main] org.apache.tomcat.util.net.NioSelectorPool.getSharedSelector Using a shared selector for servlet write/read
31-Jan-2022 11:56:59.456 INFORMAÇÕES [main] org.apache.catalina.startup.Catalina.load Initialization processed in 772 ms
31-Jan-2022 11:56:59.498 INFORMAÇÕES [main] org.apache.catalina.core.StandardService.startInternal Starting service [Catalina]
31-Jan-2022 11:56:59.498 INFORMAÇÕES [main] org.apache.catalina.core.StandardEngine.startInternal Starting Servlet engine: [Apache Tomcat/8.5.73]
31-Jan-2022 11:56:59.506 INFORMAÇÕES [localhost-startStop-1] org.apache.catalina.startup.HostConfig.deployDescriptor Deploying deployment descriptor [C:\Users\gabriel\Files\Projetos 2\PS\Projeto-de-Software-2021-2\Projeto\Dependências\apache-tomcat-8.5.73\conf\Catalina\localhost\Project.xml]
31-Jan-2022 11:57:01.427 INFORMAÇÕES [localhost-startStop-1] org.apache.jasper.servlet.TldScanner.scanJars At least one JAR was scanned for TLDs yet contained no TLDs. Enable debug logging for this logger for a complete list of JARs that were scanned but no TLDs were found in them. Skipping unneeded JARs during scanning can improve startup time and JSP compilation time.
31-Jan-2022 11:57:01.476 INFORMAÇÕES [localhost-startStop-1] org.apache.catalina.startup.HostConfig.deployDescriptor Deployment of deployment descriptor [C:\Users\gabriel\Files\Projetos 2\PS\Projeto-de-Software-2021-2\Projeto\Dependências\apache-tomcat-8.5.73\conf\Catalina\localhost\Project.xml] has finished in [1,970] ms
31-Jan-2022 11:57:01.477 INFORMAÇÕES [localhost-startStop-1] org.apache.catalina.startup.HostConfig.deployDirectory Deploying web application directory [C:\Users\gabriel\Files\Projetos 2\PS\Projeto-de-Software-2021-2\Projeto\Dependências\apache-tomcat-8.5.73\webapps\docs]
31-Jan-2022 11:57:01.507 INFORMAÇÕES [localhost-startStop-1] org.apache.catalina.startup.HostConfig.deployDirectory Deployment of web application directory [C:\Users\gabriel\Files\Projetos 2\PS\Projeto-de-Software-2021-2\Projeto\Dependências\apache-tomcat-8.5.73\webapps\docs] has finished in [30] ms
31-Jan-2022 11:57:01.507 INFORMAÇÕES [localhost-startStop-1] org.apache.catalina.startup.HostConfig.deployDirectory Deploying web application directory [C:\Users\gabriel\Files\Projetos 2\PS\Projeto-de-Software-2021-2\Projeto\Dependências\apache-tomcat-8.5.73\webapps\examples]
31-Jan-2022 11:57:02.436 INFORMAÇÕES [localhost-startStop-1] org.apache.catalina.startup.HostConfig.deployDirectory Deployment of web application directory [C:\Users\gabriel\Files\Projetos 2\PS\Projeto-de-Software-2021-2\Projeto\Dependências\apache-tomcat-8.5.73\webapps\examples] has finished in [929] ms
31-Jan-2022 11:57:02.436 INFORMAÇÕES [localhost-startStop-1] org.apache.catalina.startup.HostConfig.deployDirectory Deploying web application directory [C:\Users\gabriel\Files\Projetos 2\PS\Projeto-de-Software-2021-2\Projeto\Dependências\apache-tomcat-8.5.73\webapps\host-manager]
31-Jan-2022 11:57:02.507 INFORMAÇÕES [localhost-startStop-1] org.apache.catalina.startup.HostConfig.deployDirectory Deployment of web application directory [C:\Users\gabriel\Files\Projetos 2\PS\Projeto-de-Software-2021-2\Projeto\Dependências\apache-tomcat-8.5.73\webapps\host-manager] has finished in [71] ms
31-Jan-2022 11:57:02.508 INFORMAÇÕES [localhost-startStop-1] org.apache.catalina.startup.HostConfig.deployDirectory Deploying web application directory [C:\Users\gabriel\Files\Projetos 2\PS\Projeto-de-Software-2021-2\Projeto\Dependências\apache-tomcat-8.5.73\webapps\manager]
31-Jan-2022 11:57:02.561 INFORMAÇÕES [localhost-startStop-1] org.apache.catalina.startup.HostConfig.deployDirectory Deployment of web application directory [C:\Users\gabriel\Files\Projetos 2\PS\Projeto-de-Software-2021-2\Projeto\Dependências\apache-tomcat-8.5.73\webapps\manager] has finished in [53] ms
31-Jan-2022 11:57:02.561 INFORMAÇÕES [localhost-startStop-1] org.apache.catalina.startup.HostConfig.deployDirectory Deploying web application directory [C:\Users\gabriel\Files\Projetos 2\PS\Projeto-de-Software-2021-2\Projeto\Dependências\apache-tomcat-8.5.73\webapps\ROOT]
31-Jan-2022 11:57:02.599 INFORMAÇÕES [localhost-startStop-1] org.apache.catalina.startup.HostConfig.deployDirectory Deployment of web application directory [C:\Users\gabriel\Files\Projetos 2\PS\Projeto-de-Software-2021-2\Projeto\Dependências\apache-tomcat-8.5.73\webapps\ROOT] has finished in [38] ms
31-Jan-2022 11:57:02.602 INFORMAÇÕES [main] org.apache.coyote.AbstractProtocol.start Starting ProtocolHandler ["http-nio-8080"]
31-Jan-2022 11:57:02.609 INFORMAÇÕES [main] org.apache.catalina.startup.Catalina.start Server startup in 3153 ms
31-Jan-2022 11:57:05.427 INFORMAÇÕES [http-nio-8080-exec-9] org.apache.catalina.core.StandardContext.reload Reloading Context with name [/Project] has started
31-Jan-2022 11:57:07.047 INFORMAÇÕES [http-nio-8080-exec-9] org.apache.jasper.servlet.TldScanner.scanJars At least one JAR was scanned for TLDs yet contained no TLDs. Enable debug logging for this logger for a complete list of JARs that were scanned but no TLDs were found in them. Skipping unneeded JARs during scanning can improve startup time and JSP compilation time.
31-Jan-2022 11:57:07.053 INFORMAÇÕES [http-nio-8080-exec-9] org.apache.catalina.core.StandardContext.reload Reloading Context with name [/Project] is completed
31-Jan-2022 11:57:08.034 INFO [http-nio-8080-exec-5] org.hibernate.jpa.internal.util.LogHelper.logPersistenceUnitInformation HHH000204: Processing PersistenceUnitInfo [name: PU]
31-Jan-2022 11:57:08.304 INFO [http-nio-8080-exec-5] org.hibernate.Version.logVersion HHH000412: Hibernate ORM core version 5.6.2.Final
31-Jan-2022 11:57:08.970 INFO [http-nio-8080-exec-5] org.hibernate.annotations.common.reflection.java.JavaReflectionManager.<clinit> HCANN000001: Hibernate Commons Annotations {5.1.2.Final}
31-Jan-2022 11:57:09.585 WARN [http-nio-8080-exec-5] org.hibernate.engine.jdbc.connections.internal.DriverManagerConnectionProviderImpl.configure HHH10001002: Using Hibernate built-in connection pool (not for production use!)
31-Jan-2022 11:57:09.592 INFO [http-nio-8080-exec-5] org.hibernate.engine.jdbc.connections.internal.DriverManagerConnectionProviderImpl.buildCreator HHH10001005: using driver [org.postgresql.Driver] at URL [jdbc:postgresql://localhost/isdown-ps]
31-Jan-2022 11:57:09.593 INFO [http-nio-8080-exec-5] org.hibernate.engine.jdbc.connections.internal.DriverManagerConnectionProviderImpl.buildCreator HHH10001001: Connection properties: {user=postgres, password=****}
31-Jan-2022 11:57:09.593 INFO [http-nio-8080-exec-5] org.hibernate.engine.jdbc.connections.internal.DriverManagerConnectionProviderImpl.buildCreator HHH10001003: Autocommit mode: false
31-Jan-2022 11:57:09.599 INFO [http-nio-8080-exec-5] org.hibernate.engine.jdbc.connections.internal.DriverManagerConnectionProviderImpl$PooledConnections.<init> HHH000115: Hibernate connection pool size: 20 (min=1)
31-Jan-2022 11:57:10.086 INFO [http-nio-8080-exec-5] org.hibernate.dialect.Dialect.<init> HHH000400: Using dialect: org.hibernate.dialect.PostgreSQLDialect
31-Jan-2022 11:57:10.188 INFO [http-nio-8080-exec-5] org.hibernate.resource.beans.spi.ManagedBeanRegistryInitiator.resolveBeanContainer HHH10005002: No explicit CDI BeanManager reference was passed to Hibernate, but CDI is available on the Hibernate ClassLoader.
31-Jan-2022 11:57:11.666 INFO [http-nio-8080-exec-5] org.hibernate.resource.transaction.backend.jdbc.internal.DdlTransactionIsolatorNonJtaImpl.getIsolatedConnection HHH10001501: Connection obtained from JdbcConnectionAccess [org.hibernate.engine.jdbc.env.internal.JdbcEnvironmentInitiator$ConnectionProviderJdbcConnectionAccess@3f6c9cac] for (non-JTA) DDL execution was not in auto-commit mode; the Connection 'local transaction' will be committed and the Connection will be set into auto-commit mode.
31-Jan-2022 11:57:12.225 INFO [http-nio-8080-exec-5] org.hibernate.engine.transaction.jta.platform.internal.JtaPlatformInitiator.initiateService HHH000490: Using JtaPlatform implementation: [org.hibernate.engine.transaction.jta.platform.internal.NoJtaPlatform]
31-Jan-2022 20:46:51.298 INFORMAÇÕES [main] org.apache.catalina.core.StandardServer.await A valid shutdown command was received via the shutdown port. Stopping the Server instance.
31-Jan-2022 20:46:51.298 INFORMAÇÕES [main] org.apache.coyote.AbstractProtocol.pause Pausing ProtocolHandler ["http-nio-8080"]
31-Jan-2022 20:46:51.350 INFORMAÇÕES [main] org.apache.catalina.core.StandardService.stopInternal Stopping service [Catalina]
31-Jan-2022 20:46:51.378 ADVERTÊNCIA [localhost-startStop-2] org.apache.catalina.loader.WebappClassLoaderBase.clearReferencesJdbc The web application [Project] registered the JDBC driver [org.postgresql.Driver] but failed to unregister it when the web application was stopped. To prevent a memory leak, the JDBC Driver has been forcibly unregistered.
31-Jan-2022 20:46:51.378 ADVERTÊNCIA [localhost-startStop-2] org.apache.catalina.loader.WebappClassLoaderBase.clearReferencesThreads The web application [Project] appears to have started a thread named [Hibernate Connection Pool Validation Thread] but has failed to stop it. This is very likely to create a memory leak. Stack trace of thread:
 sun.misc.Unsafe.park(Native Method)
 java.util.concurrent.locks.LockSupport.parkNanos(LockSupport.java:215)
 java.util.concurrent.locks.AbstractQueuedSynchronizer$ConditionObject.awaitNanos(AbstractQueuedSynchronizer.java:2078)
 java.util.concurrent.ScheduledThreadPoolExecutor$DelayedWorkQueue.take(ScheduledThreadPoolExecutor.java:1093)
 java.util.concurrent.ScheduledThreadPoolExecutor$DelayedWorkQueue.take(ScheduledThreadPoolExecutor.java:809)
 java.util.concurrent.ThreadPoolExecutor.getTask(ThreadPoolExecutor.java:1067)
 java.util.concurrent.ThreadPoolExecutor.runWorker(ThreadPoolExecutor.java:1127)
 java.util.concurrent.ThreadPoolExecutor$Worker.run(ThreadPoolExecutor.java:617)
 java.lang.Thread.run(Thread.java:745)
31-Jan-2022 20:46:51.387 INFORMAÇÕES [main] org.apache.coyote.AbstractProtocol.stop Stopping ProtocolHandler ["http-nio-8080"]
31-Jan-2022 20:46:51.391 INFORMAÇÕES [main] org.apache.coyote.AbstractProtocol.destroy Destroying ProtocolHandler ["http-nio-8080"]
