29-Jan-2022 13:32:25.614 INFORMAÇÕES [http-nio-8080-exec-7] org.apache.catalina.core.ApplicationContext.log Manager: init: Associated with Deployer 'Catalina:type=Deployer,host=localhost'
29-Jan-2022 13:32:25.614 INFORMAÇÕES [http-nio-8080-exec-7] org.apache.catalina.core.ApplicationContext.log Manager: init: Global resources are available
29-Jan-2022 13:32:25.968 INFORMAÇÕES [http-nio-8080-exec-8] org.apache.catalina.core.ApplicationContext.log Manager: list: Listing contexts for virtual host 'localhost'
29-Jan-2022 13:32:25.973 INFORMAÇÕES [http-nio-8080-exec-9] org.apache.catalina.core.ApplicationContext.log Manager: list: Listing contexts for virtual host 'localhost'
29-Jan-2022 13:32:26.049 INFORMAÇÕES [http-nio-8080-exec-1] org.apache.catalina.core.ApplicationContext.log Manager: restart: Reloading web application '/Project'
29-Jan-2022 13:33:34.701 INFORMAÇÕES [http-nio-8080-exec-11] org.apache.catalina.core.ApplicationContext.log Manager: list: Listing contexts for virtual host 'localhost'
29-Jan-2022 13:34:20.443 INFORMAÇÕES [http-nio-8080-exec-15] org.apache.catalina.core.ApplicationContext.log Manager: list: Listing contexts for virtual host 'localhost'
29-Jan-2022 13:35:09.485 INFORMAÇÕES [http-nio-8080-exec-17] org.apache.catalina.core.ApplicationContext.log Manager: list: Listing contexts for virtual host 'localhost'
29-Jan-2022 13:36:16.466 INFORMAÇÕES [http-nio-8080-exec-12] org.apache.catalina.core.ApplicationContext.log Manager: list: Listing contexts for virtual host 'localhost'
29-Jan-2022 13:37:46.273 INFORMAÇÕES [http-nio-8080-exec-20] org.apache.catalina.core.ApplicationContext.log Manager: list: Listing contexts for virtual host 'localhost'
29-Jan-2022 13:37:55.964 INFORMAÇÕES [http-nio-8080-exec-12] org.apache.catalina.core.ApplicationContext.log Manager: list: Listing contexts for virtual host 'localhost'
29-Jan-2022 13:38:06.484 INFORMAÇÕES [http-nio-8080-exec-20] org.apache.catalina.core.ApplicationContext.log Manager: list: Listing contexts for virtual host 'localhost'
29-Jan-2022 13:38:14.604 INFORMAÇÕES [http-nio-8080-exec-14] org.apache.catalina.core.ApplicationContext.log Manager: list: Listing contexts for virtual host 'localhost'
29-Jan-2022 13:38:21.422 INFORMAÇÕES [http-nio-8080-exec-20] org.apache.catalina.core.ApplicationContext.log Manager: list: Listing contexts for virtual host 'localhost'
29-Jan-2022 13:39:19.518 INFORMAÇÕES [http-nio-8080-exec-13] org.apache.catalina.core.ApplicationContext.log Manager: list: Listing contexts for virtual host 'localhost'
29-Jan-2022 13:40:03.767 INFORMAÇÕES [http-nio-8080-exec-14] org.apache.catalina.core.ApplicationContext.log Manager: list: Listing contexts for virtual host 'localhost'
29-Jan-2022 13:40:42.972 INFORMAÇÕES [http-nio-8080-exec-19] org.apache.catalina.core.ApplicationContext.log Manager: list: Listing contexts for virtual host 'localhost'
29-Jan-2022 13:41:01.264 INFORMAÇÕES [http-nio-8080-exec-18] org.apache.catalina.core.ApplicationContext.log Manager: list: Listing contexts for virtual host 'localhost'
29-Jan-2022 13:41:36.936 INFORMAÇÕES [http-nio-8080-exec-17] org.apache.catalina.core.ApplicationContext.log Manager: list: Listing contexts for virtual host 'localhost'
29-Jan-2022 13:42:11.713 INFORMAÇÕES [http-nio-8080-exec-13] org.apache.catalina.core.ApplicationContext.log Manager: list: Listing contexts for virtual host 'localhost'
29-Jan-2022 13:42:23.700 INFORMAÇÕES [http-nio-8080-exec-20] org.apache.catalina.core.ApplicationContext.log Manager: list: Listing contexts for virtual host 'localhost'
29-Jan-2022 13:42:35.815 INFORMAÇÕES [http-nio-8080-exec-17] org.apache.catalina.core.ApplicationContext.log Manager: list: Listing contexts for virtual host 'localhost'
29-Jan-2022 13:47:59.870 INFORMAÇÕES [http-nio-8080-exec-19] org.apache.catalina.core.ApplicationContext.log Manager: list: Listing contexts for virtual host 'localhost'
29-Jan-2022 13:47:59.878 INFORMAÇÕES [http-nio-8080-exec-12] org.apache.catalina.core.ApplicationContext.log Manager: restart: Reloading web application '/Project'
29-Jan-2022 13:55:03.406 INFORMAÇÕES [http-nio-8080-exec-29] org.apache.catalina.core.ApplicationContext.log Manager: list: Listing contexts for virtual host 'localhost'
29-Jan-2022 13:55:03.415 INFORMAÇÕES [http-nio-8080-exec-21] org.apache.catalina.core.ApplicationContext.log Manager: restart: Reloading web application '/Project'
29-Jan-2022 14:04:03.311 INFORMAÇÕES [http-nio-8080-exec-36] org.apache.catalina.core.ApplicationContext.log Manager: list: Listing contexts for virtual host 'localhost'
29-Jan-2022 14:04:03.320 INFORMAÇÕES [http-nio-8080-exec-39] org.apache.catalina.core.ApplicationContext.log Manager: restart: Reloading web application '/Project'
29-Jan-2022 14:04:26.470 INFORMAÇÕES [http-nio-8080-exec-36] org.apache.catalina.core.ApplicationContext.log Manager: list: Listing contexts for virtual host 'localhost'
29-Jan-2022 14:04:26.479 INFORMAÇÕES [http-nio-8080-exec-42] org.apache.catalina.core.ApplicationContext.log Manager: restart: Reloading web application '/Project'
29-Jan-2022 14:04:39.154 INFORMAÇÕES [http-nio-8080-exec-41] org.apache.catalina.core.ApplicationContext.log Manager: list: Listing contexts for virtual host 'localhost'
29-Jan-2022 14:04:39.159 INFORMAÇÕES [http-nio-8080-exec-34] org.apache.catalina.core.ApplicationContext.log Manager: restart: Reloading web application '/Project'
29-Jan-2022 14:04:55.210 INFORMAÇÕES [http-nio-8080-exec-37] org.apache.catalina.core.ApplicationContext.log Manager: list: Listing contexts for virtual host 'localhost'
29-Jan-2022 14:04:55.217 INFORMAÇÕES [http-nio-8080-exec-46] org.apache.catalina.core.ApplicationContext.log Manager: restart: Reloading web application '/Project'
29-Jan-2022 14:05:42.738 INFORMAÇÕES [http-nio-8080-exec-51] org.apache.catalina.core.ApplicationContext.log Manager: list: Listing contexts for virtual host 'localhost'
29-Jan-2022 14:05:42.744 INFORMAÇÕES [http-nio-8080-exec-52] org.apache.catalina.core.ApplicationContext.log Manager: restart: Reloading web application '/Project'
29-Jan-2022 14:05:52.383 INFORMAÇÕES [http-nio-8080-exec-54] org.apache.catalina.core.ApplicationContext.log Manager: list: Listing contexts for virtual host 'localhost'
29-Jan-2022 14:05:52.390 INFORMAÇÕES [http-nio-8080-exec-55] org.apache.catalina.core.ApplicationContext.log Manager: restart: Reloading web application '/Project'
29-Jan-2022 14:06:45.398 INFORMAÇÕES [http-nio-8080-exec-59] org.apache.catalina.core.ApplicationContext.log Manager: list: Listing contexts for virtual host 'localhost'
29-Jan-2022 14:06:45.408 INFORMAÇÕES [http-nio-8080-exec-60] org.apache.catalina.core.ApplicationContext.log Manager: restart: Reloading web application '/Project'
29-Jan-2022 14:06:55.086 INFORMAÇÕES [http-nio-8080-exec-45] org.apache.catalina.core.ApplicationContext.log Manager: list: Listing contexts for virtual host 'localhost'
29-Jan-2022 14:06:55.098 INFORMAÇÕES [http-nio-8080-exec-62] org.apache.catalina.core.ApplicationContext.log Manager: restart: Reloading web application '/Project'
29-Jan-2022 14:39:49.612 INFORMAÇÕES [http-nio-8080-exec-72] org.apache.catalina.core.ApplicationContext.log Manager: list: Listing contexts for virtual host 'localhost'
29-Jan-2022 14:40:05.895 INFORMAÇÕES [http-nio-8080-exec-68] org.apache.catalina.core.ApplicationContext.log Manager: list: Listing contexts for virtual host 'localhost'
29-Jan-2022 14:42:06.627 INFORMAÇÕES [http-nio-8080-exec-66] org.apache.catalina.core.ApplicationContext.log Manager: list: Listing contexts for virtual host 'localhost'
29-Jan-2022 14:42:53.989 INFORMAÇÕES [http-nio-8080-exec-72] org.apache.catalina.core.ApplicationContext.log Manager: list: Listing contexts for virtual host 'localhost'
29-Jan-2022 14:43:00.075 INFORMAÇÕES [http-nio-8080-exec-68] org.apache.catalina.core.ApplicationContext.log Manager: list: Listing contexts for virtual host 'localhost'
29-Jan-2022 14:43:05.282 INFORMAÇÕES [http-nio-8080-exec-67] org.apache.catalina.core.ApplicationContext.log Manager: list: Listing contexts for virtual host 'localhost'
29-Jan-2022 14:47:22.049 INFORMAÇÕES [http-nio-8080-exec-71] org.apache.catalina.core.ApplicationContext.log Manager: list: Listing contexts for virtual host 'localhost'
29-Jan-2022 14:47:33.549 INFORMAÇÕES [http-nio-8080-exec-63] org.apache.catalina.core.ApplicationContext.log Manager: list: Listing contexts for virtual host 'localhost'
29-Jan-2022 14:57:15.076 INFORMAÇÕES [http-nio-8080-exec-67] org.apache.catalina.core.ApplicationContext.log Manager: list: Listing contexts for virtual host 'localhost'
29-Jan-2022 14:58:49.248 INFORMAÇÕES [http-nio-8080-exec-71] org.apache.catalina.core.ApplicationContext.log Manager: list: Listing contexts for virtual host 'localhost'
29-Jan-2022 15:01:00.948 INFORMAÇÕES [http-nio-8080-exec-65] org.apache.catalina.core.ApplicationContext.log Manager: list: Listing contexts for virtual host 'localhost'
29-Jan-2022 15:01:25.005 INFORMAÇÕES [http-nio-8080-exec-66] org.apache.catalina.core.ApplicationContext.log Manager: list: Listing contexts for virtual host 'localhost'
29-Jan-2022 15:01:37.909 INFORMAÇÕES [http-nio-8080-exec-70] org.apache.catalina.core.ApplicationContext.log Manager: list: Listing contexts for virtual host 'localhost'
29-Jan-2022 15:03:25.507 INFORMAÇÕES [http-nio-8080-exec-69] org.apache.catalina.core.ApplicationContext.log Manager: list: Listing contexts for virtual host 'localhost'
29-Jan-2022 15:05:05.244 INFORMAÇÕES [http-nio-8080-exec-67] org.apache.catalina.core.ApplicationContext.log Manager: list: Listing contexts for virtual host 'localhost'
29-Jan-2022 15:05:05.255 INFORMAÇÕES [http-nio-8080-exec-71] org.apache.catalina.core.ApplicationContext.log Manager: restart: Reloading web application '/Project'
29-Jan-2022 15:05:06.419 INFORMAÇÕES [http-nio-8080-exec-73] org.apache.catalina.core.ApplicationContext.log Manager: list: Listing contexts for virtual host 'localhost'
29-Jan-2022 15:05:06.425 INFORMAÇÕES [http-nio-8080-exec-69] org.apache.catalina.core.ApplicationContext.log Manager: restart: Reloading web application '/Project'
29-Jan-2022 15:05:37.665 INFORMAÇÕES [http-nio-8080-exec-64] org.apache.catalina.core.ApplicationContext.log Manager: list: Listing contexts for virtual host 'localhost'
29-Jan-2022 15:05:56.961 INFORMAÇÕES [http-nio-8080-exec-65] org.apache.catalina.core.ApplicationContext.log Manager: list: Listing contexts for virtual host 'localhost'
29-Jan-2022 15:06:44.762 INFORMAÇÕES [http-nio-8080-exec-77] org.apache.catalina.core.ApplicationContext.log Manager: list: Listing contexts for virtual host 'localhost'
29-Jan-2022 15:06:44.768 INFORMAÇÕES [http-nio-8080-exec-63] org.apache.catalina.core.ApplicationContext.log Manager: restart: Reloading web application '/Project'
29-Jan-2022 15:13:47.854 INFORMAÇÕES [http-nio-8080-exec-87] org.apache.catalina.core.ApplicationContext.log Manager: list: Listing contexts for virtual host 'localhost'
29-Jan-2022 15:22:25.210 INFORMAÇÕES [http-nio-8080-exec-79] org.apache.catalina.core.ApplicationContext.log Manager: list: Listing contexts for virtual host 'localhost'
29-Jan-2022 15:22:25.216 INFORMAÇÕES [http-nio-8080-exec-81] org.apache.catalina.core.ApplicationContext.log Manager: restart: Reloading web application '/Project'
29-Jan-2022 15:25:33.548 INFORMAÇÕES [http-nio-8080-exec-94] org.apache.catalina.core.ApplicationContext.log Manager: list: Listing contexts for virtual host 'localhost'
29-Jan-2022 15:25:33.554 INFORMAÇÕES [http-nio-8080-exec-88] org.apache.catalina.core.ApplicationContext.log Manager: restart: Reloading web application '/Project'
29-Jan-2022 15:26:45.505 INFORMAÇÕES [http-nio-8080-exec-98] org.apache.catalina.core.ApplicationContext.log Manager: list: Listing contexts for virtual host 'localhost'
29-Jan-2022 15:26:45.512 INFORMAÇÕES [http-nio-8080-exec-96] org.apache.catalina.core.ApplicationContext.log Manager: restart: Reloading web application '/Project'
29-Jan-2022 15:30:25.735 INFORMAÇÕES [http-nio-8080-exec-106] org.apache.catalina.core.ApplicationContext.log Manager: list: Listing contexts for virtual host 'localhost'
29-Jan-2022 15:30:25.743 INFORMAÇÕES [http-nio-8080-exec-100] org.apache.catalina.core.ApplicationContext.log Manager: restart: Reloading web application '/Project'
29-Jan-2022 15:31:44.814 INFORMAÇÕES [http-nio-8080-exec-110] org.apache.catalina.core.ApplicationContext.log Manager: list: Listing contexts for virtual host 'localhost'
29-Jan-2022 15:31:44.820 INFORMAÇÕES [http-nio-8080-exec-108] org.apache.catalina.core.ApplicationContext.log Manager: restart: Reloading web application '/Project'
29-Jan-2022 15:32:11.289 INFORMAÇÕES [http-nio-8080-exec-106] org.apache.catalina.core.ApplicationContext.log Manager: list: Listing contexts for virtual host 'localhost'
29-Jan-2022 15:32:11.297 INFORMAÇÕES [http-nio-8080-exec-113] org.apache.catalina.core.ApplicationContext.log Manager: restart: Reloading web application '/Project'
29-Jan-2022 15:33:03.446 INFORMAÇÕES [http-nio-8080-exec-106] org.apache.catalina.core.ApplicationContext.log Manager: list: Listing contexts for virtual host 'localhost'
29-Jan-2022 15:33:03.454 INFORMAÇÕES [http-nio-8080-exec-115] org.apache.catalina.core.ApplicationContext.log Manager: restart: Reloading web application '/Project'
29-Jan-2022 15:36:13.696 INFORMAÇÕES [http-nio-8080-exec-122] org.apache.catalina.core.ApplicationContext.log Manager: list: Listing contexts for virtual host 'localhost'
29-Jan-2022 15:36:13.704 INFORMAÇÕES [http-nio-8080-exec-116] org.apache.catalina.core.ApplicationContext.log Manager: restart: Reloading web application '/Project'
29-Jan-2022 15:36:48.571 INFORMAÇÕES [http-nio-8080-exec-123] org.apache.catalina.core.ApplicationContext.log Manager: list: Listing contexts for virtual host 'localhost'
29-Jan-2022 15:36:48.583 INFORMAÇÕES [http-nio-8080-exec-125] org.apache.catalina.core.ApplicationContext.log Manager: restart: Reloading web application '/Project'
29-Jan-2022 15:37:28.299 INFORMAÇÕES [http-nio-8080-exec-121] org.apache.catalina.core.ApplicationContext.log Manager: list: Listing contexts for virtual host 'localhost'
29-Jan-2022 15:37:28.305 INFORMAÇÕES [http-nio-8080-exec-127] org.apache.catalina.core.ApplicationContext.log Manager: restart: Reloading web application '/Project'
29-Jan-2022 15:37:39.712 INFORMAÇÕES [http-nio-8080-exec-118] org.apache.catalina.core.ApplicationContext.log Manager: list: Listing contexts for virtual host 'localhost'
29-Jan-2022 15:37:39.720 INFORMAÇÕES [http-nio-8080-exec-129] org.apache.catalina.core.ApplicationContext.log Manager: restart: Reloading web application '/Project'
29-Jan-2022 15:57:53.790 INFORMAÇÕES [http-nio-8080-exec-139] org.apache.catalina.core.ApplicationContext.log Manager: list: Listing contexts for virtual host 'localhost'
29-Jan-2022 15:57:53.799 INFORMAÇÕES [http-nio-8080-exec-130] org.apache.catalina.core.ApplicationContext.log Manager: restart: Reloading web application '/Project'
29-Jan-2022 15:59:20.702 INFORMAÇÕES [http-nio-8080-exec-142] org.apache.catalina.core.ApplicationContext.log Manager: list: Listing contexts for virtual host 'localhost'
29-Jan-2022 15:59:20.709 INFORMAÇÕES [http-nio-8080-exec-140] org.apache.catalina.core.ApplicationContext.log Manager: restart: Reloading web application '/Project'
29-Jan-2022 16:01:16.678 INFORMAÇÕES [http-nio-8080-exec-146] org.apache.catalina.core.ApplicationContext.log Manager: list: Listing contexts for virtual host 'localhost'
29-Jan-2022 16:01:16.685 INFORMAÇÕES [http-nio-8080-exec-144] org.apache.catalina.core.ApplicationContext.log Manager: restart: Reloading web application '/Project'
29-Jan-2022 16:02:26.092 INFORMAÇÕES [http-nio-8080-exec-150] org.apache.catalina.core.ApplicationContext.log Manager: list: Listing contexts for virtual host 'localhost'
29-Jan-2022 16:02:26.101 INFORMAÇÕES [http-nio-8080-exec-148] org.apache.catalina.core.ApplicationContext.log Manager: restart: Reloading web application '/Project'
29-Jan-2022 16:02:34.388 INFORMAÇÕES [http-nio-8080-exec-145] org.apache.catalina.core.ApplicationContext.log Manager: list: Listing contexts for virtual host 'localhost'
29-Jan-2022 16:02:34.394 INFORMAÇÕES [http-nio-8080-exec-153] org.apache.catalina.core.ApplicationContext.log Manager: restart: Reloading web application '/Project'
29-Jan-2022 16:03:21.375 INFORMAÇÕES [http-nio-8080-exec-145] org.apache.catalina.core.ApplicationContext.log Manager: list: Listing contexts for virtual host 'localhost'
29-Jan-2022 16:03:21.384 INFORMAÇÕES [http-nio-8080-exec-132] org.apache.catalina.core.ApplicationContext.log Manager: restart: Reloading web application '/Project'
29-Jan-2022 16:03:41.389 INFORMAÇÕES [http-nio-8080-exec-150] org.apache.catalina.core.ApplicationContext.log Manager: list: Listing contexts for virtual host 'localhost'
29-Jan-2022 16:03:41.395 INFORMAÇÕES [http-nio-8080-exec-157] org.apache.catalina.core.ApplicationContext.log Manager: restart: Reloading web application '/Project'
29-Jan-2022 16:04:52.993 INFORMAÇÕES [http-nio-8080-exec-158] org.apache.catalina.core.ApplicationContext.log Manager: list: Listing contexts for virtual host 'localhost'
29-Jan-2022 16:04:53.000 INFORMAÇÕES [http-nio-8080-exec-161] org.apache.catalina.core.ApplicationContext.log Manager: restart: Reloading web application '/Project'
29-Jan-2022 16:05:41.996 INFORMAÇÕES [http-nio-8080-exec-163] org.apache.catalina.core.ApplicationContext.log Manager: list: Listing contexts for virtual host 'localhost'
29-Jan-2022 16:05:42.002 INFORMAÇÕES [http-nio-8080-exec-160] org.apache.catalina.core.ApplicationContext.log Manager: restart: Reloading web application '/Project'
29-Jan-2022 16:06:07.390 INFORMAÇÕES [http-nio-8080-exec-150] org.apache.catalina.core.ApplicationContext.log Manager: list: Listing contexts for virtual host 'localhost'
29-Jan-2022 16:06:07.396 INFORMAÇÕES [http-nio-8080-exec-165] org.apache.catalina.core.ApplicationContext.log Manager: restart: Reloading web application '/Project'
29-Jan-2022 16:07:37.621 INFORMAÇÕES [http-nio-8080-exec-168] org.apache.catalina.core.ApplicationContext.log Manager: list: Listing contexts for virtual host 'localhost'
29-Jan-2022 16:07:37.628 INFORMAÇÕES [http-nio-8080-exec-166] org.apache.catalina.core.ApplicationContext.log Manager: restart: Reloading web application '/Project'
29-Jan-2022 16:09:26.408 INFORMAÇÕES [http-nio-8080-exec-172] org.apache.catalina.core.ApplicationContext.log Manager: list: Listing contexts for virtual host 'localhost'
29-Jan-2022 16:09:26.414 INFORMAÇÕES [http-nio-8080-exec-170] org.apache.catalina.core.ApplicationContext.log Manager: restart: Reloading web application '/Project'
29-Jan-2022 16:09:37.803 INFORMAÇÕES [http-nio-8080-exec-163] org.apache.catalina.core.ApplicationContext.log Manager: list: Listing contexts for virtual host 'localhost'
29-Jan-2022 16:09:37.809 INFORMAÇÕES [http-nio-8080-exec-175] org.apache.catalina.core.ApplicationContext.log Manager: restart: Reloading web application '/Project'
29-Jan-2022 16:10:20.786 INFORMAÇÕES [http-nio-8080-exec-172] org.apache.catalina.core.ApplicationContext.log Manager: list: Listing contexts for virtual host 'localhost'
29-Jan-2022 16:10:20.793 INFORMAÇÕES [http-nio-8080-exec-177] org.apache.catalina.core.ApplicationContext.log Manager: restart: Reloading web application '/Project'
29-Jan-2022 16:10:55.694 INFORMAÇÕES [http-nio-8080-exec-172] org.apache.catalina.core.ApplicationContext.log Manager: list: Listing contexts for virtual host 'localhost'
29-Jan-2022 16:10:55.702 INFORMAÇÕES [http-nio-8080-exec-179] org.apache.catalina.core.ApplicationContext.log Manager: restart: Reloading web application '/Project'
29-Jan-2022 16:11:45.763 INFORMAÇÕES [http-nio-8080-exec-154] org.apache.catalina.core.ApplicationContext.log Manager: list: Listing contexts for virtual host 'localhost'
29-Jan-2022 16:11:45.770 INFORMAÇÕES [http-nio-8080-exec-181] org.apache.catalina.core.ApplicationContext.log Manager: restart: Reloading web application '/Project'
29-Jan-2022 16:13:47.356 INFORMAÇÕES [http-nio-8080-exec-186] org.apache.catalina.core.ApplicationContext.log Manager: list: Listing contexts for virtual host 'localhost'
29-Jan-2022 16:13:47.362 INFORMAÇÕES [http-nio-8080-exec-182] org.apache.catalina.core.ApplicationContext.log Manager: restart: Reloading web application '/Project'
29-Jan-2022 16:14:16.948 INFORMAÇÕES [http-nio-8080-exec-171] org.apache.catalina.core.ApplicationContext.log Manager: list: Listing contexts for virtual host 'localhost'
29-Jan-2022 16:14:16.954 INFORMAÇÕES [http-nio-8080-exec-188] org.apache.catalina.core.ApplicationContext.log Manager: restart: Reloading web application '/Project'
29-Jan-2022 16:14:55.652 INFORMAÇÕES [http-nio-8080-exec-172] org.apache.catalina.core.ApplicationContext.log Manager: list: Listing contexts for virtual host 'localhost'
29-Jan-2022 16:14:55.661 INFORMAÇÕES [http-nio-8080-exec-190] org.apache.catalina.core.ApplicationContext.log Manager: restart: Reloading web application '/Project'
29-Jan-2022 16:15:00.909 INFORMAÇÕES [http-nio-8080-exec-171] org.apache.catalina.core.ApplicationContext.log Manager: list: Listing contexts for virtual host 'localhost'
29-Jan-2022 16:15:00.916 INFORMAÇÕES [http-nio-8080-exec-192] org.apache.catalina.core.ApplicationContext.log Manager: restart: Reloading web application '/Project'
29-Jan-2022 16:15:19.047 INFORMAÇÕES [http-nio-8080-exec-191] org.apache.catalina.core.ApplicationContext.log Manager: list: Listing contexts for virtual host 'localhost'
29-Jan-2022 16:15:19.053 INFORMAÇÕES [http-nio-8080-exec-194] org.apache.catalina.core.ApplicationContext.log Manager: restart: Reloading web application '/Project'
29-Jan-2022 16:16:40.263 INFORMAÇÕES [http-nio-8080-exec-197] org.apache.catalina.core.ApplicationContext.log Manager: list: Listing contexts for virtual host 'localhost'
29-Jan-2022 16:16:40.272 INFORMAÇÕES [http-nio-8080-exec-195] org.apache.catalina.core.ApplicationContext.log Manager: restart: Reloading web application '/Project'
29-Jan-2022 16:19:44.509 INFORMAÇÕES [http-nio-8080-exec-205] org.apache.catalina.core.ApplicationContext.log Manager: list: Listing contexts for virtual host 'localhost'
29-Jan-2022 16:19:44.516 INFORMAÇÕES [http-nio-8080-exec-199] org.apache.catalina.core.ApplicationContext.log Manager: restart: Reloading web application '/Project'
29-Jan-2022 16:20:09.252 INFORMAÇÕES [http-nio-8080-exec-204] org.apache.catalina.core.ApplicationContext.log Manager: list: Listing contexts for virtual host 'localhost'
29-Jan-2022 16:20:09.258 INFORMAÇÕES [http-nio-8080-exec-208] org.apache.catalina.core.ApplicationContext.log Manager: restart: Reloading web application '/Project'
29-Jan-2022 16:20:38.676 INFORMAÇÕES [http-nio-8080-exec-184] org.apache.catalina.core.ApplicationContext.log Manager: list: Listing contexts for virtual host 'localhost'
29-Jan-2022 16:20:38.683 INFORMAÇÕES [http-nio-8080-exec-205] org.apache.catalina.core.ApplicationContext.log Manager: restart: Reloading web application '/Project'
29-Jan-2022 16:25:55.603 INFORMAÇÕES [http-nio-8080-exec-218] org.apache.catalina.core.ApplicationContext.log Manager: list: Listing contexts for virtual host 'localhost'
29-Jan-2022 16:25:55.610 INFORMAÇÕES [http-nio-8080-exec-211] org.apache.catalina.core.ApplicationContext.log Manager: restart: Reloading web application '/Project'
29-Jan-2022 16:27:08.323 INFORMAÇÕES [http-nio-8080-exec-222] org.apache.catalina.core.ApplicationContext.log Manager: list: Listing contexts for virtual host 'localhost'
29-Jan-2022 16:27:08.332 INFORMAÇÕES [http-nio-8080-exec-220] org.apache.catalina.core.ApplicationContext.log Manager: restart: Reloading web application '/Project'
29-Jan-2022 16:28:59.540 INFORMAÇÕES [http-nio-8080-exec-226] org.apache.catalina.core.ApplicationContext.log Manager: list: Listing contexts for virtual host 'localhost'
29-Jan-2022 16:29:15.923 INFORMAÇÕES [http-nio-8080-exec-227] org.apache.catalina.core.ApplicationContext.log Manager: list: Listing contexts for virtual host 'localhost'
29-Jan-2022 16:32:50.176 INFORMAÇÕES [http-nio-8080-exec-222] org.apache.catalina.core.ApplicationContext.log Manager: list: Listing contexts for virtual host 'localhost'
29-Jan-2022 16:33:16.912 INFORMAÇÕES [http-nio-8080-exec-227] org.apache.catalina.core.ApplicationContext.log Manager: list: Listing contexts for virtual host 'localhost'
29-Jan-2022 16:34:30.213 INFORMAÇÕES [http-nio-8080-exec-232] org.apache.catalina.core.ApplicationContext.log Manager: list: Listing contexts for virtual host 'localhost'
29-Jan-2022 16:36:11.577 INFORMAÇÕES [http-nio-8080-exec-229] org.apache.catalina.core.ApplicationContext.log Manager: list: Listing contexts for virtual host 'localhost'
29-Jan-2022 16:36:18.575 INFORMAÇÕES [http-nio-8080-exec-227] org.apache.catalina.core.ApplicationContext.log Manager: list: Listing contexts for virtual host 'localhost'
29-Jan-2022 16:37:04.026 INFORMAÇÕES [http-nio-8080-exec-234] org.apache.catalina.core.ApplicationContext.log Manager: list: Listing contexts for virtual host 'localhost'
29-Jan-2022 16:37:31.052 INFORMAÇÕES [http-nio-8080-exec-231] org.apache.catalina.core.ApplicationContext.log Manager: list: Listing contexts for virtual host 'localhost'
29-Jan-2022 16:37:37.448 INFORMAÇÕES [http-nio-8080-exec-227] org.apache.catalina.core.ApplicationContext.log Manager: list: Listing contexts for virtual host 'localhost'
29-Jan-2022 16:37:43.546 INFORMAÇÕES [http-nio-8080-exec-229] org.apache.catalina.core.ApplicationContext.log Manager: list: Listing contexts for virtual host 'localhost'
29-Jan-2022 16:37:43.549 INFORMAÇÕES [http-nio-8080-exec-231] org.apache.catalina.core.ApplicationContext.log Manager: list: Listing contexts for virtual host 'localhost'
29-Jan-2022 16:37:43.598 INFORMAÇÕES [http-nio-8080-exec-230] org.apache.catalina.core.ApplicationContext.log Manager: restart: Reloading web application '/Project'
29-Jan-2022 16:40:52.289 INFORMAÇÕES [http-nio-8080-exec-244] org.apache.catalina.core.ApplicationContext.log Manager: list: Listing contexts for virtual host 'localhost'
29-Jan-2022 16:45:09.110 INFORMAÇÕES [http-nio-8080-exec-240] org.apache.catalina.core.ApplicationContext.log Manager: list: Listing contexts for virtual host 'localhost'
29-Jan-2022 16:46:37.535 INFORMAÇÕES [http-nio-8080-exec-236] org.apache.catalina.core.ApplicationContext.log Manager: list: Listing contexts for virtual host 'localhost'
29-Jan-2022 16:47:44.128 INFORMAÇÕES [http-nio-8080-exec-242] org.apache.catalina.core.ApplicationContext.log Manager: list: Listing contexts for virtual host 'localhost'
29-Jan-2022 16:48:13.968 INFORMAÇÕES [http-nio-8080-exec-237] org.apache.catalina.core.ApplicationContext.log Manager: list: Listing contexts for virtual host 'localhost'
29-Jan-2022 16:51:50.088 INFORMAÇÕES [http-nio-8080-exec-240] org.apache.catalina.core.ApplicationContext.log Manager: list: Listing contexts for virtual host 'localhost'
29-Jan-2022 16:53:15.910 INFORMAÇÕES [http-nio-8080-exec-235] org.apache.catalina.core.ApplicationContext.log Manager: list: Listing contexts for virtual host 'localhost'
29-Jan-2022 16:55:57.851 INFORMAÇÕES [http-nio-8080-exec-241] org.apache.catalina.core.ApplicationContext.log Manager: list: Listing contexts for virtual host 'localhost'
29-Jan-2022 16:55:57.859 INFORMAÇÕES [http-nio-8080-exec-240] org.apache.catalina.core.ApplicationContext.log Manager: restart: Reloading web application '/Project'
29-Jan-2022 16:56:02.999 INFORMAÇÕES [http-nio-8080-exec-241] org.apache.catalina.core.ApplicationContext.log Manager: list: Listing contexts for virtual host 'localhost'
29-Jan-2022 16:56:03.006 INFORMAÇÕES [http-nio-8080-exec-246] org.apache.catalina.core.ApplicationContext.log Manager: restart: Reloading web application '/Project'
29-Jan-2022 16:56:13.865 INFORMAÇÕES [http-nio-8080-exec-239] org.apache.catalina.core.ApplicationContext.log Manager: list: Listing contexts for virtual host 'localhost'
29-Jan-2022 16:56:13.872 INFORMAÇÕES [http-nio-8080-exec-248] org.apache.catalina.core.ApplicationContext.log Manager: restart: Reloading web application '/Project'
29-Jan-2022 16:56:19.532 INFORMAÇÕES [http-nio-8080-exec-244] org.apache.catalina.core.ApplicationContext.log Manager: list: Listing contexts for virtual host 'localhost'
29-Jan-2022 16:59:25.900 INFORMAÇÕES [http-nio-8080-exec-245] org.apache.catalina.core.ApplicationContext.log Manager: list: Listing contexts for virtual host 'localhost'
29-Jan-2022 17:01:52.880 INFORMAÇÕES [http-nio-8080-exec-252] org.apache.catalina.core.ApplicationContext.log Manager: list: Listing contexts for virtual host 'localhost'
29-Jan-2022 17:03:22.359 INFORMAÇÕES [http-nio-8080-exec-252] org.apache.catalina.core.ApplicationContext.log Manager: list: Listing contexts for virtual host 'localhost'
29-Jan-2022 17:04:28.889 INFORMAÇÕES [http-nio-8080-exec-250] org.apache.catalina.core.ApplicationContext.log Manager: list: Listing contexts for virtual host 'localhost'
29-Jan-2022 17:04:28.896 INFORMAÇÕES [http-nio-8080-exec-249] org.apache.catalina.core.ApplicationContext.log Manager: restart: Reloading web application '/Project'
29-Jan-2022 17:07:31.349 INFORMAÇÕES [http-nio-8080-exec-268] org.apache.catalina.core.ApplicationContext.log Manager: list: Listing contexts for virtual host 'localhost'
29-Jan-2022 17:07:31.358 INFORMAÇÕES [http-nio-8080-exec-266] org.apache.catalina.core.ApplicationContext.log Manager: restart: Reloading web application '/Project'
29-Jan-2022 17:08:08.539 INFORMAÇÕES [http-nio-8080-exec-272] org.apache.catalina.core.ApplicationContext.log Manager: list: Listing contexts for virtual host 'localhost'
29-Jan-2022 17:10:05.088 INFORMAÇÕES [http-nio-8080-exec-278] org.apache.catalina.core.ApplicationContext.log Manager: list: Listing contexts for virtual host 'localhost'
29-Jan-2022 17:10:41.538 INFORMAÇÕES [http-nio-8080-exec-273] org.apache.catalina.core.ApplicationContext.log Manager: list: Listing contexts for virtual host 'localhost'
29-Jan-2022 17:16:25.217 INFORMAÇÕES [http-nio-8080-exec-270] org.apache.catalina.core.ApplicationContext.log Manager: list: Listing contexts for virtual host 'localhost'
29-Jan-2022 17:16:25.218 INFORMAÇÕES [http-nio-8080-exec-273] org.apache.catalina.core.ApplicationContext.log Manager: list: Listing contexts for virtual host 'localhost'
29-Jan-2022 17:16:25.261 INFORMAÇÕES [http-nio-8080-exec-271] org.apache.catalina.core.ApplicationContext.log Manager: restart: Reloading web application '/Project'
29-Jan-2022 17:20:13.033 INFORMAÇÕES [http-nio-8080-exec-3] org.apache.catalina.core.ApplicationContext.log Manager: init: Associated with Deployer 'Catalina:type=Deployer,host=localhost'
29-Jan-2022 17:20:13.033 INFORMAÇÕES [http-nio-8080-exec-3] org.apache.catalina.core.ApplicationContext.log Manager: init: Global resources are available
29-Jan-2022 17:20:13.650 INFORMAÇÕES [http-nio-8080-exec-5] org.apache.catalina.core.ApplicationContext.log Manager: list: Listing contexts for virtual host 'localhost'
29-Jan-2022 17:20:13.652 INFORMAÇÕES [http-nio-8080-exec-6] org.apache.catalina.core.ApplicationContext.log Manager: list: Listing contexts for virtual host 'localhost'
29-Jan-2022 17:20:13.695 INFORMAÇÕES [http-nio-8080-exec-7] org.apache.catalina.core.ApplicationContext.log Manager: restart: Reloading web application '/Project'
29-Jan-2022 17:22:50.629 INFORMAÇÕES [http-nio-8080-exec-5] org.apache.catalina.core.ApplicationContext.log Manager: init: Associated with Deployer 'Catalina:type=Deployer,host=localhost'
29-Jan-2022 17:22:50.629 INFORMAÇÕES [http-nio-8080-exec-5] org.apache.catalina.core.ApplicationContext.log Manager: init: Global resources are available
29-Jan-2022 17:22:50.907 INFORMAÇÕES [http-nio-8080-exec-6] org.apache.catalina.core.ApplicationContext.log Manager: list: Listing contexts for virtual host 'localhost'
29-Jan-2022 17:22:50.913 INFORMAÇÕES [http-nio-8080-exec-8] org.apache.catalina.core.ApplicationContext.log Manager: list: Listing contexts for virtual host 'localhost'
29-Jan-2022 17:23:44.308 INFORMAÇÕES [http-nio-8080-exec-9] org.apache.catalina.core.ApplicationContext.log Manager: list: Listing contexts for virtual host 'localhost'
29-Jan-2022 17:23:44.317 INFORMAÇÕES [http-nio-8080-exec-10] org.apache.catalina.core.ApplicationContext.log Manager: restart: Reloading web application '/Project'
29-Jan-2022 17:24:24.858 INFORMAÇÕES [http-nio-8080-exec-3] org.apache.catalina.core.ApplicationContext.log Manager: list: Listing contexts for virtual host 'localhost'
29-Jan-2022 17:24:24.865 INFORMAÇÕES [http-nio-8080-exec-12] org.apache.catalina.core.ApplicationContext.log Manager: restart: Reloading web application '/Project'
29-Jan-2022 17:24:31.303 INFORMAÇÕES [http-nio-8080-exec-11] org.apache.catalina.core.ApplicationContext.log Manager: list: Listing contexts for virtual host 'localhost'
29-Jan-2022 17:24:31.311 INFORMAÇÕES [http-nio-8080-exec-14] org.apache.catalina.core.ApplicationContext.log Manager: restart: Reloading web application '/Project'
29-Jan-2022 17:27:19.083 INFORMAÇÕES [http-nio-8080-exec-19] org.apache.catalina.core.ApplicationContext.log Manager: list: Listing contexts for virtual host 'localhost'
29-Jan-2022 17:27:19.091 INFORMAÇÕES [http-nio-8080-exec-21] org.apache.catalina.core.ApplicationContext.log Manager: restart: Reloading web application '/Project'
29-Jan-2022 17:28:26.078 INFORMAÇÕES [http-nio-8080-exec-33] org.apache.catalina.core.ApplicationContext.log Manager: list: Listing contexts for virtual host 'localhost'
29-Jan-2022 17:28:26.085 INFORMAÇÕES [http-nio-8080-exec-26] org.apache.catalina.core.ApplicationContext.log Manager: restart: Reloading web application '/Project'
29-Jan-2022 17:29:40.796 INFORMAÇÕES [http-nio-8080-exec-35] org.apache.catalina.core.ApplicationContext.log Manager: list: Listing contexts for virtual host 'localhost'
29-Jan-2022 17:29:40.804 INFORMAÇÕES [http-nio-8080-exec-36] org.apache.catalina.core.ApplicationContext.log Manager: restart: Reloading web application '/Project'
29-Jan-2022 17:30:28.993 INFORMAÇÕES [http-nio-8080-exec-50] org.apache.catalina.core.ApplicationContext.log Manager: list: Listing contexts for virtual host 'localhost'
29-Jan-2022 17:30:28.999 INFORMAÇÕES [http-nio-8080-exec-51] org.apache.catalina.core.ApplicationContext.log Manager: restart: Reloading web application '/Project'
29-Jan-2022 17:30:40.831 INFORMAÇÕES [http-nio-8080-exec-38] org.apache.catalina.core.ApplicationContext.log Manager: list: Listing contexts for virtual host 'localhost'
29-Jan-2022 17:30:40.838 INFORMAÇÕES [http-nio-8080-exec-53] org.apache.catalina.core.ApplicationContext.log Manager: restart: Reloading web application '/Project'
29-Jan-2022 17:31:05.757 INFORMAÇÕES [http-nio-8080-exec-59] org.apache.catalina.core.ApplicationContext.log Manager: list: Listing contexts for virtual host 'localhost'
29-Jan-2022 17:31:05.765 INFORMAÇÕES [http-nio-8080-exec-60] org.apache.catalina.core.ApplicationContext.log Manager: restart: Reloading web application '/Project'
29-Jan-2022 17:32:56.445 INFORMAÇÕES [http-nio-8080-exec-62] org.apache.catalina.core.ApplicationContext.log Manager: list: Listing contexts for virtual host 'localhost'
29-Jan-2022 17:33:43.671 INFORMAÇÕES [http-nio-8080-exec-47] org.apache.catalina.core.ApplicationContext.log Manager: list: Listing contexts for virtual host 'localhost'
29-Jan-2022 17:35:05.809 INFORMAÇÕES [http-nio-8080-exec-57] org.apache.catalina.core.ApplicationContext.log Manager: list: Listing contexts for virtual host 'localhost'
29-Jan-2022 17:35:44.523 INFORMAÇÕES [http-nio-8080-exec-65] org.apache.catalina.core.ApplicationContext.log Manager: list: Listing contexts for virtual host 'localhost'
29-Jan-2022 17:37:57.534 INFORMAÇÕES [http-nio-8080-exec-65] org.apache.catalina.core.ApplicationContext.log Manager: list: Listing contexts for virtual host 'localhost'
29-Jan-2022 17:37:57.543 INFORMAÇÕES [http-nio-8080-exec-61] org.apache.catalina.core.ApplicationContext.log Manager: restart: Reloading web application '/Project'
29-Jan-2022 17:38:32.950 INFORMAÇÕES [http-nio-8080-exec-67] org.apache.catalina.core.ApplicationContext.log Manager: list: Listing contexts for virtual host 'localhost'
29-Jan-2022 17:38:32.958 INFORMAÇÕES [http-nio-8080-exec-72] org.apache.catalina.core.ApplicationContext.log Manager: restart: Reloading web application '/Project'
29-Jan-2022 17:38:47.883 INFORMAÇÕES [http-nio-8080-exec-63] org.apache.catalina.core.ApplicationContext.log Manager: list: Listing contexts for virtual host 'localhost'
29-Jan-2022 17:38:47.890 INFORMAÇÕES [http-nio-8080-exec-74] org.apache.catalina.core.ApplicationContext.log Manager: restart: Reloading web application '/Project'
29-Jan-2022 17:40:18.682 INFORMAÇÕES [http-nio-8080-exec-68] org.apache.catalina.core.ApplicationContext.log Manager: list: Listing contexts for virtual host 'localhost'
29-Jan-2022 17:40:18.689 INFORMAÇÕES [http-nio-8080-exec-76] org.apache.catalina.core.ApplicationContext.log Manager: restart: Reloading web application '/Project'
29-Jan-2022 17:42:34.311 INFORMAÇÕES [http-nio-8080-exec-92] org.apache.catalina.core.ApplicationContext.log Manager: list: Listing contexts for virtual host 'localhost'
29-Jan-2022 17:42:34.318 INFORMAÇÕES [http-nio-8080-exec-84] org.apache.catalina.core.ApplicationContext.log Manager: restart: Reloading web application '/Project'
29-Jan-2022 17:43:01.076 INFORMAÇÕES [http-nio-8080-exec-98] org.apache.catalina.core.ApplicationContext.log Manager: list: Listing contexts for virtual host 'localhost'
29-Jan-2022 17:43:01.083 INFORMAÇÕES [http-nio-8080-exec-99] org.apache.catalina.core.ApplicationContext.log Manager: restart: Reloading web application '/Project'
29-Jan-2022 17:43:06.620 INFORMAÇÕES [http-nio-8080-exec-90] org.apache.catalina.core.ApplicationContext.log Manager: list: Listing contexts for virtual host 'localhost'
29-Jan-2022 17:43:06.629 INFORMAÇÕES [http-nio-8080-exec-101] org.apache.catalina.core.ApplicationContext.log Manager: restart: Reloading web application '/Project'
29-Jan-2022 17:44:22.828 INFORMAÇÕES [http-nio-8080-exec-111] org.apache.catalina.core.ApplicationContext.log Manager: list: Listing contexts for virtual host 'localhost'
29-Jan-2022 17:44:22.835 INFORMAÇÕES [http-nio-8080-exec-103] org.apache.catalina.core.ApplicationContext.log Manager: restart: Reloading web application '/Project'
29-Jan-2022 17:45:24.683 INFORMAÇÕES [http-nio-8080-exec-113] org.apache.catalina.core.ApplicationContext.log Manager: list: Listing contexts for virtual host 'localhost'
29-Jan-2022 17:45:24.689 INFORMAÇÕES [http-nio-8080-exec-109] org.apache.catalina.core.ApplicationContext.log Manager: restart: Reloading web application '/Project'
29-Jan-2022 17:45:55.491 INFORMAÇÕES [http-nio-8080-exec-121] org.apache.catalina.core.ApplicationContext.log Manager: list: Listing contexts for virtual host 'localhost'
29-Jan-2022 17:45:55.498 INFORMAÇÕES [http-nio-8080-exec-127] org.apache.catalina.core.ApplicationContext.log Manager: restart: Reloading web application '/Project'
29-Jan-2022 17:48:06.697 INFORMAÇÕES [http-nio-8080-exec-133] org.apache.catalina.core.ApplicationContext.log Manager: list: Listing contexts for virtual host 'localhost'
29-Jan-2022 17:48:06.705 INFORMAÇÕES [http-nio-8080-exec-128] org.apache.catalina.core.ApplicationContext.log Manager: restart: Reloading web application '/Project'
29-Jan-2022 17:53:10.759 INFORMAÇÕES [http-nio-8080-exec-139] org.apache.catalina.core.ApplicationContext.log Manager: list: Listing contexts for virtual host 'localhost'
29-Jan-2022 17:53:10.775 INFORMAÇÕES [http-nio-8080-exec-136] org.apache.catalina.core.ApplicationContext.log Manager: restart: Reloading web application '/Project'
29-Jan-2022 17:53:41.121 INFORMAÇÕES [http-nio-8080-exec-141] org.apache.catalina.core.ApplicationContext.log Manager: list: Listing contexts for virtual host 'localhost'
29-Jan-2022 17:53:41.127 INFORMAÇÕES [http-nio-8080-exec-146] org.apache.catalina.core.ApplicationContext.log Manager: restart: Reloading web application '/Project'
29-Jan-2022 17:53:42.311 INFORMAÇÕES [http-nio-8080-exec-147] org.apache.catalina.core.ApplicationContext.log Manager: list: Listing contexts for virtual host 'localhost'
29-Jan-2022 17:53:42.319 INFORMAÇÕES [http-nio-8080-exec-138] org.apache.catalina.core.ApplicationContext.log Manager: restart: Reloading web application '/Project'
29-Jan-2022 17:54:12.885 INFORMAÇÕES [http-nio-8080-exec-141] org.apache.catalina.core.ApplicationContext.log Manager: list: Listing contexts for virtual host 'localhost'
29-Jan-2022 17:54:12.894 INFORMAÇÕES [http-nio-8080-exec-149] org.apache.catalina.core.ApplicationContext.log Manager: restart: Reloading web application '/Project'
29-Jan-2022 17:55:29.165 INFORMAÇÕES [http-nio-8080-exec-159] org.apache.catalina.core.ApplicationContext.log Manager: list: Listing contexts for virtual host 'localhost'
29-Jan-2022 17:55:29.173 INFORMAÇÕES [http-nio-8080-exec-151] org.apache.catalina.core.ApplicationContext.log Manager: restart: Reloading web application '/Project'
29-Jan-2022 17:56:03.093 INFORMAÇÕES [http-nio-8080-exec-167] org.apache.catalina.core.ApplicationContext.log Manager: list: Listing contexts for virtual host 'localhost'
29-Jan-2022 17:56:03.099 INFORMAÇÕES [http-nio-8080-exec-168] org.apache.catalina.core.ApplicationContext.log Manager: restart: Reloading web application '/Project'
29-Jan-2022 17:56:19.023 INFORMAÇÕES [http-nio-8080-exec-172] org.apache.catalina.core.ApplicationContext.log Manager: list: Listing contexts for virtual host 'localhost'
29-Jan-2022 17:56:19.030 INFORMAÇÕES [http-nio-8080-exec-164] org.apache.catalina.core.ApplicationContext.log Manager: restart: Reloading web application '/Project'
29-Jan-2022 17:56:46.091 INFORMAÇÕES [http-nio-8080-exec-173] org.apache.catalina.core.ApplicationContext.log Manager: list: Listing contexts for virtual host 'localhost'
29-Jan-2022 17:56:46.099 INFORMAÇÕES [http-nio-8080-exec-179] org.apache.catalina.core.ApplicationContext.log Manager: restart: Reloading web application '/Project'
29-Jan-2022 17:58:03.341 INFORMAÇÕES [http-nio-8080-exec-183] org.apache.catalina.core.ApplicationContext.log Manager: list: Listing contexts for virtual host 'localhost'
29-Jan-2022 17:58:03.347 INFORMAÇÕES [http-nio-8080-exec-180] org.apache.catalina.core.ApplicationContext.log Manager: restart: Reloading web application '/Project'
29-Jan-2022 17:59:00.748 INFORMAÇÕES [http-nio-8080-exec-185] org.apache.catalina.core.ApplicationContext.log Manager: list: Listing contexts for virtual host 'localhost'
29-Jan-2022 17:59:00.754 INFORMAÇÕES [http-nio-8080-exec-191] org.apache.catalina.core.ApplicationContext.log Manager: restart: Reloading web application '/Project'
29-Jan-2022 18:00:59.021 INFORMAÇÕES [http-nio-8080-exec-186] org.apache.catalina.core.ApplicationContext.log Manager: list: Listing contexts for virtual host 'localhost'
29-Jan-2022 18:00:59.028 INFORMAÇÕES [http-nio-8080-exec-192] org.apache.catalina.core.ApplicationContext.log Manager: restart: Reloading web application '/Project'
29-Jan-2022 18:01:34.087 INFORMAÇÕES [http-nio-8080-exec-199] org.apache.catalina.core.ApplicationContext.log Manager: list: Listing contexts for virtual host 'localhost'
29-Jan-2022 18:01:34.094 INFORMAÇÕES [http-nio-8080-exec-205] org.apache.catalina.core.ApplicationContext.log Manager: restart: Reloading web application '/Project'
29-Jan-2022 18:02:06.278 INFORMAÇÕES [http-nio-8080-exec-207] org.apache.catalina.core.ApplicationContext.log Manager: list: Listing contexts for virtual host 'localhost'
29-Jan-2022 18:02:06.286 INFORMAÇÕES [http-nio-8080-exec-208] org.apache.catalina.core.ApplicationContext.log Manager: restart: Reloading web application '/Project'
29-Jan-2022 18:02:20.430 INFORMAÇÕES [http-nio-8080-exec-197] org.apache.catalina.core.ApplicationContext.log Manager: list: Listing contexts for virtual host 'localhost'
29-Jan-2022 18:02:20.437 INFORMAÇÕES [http-nio-8080-exec-210] org.apache.catalina.core.ApplicationContext.log Manager: restart: Reloading web application '/Project'
29-Jan-2022 18:03:10.246 INFORMAÇÕES [http-nio-8080-exec-217] org.apache.catalina.core.ApplicationContext.log Manager: list: Listing contexts for virtual host 'localhost'
29-Jan-2022 18:03:10.256 INFORMAÇÕES [http-nio-8080-exec-200] org.apache.catalina.core.ApplicationContext.log Manager: restart: Reloading web application '/Project'
29-Jan-2022 18:03:16.559 INFORMAÇÕES [http-nio-8080-exec-220] org.apache.catalina.core.ApplicationContext.log Manager: list: Listing contexts for virtual host 'localhost'
29-Jan-2022 18:03:16.566 INFORMAÇÕES [http-nio-8080-exec-214] org.apache.catalina.core.ApplicationContext.log Manager: restart: Reloading web application '/Project'
29-Jan-2022 18:04:05.422 INFORMAÇÕES [http-nio-8080-exec-221] org.apache.catalina.core.ApplicationContext.log Manager: list: Listing contexts for virtual host 'localhost'
29-Jan-2022 18:04:05.431 INFORMAÇÕES [http-nio-8080-exec-228] org.apache.catalina.core.ApplicationContext.log Manager: restart: Reloading web application '/Project'
29-Jan-2022 18:05:06.398 INFORMAÇÕES [http-nio-8080-exec-236] org.apache.catalina.core.ApplicationContext.log Manager: list: Listing contexts for virtual host 'localhost'
29-Jan-2022 18:05:06.405 INFORMAÇÕES [http-nio-8080-exec-237] org.apache.catalina.core.ApplicationContext.log Manager: restart: Reloading web application '/Project'
29-Jan-2022 18:06:03.972 INFORMAÇÕES [http-nio-8080-exec-245] org.apache.catalina.core.ApplicationContext.log Manager: list: Listing contexts for virtual host 'localhost'
29-Jan-2022 18:06:03.979 INFORMAÇÕES [http-nio-8080-exec-246] org.apache.catalina.core.ApplicationContext.log Manager: restart: Reloading web application '/Project'
29-Jan-2022 18:06:38.399 INFORMAÇÕES [http-nio-8080-exec-253] org.apache.catalina.core.ApplicationContext.log Manager: list: Listing contexts for virtual host 'localhost'
29-Jan-2022 18:06:38.408 INFORMAÇÕES [http-nio-8080-exec-254] org.apache.catalina.core.ApplicationContext.log Manager: restart: Reloading web application '/Project'
29-Jan-2022 18:09:12.334 INFORMAÇÕES [http-nio-8080-exec-259] org.apache.catalina.core.ApplicationContext.log Manager: list: Listing contexts for virtual host 'localhost'
29-Jan-2022 18:09:12.342 INFORMAÇÕES [http-nio-8080-exec-255] org.apache.catalina.core.ApplicationContext.log Manager: restart: Reloading web application '/Project'
29-Jan-2022 18:09:41.833 INFORMAÇÕES [http-nio-8080-exec-262] org.apache.catalina.core.ApplicationContext.log Manager: list: Listing contexts for virtual host 'localhost'
29-Jan-2022 18:09:41.840 INFORMAÇÕES [http-nio-8080-exec-268] org.apache.catalina.core.ApplicationContext.log Manager: restart: Reloading web application '/Project'
29-Jan-2022 18:09:51.157 INFORMAÇÕES [http-nio-8080-exec-258] org.apache.catalina.core.ApplicationContext.log Manager: list: Listing contexts for virtual host 'localhost'
29-Jan-2022 18:09:51.164 INFORMAÇÕES [http-nio-8080-exec-270] org.apache.catalina.core.ApplicationContext.log Manager: restart: Reloading web application '/Project'
29-Jan-2022 18:10:37.063 INFORMAÇÕES [http-nio-8080-exec-256] org.apache.catalina.core.ApplicationContext.log Manager: list: Listing contexts for virtual host 'localhost'
29-Jan-2022 18:10:37.070 INFORMAÇÕES [http-nio-8080-exec-277] org.apache.catalina.core.ApplicationContext.log Manager: restart: Reloading web application '/Project'
29-Jan-2022 18:12:44.353 INFORMAÇÕES [http-nio-8080-exec-284] org.apache.catalina.core.ApplicationContext.log Manager: list: Listing contexts for virtual host 'localhost'
29-Jan-2022 18:12:44.360 INFORMAÇÕES [http-nio-8080-exec-279] org.apache.catalina.core.ApplicationContext.log Manager: restart: Reloading web application '/Project'
29-Jan-2022 18:13:35.812 INFORMAÇÕES [http-nio-8080-exec-3] org.apache.catalina.core.ApplicationContext.log Manager: init: Associated with Deployer 'Catalina:type=Deployer,host=localhost'
29-Jan-2022 18:13:35.812 INFORMAÇÕES [http-nio-8080-exec-3] org.apache.catalina.core.ApplicationContext.log Manager: init: Global resources are available
29-Jan-2022 18:13:37.246 INFORMAÇÕES [http-nio-8080-exec-5] org.apache.catalina.core.ApplicationContext.log Manager: list: Listing contexts for virtual host 'localhost'
29-Jan-2022 18:13:37.250 INFORMAÇÕES [http-nio-8080-exec-6] org.apache.catalina.core.ApplicationContext.log Manager: list: Listing contexts for virtual host 'localhost'
29-Jan-2022 18:13:37.257 INFORMAÇÕES [http-nio-8080-exec-8] org.apache.catalina.core.ApplicationContext.log Manager: undeploy: Undeploying web application at '/Project'
29-Jan-2022 18:13:37.798 INFORMAÇÕES [http-nio-8080-exec-3] org.apache.catalina.core.ApplicationContext.log Manager: install: Installing context configuration at 'file:/C:/Users/gabriel/AppData/Local/Temp/context2125321908887857454.xml'
29-Jan-2022 18:13:39.019 INFORMAÇÕES [http-nio-8080-exec-6] org.apache.catalina.core.ApplicationContext.log Manager: start: Starting web application '/Project'
29-Jan-2022 18:16:07.763 INFORMAÇÕES [http-nio-8080-exec-20] org.apache.catalina.core.ApplicationContext.log Manager: list: Listing contexts for virtual host 'localhost'
29-Jan-2022 18:16:38.926 INFORMAÇÕES [http-nio-8080-exec-20] org.apache.catalina.core.ApplicationContext.log Manager: list: Listing contexts for virtual host 'localhost'
29-Jan-2022 18:16:47.556 INFORMAÇÕES [http-nio-8080-exec-11] org.apache.catalina.core.ApplicationContext.log Manager: list: Listing contexts for virtual host 'localhost'
29-Jan-2022 18:16:47.558 INFORMAÇÕES [http-nio-8080-exec-12] org.apache.catalina.core.ApplicationContext.log Manager: list: Listing contexts for virtual host 'localhost'
29-Jan-2022 18:19:47.671 INFORMAÇÕES [http-nio-8080-exec-17] org.apache.catalina.core.ApplicationContext.log Manager: list: Listing contexts for virtual host 'localhost'
29-Jan-2022 18:19:47.677 INFORMAÇÕES [http-nio-8080-exec-18] org.apache.catalina.core.ApplicationContext.log Manager: restart: Reloading web application '/Project'
29-Jan-2022 18:20:31.235 INFORMAÇÕES [http-nio-8080-exec-12] org.apache.catalina.core.ApplicationContext.log Manager: list: Listing contexts for virtual host 'localhost'
29-Jan-2022 18:21:17.957 INFORMAÇÕES [http-nio-8080-exec-24] org.apache.catalina.core.ApplicationContext.log Manager: list: Listing contexts for virtual host 'localhost'
29-Jan-2022 18:21:41.767 INFORMAÇÕES [http-nio-8080-exec-21] org.apache.catalina.core.ApplicationContext.log Manager: list: Listing contexts for virtual host 'localhost'
29-Jan-2022 18:23:32.933 INFORMAÇÕES [http-nio-8080-exec-30] org.apache.catalina.core.ApplicationContext.log Manager: list: Listing contexts for virtual host 'localhost'
29-Jan-2022 18:23:32.940 INFORMAÇÕES [http-nio-8080-exec-26] org.apache.catalina.core.ApplicationContext.log Manager: restart: Reloading web application '/Project'
29-Jan-2022 18:24:15.151 INFORMAÇÕES [http-nio-8080-exec-22] org.apache.catalina.core.ApplicationContext.log Manager: list: Listing contexts for virtual host 'localhost'
29-Jan-2022 18:24:15.159 INFORMAÇÕES [http-nio-8080-exec-32] org.apache.catalina.core.ApplicationContext.log Manager: restart: Reloading web application '/Project'
29-Jan-2022 18:25:07.096 INFORMAÇÕES [http-nio-8080-exec-27] org.apache.catalina.core.ApplicationContext.log Manager: list: Listing contexts for virtual host 'localhost'
29-Jan-2022 18:25:07.104 INFORMAÇÕES [http-nio-8080-exec-34] org.apache.catalina.core.ApplicationContext.log Manager: restart: Reloading web application '/Project'
29-Jan-2022 18:25:31.436 INFORMAÇÕES [http-nio-8080-exec-28] org.apache.catalina.core.ApplicationContext.log Manager: list: Listing contexts for virtual host 'localhost'
29-Jan-2022 18:26:33.512 INFORMAÇÕES [http-nio-8080-exec-37] org.apache.catalina.core.ApplicationContext.log Manager: list: Listing contexts for virtual host 'localhost'
29-Jan-2022 18:27:14.776 INFORMAÇÕES [http-nio-8080-exec-42] org.apache.catalina.core.ApplicationContext.log Manager: list: Listing contexts for virtual host 'localhost'
29-Jan-2022 18:28:24.515 INFORMAÇÕES [http-nio-8080-exec-40] org.apache.catalina.core.ApplicationContext.log Manager: list: Listing contexts for virtual host 'localhost'
29-Jan-2022 18:28:24.523 INFORMAÇÕES [http-nio-8080-exec-39] org.apache.catalina.core.ApplicationContext.log Manager: restart: Reloading web application '/Project'
29-Jan-2022 18:29:05.946 INFORMAÇÕES [http-nio-8080-exec-51] org.apache.catalina.core.ApplicationContext.log Manager: list: Listing contexts for virtual host 'localhost'
29-Jan-2022 18:29:05.953 INFORMAÇÕES [http-nio-8080-exec-52] org.apache.catalina.core.ApplicationContext.log Manager: restart: Reloading web application '/Project'
